Standard Output:
./concorde -o /home/chongjiu/concorde_uncomplete_graph/x10/nei/solution/random167.sol /home/chongjiu/concorde_uncomplete_graph/x10/nei/mat/random167.tsp
Host: ubuntu  Current process id: 3477376
Using random seed 1735574321
Problem Name: random167
Problem Type: TSP
Number of Nodes: 167
Explicit Lengths (CC_MATRIXNORM)
Set initial upperbound to 964 (from tour)
  LP Value  1: 926.000000  (0.01 seconds)
  LP Value  2: 957.000000  (0.02 seconds)
  LP Value  3: 958.900000  (0.03 seconds)
  LP Value  4: 962.750000  (0.04 seconds)
  LP Value  5: 963.045455  (0.06 seconds)
  LP Value  6: 963.500000  (0.08 seconds)
  LP Value  7: 963.500000  (0.13 seconds)
New lower bound: 963.500000
Final lower bound 963.500000, upper bound 964.000000
Exact lower bound: 963.500000
DIFF: 0.000000
Final LP has 278 rows, 406 columns, 3028 nonzeros
Optimal Solution: 964.00
Number of bbnodes: 1
Total Running Time: 0.20 (seconds)

Standard Error:
