Standard Output:
./concorde -o /home/chongjiu/concorde_uncomplete_graph/x10/nei/solution/random44.sol /home/chongjiu/concorde_uncomplete_graph/x10/nei/mat/random44.tsp
Host: ubuntu  Current process id: 3476863
Using random seed 1735574289
Problem Name: random44
Problem Type: TSP
Number of Nodes: 44
Explicit Lengths (CC_MATRIXNORM)
Set initial upperbound to 519 (from tour)
  LP Value  1: 499.000000  (0.00 seconds)
  LP Value  2: 509.500000  (0.00 seconds)
  LP Value  3: 517.800000  (0.00 seconds)
  LP Value  4: 518.666667  (0.00 seconds)
  LP Value  5: 519.000000  (0.00 seconds)
New lower bound: 519.000000
Final lower bound 519.000000, upper bound 519.000000
Exact lower bound: 519.000000
DIFF: 0.000000
Final LP has 64 rows, 194 columns, 862 nonzeros
Optimal Solution: 519.00
Number of bbnodes: 1
Total Running Time: 0.01 (seconds)

Standard Error:
