Standard Output:
./concorde -o /home/chongjiu/concorde_uncomplete_graph/x10/nei/solution/random180.sol /home/chongjiu/concorde_uncomplete_graph/x10/nei/mat/random180.tsp
Host: ubuntu  Current process id: 3477445
Using random seed 1735574329
Problem Name: random180
Problem Type: TSP
Number of Nodes: 180
Explicit Lengths (CC_MATRIXNORM)
Set initial upperbound to 1069 (from tour)
  LP Value  1: 1009.000000  (0.01 seconds)
  LP Value  2: 1064.250000  (0.03 seconds)
  LP Value  3: 1065.500000  (0.08 seconds)
  LP Value  4: 1066.698413  (0.12 seconds)
  LP Value  5: 1067.000000  (0.15 seconds)
  LP Value  6: 1067.000000  (0.21 seconds)
New lower bound: 1067.000000
New upperbound from x-heuristic: 1067.00
Final lower bound 1067.000000, upper bound 1067.000000
Exact lower bound: 1067.000000
DIFF: 0.000000
Final LP has 325 rows, 414 columns, 3280 nonzeros
Optimal Solution: 1067.00
Number of bbnodes: 1
Total Running Time: 0.31 (seconds)

Standard Error:
