Standard Output:
./concorde -o /home/chongjiu/concorde_uncomplete_graph/x10/nei/solution/random107.sol /home/chongjiu/concorde_uncomplete_graph/x10/nei/mat/random107.tsp
Host: ubuntu  Current process id: 3477034
Using random seed 1735574295
Problem Name: random107
Problem Type: TSP
Number of Nodes: 107
Explicit Lengths (CC_MATRIXNORM)
Set initial upperbound to 805 (from tour)
  LP Value  1: 763.500000  (0.00 seconds)
  LP Value  2: 788.285714  (0.01 seconds)
  LP Value  3: 797.833333  (0.03 seconds)
  LP Value  4: 800.333333  (0.04 seconds)
  LP Value  5: 801.766667  (0.05 seconds)
  LP Value  6: 802.828571  (0.07 seconds)
  LP Value  7: 803.285714  (0.08 seconds)
  LP Value  8: 803.622222  (0.09 seconds)
  LP Value  9: 804.600000  (0.10 seconds)
  LP Value 10: 804.600000  (0.12 seconds)
  LP Value 11: 805.000000  (0.14 seconds)
New lower bound: 805.000000
Final lower bound 805.000000, upper bound 805.000000
Exact lower bound: 805.000000
DIFF: 0.000000
Final LP has 178 rows, 292 columns, 2151 nonzeros
Optimal Solution: 805.00
Number of bbnodes: 1
Total Running Time: 0.19 (seconds)

Standard Error:
