Standard Output:
./concorde -o /home/chongjiu/concorde_uncomplete_graph/x10/nei/solution/random163.sol /home/chongjiu/concorde_uncomplete_graph/x10/nei/mat/random163.tsp
Host: ubuntu  Current process id: 3477342
Using random seed 1735574319
Problem Name: random163
Problem Type: TSP
Number of Nodes: 163
Explicit Lengths (CC_MATRIXNORM)
Set initial upperbound to 988 (from tour)
  LP Value  1: 942.500000  (0.02 seconds)
  LP Value  2: 977.759259  (0.05 seconds)
  LP Value  3: 984.250000  (0.10 seconds)
  LP Value  4: 985.654092  (0.13 seconds)
  LP Value  5: 986.375000  (0.15 seconds)
  LP Value  6: 986.866450  (0.19 seconds)
  LP Value  7: 987.125000  (0.25 seconds)
  LP Value  8: 987.666667  (0.33 seconds)
  LP Value  9: 987.679042  (0.42 seconds)
New lower bound: 987.679042
Final lower bound 987.679042, upper bound 988.000000
Exact lower bound: 987.679042
DIFF: 0.000000
Final LP has 269 rows, 490 columns, 3374 nonzeros
Optimal Solution: 988.00
Number of bbnodes: 1
Total Running Time: 0.52 (seconds)

Standard Error:
