Standard Output:
./concorde -o /home/chongjiu/concorde_uncomplete_graph/x10/nei/solution/random169.sol /home/chongjiu/concorde_uncomplete_graph/x10/nei/mat/random169.tsp
Host: ubuntu  Current process id: 3477380
Using random seed 1735574322
Problem Name: random169
Problem Type: TSP
Number of Nodes: 169
Explicit Lengths (CC_MATRIXNORM)
Set initial upperbound to 961 (from tour)
  LP Value  1: 899.500000  (0.01 seconds)
  LP Value  2: 951.147436  (0.03 seconds)
  LP Value  3: 958.500000  (0.05 seconds)
  LP Value  4: 959.500000  (0.08 seconds)
  LP Value  5: 960.500000  (0.10 seconds)
  LP Value  6: 960.550000  (0.12 seconds)
  LP Value  7: 960.750000  (0.14 seconds)
  LP Value  8: 961.000000  (0.17 seconds)
New lower bound: 961.000000
Final lower bound 961.000000, upper bound 961.000000
Exact lower bound: 961.000000
DIFF: 0.000000
Final LP has 269 rows, 584 columns, 4035 nonzeros
Optimal Solution: 961.00
Number of bbnodes: 1
Total Running Time: 0.28 (seconds)

Standard Error:
