Standard Output:
./concorde -o /home/chongjiu/concorde_uncomplete_graph/x10/nei/solution/random125.sol /home/chongjiu/concorde_uncomplete_graph/x10/nei/mat/random125.tsp
Host: ubuntu  Current process id: 3477103
Using random seed 1735574300
Problem Name: random125
Problem Type: TSP
Number of Nodes: 125
Explicit Lengths (CC_MATRIXNORM)
Set initial upperbound to 891 (from tour)
  LP Value  1: 863.500000  (0.00 seconds)
  LP Value  2: 882.000000  (0.02 seconds)
  LP Value  3: 890.000000  (0.03 seconds)
  LP Value  4: 890.000000  (0.06 seconds)
  LP Value  5: 890.166667  (0.07 seconds)
  LP Value  6: 890.666667  (0.09 seconds)
  LP Value  7: 890.912500  (0.11 seconds)
  LP Value  8: 891.000000  (0.12 seconds)
New lower bound: 891.000000
Final lower bound 891.000000, upper bound 891.000000
Exact lower bound: 891.000000
DIFF: 0.000000
Final LP has 201 rows, 345 columns, 2551 nonzeros
Optimal Solution: 891.00
Number of bbnodes: 1
Total Running Time: 0.19 (seconds)

Standard Error:
