Standard Output:
./concorde -o /home/chongjiu/concorde_uncomplete_graph/x10/nei/solution/random196.sol /home/chongjiu/concorde_uncomplete_graph/x10/nei/mat/random196.tsp
Host: ubuntu  Current process id: 3477582
Using random seed 1735574342
Problem Name: random196
Problem Type: TSP
Number of Nodes: 196
Explicit Lengths (CC_MATRIXNORM)
Set initial upperbound to 1039 (from tour)
  LP Value  1: 1003.333333  (0.02 seconds)
  LP Value  2: 1033.125000  (0.06 seconds)
  LP Value  3: 1037.500000  (0.10 seconds)
  LP Value  4: 1038.500000  (0.12 seconds)
  LP Value  5: 1038.500000  (0.18 seconds)
  LP Value  6: 1039.000000  (0.20 seconds)
New lower bound: 1038.961538
Final lower bound 1038.961538, upper bound 1039.000000
Exact lower bound: 1038.961538
DIFF: 0.000000
Final LP has 307 rows, 509 columns, 5849 nonzeros
Optimal Solution: 1039.00
Number of bbnodes: 1
Total Running Time: 0.31 (seconds)

Standard Error:
