Standard Output:
./concorde -o /home/chongjiu/concorde_uncomplete_graph/x10/nei/solution/random138.sol /home/chongjiu/concorde_uncomplete_graph/x10/nei/mat/random138.tsp
Host: ubuntu  Current process id: 3477200
Using random seed 1735574308
Problem Name: random138
Problem Type: TSP
Number of Nodes: 138
Explicit Lengths (CC_MATRIXNORM)
Set initial upperbound to 864 (from tour)
  LP Value  1: 820.500000  (0.01 seconds)
  LP Value  2: 857.760000  (0.03 seconds)
  LP Value  3: 861.500000  (0.06 seconds)
  LP Value  4: 862.500000  (0.09 seconds)
  LP Value  5: 862.750000  (0.15 seconds)
  LP Value  6: 863.333333  (0.46 seconds)
  LP Value  7: 863.600000  (0.57 seconds)
  LP Value  8: 863.644788  (0.68 seconds)
New lower bound: 863.644788
Final lower bound 863.644788, upper bound 864.000000
Exact lower bound: 863.644788
DIFF: 0.000000
Final LP has 225 rows, 375 columns, 3850 nonzeros
Optimal Solution: 864.00
Number of bbnodes: 1
Total Running Time: 0.75 (seconds)

Standard Error:
