Standard Output:
./concorde -o /home/chongjiu/concorde_uncomplete_graph/x10/nei/solution/random36.sol /home/chongjiu/concorde_uncomplete_graph/x10/nei/mat/random36.tsp
Host: ubuntu  Current process id: 3476847
Using random seed 1735574289
Problem Name: random36
Problem Type: TSP
Number of Nodes: 36
Explicit Lengths (CC_MATRIXNORM)
Set initial upperbound to 495 (from tour)
  LP Value  1: 462.000000  (0.00 seconds)
  LP Value  2: 469.000000  (0.00 seconds)
  LP Value  3: 491.000000  (0.01 seconds)
  LP Value  4: 493.500000  (0.01 seconds)
  LP Value  5: 495.000000  (0.02 seconds)
New lower bound: 495.000000
Final lower bound 495.000000, upper bound 495.000000
Exact lower bound: 495.000000
DIFF: 0.000000
Final LP has 76 rows, 105 columns, 952 nonzeros
Optimal Solution: 495.00
Number of bbnodes: 1
Total Running Time: 0.03 (seconds)

Standard Error:
