Standard Output:
./concorde -o /home/chongjiu/concorde_uncomplete_graph/x10/nei/solution/random52.sol /home/chongjiu/concorde_uncomplete_graph/x10/nei/mat/random52.tsp
Host: ubuntu  Current process id: 3476882
Using random seed 1735574289
Problem Name: random52
Problem Type: TSP
Number of Nodes: 52
Explicit Lengths (CC_MATRIXNORM)
Set initial upperbound to 604 (from tour)
  LP Value  1: 566.500000  (0.00 seconds)
  LP Value  2: 588.000000  (0.00 seconds)
  LP Value  3: 597.500000  (0.00 seconds)
  LP Value  4: 599.333333  (0.01 seconds)
  LP Value  5: 603.000000  (0.02 seconds)
  LP Value  6: 603.666667  (0.03 seconds)
  LP Value  7: 604.000000  (0.04 seconds)
New lower bound: 604.000000
Final lower bound 604.000000, upper bound 604.000000
Exact lower bound: 604.000000
DIFF: 0.000000
Final LP has 107 rows, 162 columns, 1733 nonzeros
Optimal Solution: 604.00
Number of bbnodes: 1
Total Running Time: 0.06 (seconds)

Standard Error:
