Standard Output:
./concorde -o /home/chongjiu/concorde_uncomplete_graph/x10/nei/solution/random27.sol /home/chongjiu/concorde_uncomplete_graph/x10/nei/mat/random27.tsp
Host: ubuntu  Current process id: 3476829
Using random seed 1735574289
Problem Name: random27
Problem Type: TSP
Number of Nodes: 27
Explicit Lengths (CC_MATRIXNORM)
Set initial upperbound to 430 (from tour)
  LP Value  1: 380.000000  (0.00 seconds)
  LP Value  2: 430.000000  (0.00 seconds)
New lower bound: 430.000000
Final lower bound 430.000000, upper bound 430.000000
Exact lower bound: 430.000000
DIFF: 0.000000
Final LP has 39 rows, 90 columns, 336 nonzeros
Optimal Solution: 430.00
Number of bbnodes: 1
Total Running Time: 0.01 (seconds)

Standard Error:
