Standard Output:
./concorde -o /home/chongjiu/concorde_uncomplete_graph/x10/nei/solution/random200.sol /home/chongjiu/concorde_uncomplete_graph/x10/nei/mat/random200.tsp
Host: ubuntu  Current process id: 3477648
Using random seed 1735574348
Problem Name: random200
Problem Type: TSP
Number of Nodes: 200
Explicit Lengths (CC_MATRIXNORM)
Set initial upperbound to 1054 (from tour)
  LP Value  1: 1008.500000  (0.02 seconds)
  LP Value  2: 1044.984375  (0.04 seconds)
  LP Value  3: 1050.583333  (0.08 seconds)
  LP Value  4: 1051.555556  (0.10 seconds)
  LP Value  5: 1052.666667  (0.14 seconds)
  LP Value  6: 1053.046296  (0.18 seconds)
  LP Value  7: 1053.312102  (0.29 seconds)
  LP Value  8: 1053.638889  (0.39 seconds)
  LP Value  9: 1053.791425  (0.73 seconds)
  LP Value 10: 1053.987654  (1.56 seconds)
  LP Value 11: 1054.000000  (1.70 seconds)
New lower bound: 1054.000000
Final lower bound 1054.000000, upper bound 1054.000000
Exact lower bound: 1054.000000
DIFF: 0.000000
Final LP has 353 rows, 626 columns, 10082 nonzeros
Optimal Solution: 1054.00
Number of bbnodes: 1
Total Running Time: 1.80 (seconds)

Standard Error:
