Standard Output:
./concorde -o /home/chongjiu/concorde_uncomplete_graph/x10/nei/solution/random92.sol /home/chongjiu/concorde_uncomplete_graph/x10/nei/mat/random92.tsp
Host: ubuntu  Current process id: 3476981
Using random seed 1735574292
Problem Name: random92
Problem Type: TSP
Number of Nodes: 92
Explicit Lengths (CC_MATRIXNORM)
Set initial upperbound to 740 (from tour)
  LP Value  1: 708.000000  (0.00 seconds)
  LP Value  2: 735.500000  (0.01 seconds)
  LP Value  3: 739.000000  (0.01 seconds)
  LP Value  4: 740.000000  (0.01 seconds)
New lower bound: 740.000000
Final lower bound 740.000000, upper bound 740.000000
Exact lower bound: 740.000000
DIFF: 0.000000
Final LP has 122 rows, 253 columns, 1017 nonzeros
Optimal Solution: 740.00
Number of bbnodes: 1
Total Running Time: 0.05 (seconds)

Standard Error:
