Standard Output:
./concorde -o /home/chongjiu/concorde_uncomplete_graph/x10/nei/solution/random136.sol /home/chongjiu/concorde_uncomplete_graph/x10/nei/mat/random136.tsp
Host: ubuntu  Current process id: 3477192
Using random seed 1735574307
Problem Name: random136
Problem Type: TSP
Number of Nodes: 136
Explicit Lengths (CC_MATRIXNORM)
Set initial upperbound to 933 (from tour)
  LP Value  1: 909.000000  (0.01 seconds)
  LP Value  2: 926.750000  (0.03 seconds)
  LP Value  3: 932.306505  (0.06 seconds)
  LP Value  4: 933.000000  (0.08 seconds)
recomputing rownorms ...
  LP Value  5: 933.000000  (0.08 seconds)
New lower bound: 933.000000
Final lower bound 933.000000, upper bound 933.000000
Exact lower bound: 933.000000
DIFF: 0.000000
Final LP has 226 rows, 390 columns, 3000 nonzeros
Optimal Solution: 933.00
Number of bbnodes: 1
Total Running Time: 0.14 (seconds)

Standard Error:
