Standard Output:
./concorde -o /home/chongjiu/concorde_uncomplete_graph/x10/nei/solution/random118.sol /home/chongjiu/concorde_uncomplete_graph/x10/nei/mat/random118.tsp
Host: ubuntu  Current process id: 3477065
Using random seed 1735574297
Problem Name: random118
Problem Type: TSP
Number of Nodes: 118
Explicit Lengths (CC_MATRIXNORM)
Set initial upperbound to 826 (from tour)
  LP Value  1: 770.000000  (0.01 seconds)
  LP Value  2: 810.104167  (0.02 seconds)
  LP Value  3: 820.333333  (0.04 seconds)
  LP Value  4: 823.834008  (0.07 seconds)
  LP Value  5: 825.000000  (0.10 seconds)
  LP Value  6: 825.971253  (0.13 seconds)
  LP Value  7: 826.000000  (0.15 seconds)
New lower bound: 826.000000
Final lower bound 826.000000, upper bound 826.000000
Exact lower bound: 826.000000
DIFF: 0.000000
Final LP has 246 rows, 370 columns, 4168 nonzeros
Optimal Solution: 826.00
Number of bbnodes: 1
Total Running Time: 0.19 (seconds)

Standard Error:
