Standard Output:
./concorde -o /home/chongjiu/concorde_uncomplete_graph/x10/nei/solution/random123.sol /home/chongjiu/concorde_uncomplete_graph/x10/nei/mat/random123.tsp
Host: ubuntu  Current process id: 3477084
Using random seed 1735574299
Problem Name: random123
Problem Type: TSP
Number of Nodes: 123
Explicit Lengths (CC_MATRIXNORM)
Set initial upperbound to 876 (from tour)
  LP Value  1: 840.500000  (0.01 seconds)
  LP Value  2: 871.916667  (0.02 seconds)
  LP Value  3: 874.250000  (0.04 seconds)
  LP Value  4: 874.750000  (0.06 seconds)
  LP Value  5: 874.833333  (0.08 seconds)
  LP Value  6: 875.270833  (0.09 seconds)
  LP Value  7: 875.347368  (0.11 seconds)
  LP Value  8: 875.500000  (0.13 seconds)
  LP Value  9: 875.604922  (0.15 seconds)
  LP Value 10: 876.000000  (0.15 seconds)
recomputing rownorms ...
  LP Value 11: 876.000000  (0.16 seconds)
New lower bound: 876.000000
Final lower bound 876.000000, upper bound 876.000000
Exact lower bound: 876.000000
DIFF: 0.000000
Final LP has 201 rows, 304 columns, 1756 nonzeros
Optimal Solution: 876.00
Number of bbnodes: 1
Total Running Time: 0.20 (seconds)

Standard Error:
