Standard Output:
./concorde -o /home/chongjiu/concorde_uncomplete_graph/x10/nei/solution/random117.sol /home/chongjiu/concorde_uncomplete_graph/x10/nei/mat/random117.tsp
Host: ubuntu  Current process id: 3477063
Using random seed 1735574297
Problem Name: random117
Problem Type: TSP
Number of Nodes: 117
Explicit Lengths (CC_MATRIXNORM)
Set initial upperbound to 862 (from tour)
  LP Value  1: 829.000000  (0.01 seconds)
  LP Value  2: 850.785714  (0.02 seconds)
  LP Value  3: 858.750000  (0.03 seconds)
  LP Value  4: 859.000000  (0.03 seconds)
recomputing rownorms ...
  LP Value  5: 859.000000  (0.03 seconds)
New lower bound: 859.000000
New upperbound from x-heuristic: 859.00
Final lower bound 859.000000, upper bound 859.000000
Exact lower bound: 859.000000
DIFF: 0.000000
Final LP has 169 rows, 269 columns, 1004 nonzeros
Optimal Solution: 859.00
Number of bbnodes: 1
Total Running Time: 0.09 (seconds)

Standard Error:
