Standard Output:
./concorde -o /home/chongjiu/concorde_uncomplete_graph/x10/nei/solution/random186.sol /home/chongjiu/concorde_uncomplete_graph/x10/nei/mat/random186.tsp
Host: ubuntu  Current process id: 3477495
Using random seed 1735574333
Problem Name: random186
Problem Type: TSP
Number of Nodes: 186
Explicit Lengths (CC_MATRIXNORM)
Set initial upperbound to 1048 (from tour)
  LP Value  1: 1018.500000  (0.02 seconds)
  LP Value  2: 1040.796296  (0.06 seconds)
  LP Value  3: 1042.000000  (0.09 seconds)
  LP Value  4: 1042.000000  (0.10 seconds)
New lower bound: 1042.000000
New upperbound from x-heuristic: 1042.00
Final lower bound 1042.000000, upper bound 1042.000000
Exact lower bound: 1042.000000
DIFF: 0.000000
Final LP has 269 rows, 477 columns, 2302 nonzeros
Optimal Solution: 1042.00
Number of bbnodes: 1
Total Running Time: 0.20 (seconds)

Standard Error:
