Standard Output:
./concorde -o /home/chongjiu/concorde_uncomplete_graph/x10/nei/solution/random173.sol /home/chongjiu/concorde_uncomplete_graph/x10/nei/mat/random173.tsp
Host: ubuntu  Current process id: 3477421
Using random seed 1735574326
Problem Name: random173
Problem Type: TSP
Number of Nodes: 173
Explicit Lengths (CC_MATRIXNORM)
Set initial upperbound to 987 (from tour)
  LP Value  1: 951.000000  (0.02 seconds)
  LP Value  2: 975.125000  (0.04 seconds)
  LP Value  3: 983.077778  (0.10 seconds)
  LP Value  4: 985.111111  (0.13 seconds)
  LP Value  5: 985.640000  (0.18 seconds)
  LP Value  6: 986.060000  (0.25 seconds)
  LP Value  7: 986.153846  (0.34 seconds)
  LP Value  8: 986.333333  (0.43 seconds)
  LP Value  9: 986.458333  (0.52 seconds)
  LP Value 10: 986.500000  (0.58 seconds)
  LP Value 11: 986.527778  (0.60 seconds)
  LP Value 12: 987.062400  (0.64 seconds)
New lower bound: 987.062400
Final lower bound 987.062400, upper bound 987.000000
Exact lower bound: 986.600000
DIFF: 0.462400
Final LP has 253 rows, 451 columns, 4410 nonzeros
Optimal Solution: 987.00
Number of bbnodes: 1
Total Running Time: 0.73 (seconds)

Standard Error:
