Standard Output:
./concorde -o /home/chongjiu/concorde_uncomplete_graph/x10/nei/solution/random96.sol /home/chongjiu/concorde_uncomplete_graph/x10/nei/mat/random96.tsp
Host: ubuntu  Current process id: 3476989
Using random seed 1735574293
Problem Name: random96
Problem Type: TSP
Number of Nodes: 96
Explicit Lengths (CC_MATRIXNORM)
Set initial upperbound to 760 (from tour)
  LP Value  1: 739.000000  (0.01 seconds)
  LP Value  2: 757.215686  (0.02 seconds)
  LP Value  3: 758.403136  (0.03 seconds)
  LP Value  4: 759.500000  (0.04 seconds)
  LP Value  5: 759.800000  (0.05 seconds)
  LP Value  6: 760.000000  (0.07 seconds)
New lower bound: 760.000000
Final lower bound 760.000000, upper bound 760.000000
Exact lower bound: 760.000000
DIFF: 0.000000
Final LP has 160 rows, 265 columns, 1974 nonzeros
Optimal Solution: 760.00
Number of bbnodes: 1
Total Running Time: 0.12 (seconds)

Standard Error:
