Standard Output:
./concorde -o /home/chongjiu/concorde_uncomplete_graph/x10/nei/solution/random135.sol /home/chongjiu/concorde_uncomplete_graph/x10/nei/mat/random135.tsp
Host: ubuntu  Current process id: 3477190
Using random seed 1735574306
Problem Name: random135
Problem Type: TSP
Number of Nodes: 135
Explicit Lengths (CC_MATRIXNORM)
Set initial upperbound to 879 (from tour)
  LP Value  1: 823.250000  (0.01 seconds)
  LP Value  2: 871.500000  (0.02 seconds)
  LP Value  3: 876.000000  (0.05 seconds)
  LP Value  4: 877.068966  (0.07 seconds)
  LP Value  5: 877.500000  (0.10 seconds)
  LP Value  6: 878.687500  (0.12 seconds)
  LP Value  7: 879.000000  (0.13 seconds)
recomputing rownorms ...
  LP Value  8: 879.000000  (0.13 seconds)
New lower bound: 879.000000
Final lower bound 879.000000, upper bound 879.000000
Exact lower bound: 879.000000
DIFF: 0.000000
Final LP has 232 rows, 375 columns, 2306 nonzeros
Optimal Solution: 879.00
Number of bbnodes: 1
Total Running Time: 0.20 (seconds)

Standard Error:
