Standard Output:
./concorde -o /home/chongjiu/concorde_uncomplete_graph/x10/nei/solution/random93.sol /home/chongjiu/concorde_uncomplete_graph/x10/nei/mat/random93.tsp
Host: ubuntu  Current process id: 3476983
Using random seed 1735574293
Problem Name: random93
Problem Type: TSP
Number of Nodes: 93
Explicit Lengths (CC_MATRIXNORM)
Set initial upperbound to 757 (from tour)
  LP Value  1: 719.000000  (0.00 seconds)
  LP Value  2: 750.500000  (0.01 seconds)
  LP Value  3: 754.500000  (0.03 seconds)
  LP Value  4: 756.166667  (0.04 seconds)
  LP Value  5: 756.333333  (0.05 seconds)
  LP Value  6: 756.833333  (0.07 seconds)
  LP Value  7: 757.000000  (0.08 seconds)
  LP Value  8: 757.000000  (0.09 seconds)
New lower bound: 757.000000
Final lower bound 757.000000, upper bound 757.000000
Exact lower bound: 757.000000
DIFF: 0.000000
Final LP has 165 rows, 290 columns, 2290 nonzeros
Optimal Solution: 757.00
Number of bbnodes: 1
Total Running Time: 0.12 (seconds)

Standard Error:
