Standard Output:
./concorde -o /home/chongjiu/concorde_uncomplete_graph/x10/nei/solution/random144.sol /home/chongjiu/concorde_uncomplete_graph/x10/nei/mat/random144.tsp
Host: ubuntu  Current process id: 3477243
Using random seed 1735574311
Problem Name: random144
Problem Type: TSP
Number of Nodes: 144
Explicit Lengths (CC_MATRIXNORM)
Set initial upperbound to 914 (from tour)
  LP Value  1: 870.500000  (0.01 seconds)
  LP Value  2: 908.600000  (0.02 seconds)
  LP Value  3: 913.500000  (0.04 seconds)
  LP Value  4: 913.843085  (0.05 seconds)
  LP Value  5: 914.000000  (0.05 seconds)
New lower bound: 914.000000
Final lower bound 914.000000, upper bound 914.000000
Exact lower bound: 914.000000
DIFF: 0.000000
Final LP has 221 rows, 393 columns, 2107 nonzeros
Optimal Solution: 914.00
Number of bbnodes: 1
Total Running Time: 0.11 (seconds)

Standard Error:
