Standard Output:
./concorde -o /home/chongjiu/concorde_uncomplete_graph/x10/nei/solution/random134.sol /home/chongjiu/concorde_uncomplete_graph/x10/nei/mat/random134.tsp
Host: ubuntu  Current process id: 3477188
Using random seed 1735574306
Problem Name: random134
Problem Type: TSP
Number of Nodes: 134
Explicit Lengths (CC_MATRIXNORM)
Set initial upperbound to 883 (from tour)
  LP Value  1: 854.000000  (0.01 seconds)
  LP Value  2: 874.937500  (0.02 seconds)
  LP Value  3: 877.611111  (0.06 seconds)
  LP Value  4: 878.857143  (0.08 seconds)
  LP Value  5: 879.000000  (0.08 seconds)
recomputing rownorms ...
  LP Value  6: 879.000000  (0.08 seconds)
New lower bound: 879.000000
New upperbound from x-heuristic: 879.00
Final lower bound 879.000000, upper bound 879.000000
Exact lower bound: 879.000000
DIFF: 0.000000
Final LP has 199 rows, 315 columns, 1298 nonzeros
Optimal Solution: 879.00
Number of bbnodes: 1
Total Running Time: 0.15 (seconds)

Standard Error:
