Standard Output:
./concorde -o /home/chongjiu/concorde_uncomplete_graph/x10/nei/solution/random174.sol /home/chongjiu/concorde_uncomplete_graph/x10/nei/mat/random174.tsp
Host: ubuntu  Current process id: 3477424
Using random seed 1735574327
Problem Name: random174
Problem Type: TSP
Number of Nodes: 174
Explicit Lengths (CC_MATRIXNORM)
Set initial upperbound to 1023 (from tour)
  LP Value  1: 1007.000000  (0.01 seconds)
  LP Value  2: 1018.962963  (0.02 seconds)
  LP Value  3: 1022.666667  (0.08 seconds)
  LP Value  4: 1023.000000  (0.08 seconds)
recomputing rownorms ...
  LP Value  5: 1023.000000  (0.08 seconds)
New lower bound: 1023.000000
Final lower bound 1023.000000, upper bound 1023.000000
Exact lower bound: 1023.000000
DIFF: 0.000000
Final LP has 251 rows, 478 columns, 2620 nonzeros
Optimal Solution: 1023.00
Number of bbnodes: 1
Total Running Time: 0.15 (seconds)

Standard Error:
