Standard Output:
./concorde -o /home/chongjiu/concorde_uncomplete_graph/x10/nei/solution/random110.sol /home/chongjiu/concorde_uncomplete_graph/x10/nei/mat/random110.tsp
Host: ubuntu  Current process id: 3477045
Using random seed 1735574296
Problem Name: random110
Problem Type: TSP
Number of Nodes: 110
Explicit Lengths (CC_MATRIXNORM)
Set initial upperbound to 797 (from tour)
  LP Value  1: 750.000000  (0.01 seconds)
  LP Value  2: 777.875000  (0.02 seconds)
  LP Value  3: 794.423611  (0.04 seconds)
  LP Value  4: 795.878613  (0.06 seconds)
  LP Value  5: 796.929278  (0.10 seconds)
  LP Value  6: 797.000000  (0.11 seconds)
New lower bound: 797.000000
Final lower bound 797.000000, upper bound 797.000000
Exact lower bound: 797.000000
DIFF: 0.000000
Final LP has 201 rows, 339 columns, 3437 nonzeros
Optimal Solution: 797.00
Number of bbnodes: 1
Total Running Time: 0.18 (seconds)

Standard Error:
