Standard Output:
./concorde -o /home/chongjiu/concorde_uncomplete_graph/x10/nei/solution/random86.sol /home/chongjiu/concorde_uncomplete_graph/x10/nei/mat/random86.tsp
Host: ubuntu  Current process id: 3476969
Using random seed 1735574292
Problem Name: random86
Problem Type: TSP
Number of Nodes: 86
Explicit Lengths (CC_MATRIXNORM)
Set initial upperbound to 727 (from tour)
  LP Value  1: 697.000000  (0.01 seconds)
  LP Value  2: 722.833333  (0.01 seconds)
  LP Value  3: 725.500000  (0.02 seconds)
  LP Value  4: 726.250000  (0.03 seconds)
  LP Value  5: 726.722222  (0.04 seconds)
  LP Value  6: 727.000000  (0.06 seconds)
New lower bound: 727.000000
Final lower bound 727.000000, upper bound 727.000000
Exact lower bound: 727.000000
DIFF: 0.000000
Final LP has 138 rows, 271 columns, 2491 nonzeros
Optimal Solution: 727.00
Number of bbnodes: 1
Total Running Time: 0.12 (seconds)

Standard Error:
