Standard Output:
./concorde -o /home/chongjiu/concorde_uncomplete_graph/x10/nei/solution/random84.sol /home/chongjiu/concorde_uncomplete_graph/x10/nei/mat/random84.tsp
Host: ubuntu  Current process id: 3476965
Using random seed 1735574291
Problem Name: random84
Problem Type: TSP
Number of Nodes: 84
Explicit Lengths (CC_MATRIXNORM)
Set initial upperbound to 711 (from tour)
  LP Value  1: 671.000000  (0.01 seconds)
  LP Value  2: 701.250000  (0.02 seconds)
  LP Value  3: 711.000000  (0.03 seconds)
New lower bound: 711.000000
Final lower bound 711.000000, upper bound 711.000000
Exact lower bound: 711.000000
DIFF: 0.000000
Final LP has 137 rows, 234 columns, 2401 nonzeros
Optimal Solution: 711.00
Number of bbnodes: 1
Total Running Time: 0.07 (seconds)

Standard Error:
