Standard Output:
./concorde -o /home/chongjiu/concorde_uncomplete_graph/x10/nei/solution/random115.sol /home/chongjiu/concorde_uncomplete_graph/x10/nei/mat/random115.tsp
Host: ubuntu  Current process id: 3477059
Using random seed 1735574297
Problem Name: random115
Problem Type: TSP
Number of Nodes: 115
Explicit Lengths (CC_MATRIXNORM)
Set initial upperbound to 804 (from tour)
  LP Value  1: 740.000000  (0.01 seconds)
  LP Value  2: 794.500000  (0.01 seconds)
  LP Value  3: 797.750000  (0.03 seconds)
  LP Value  4: 800.721951  (0.06 seconds)
  LP Value  5: 802.661765  (0.10 seconds)
  LP Value  6: 803.060000  (0.14 seconds)
  LP Value  7: 804.000000  (0.15 seconds)
New lower bound: 804.000000
Final lower bound 804.000000, upper bound 804.000000
Exact lower bound: 804.000000
DIFF: 0.000000
Final LP has 211 rows, 331 columns, 3470 nonzeros
Optimal Solution: 804.00
Number of bbnodes: 1
Total Running Time: 0.22 (seconds)

Standard Error:
