Standard Output:
./concorde -o /home/chongjiu/concorde_uncomplete_graph/x10/nei/solution/random101.sol /home/chongjiu/concorde_uncomplete_graph/x10/nei/mat/random101.tsp
Host: ubuntu  Current process id: 3477009
Using random seed 1735574294
Problem Name: random101
Problem Type: TSP
Number of Nodes: 101
Explicit Lengths (CC_MATRIXNORM)
Set initial upperbound to 734 (from tour)
  LP Value  1: 694.500000  (0.01 seconds)
  LP Value  2: 727.044872  (0.02 seconds)
  LP Value  3: 732.000000  (0.03 seconds)
  LP Value  4: 733.283951  (0.05 seconds)
  LP Value  5: 733.587074  (0.07 seconds)
  LP Value  6: 734.000000  (0.08 seconds)
New lower bound: 734.000000
Final lower bound 734.000000, upper bound 734.000000
Exact lower bound: 734.000000
DIFF: 0.000000
Final LP has 173 rows, 323 columns, 3350 nonzeros
Optimal Solution: 734.00
Number of bbnodes: 1
Total Running Time: 0.11 (seconds)

Standard Error:
