Standard Output:
./concorde -o /home/chongjiu/concorde_uncomplete_graph/x10/nei/solution/random193.sol /home/chongjiu/concorde_uncomplete_graph/x10/nei/mat/random193.tsp
Host: ubuntu  Current process id: 3477572
Using random seed 1735574341
Problem Name: random193
Problem Type: TSP
Number of Nodes: 193
Explicit Lengths (CC_MATRIXNORM)
Set initial upperbound to 1031 (from tour)
  LP Value  1: 993.500000  (0.01 seconds)
  LP Value  2: 1023.402174  (0.04 seconds)
  LP Value  3: 1028.250000  (0.07 seconds)
  LP Value  4: 1029.562500  (0.12 seconds)
  LP Value  5: 1030.764706  (0.15 seconds)
  LP Value  6: 1030.964286  (0.16 seconds)
  LP Value  7: 1031.000000  (0.17 seconds)
recomputing rownorms ...
  LP Value  8: 1031.000000  (0.17 seconds)
New lower bound: 1031.000000
Final lower bound 1031.000000, upper bound 1031.000000
Exact lower bound: 1031.000000
DIFF: 0.000000
Final LP has 310 rows, 542 columns, 2861 nonzeros
Optimal Solution: 1031.00
Number of bbnodes: 1
Total Running Time: 0.26 (seconds)

Standard Error:
