Standard Output:
./concorde -o /home/chongjiu/concorde_uncomplete_graph/x10/nei/solution/random108.sol /home/chongjiu/concorde_uncomplete_graph/x10/nei/mat/random108.tsp
Host: ubuntu  Current process id: 3477036
Using random seed 1735574295
Problem Name: random108
Problem Type: TSP
Number of Nodes: 108
Explicit Lengths (CC_MATRIXNORM)
Set initial upperbound to 798 (from tour)
  LP Value  1: 762.500000  (0.00 seconds)
  LP Value  2: 791.250000  (0.01 seconds)
  LP Value  3: 795.952381  (0.03 seconds)
  LP Value  4: 797.822430  (0.05 seconds)
  LP Value  5: 797.971910  (0.05 seconds)
  LP Value  6: 798.000000  (0.07 seconds)
New lower bound: 798.000000
Final lower bound 798.000000, upper bound 798.000000
Exact lower bound: 798.000000
DIFF: 0.000000
Final LP has 184 rows, 330 columns, 3077 nonzeros
Optimal Solution: 798.00
Number of bbnodes: 1
Total Running Time: 0.12 (seconds)

Standard Error:
