Standard Output:
./concorde -o /home/chongjiu/concorde_uncomplete_graph/x10/nei/solution/random58.sol /home/chongjiu/concorde_uncomplete_graph/x10/nei/mat/random58.tsp
Host: ubuntu  Current process id: 3476904
Using random seed 1735574290
Problem Name: random58
Problem Type: TSP
Number of Nodes: 58
Explicit Lengths (CC_MATRIXNORM)
Set initial upperbound to 617 (from tour)
  LP Value  1: 584.000000  (0.00 seconds)
  LP Value  2: 614.500000  (0.00 seconds)
  LP Value  3: 616.750000  (0.00 seconds)
  LP Value  4: 617.000000  (0.01 seconds)
New lower bound: 617.000000
Final lower bound 617.000000, upper bound 617.000000
Exact lower bound: 617.000000
DIFF: 0.000000
Final LP has 86 rows, 152 columns, 637 nonzeros
Optimal Solution: 617.00
Number of bbnodes: 1
Total Running Time: 0.03 (seconds)

Standard Error:
