Standard Output:
./concorde -o /home/chongjiu/concorde_uncomplete_graph/x10/nei/solution/random59.sol /home/chongjiu/concorde_uncomplete_graph/x10/nei/mat/random59.tsp
Host: ubuntu  Current process id: 3476906
Using random seed 1735574290
Problem Name: random59
Problem Type: TSP
Number of Nodes: 59
Explicit Lengths (CC_MATRIXNORM)
Set initial upperbound to 601 (from tour)
  LP Value  1: 587.500000  (0.00 seconds)
  LP Value  2: 601.000000  (0.01 seconds)
New lower bound: 601.000000
Final lower bound 601.000000, upper bound 601.000000
Exact lower bound: 601.000000
DIFF: 0.000000
Final LP has 78 rows, 195 columns, 897 nonzeros
Optimal Solution: 601.00
Number of bbnodes: 1
Total Running Time: 0.03 (seconds)

Standard Error:
