Standard Output:
./concorde -o /home/chongjiu/concorde_uncomplete_graph/x10/nei/solution/random152.sol /home/chongjiu/concorde_uncomplete_graph/x10/nei/mat/random152.tsp
Host: ubuntu  Current process id: 3477273
Using random seed 1735574314
Problem Name: random152
Problem Type: TSP
Number of Nodes: 152
Explicit Lengths (CC_MATRIXNORM)
Set initial upperbound to 969 (from tour)
  LP Value  1: 948.000000  (0.01 seconds)
  LP Value  2: 964.000000  (0.03 seconds)
  LP Value  3: 964.750000  (0.05 seconds)
  LP Value  4: 966.000000  (0.07 seconds)
  LP Value  5: 966.392857  (0.09 seconds)
  LP Value  6: 966.666667  (0.12 seconds)
  LP Value  7: 967.127451  (0.19 seconds)
  LP Value  8: 967.272727  (0.24 seconds)
  LP Value  9: 967.728571  (0.27 seconds)
  LP Value 10: 967.911371  (0.43 seconds)
  LP Value 11: 968.065217  (0.58 seconds)
  LP Value 12: 968.146341  (0.75 seconds)
  LP Value 13: 968.207317  (0.80 seconds)
  LP Value 14: 968.219512  (0.89 seconds)
New lower bound: 968.219512
Final lower bound 968.219512, upper bound 969.000000
Exact lower bound: 968.219512
DIFF: 0.000000
Final LP has 241 rows, 416 columns, 5053 nonzeros
Optimal Solution: 969.00
Number of bbnodes: 1
Total Running Time: 0.96 (seconds)

Standard Error:
