Standard Output:
./concorde -o /home/chongjiu/concorde_uncomplete_graph/x10/nei/solution/random98.sol /home/chongjiu/concorde_uncomplete_graph/x10/nei/mat/random98.tsp
Host: ubuntu  Current process id: 3477003
Using random seed 1735574293
Problem Name: random98
Problem Type: TSP
Number of Nodes: 98
Explicit Lengths (CC_MATRIXNORM)
Set initial upperbound to 764 (from tour)
  LP Value  1: 733.000000  (0.00 seconds)
  LP Value  2: 754.000000  (0.01 seconds)
  LP Value  3: 761.000000  (0.01 seconds)
  LP Value  4: 762.500000  (0.02 seconds)
  LP Value  5: 763.000000  (0.02 seconds)
  LP Value  6: 763.235577  (0.05 seconds)
  LP Value  7: 763.740741  (0.06 seconds)
  LP Value  8: 763.960573  (0.07 seconds)
  LP Value  9: 764.000000  (0.08 seconds)
New lower bound: 764.000000
Final lower bound 764.000000, upper bound 764.000000
Exact lower bound: 764.000000
DIFF: 0.000000
Final LP has 153 rows, 283 columns, 1634 nonzeros
Optimal Solution: 764.00
Number of bbnodes: 1
Total Running Time: 0.11 (seconds)

Standard Error:
