Standard Output:
./concorde -o /home/chongjiu/concorde_uncomplete_graph/x10/nei/solution/random55.sol /home/chongjiu/concorde_uncomplete_graph/x10/nei/mat/random55.tsp
Host: ubuntu  Current process id: 3476898
Using random seed 1735574290
Problem Name: random55
Problem Type: TSP
Number of Nodes: 55
Explicit Lengths (CC_MATRIXNORM)
Set initial upperbound to 596 (from tour)
  LP Value  1: 571.750000  (0.00 seconds)
  LP Value  2: 592.000000  (0.01 seconds)
  LP Value  3: 595.353846  (0.02 seconds)
  LP Value  4: 596.000000  (0.02 seconds)
New lower bound: 596.000000
Final lower bound 596.000000, upper bound 596.000000
Exact lower bound: 596.000000
DIFF: 0.000000
Final LP has 95 rows, 146 columns, 885 nonzeros
Optimal Solution: 596.00
Number of bbnodes: 1
Total Running Time: 0.04 (seconds)

Standard Error:
