Standard Output:
./concorde -o /home/chongjiu/concorde_uncomplete_graph/x10/nei/solution/random194.sol /home/chongjiu/concorde_uncomplete_graph/x10/nei/mat/random194.tsp
Host: ubuntu  Current process id: 3477578
Using random seed 1735574341
Problem Name: random194
Problem Type: TSP
Number of Nodes: 194
Explicit Lengths (CC_MATRIXNORM)
Set initial upperbound to 1050 (from tour)
  LP Value  1: 1023.000000  (0.01 seconds)
  LP Value  2: 1043.000000  (0.03 seconds)
  LP Value  3: 1049.375000  (0.07 seconds)
  LP Value  4: 1050.000000  (0.12 seconds)
New lower bound: 1050.000000
Final lower bound 1050.000000, upper bound 1050.000000
Exact lower bound: 1050.000000
DIFF: 0.000000
Final LP has 287 rows, 477 columns, 2614 nonzeros
Optimal Solution: 1050.00
Number of bbnodes: 1
Total Running Time: 0.22 (seconds)

Standard Error:
