Standard Output:
./concorde -o /home/chongjiu/concorde_uncomplete_graph/x10/nei/solution/random137.sol /home/chongjiu/concorde_uncomplete_graph/x10/nei/mat/random137.tsp
Host: ubuntu  Current process id: 3477194
Using random seed 1735574307
Problem Name: random137
Problem Type: TSP
Number of Nodes: 137
Explicit Lengths (CC_MATRIXNORM)
Set initial upperbound to 908 (from tour)
  LP Value  1: 866.500000  (0.01 seconds)
  LP Value  2: 899.928571  (0.03 seconds)
  LP Value  3: 902.133333  (0.05 seconds)
  LP Value  4: 903.688172  (0.07 seconds)
  LP Value  5: 904.000000  (0.10 seconds)
  LP Value  6: 904.433775  (0.13 seconds)
  LP Value  7: 905.000000  (0.16 seconds)
  LP Value  8: 905.305562  (0.20 seconds)
  LP Value  9: 905.500000  (0.29 seconds)
  LP Value 10: 905.529412  (0.35 seconds)
  LP Value 11: 905.666667  (0.40 seconds)
  LP Value 12: 905.733333  (0.79 seconds)
  LP Value 13: 905.818182  (0.86 seconds)
recomputing rownorms ...
  LP Value 14: 905.818182  (0.91 seconds)
New lower bound: 905.818182
New upperbound from x-heuristic: 907.00
Final lower bound 905.818182, upper bound 907.000000
Exact lower bound: 905.818182
DIFF: 0.000000
Time for Total: 0.92 seconds (0.92 total in 1 calls)
Final LP has 233 rows, 284 columns, 3479 nonzeros
LOWER BOUND: 905.818182   ACTIVE NODES: 1

Task 0: Branching on node 0
BBnode 0 split into 1 (906.50X) 2 (906.80X) (0.11 seconds)
Child 0 is pruned
Child 1 is pruned

Task 1: Exit
Optimal Solution: 907.00
Number of bbnodes: 3
Total Running Time: 1.09 (seconds)  Branching Time: 0.11 (seconds)

Standard Error:
