Standard Output:
./concorde -o /home/chongjiu/concorde_uncomplete_graph/x10/nei/solution/random47.sol /home/chongjiu/concorde_uncomplete_graph/x10/nei/mat/random47.tsp
Host: ubuntu  Current process id: 3476869
Using random seed 1735574289
Problem Name: random47
Problem Type: TSP
Number of Nodes: 47
Explicit Lengths (CC_MATRIXNORM)
Set initial upperbound to 518 (from tour)
  LP Value  1: 470.500000  (0.00 seconds)
  LP Value  2: 516.000000  (0.00 seconds)
  LP Value  3: 518.000000  (0.00 seconds)
New lower bound: 518.000000
Final lower bound 518.000000, upper bound 518.000000
Exact lower bound: 518.000000
DIFF: 0.000000
Final LP has 57 rows, 214 columns, 646 nonzeros
Optimal Solution: 518.00
Number of bbnodes: 1
Total Running Time: 0.01 (seconds)

Standard Error:
