Standard Output:
./concorde -o /home/chongjiu/concorde_uncomplete_graph/x10/nei/solution/random197.sol /home/chongjiu/concorde_uncomplete_graph/x10/nei/mat/random197.tsp
Host: ubuntu  Current process id: 3477584
Using random seed 1735574343
Problem Name: random197
Problem Type: TSP
Number of Nodes: 197
Explicit Lengths (CC_MATRIXNORM)
Set initial upperbound to 1087 (from tour)
  LP Value  1: 1037.500000  (0.01 seconds)
  LP Value  2: 1072.750000  (0.04 seconds)
  LP Value  3: 1081.000000  (0.10 seconds)
  LP Value  4: 1083.885714  (0.17 seconds)
  LP Value  5: 1085.301107  (0.23 seconds)
  LP Value  6: 1085.869048  (0.29 seconds)
  LP Value  7: 1086.306579  (0.34 seconds)
  LP Value  8: 1086.711806  (0.39 seconds)
  LP Value  9: 1087.000000  (0.44 seconds)
New lower bound: 1087.000000
Final lower bound 1087.000000, upper bound 1087.000000
Exact lower bound: 1087.000000
DIFF: 0.000000
Final LP has 320 rows, 544 columns, 6548 nonzeros
Optimal Solution: 1087.00
Number of bbnodes: 1
Total Running Time: 0.54 (seconds)

Standard Error:
