Standard Output:
./concorde -o /home/chongjiu/concorde_uncomplete_graph/x10/nei/solution/random114.sol /home/chongjiu/concorde_uncomplete_graph/x10/nei/mat/random114.tsp
Host: ubuntu  Current process id: 3477057
Using random seed 1735574296
Problem Name: random114
Problem Type: TSP
Number of Nodes: 114
Explicit Lengths (CC_MATRIXNORM)
Set initial upperbound to 805 (from tour)
  LP Value  1: 782.500000  (0.01 seconds)
  LP Value  2: 800.227273  (0.02 seconds)
  LP Value  3: 803.000000  (0.04 seconds)
  LP Value  4: 804.246231  (0.05 seconds)
  LP Value  5: 804.594595  (0.11 seconds)
  LP Value  6: 804.777778  (0.19 seconds)
  LP Value  7: 805.000000  (0.26 seconds)
  LP Value  8: 805.000000  (0.27 seconds)
New lower bound: 805.000000
Final lower bound 805.000000, upper bound 805.000000
Exact lower bound: 805.000000
DIFF: 0.000000
Final LP has 218 rows, 313 columns, 3301 nonzeros
Optimal Solution: 805.00
Number of bbnodes: 1
Total Running Time: 0.32 (seconds)

Standard Error:
