Standard Output:
./concorde -o /home/chongjiu/concorde_uncomplete_graph/x10/nei/solution/random54.sol /home/chongjiu/concorde_uncomplete_graph/x10/nei/mat/random54.tsp
Host: ubuntu  Current process id: 3476890
Using random seed 1735574289
Problem Name: random54
Problem Type: TSP
Number of Nodes: 54
Explicit Lengths (CC_MATRIXNORM)
Set initial upperbound to 562 (from tour)
  LP Value  1: 515.750000  (0.00 seconds)
  LP Value  2: 554.750000  (0.00 seconds)
  LP Value  3: 562.000000  (0.01 seconds)
New lower bound: 562.000000
Final lower bound 562.000000, upper bound 562.000000
Exact lower bound: 562.000000
DIFF: 0.000000
Final LP has 85 rows, 206 columns, 957 nonzeros
Optimal Solution: 562.00
Number of bbnodes: 1
Total Running Time: 0.03 (seconds)

Standard Error:
