Standard Output:
./concorde -o /home/chongjiu/concorde_uncomplete_graph/x10/nei/solution/random80.sol /home/chongjiu/concorde_uncomplete_graph/x10/nei/mat/random80.tsp
Host: ubuntu  Current process id: 3476957
Using random seed 1735574291
Problem Name: random80
Problem Type: TSP
Number of Nodes: 80
Explicit Lengths (CC_MATRIXNORM)
Set initial upperbound to 661 (from tour)
  LP Value  1: 635.500000  (0.00 seconds)
  LP Value  2: 651.600000  (0.01 seconds)
  LP Value  3: 660.600000  (0.03 seconds)
  LP Value  4: 661.000000  (0.03 seconds)
New lower bound: 661.000000
Final lower bound 661.000000, upper bound 661.000000
Exact lower bound: 661.000000
DIFF: 0.000000
Final LP has 121 rows, 214 columns, 1126 nonzeros
Optimal Solution: 661.00
Number of bbnodes: 1
Total Running Time: 0.05 (seconds)

Standard Error:
