Standard Output:
./concorde -o /home/chongjiu/concorde_uncomplete_graph/x10/nei/solution/random127.sol /home/chongjiu/concorde_uncomplete_graph/x10/nei/mat/random127.tsp
Host: ubuntu  Current process id: 3477130
Using random seed 1735574302
Problem Name: random127
Problem Type: TSP
Number of Nodes: 127
Explicit Lengths (CC_MATRIXNORM)
Set initial upperbound to 825 (from tour)
  LP Value  1: 789.500000  (0.01 seconds)
  LP Value  2: 813.500000  (0.02 seconds)
  LP Value  3: 820.750000  (0.04 seconds)
  LP Value  4: 821.661765  (0.05 seconds)
  LP Value  5: 822.954545  (0.07 seconds)
  LP Value  6: 824.050000  (0.11 seconds)
  LP Value  7: 824.500000  (0.13 seconds)
  LP Value  8: 824.666667  (0.17 seconds)
  LP Value  9: 824.914667  (0.21 seconds)
  LP Value 10: 825.000000  (0.25 seconds)
recomputing rownorms ...
  LP Value 11: 825.000000  (0.25 seconds)
New lower bound: 825.000000
Final lower bound 825.000000, upper bound 825.000000
Exact lower bound: 825.000000
DIFF: 0.000000
Final LP has 237 rows, 382 columns, 3423 nonzeros
Optimal Solution: 825.00
Number of bbnodes: 1
Total Running Time: 0.32 (seconds)

Standard Error:
