Standard Output:
./concorde -o /home/chongjiu/concorde_uncomplete_graph/x10/nei/solution/random189.sol /home/chongjiu/concorde_uncomplete_graph/x10/nei/mat/random189.tsp
Host: ubuntu  Current process id: 3477510
Using random seed 1735574334
Problem Name: random189
Problem Type: TSP
Number of Nodes: 189
Explicit Lengths (CC_MATRIXNORM)
Set initial upperbound to 1058 (from tour)
  LP Value  1: 1002.000000  (0.01 seconds)
  LP Value  2: 1041.800000  (0.03 seconds)
  LP Value  3: 1048.000000  (0.07 seconds)
  LP Value  4: 1049.000000  (0.09 seconds)
recomputing rownorms ...
  LP Value  5: 1049.000000  (0.09 seconds)
New lower bound: 1049.000000
New upperbound from x-heuristic: 1049.00
Final lower bound 1049.000000, upper bound 1049.000000
Exact lower bound: 1049.000000
DIFF: 0.000000
Final LP has 278 rows, 507 columns, 2249 nonzeros
Optimal Solution: 1049.00
Number of bbnodes: 1
Total Running Time: 0.20 (seconds)

Standard Error:
