Standard Output:
./concorde -o /home/chongjiu/concorde_uncomplete_graph/x10/nei/solution/random150.sol /home/chongjiu/concorde_uncomplete_graph/x10/nei/mat/random150.tsp
Host: ubuntu  Current process id: 3477259
Using random seed 1735574312
Problem Name: random150
Problem Type: TSP
Number of Nodes: 150
Explicit Lengths (CC_MATRIXNORM)
Set initial upperbound to 921 (from tour)
  LP Value  1: 887.000000  (0.02 seconds)
  LP Value  2: 909.000000  (0.04 seconds)
  LP Value  3: 915.714286  (0.08 seconds)
  LP Value  4: 918.230769  (0.11 seconds)
  LP Value  5: 919.050000  (0.14 seconds)
  LP Value  6: 920.160000  (0.18 seconds)
  LP Value  7: 920.476190  (0.27 seconds)
  LP Value  8: 920.615438  (0.41 seconds)
  LP Value  9: 920.826491  (0.55 seconds)
  LP Value 10: 921.000000  (0.60 seconds)
New lower bound: 920.992582
Final lower bound 920.992582, upper bound 921.000000
Exact lower bound: 920.992582
DIFF: 0.000000
Final LP has 265 rows, 450 columns, 5333 nonzeros
Optimal Solution: 921.00
Number of bbnodes: 1
Total Running Time: 0.69 (seconds)

Standard Error:
