Standard Output:
./concorde -o /home/chongjiu/concorde_uncomplete_graph/x10/nei/solution/random185.sol /home/chongjiu/concorde_uncomplete_graph/x10/nei/mat/random185.tsp
Host: ubuntu  Current process id: 3477493
Using random seed 1735574333
Problem Name: random185
Problem Type: TSP
Number of Nodes: 185
Explicit Lengths (CC_MATRIXNORM)
Set initial upperbound to 1006 (from tour)
  LP Value  1: 971.000000  (0.01 seconds)
  LP Value  2: 996.500000  (0.05 seconds)
  LP Value  3: 1003.700000  (0.09 seconds)
  LP Value  4: 1005.160000  (0.15 seconds)
  LP Value  5: 1006.000000  (0.21 seconds)
recomputing rownorms ...
  LP Value  6: 1006.000000  (0.22 seconds)
New lower bound: 1006.000000
Final lower bound 1006.000000, upper bound 1006.000000
Exact lower bound: 1006.000000
DIFF: 0.000000
Final LP has 303 rows, 504 columns, 3450 nonzeros
Optimal Solution: 1006.00
Number of bbnodes: 1
Total Running Time: 0.31 (seconds)

Standard Error:
