Standard Output:
./concorde -o /home/chongjiu/concorde_uncomplete_graph/x10/nei/solution/random103.sol /home/chongjiu/concorde_uncomplete_graph/x10/nei/mat/random103.tsp
Host: ubuntu  Current process id: 3477013
Using random seed 1735574294
Problem Name: random103
Problem Type: TSP
Number of Nodes: 103
Explicit Lengths (CC_MATRIXNORM)
Set initial upperbound to 782 (from tour)
  LP Value  1: 740.500000  (0.01 seconds)
  LP Value  2: 774.289474  (0.03 seconds)
  LP Value  3: 780.187050  (0.07 seconds)
  LP Value  4: 781.818182  (0.10 seconds)
  LP Value  5: 782.000000  (0.11 seconds)
New lower bound: 782.000000
Final lower bound 782.000000, upper bound 782.000000
Exact lower bound: 782.000000
DIFF: 0.000000
Final LP has 210 rows, 283 columns, 3120 nonzeros
Optimal Solution: 782.00
Number of bbnodes: 1
Total Running Time: 0.18 (seconds)

Standard Error:
