Standard Output:
./concorde -o /home/chongjiu/concorde_uncomplete_graph/x10/nei/solution/random62.sol /home/chongjiu/concorde_uncomplete_graph/x10/nei/mat/random62.tsp
Host: ubuntu  Current process id: 3476912
Using random seed 1735574290
Problem Name: random62
Problem Type: TSP
Number of Nodes: 62
Explicit Lengths (CC_MATRIXNORM)
Set initial upperbound to 613 (from tour)
  LP Value  1: 578.500000  (0.00 seconds)
  LP Value  2: 611.500000  (0.01 seconds)
  LP Value  3: 613.000000  (0.01 seconds)
New lower bound: 613.000000
Final lower bound 613.000000, upper bound 613.000000
Exact lower bound: 613.000000
DIFF: 0.000000
Final LP has 101 rows, 183 columns, 1251 nonzeros
Optimal Solution: 613.00
Number of bbnodes: 1
Total Running Time: 0.03 (seconds)

Standard Error:
