Standard Output:
./concorde -o /home/chongjiu/concorde_uncomplete_graph/x10/nei/solution/random121.sol /home/chongjiu/concorde_uncomplete_graph/x10/nei/mat/random121.tsp
Host: ubuntu  Current process id: 3477080
Using random seed 1735574299
Problem Name: random121
Problem Type: TSP
Number of Nodes: 121
Explicit Lengths (CC_MATRIXNORM)
Set initial upperbound to 845 (from tour)
  LP Value  1: 811.000000  (0.00 seconds)
  LP Value  2: 844.800000  (0.01 seconds)
  LP Value  3: 844.888889  (0.01 seconds)
  LP Value  4: 845.000000  (0.02 seconds)
New lower bound: 845.000000
Final lower bound 845.000000, upper bound 845.000000
Exact lower bound: 845.000000
DIFF: 0.000000
Final LP has 162 rows, 281 columns, 1177 nonzeros
Optimal Solution: 845.00
Number of bbnodes: 1
Total Running Time: 0.09 (seconds)

Standard Error:
