Standard Output:
./concorde -o /home/chongjiu/concorde_uncomplete_graph/x10/nei/solution/random165.sol /home/chongjiu/concorde_uncomplete_graph/x10/nei/mat/random165.tsp
Host: ubuntu  Current process id: 3477361
Using random seed 1735574320
Problem Name: random165
Problem Type: TSP
Number of Nodes: 165
Explicit Lengths (CC_MATRIXNORM)
Set initial upperbound to 954 (from tour)
  LP Value  1: 928.800000  (0.01 seconds)
  LP Value  2: 947.571429  (0.03 seconds)
  LP Value  3: 953.000000  (0.05 seconds)
  LP Value  4: 954.000000  (0.08 seconds)
  LP Value  5: 954.000000  (0.09 seconds)
New lower bound: 954.000000
Final lower bound 954.000000, upper bound 954.000000
Exact lower bound: 954.000000
DIFF: 0.000000
Final LP has 290 rows, 466 columns, 3194 nonzeros
Optimal Solution: 954.00
Number of bbnodes: 1
Total Running Time: 0.17 (seconds)

Standard Error:
