Standard Output:
./concorde -o /home/chongjiu/concorde_uncomplete_graph/x10/nei/solution/random140.sol /home/chongjiu/concorde_uncomplete_graph/x10/nei/mat/random140.tsp
Host: ubuntu  Current process id: 3477228
Using random seed 1735574310
Problem Name: random140
Problem Type: TSP
Number of Nodes: 140
Explicit Lengths (CC_MATRIXNORM)
Set initial upperbound to 889 (from tour)
  LP Value  1: 855.000000  (0.01 seconds)
  LP Value  2: 874.500000  (0.03 seconds)
  LP Value  3: 881.083333  (0.05 seconds)
  LP Value  4: 883.081933  (0.08 seconds)
  LP Value  5: 885.510638  (0.11 seconds)
  LP Value  6: 887.833333  (0.15 seconds)
  LP Value  7: 888.333333  (0.19 seconds)
  LP Value  8: 888.666300  (0.21 seconds)
  LP Value  9: 889.000000  (0.24 seconds)
recomputing rownorms ...
  LP Value 10: 889.000000  (0.25 seconds)
New lower bound: 889.000000
Final lower bound 889.000000, upper bound 889.000000
Exact lower bound: 889.000000
DIFF: 0.000000
Final LP has 262 rows, 440 columns, 4224 nonzeros
Optimal Solution: 889.00
Number of bbnodes: 1
Total Running Time: 0.32 (seconds)

Standard Error:
