Standard Output:
./concorde -o /home/chongjiu/concorde_uncomplete_graph/x10/nei/solution/random97.sol /home/chongjiu/concorde_uncomplete_graph/x10/nei/mat/random97.tsp
Host: ubuntu  Current process id: 3476995
Using random seed 1735574293
Problem Name: random97
Problem Type: TSP
Number of Nodes: 97
Explicit Lengths (CC_MATRIXNORM)
Set initial upperbound to 767 (from tour)
  LP Value  1: 741.000000  (0.00 seconds)
  LP Value  2: 752.100000  (0.01 seconds)
  LP Value  3: 759.241379  (0.03 seconds)
  LP Value  4: 761.533333  (0.04 seconds)
  LP Value  5: 762.829787  (0.06 seconds)
  LP Value  6: 763.646710  (0.08 seconds)
  LP Value  7: 764.197115  (0.11 seconds)
  LP Value  8: 764.868750  (0.13 seconds)
  LP Value  9: 765.648167  (0.15 seconds)
  LP Value 10: 766.142857  (0.17 seconds)
  LP Value 11: 766.227273  (0.20 seconds)
  LP Value 12: 766.500000  (0.21 seconds)
recomputing rownorms ...
  LP Value 13: 766.500000  (0.24 seconds)
New lower bound: 766.500000
Final lower bound 766.500000, upper bound 767.000000
Exact lower bound: 766.500000
DIFF: 0.000000
Final LP has 173 rows, 304 columns, 3054 nonzeros
Optimal Solution: 767.00
Number of bbnodes: 1
Total Running Time: 0.28 (seconds)

Standard Error:
