Standard Output:
./concorde -o /home/chongjiu/concorde_uncomplete_graph/x10/nei/solution/random154.sol /home/chongjiu/concorde_uncomplete_graph/x10/nei/mat/random154.tsp
Host: ubuntu  Current process id: 3477294
Using random seed 1735574315
Problem Name: random154
Problem Type: TSP
Number of Nodes: 154
Explicit Lengths (CC_MATRIXNORM)
Set initial upperbound to 969 (from tour)
  LP Value  1: 934.000000  (0.00 seconds)
  LP Value  2: 966.250000  (0.01 seconds)
  LP Value  3: 969.000000  (0.02 seconds)
New lower bound: 969.000000
Final lower bound 969.000000, upper bound 969.000000
Exact lower bound: 969.000000
DIFF: 0.000000
Final LP has 206 rows, 381 columns, 2208 nonzeros
Optimal Solution: 969.00
Number of bbnodes: 1
Total Running Time: 0.08 (seconds)

Standard Error:
