Standard Output:
./concorde -o /home/chongjiu/concorde_uncomplete_graph/x10/nei/solution/random148.sol /home/chongjiu/concorde_uncomplete_graph/x10/nei/mat/random148.tsp
Host: ubuntu  Current process id: 3477255
Using random seed 1735574312
Problem Name: random148
Problem Type: TSP
Number of Nodes: 148
Explicit Lengths (CC_MATRIXNORM)
Set initial upperbound to 957 (from tour)
  LP Value  1: 921.000000  (0.01 seconds)
  LP Value  2: 950.583333  (0.02 seconds)
  LP Value  3: 956.461538  (0.05 seconds)
  LP Value  4: 957.000000  (0.07 seconds)
New lower bound: 957.000000
Final lower bound 957.000000, upper bound 957.000000
Exact lower bound: 957.000000
DIFF: 0.000000
Final LP has 226 rows, 394 columns, 2986 nonzeros
Optimal Solution: 957.00
Number of bbnodes: 1
Total Running Time: 0.14 (seconds)

Standard Error:
