Standard Output:
./concorde -o /home/chongjiu/concorde_uncomplete_graph/x10/nei/solution/random160.sol /home/chongjiu/concorde_uncomplete_graph/x10/nei/mat/random160.tsp
Host: ubuntu  Current process id: 3477327
Using random seed 1735574317
Problem Name: random160
Problem Type: TSP
Number of Nodes: 160
Explicit Lengths (CC_MATRIXNORM)
Set initial upperbound to 963 (from tour)
  LP Value  1: 927.250000  (0.01 seconds)
  LP Value  2: 959.500000  (0.02 seconds)
  LP Value  3: 961.500000  (0.03 seconds)
  LP Value  4: 962.000000  (0.05 seconds)
  LP Value  5: 963.000000  (0.06 seconds)
recomputing rownorms ...
  LP Value  6: 963.000000  (0.06 seconds)
New lower bound: 963.000000
Final lower bound 963.000000, upper bound 963.000000
Exact lower bound: 963.000000
DIFF: 0.000000
Final LP has 235 rows, 367 columns, 1515 nonzeros
Optimal Solution: 963.00
Number of bbnodes: 1
Total Running Time: 0.14 (seconds)

Standard Error:
