Standard Output:
./concorde -o /home/chongjiu/concorde_uncomplete_graph/x10/nei/solution/random170.sol /home/chongjiu/concorde_uncomplete_graph/x10/nei/mat/random170.tsp
Host: ubuntu  Current process id: 3477382
Using random seed 1735574322
Problem Name: random170
Problem Type: TSP
Number of Nodes: 170
Explicit Lengths (CC_MATRIXNORM)
Set initial upperbound to 970 (from tour)
  LP Value  1: 944.500000  (0.02 seconds)
  LP Value  2: 959.527778  (0.04 seconds)
  LP Value  3: 963.725000  (0.07 seconds)
  LP Value  4: 965.200000  (0.10 seconds)
  LP Value  5: 966.000000  (0.15 seconds)
  LP Value  6: 966.298030  (0.19 seconds)
  LP Value  7: 966.698577  (0.21 seconds)
  LP Value  8: 967.079365  (0.23 seconds)
  LP Value  9: 967.000000  (0.26 seconds)
New lower bound: 966.944444
New upperbound from x-heuristic: 968.00
Final lower bound 966.944444, upper bound 968.000000
Exact lower bound: 966.944444
DIFF: 0.000000
Time for Total: 0.28 seconds (0.28 total in 1 calls)
Final LP has 271 rows, 325 columns, 3849 nonzeros
LOWER BOUND: 966.944444   ACTIVE NODES: 1

Task 0: Branching on node 0
BBnode 0 split into 1 (966.94) 2 (967.94X) (0.00 seconds)
Child 1 is pruned
LOWER BOUND: 966.944444   ACTIVE NODES: 1

Task 1: Cutting on node 1
Writing Pool: 201 cuts
BBnode 1 (now 3) can be pruned: upperbound 968.00 (0.02 seconds)

Task 2: Exit
Optimal Solution: 968.00
Number of bbnodes: 3
Total Running Time: 0.38 (seconds)  Branching Time: 0.02 (seconds)

Standard Error:
