Standard Output:
./concorde -o /home/chongjiu/concorde_uncomplete_graph/x10/nei/solution/random172.sol /home/chongjiu/concorde_uncomplete_graph/x10/nei/mat/random172.tsp
Host: ubuntu  Current process id: 3477386
Using random seed 1735574323
Problem Name: random172
Problem Type: TSP
Number of Nodes: 172
Explicit Lengths (CC_MATRIXNORM)
Set initial upperbound to 967 (from tour)
  LP Value  1: 922.000000  (0.00 seconds)
  LP Value  2: 957.200000  (0.01 seconds)
  LP Value  3: 961.625000  (0.04 seconds)
  LP Value  4: 962.500000  (0.06 seconds)
  LP Value  5: 963.333333  (0.10 seconds)
  LP Value  6: 963.517241  (0.12 seconds)
  LP Value  7: 964.000000  (0.17 seconds)
  LP Value  8: 964.196429  (0.26 seconds)
  LP Value  9: 964.670455  (0.33 seconds)
  LP Value 10: 965.069907  (0.42 seconds)
  LP Value 11: 965.151489  (0.57 seconds)
  LP Value 12: 965.187754  (0.75 seconds)
  LP Value 13: 965.291667  (0.84 seconds)
  LP Value 14: 965.351585  (0.98 seconds)
  LP Value 15: 965.375000  (2.66 seconds)
New lower bound: 965.375000
Final lower bound 965.375000, upper bound 967.000000
Exact lower bound: 965.375000
DIFF: 0.000000
Time for Total: 2.68 seconds (2.68 total in 1 calls)
Final LP has 311 rows, 390 columns, 7254 nonzeros
LOWER BOUND: 965.375000   ACTIVE NODES: 1

Task 0: Branching on node 0
BBnode 0 split into 1 (965.95) 2 (966.67X) (0.13 seconds)
Child 1 is pruned
LOWER BOUND: 965.950000   ACTIVE NODES: 1

Task 1: Cutting on node 1
Writing Pool: 309 cuts
BBnode 1 (now 3) can be pruned: upperbound 967.00 (0.18 seconds)

Task 2: Exit
Optimal Solution: 967.00
Number of bbnodes: 3
Total Running Time: 3.10 (seconds)  Branching Time: 0.32 (seconds)

Standard Error:
