Standard Output:
./concorde -o /home/chongjiu/concorde_uncomplete_graph/x10/nei/solution/random178.sol /home/chongjiu/concorde_uncomplete_graph/x10/nei/mat/random178.tsp
Host: ubuntu  Current process id: 3477432
Using random seed 1735574328
Problem Name: random178
Problem Type: TSP
Number of Nodes: 178
Explicit Lengths (CC_MATRIXNORM)
Set initial upperbound to 1024 (from tour)
  LP Value  1: 969.500000  (0.02 seconds)
  LP Value  2: 1013.200000  (0.05 seconds)
  LP Value  3: 1017.838384  (0.08 seconds)
  LP Value  4: 1019.560000  (0.12 seconds)
  LP Value  5: 1020.320175  (0.15 seconds)
  LP Value  6: 1020.793333  (0.18 seconds)
  LP Value  7: 1021.000000  (0.21 seconds)
  LP Value  8: 1021.000000  (0.22 seconds)
New lower bound: 1021.000000
New upperbound from x-heuristic: 1021.00
Final lower bound 1021.000000, upper bound 1021.000000
Exact lower bound: 1021.000000
DIFF: 0.000000
Final LP has 267 rows, 499 columns, 2714 nonzeros
Optimal Solution: 1021.00
Number of bbnodes: 1
Total Running Time: 0.32 (seconds)

Standard Error:
