Standard Output:
./concorde -o /home/chongjiu/concorde_uncomplete_graph/x10/nei/solution/random17.sol /home/chongjiu/concorde_uncomplete_graph/x10/nei/mat/random17.tsp
Host: ubuntu  Current process id: 3476809
Using random seed 1735574289
Problem Name: random17
Problem Type: TSP
Number of Nodes: 17
Explicit Lengths (CC_MATRIXNORM)
Set initial upperbound to 399 (from tour)
  LP Value  1: 383.000000  (0.00 seconds)
  LP Value  2: 399.000000  (0.00 seconds)
New lower bound: 399.000000
Final lower bound 399.000000, upper bound 399.000000
Exact lower bound: 399.000000
DIFF: 0.000000
Final LP has 20 rows, 32 columns, 90 nonzeros
Optimal Solution: 399.00
Number of bbnodes: 1
Total Running Time: 0.00 (seconds)

Standard Error:
