Standard Output:
./concorde -o /home/chongjiu/concorde_uncomplete_graph/x10/nei/solution/random183.sol /home/chongjiu/concorde_uncomplete_graph/x10/nei/mat/random183.tsp
Host: ubuntu  Current process id: 3477475
Using random seed 1735574330
Problem Name: random183
Problem Type: TSP
Number of Nodes: 183
Explicit Lengths (CC_MATRIXNORM)
Set initial upperbound to 1021 (from tour)
  LP Value  1: 978.000000  (0.01 seconds)
  LP Value  2: 1001.833333  (0.04 seconds)
  LP Value  3: 1010.875000  (0.07 seconds)
  LP Value  4: 1013.666667  (0.09 seconds)
  LP Value  5: 1015.200000  (0.15 seconds)
  LP Value  6: 1016.083333  (0.20 seconds)
  LP Value  7: 1016.466036  (0.23 seconds)
  LP Value  8: 1016.761905  (0.26 seconds)
  LP Value  9: 1017.000000  (1.56 seconds)
  LP Value 10: 1017.250000  (1.65 seconds)
  LP Value 11: 1017.545455  (1.68 seconds)
  LP Value 12: 1017.636364  (1.78 seconds)
  LP Value 13: 1017.666667  (1.85 seconds)
  LP Value 14: 1017.750000  (1.91 seconds)
  LP Value 15: 1017.750000  (1.99 seconds)
New lower bound: 1017.733485
New upperbound from x-heuristic: 1019.00
Final lower bound 1017.733485, upper bound 1019.000000
Exact lower bound: 1017.733485
DIFF: 0.000000
Time for Total: 2.01 seconds (2.01 total in 1 calls)
Final LP has 299 rows, 368 columns, 3964 nonzeros
LOWER BOUND: 1017.733485   ACTIVE NODES: 1

Task 0: Branching on node 0
BBnode 0 split into 1 (1018.58X) 2 (1018.00) (0.14 seconds)
Child 0 is pruned
LOWER BOUND: 1018.000000   ACTIVE NODES: 1

Task 1: Cutting on node 2
Writing Pool: 278 cuts
BBnode 2 (now 3) can be pruned: upperbound 1019.00 (0.11 seconds)

Task 2: Exit
Optimal Solution: 1019.00
Number of bbnodes: 3
Total Running Time: 2.34 (seconds)  Branching Time: 0.25 (seconds)

Standard Error:
