Standard Output:
./concorde -o /home/chongjiu/concorde_uncomplete_graph/x10/nei/solution/random71.sol /home/chongjiu/concorde_uncomplete_graph/x10/nei/mat/random71.tsp
Host: ubuntu  Current process id: 3476930
Using random seed 1735574290
Problem Name: random71
Problem Type: TSP
Number of Nodes: 71
Explicit Lengths (CC_MATRIXNORM)
Set initial upperbound to 669 (from tour)
  LP Value  1: 658.000000  (0.00 seconds)
  LP Value  2: 667.846154  (0.01 seconds)
  LP Value  3: 668.838710  (0.02 seconds)
  LP Value  4: 669.000000  (0.02 seconds)
New lower bound: 669.000000
Final lower bound 669.000000, upper bound 669.000000
Exact lower bound: 669.000000
DIFF: 0.000000
Final LP has 136 rows, 207 columns, 1588 nonzeros
Optimal Solution: 669.00
Number of bbnodes: 1
Total Running Time: 0.04 (seconds)

Standard Error:
