Standard Output:
./concorde -o /home/chongjiu/concorde_uncomplete_graph/x10/nei/solution/random88.sol /home/chongjiu/concorde_uncomplete_graph/x10/nei/mat/random88.tsp
Host: ubuntu  Current process id: 3476973
Using random seed 1735574292
Problem Name: random88
Problem Type: TSP
Number of Nodes: 88
Explicit Lengths (CC_MATRIXNORM)
Set initial upperbound to 734 (from tour)
  LP Value  1: 673.000000  (0.01 seconds)
  LP Value  2: 720.250000  (0.02 seconds)
  LP Value  3: 730.746414  (0.04 seconds)
  LP Value  4: 732.142857  (0.05 seconds)
  LP Value  5: 732.857241  (0.07 seconds)
  LP Value  6: 733.203966  (0.09 seconds)
  LP Value  7: 733.575811  (0.10 seconds)
  LP Value  8: 733.838336  (0.12 seconds)
  LP Value  9: 734.000000  (0.13 seconds)
recomputing rownorms ...
  LP Value 10: 734.000000  (0.13 seconds)
New lower bound: 734.000000
Final lower bound 734.000000, upper bound 734.000000
Exact lower bound: 734.000000
DIFF: 0.000000
Final LP has 158 rows, 245 columns, 2038 nonzeros
Optimal Solution: 734.00
Number of bbnodes: 1
Total Running Time: 0.17 (seconds)

Standard Error:
