Standard Output:
./concorde -o /home/chongjiu/concorde_uncomplete_graph/x10/nei/solution/random133.sol /home/chongjiu/concorde_uncomplete_graph/x10/nei/mat/random133.tsp
Host: ubuntu  Current process id: 3477173
Using random seed 1735574306
Problem Name: random133
Problem Type: TSP
Number of Nodes: 133
Explicit Lengths (CC_MATRIXNORM)
Set initial upperbound to 872 (from tour)
  LP Value  1: 822.500000  (0.01 seconds)
  LP Value  2: 855.250000  (0.02 seconds)
  LP Value  3: 860.500000  (0.04 seconds)
  LP Value  4: 863.571429  (0.07 seconds)
  LP Value  5: 864.750000  (0.09 seconds)
  LP Value  6: 866.400000  (0.17 seconds)
  LP Value  7: 867.664773  (0.22 seconds)
  LP Value  8: 867.930759  (0.34 seconds)
  LP Value  9: 868.250000  (0.38 seconds)
  LP Value 10: 868.634560  (0.40 seconds)
  LP Value 11: 868.885557  (0.47 seconds)
  LP Value 12: 869.000000  (0.50 seconds)
recomputing rownorms ...
  LP Value 13: 869.000000  (0.51 seconds)
New lower bound: 869.000000
New upperbound from x-heuristic: 869.00
Final lower bound 869.000000, upper bound 869.000000
Exact lower bound: 869.000000
DIFF: 0.000000
Final LP has 255 rows, 393 columns, 3542 nonzeros
Optimal Solution: 869.00
Number of bbnodes: 1
Total Running Time: 0.60 (seconds)

Standard Error:
