Standard Output:
./concorde -o /home/chongjiu/concorde_uncomplete_graph/x10/nei/solution/random129.sol /home/chongjiu/concorde_uncomplete_graph/x10/nei/mat/random129.tsp
Host: ubuntu  Current process id: 3477143
Using random seed 1735574304
Problem Name: random129
Problem Type: TSP
Number of Nodes: 129
Explicit Lengths (CC_MATRIXNORM)
Set initial upperbound to 900 (from tour)
  LP Value  1: 878.000000  (0.01 seconds)
  LP Value  2: 894.166667  (0.02 seconds)
  LP Value  3: 898.972222  (0.03 seconds)
  LP Value  4: 899.666667  (0.05 seconds)
  LP Value  5: 900.000000  (0.06 seconds)
New lower bound: 900.000000
Final lower bound 900.000000, upper bound 900.000000
Exact lower bound: 900.000000
DIFF: 0.000000
Final LP has 190 rows, 324 columns, 2547 nonzeros
Optimal Solution: 900.00
Number of bbnodes: 1
Total Running Time: 0.12 (seconds)

Standard Error:
