Standard Output:
./concorde -o /home/chongjiu/concorde_uncomplete_graph/x10/nei/solution/random113.sol /home/chongjiu/concorde_uncomplete_graph/x10/nei/mat/random113.tsp
Host: ubuntu  Current process id: 3477051
Using random seed 1735574296
Problem Name: random113
Problem Type: TSP
Number of Nodes: 113
Explicit Lengths (CC_MATRIXNORM)
Set initial upperbound to 837 (from tour)
  LP Value  1: 795.500000  (0.00 seconds)
  LP Value  2: 818.125000  (0.01 seconds)
  LP Value  3: 831.000000  (0.01 seconds)
  LP Value  4: 835.250000  (0.03 seconds)
  LP Value  5: 836.333333  (0.04 seconds)
  LP Value  6: 837.000000  (0.05 seconds)
New lower bound: 837.000000
Final lower bound 837.000000, upper bound 837.000000
Exact lower bound: 837.000000
DIFF: 0.000000
Final LP has 175 rows, 288 columns, 1611 nonzeros
Optimal Solution: 837.00
Number of bbnodes: 1
Total Running Time: 0.10 (seconds)

Standard Error:
