Standard Output:
./concorde -o /home/chongjiu/concorde_uncomplete_graph/x10/nei/solution/random192.sol /home/chongjiu/concorde_uncomplete_graph/x10/nei/mat/random192.tsp
Host: ubuntu  Current process id: 3477540
Using random seed 1735574338
Problem Name: random192
Problem Type: TSP
Number of Nodes: 192
Explicit Lengths (CC_MATRIXNORM)
Set initial upperbound to 1062 (from tour)
  LP Value  1: 1018.250000  (0.02 seconds)
  LP Value  2: 1046.959091  (0.05 seconds)
  LP Value  3: 1051.500000  (0.08 seconds)
  LP Value  4: 1054.900000  (0.14 seconds)
  LP Value  5: 1056.619658  (0.18 seconds)
  LP Value  6: 1057.173611  (0.21 seconds)
  LP Value  7: 1057.619048  (0.24 seconds)
  LP Value  8: 1058.000000  (0.28 seconds)
  LP Value  9: 1058.057658  (0.35 seconds)
  LP Value 10: 1058.568761  (0.39 seconds)
  LP Value 11: 1058.861374  (0.46 seconds)
  LP Value 12: 1059.000000  (0.51 seconds)
  LP Value 13: 1059.285714  (0.76 seconds)
  LP Value 14: 1059.516779  (1.06 seconds)
  LP Value 15: 1059.670364  (1.34 seconds)
  LP Value 16: 1059.739464  (1.51 seconds)
  LP Value 17: 1059.798139  (1.70 seconds)
  LP Value 18: 1059.882189  (1.87 seconds)
  LP Value 19: 1059.902621  (2.00 seconds)
New lower bound: 1059.902621
Final lower bound 1059.902621, upper bound 1062.000000
Exact lower bound: 1059.902621
DIFF: 0.000000
Time for Total: 2.02 seconds (2.02 total in 1 calls)
Final LP has 313 rows, 447 columns, 6068 nonzeros
LOWER BOUND: 1059.902621   ACTIVE NODES: 1

Task 0: Branching on node 0
BBnode 0 split into 1 (1060.88) 2 (1060.20) (0.16 seconds)
LOWER BOUND: 1060.200000   ACTIVE NODES: 2

Task 1: Cutting on node 2
New upperbound from x-heuristic: 1061.00
TOUR FOUND - upperbound is 1061.00
Writing Pool: 448 cuts
BBnode 2 (now 3) can be pruned: upperbound 1061.00 (0.38 seconds)
LOWER BOUND: 1060.882353   ACTIVE NODES: 1

Task 2: Cutting on node 1
Do not cut, the lp is within 1.0 of the upperbound
Writing Pool: 448 cuts
BBnode 1 (now 4) can be pruned: upperbound 1061.00 (0.00 seconds)

Task 3: Exit
Optimal Solution: 1061.00
Number of bbnodes: 3
Total Running Time: 2.66 (seconds)  Branching Time: 0.54 (seconds)

Standard Error:
