Standard Output:
./concorde -o /home/chongjiu/concorde_uncomplete_graph/x10/nei/solution/random50.sol /home/chongjiu/concorde_uncomplete_graph/x10/nei/mat/random50.tsp
Host: ubuntu  Current process id: 3476878
Using random seed 1735574289
Problem Name: random50
Problem Type: TSP
Number of Nodes: 50
Explicit Lengths (CC_MATRIXNORM)
Set initial upperbound to 578 (from tour)
  LP Value  1: 555.500000  (0.00 seconds)
  LP Value  2: 574.000000  (0.01 seconds)
  LP Value  3: 577.875000  (0.01 seconds)
  LP Value  4: 578.000000  (0.01 seconds)
New lower bound: 578.000000
Final lower bound 578.000000, upper bound 578.000000
Exact lower bound: 578.000000
DIFF: 0.000000
Final LP has 85 rows, 135 columns, 944 nonzeros
Optimal Solution: 578.00
Number of bbnodes: 1
Total Running Time: 0.03 (seconds)

Standard Error:
