Standard Output:
./concorde -o /home/chongjiu/concorde_uncomplete_graph/x10/nei/solution/random76.sol /home/chongjiu/concorde_uncomplete_graph/x10/nei/mat/random76.tsp
Host: ubuntu  Current process id: 3476945
Using random seed 1735574291
Problem Name: random76
Problem Type: TSP
Number of Nodes: 76
Explicit Lengths (CC_MATRIXNORM)
Set initial upperbound to 663 (from tour)
  LP Value  1: 617.000000  (0.00 seconds)
  LP Value  2: 653.500000  (0.01 seconds)
  LP Value  3: 660.666667  (0.01 seconds)
  LP Value  4: 661.500000  (0.02 seconds)
  LP Value  5: 662.375000  (0.03 seconds)
  LP Value  6: 662.957143  (0.04 seconds)
  LP Value  7: 663.000000  (0.05 seconds)
New lower bound: 663.000000
Final lower bound 663.000000, upper bound 663.000000
Exact lower bound: 663.000000
DIFF: 0.000000
Final LP has 181 rows, 240 columns, 2751 nonzeros
Optimal Solution: 663.00
Number of bbnodes: 1
Total Running Time: 0.10 (seconds)

Standard Error:
