Standard Output:
./concorde -o /home/chongjiu/concorde_uncomplete_graph/x10/nei/solution/random142.sol /home/chongjiu/concorde_uncomplete_graph/x10/nei/mat/random142.tsp
Host: ubuntu  Current process id: 3477232
Using random seed 1735574310
Problem Name: random142
Problem Type: TSP
Number of Nodes: 142
Explicit Lengths (CC_MATRIXNORM)
Set initial upperbound to 910 (from tour)
  LP Value  1: 872.750000  (0.01 seconds)
  LP Value  2: 895.833333  (0.02 seconds)
  LP Value  3: 906.937500  (0.05 seconds)
  LP Value  4: 908.818182  (0.07 seconds)
  LP Value  5: 909.132530  (0.09 seconds)
  LP Value  6: 909.485030  (0.11 seconds)
  LP Value  7: 909.500000  (0.13 seconds)
New lower bound: 909.454545
Final lower bound 909.454545, upper bound 910.000000
Exact lower bound: 909.454545
DIFF: 0.000000
Final LP has 222 rows, 406 columns, 3112 nonzeros
Optimal Solution: 910.00
Number of bbnodes: 1
Total Running Time: 0.19 (seconds)

Standard Error:
