Standard Output:
./concorde -o /home/chongjiu/concorde_uncomplete_graph/x10/nei/solution/random95.sol /home/chongjiu/concorde_uncomplete_graph/x10/nei/mat/random95.tsp
Host: ubuntu  Current process id: 3476987
Using random seed 1735574293
Problem Name: random95
Problem Type: TSP
Number of Nodes: 95
Explicit Lengths (CC_MATRIXNORM)
Set initial upperbound to 780 (from tour)
  LP Value  1: 734.500000  (0.00 seconds)
  LP Value  2: 766.414634  (0.02 seconds)
  LP Value  3: 778.374807  (0.04 seconds)
  LP Value  4: 780.000000  (0.05 seconds)
recomputing rownorms ...
  LP Value  5: 780.000000  (0.05 seconds)
New lower bound: 780.000000
Final lower bound 780.000000, upper bound 780.000000
Exact lower bound: 780.000000
DIFF: 0.000000
Final LP has 182 rows, 306 columns, 2459 nonzeros
Optimal Solution: 780.00
Number of bbnodes: 1
Total Running Time: 0.09 (seconds)

Standard Error:
