Standard Output:
./concorde -o /home/chongjiu/concorde_uncomplete_graph/x10/nei/solution/random162.sol /home/chongjiu/concorde_uncomplete_graph/x10/nei/mat/random162.tsp
Host: ubuntu  Current process id: 3477331
Using random seed 1735574317
Problem Name: random162
Problem Type: TSP
Number of Nodes: 162
Explicit Lengths (CC_MATRIXNORM)
Set initial upperbound to 992 (from tour)
  LP Value  1: 942.500000  (0.01 seconds)
  LP Value  2: 981.750000  (0.03 seconds)
  LP Value  3: 983.708333  (0.07 seconds)
  LP Value  4: 988.750000  (0.11 seconds)
  LP Value  5: 989.333333  (0.16 seconds)
  LP Value  6: 989.666667  (0.21 seconds)
  LP Value  7: 990.000000  (0.23 seconds)
  LP Value  8: 990.105575  (0.27 seconds)
  LP Value  9: 990.333333  (0.32 seconds)
  LP Value 10: 990.507759  (0.41 seconds)
  LP Value 11: 990.875000  (0.45 seconds)
  LP Value 12: 991.125000  (0.48 seconds)
  LP Value 13: 991.185606  (0.57 seconds)
  LP Value 14: 991.270227  (0.68 seconds)
  LP Value 15: 991.333333  (0.76 seconds)
  LP Value 16: 991.355209  (0.90 seconds)
  LP Value 17: 991.364925  (1.04 seconds)
New lower bound: 991.364925
Final lower bound 991.364925, upper bound 992.000000
Exact lower bound: 991.364925
DIFF: 0.000000
Final LP has 274 rows, 455 columns, 5355 nonzeros
Optimal Solution: 992.00
Number of bbnodes: 1
Total Running Time: 1.14 (seconds)

Standard Error:
