Standard Output:
./concorde -o /home/chongjiu/concorde_uncomplete_graph/x10/nei/solution/random56.sol /home/chongjiu/concorde_uncomplete_graph/x10/nei/mat/random56.tsp
Host: ubuntu  Current process id: 3476900
Using random seed 1735574290
Problem Name: random56
Problem Type: TSP
Number of Nodes: 56
Explicit Lengths (CC_MATRIXNORM)
Set initial upperbound to 614 (from tour)
  LP Value  1: 583.000000  (0.00 seconds)
  LP Value  2: 613.500000  (0.00 seconds)
  LP Value  3: 614.000000  (0.00 seconds)
New lower bound: 614.000000
Final lower bound 614.000000, upper bound 614.000000
Exact lower bound: 614.000000
DIFF: 0.000000
Final LP has 81 rows, 157 columns, 542 nonzeros
Optimal Solution: 614.00
Number of bbnodes: 1
Total Running Time: 0.03 (seconds)

Standard Error:
