Standard Output:
./concorde -o /home/chongjiu/concorde_uncomplete_graph/x10/nei/solution/random143.sol /home/chongjiu/concorde_uncomplete_graph/x10/nei/mat/random143.tsp
Host: ubuntu  Current process id: 3477234
Using random seed 1735574310
Problem Name: random143
Problem Type: TSP
Number of Nodes: 143
Explicit Lengths (CC_MATRIXNORM)
Set initial upperbound to 907 (from tour)
  LP Value  1: 868.500000  (0.01 seconds)
  LP Value  2: 897.750000  (0.02 seconds)
  LP Value  3: 902.000000  (0.03 seconds)
  LP Value  4: 904.458333  (0.05 seconds)
  LP Value  5: 905.200000  (0.08 seconds)
  LP Value  6: 906.484211  (0.10 seconds)
  LP Value  7: 906.869779  (0.13 seconds)
  LP Value  8: 907.000000  (0.15 seconds)
New lower bound: 907.000000
Final lower bound 907.000000, upper bound 907.000000
Exact lower bound: 907.000000
DIFF: 0.000000
Final LP has 238 rows, 398 columns, 4069 nonzeros
Optimal Solution: 907.00
Number of bbnodes: 1
Total Running Time: 0.24 (seconds)

Standard Error:
