Standard Output:
./concorde -o /home/chongjiu/concorde_uncomplete_graph/x10/nei/solution/random182.sol /home/chongjiu/concorde_uncomplete_graph/x10/nei/mat/random182.tsp
Host: ubuntu  Current process id: 3477456
Using random seed 1735574329
Problem Name: random182
Problem Type: TSP
Number of Nodes: 182
Explicit Lengths (CC_MATRIXNORM)
Set initial upperbound to 1031 (from tour)
  LP Value  1: 991.000000  (0.01 seconds)
  LP Value  2: 1019.187500  (0.03 seconds)
  LP Value  3: 1023.876190  (0.09 seconds)
  LP Value  4: 1028.833333  (0.13 seconds)
  LP Value  5: 1030.500000  (0.17 seconds)
  LP Value  6: 1030.500000  (0.22 seconds)
New lower bound: 1030.500000
Final lower bound 1030.500000, upper bound 1031.000000
Exact lower bound: 1030.500000
DIFF: 0.000000
Final LP has 293 rows, 490 columns, 3260 nonzeros
Optimal Solution: 1031.00
Number of bbnodes: 1
Total Running Time: 0.31 (seconds)

Standard Error:
