Standard Output:
./concorde -o /home/chongjiu/concorde_uncomplete_graph/x10/nei/solution/random18.sol /home/chongjiu/concorde_uncomplete_graph/x10/nei/mat/random18.tsp
Host: ubuntu  Current process id: 3476811
Using random seed 1735574289
Problem Name: random18
Problem Type: TSP
Number of Nodes: 18
Explicit Lengths (CC_MATRIXNORM)
Set initial upperbound to 378 (from tour)
Basic dual change required, but no candidate edges
  LP Value  1: 354.000000  (0.00 seconds)
  LP Value  2: 375.500000  (0.00 seconds)
  LP Value  3: 378.000000  (0.00 seconds)
New lower bound: 378.000000
Final lower bound 378.000000, upper bound 378.000000
Exact lower bound: 378.000000
DIFF: 0.000000
Final LP has 23 rows, 45 columns, 116 nonzeros
Optimal Solution: 378.00
Number of bbnodes: 1
Total Running Time: 0.00 (seconds)

Standard Error:
ERROR: No dual change in basis finding code
Did not find a basic optimal solution
Fractional matching routine failed
Warning: restarting running timer Miscellaneous
No warmstart, stumbling on anyway
