Standard Output:
./concorde -o /home/chongjiu/concorde_uncomplete_graph/x10/nei/solution/random89.sol /home/chongjiu/concorde_uncomplete_graph/x10/nei/mat/random89.tsp
Host: ubuntu  Current process id: 3476975
Using random seed 1735574292
Problem Name: random89
Problem Type: TSP
Number of Nodes: 89
Explicit Lengths (CC_MATRIXNORM)
Set initial upperbound to 762 (from tour)
  LP Value  1: 741.000000  (0.01 seconds)
  LP Value  2: 754.000000  (0.02 seconds)
  LP Value  3: 757.866667  (0.03 seconds)
  LP Value  4: 760.000000  (0.04 seconds)
  LP Value  5: 762.000000  (0.05 seconds)
recomputing rownorms ...
  LP Value  6: 762.000000  (0.05 seconds)
New lower bound: 762.000000
Final lower bound 762.000000, upper bound 762.000000
Exact lower bound: 762.000000
DIFF: 0.000000
Final LP has 155 rows, 261 columns, 1480 nonzeros
Optimal Solution: 762.00
Number of bbnodes: 1
Total Running Time: 0.10 (seconds)

Standard Error:
