Standard Output:
./concorde -o /home/chongjiu/concorde_uncomplete_graph/x10/nei/solution/random168.sol /home/chongjiu/concorde_uncomplete_graph/x10/nei/mat/random168.tsp
Host: ubuntu  Current process id: 3477378
Using random seed 1735574322
Problem Name: random168
Problem Type: TSP
Number of Nodes: 168
Explicit Lengths (CC_MATRIXNORM)
Set initial upperbound to 994 (from tour)
  LP Value  1: 953.500000  (0.01 seconds)
  LP Value  2: 983.000000  (0.04 seconds)
  LP Value  3: 993.357390  (0.08 seconds)
  LP Value  4: 994.000000  (0.09 seconds)
  LP Value  5: 994.000000  (0.11 seconds)
New lower bound: 994.000000
Final lower bound 994.000000, upper bound 994.000000
Exact lower bound: 994.000000
DIFF: 0.000000
Final LP has 268 rows, 436 columns, 2687 nonzeros
Optimal Solution: 994.00
Number of bbnodes: 1
Total Running Time: 0.19 (seconds)

Standard Error:
