Standard Output:
./concorde -o /home/chongjiu/concorde_uncomplete_graph/x10/nei/solution/random78.sol /home/chongjiu/concorde_uncomplete_graph/x10/nei/mat/random78.tsp
Host: ubuntu  Current process id: 3476949
Using random seed 1735574291
Problem Name: random78
Problem Type: TSP
Number of Nodes: 78
Explicit Lengths (CC_MATRIXNORM)
Set initial upperbound to 712 (from tour)
  LP Value  1: 646.500000  (0.00 seconds)
  LP Value  2: 704.500000  (0.01 seconds)
  LP Value  3: 708.000000  (0.01 seconds)
recomputing rownorms ...
  LP Value  4: 708.000000  (0.02 seconds)
New lower bound: 708.000000
New upperbound from x-heuristic: 708.00
Final lower bound 708.000000, upper bound 708.000000
Exact lower bound: 708.000000
DIFF: 0.000000
Final LP has 120 rows, 203 columns, 853 nonzeros
Optimal Solution: 708.00
Number of bbnodes: 1
Total Running Time: 0.05 (seconds)

Standard Error:
