Standard Output:
./concorde -o /home/chongjiu/concorde_uncomplete_graph/x10/nei/solution/random190.sol /home/chongjiu/concorde_uncomplete_graph/x10/nei/mat/random190.tsp
Host: ubuntu  Current process id: 3477515
Using random seed 1735574334
Problem Name: random190
Problem Type: TSP
Number of Nodes: 190
Explicit Lengths (CC_MATRIXNORM)
Set initial upperbound to 1034 (from tour)
  LP Value  1: 1001.000000  (0.01 seconds)
  LP Value  2: 1028.305556  (0.03 seconds)
  LP Value  3: 1033.000000  (0.06 seconds)
  LP Value  4: 1034.000000  (0.08 seconds)
recomputing rownorms ...
  LP Value  5: 1034.000000  (0.08 seconds)
New lower bound: 1034.000000
Final lower bound 1034.000000, upper bound 1034.000000
Exact lower bound: 1034.000000
DIFF: 0.000000
Final LP has 266 rows, 517 columns, 2150 nonzeros
Optimal Solution: 1034.00
Number of bbnodes: 1
Total Running Time: 0.18 (seconds)

Standard Error:
