Standard Output:
./concorde -o /home/chongjiu/concorde_uncomplete_graph/x10/nei/solution/random131.sol /home/chongjiu/concorde_uncomplete_graph/x10/nei/mat/random131.tsp
Host: ubuntu  Current process id: 3477162
Using random seed 1735574305
Problem Name: random131
Problem Type: TSP
Number of Nodes: 131
Explicit Lengths (CC_MATRIXNORM)
Set initial upperbound to 905 (from tour)
  LP Value  1: 881.500000  (0.01 seconds)
  LP Value  2: 897.812500  (0.02 seconds)
  LP Value  3: 902.437500  (0.03 seconds)
  LP Value  4: 903.166667  (0.05 seconds)
  LP Value  5: 903.461538  (0.06 seconds)
  LP Value  6: 903.875000  (0.10 seconds)
  LP Value  7: 904.166667  (0.14 seconds)
  LP Value  8: 904.250000  (0.19 seconds)
  LP Value  9: 904.400000  (0.27 seconds)
  LP Value 10: 904.500000  (0.37 seconds)
  LP Value 11: 904.500000  (0.42 seconds)
  LP Value 12: 904.647619  (0.49 seconds)
  LP Value 13: 904.666667  (0.53 seconds)
New lower bound: 904.666667
Final lower bound 904.666667, upper bound 905.000000
Exact lower bound: 904.666667
DIFF: 0.000000
Final LP has 211 rows, 332 columns, 2074 nonzeros
Optimal Solution: 905.00
Number of bbnodes: 1
Total Running Time: 0.57 (seconds)

Standard Error:
