Standard Output:
./concorde -o /home/chongjiu/concorde_test/solution/random188.sol /home/chongjiu/concorde_test/mat/random188.tsp
Host: ubuntu  Current process id: 1971639
Using random seed 1733472398
Problem Name: random188
Problem Type: TSP
Number of Nodes: 188
Explicit Lengths (CC_MATRIXNORM)
Set initial upperbound to 1046 (from tour)
  LP Value  1: 1011.500000  (0.01 seconds)
  LP Value  2: 1044.000000  (0.02 seconds)
  LP Value  3: 1045.000000  (0.02 seconds)
  LP Value  4: 1045.500000  (0.02 seconds)
  LP Value  5: 1046.000000  (0.02 seconds)
New lower bound: 1046.000000
Final lower bound 1046.000000, upper bound 1046.000000
Exact lower bound: 1046.000000
DIFF: 0.000000
Final LP has 224 rows, 378 columns, 1016 nonzeros
Optimal Solution: 1046.00
Number of bbnodes: 1
Total Running Time: 0.17 (seconds)

Standard Error:
