Standard Output:
./concorde -o /home/chongjiu/concorde_test/solution/random133.sol /home/chongjiu/concorde_test/mat/random133.tsp
Host: ubuntu  Current process id: 1970304
Using random seed 1733472366
Problem Name: random133
Problem Type: TSP
Number of Nodes: 133
Explicit Lengths (CC_MATRIXNORM)
Set initial upperbound to 871 (from tour)
  LP Value  1: 832.250000  (0.01 seconds)
  LP Value  2: 861.833333  (0.03 seconds)
  LP Value  3: 864.855856  (0.07 seconds)
  LP Value  4: 866.500000  (0.10 seconds)
  LP Value  5: 866.843750  (0.15 seconds)
  LP Value  6: 867.410714  (0.19 seconds)
  LP Value  7: 868.000000  (0.21 seconds)
  LP Value  8: 868.266908  (0.24 seconds)
  LP Value  9: 868.624060  (0.29 seconds)
  LP Value 10: 869.000000  (0.32 seconds)
recomputing rownorms ...
  LP Value 11: 869.000000  (0.32 seconds)
New lower bound: 869.000000
New upperbound from x-heuristic: 869.00
Final lower bound 869.000000, upper bound 869.000000
Exact lower bound: 869.000000
DIFF: 0.000000
Final LP has 242 rows, 308 columns, 2624 nonzeros
Optimal Solution: 869.00
Number of bbnodes: 1
Total Running Time: 0.45 (seconds)

Standard Error:
