Standard Output:
./concorde -o /home/chongjiu/concorde_test/solution/random38.sol /home/chongjiu/concorde_test/mat/random38.tsp
Host: ubuntu  Current process id: 1969431
Using random seed 1733472347
Problem Name: random38
Problem Type: TSP
Number of Nodes: 38
Explicit Lengths (CC_MATRIXNORM)
Set initial upperbound to 483 (from tour)
  LP Value  1: 469.000000  (0.00 seconds)
  LP Value  2: 471.000000  (0.00 seconds)
  LP Value  3: 482.000000  (0.00 seconds)
  LP Value  4: 483.000000  (0.00 seconds)
New lower bound: 483.000000
Final lower bound 483.000000, upper bound 483.000000
Exact lower bound: 483.000000
DIFF: 0.000000
Final LP has 49 rows, 78 columns, 230 nonzeros
Optimal Solution: 483.00
Number of bbnodes: 1
Total Running Time: 0.02 (seconds)

Standard Error:
