Standard Output:
./concorde -o /home/chongjiu/concorde_test/solution/random153.sol /home/chongjiu/concorde_test/mat/random153.tsp
Host: ubuntu  Current process id: 1970657
Using random seed 1733472374
Problem Name: random153
Problem Type: TSP
Number of Nodes: 153
Explicit Lengths (CC_MATRIXNORM)
Set initial upperbound to 951 (from tour)
  LP Value  1: 921.000000  (0.02 seconds)
  LP Value  2: 938.750000  (0.03 seconds)
  LP Value  3: 946.125000  (0.05 seconds)
  LP Value  4: 949.733333  (0.10 seconds)
  LP Value  5: 950.833333  (0.13 seconds)
  LP Value  6: 951.000000  (0.14 seconds)
New lower bound: 951.000000
Final lower bound 951.000000, upper bound 951.000000
Exact lower bound: 951.000000
DIFF: 0.000000
Final LP has 257 rows, 340 columns, 2165 nonzeros
Optimal Solution: 951.00
Number of bbnodes: 1
Total Running Time: 0.26 (seconds)

Standard Error:
