Standard Output:
./concorde -o /home/chongjiu/concorde_test/solution/random164.sol /home/chongjiu/concorde_test/mat/random164.tsp
Host: ubuntu  Current process id: 1970896
Using random seed 1733472380
Problem Name: random164
Problem Type: TSP
Number of Nodes: 164
Explicit Lengths (CC_MATRIXNORM)
Set initial upperbound to 968 (from tour)
  LP Value  1: 952.833333  (0.01 seconds)
  LP Value  2: 961.250000  (0.04 seconds)
  LP Value  3: 963.000000  (0.07 seconds)
  LP Value  4: 964.900000  (0.11 seconds)
  LP Value  5: 966.091667  (0.14 seconds)
  LP Value  6: 966.860465  (0.18 seconds)
  LP Value  7: 967.262500  (0.25 seconds)
  LP Value  8: 967.625000  (0.32 seconds)
  LP Value  9: 967.750000  (0.45 seconds)
  LP Value 10: 967.750000  (0.52 seconds)
New lower bound: 967.750000
Final lower bound 967.750000, upper bound 968.000000
Exact lower bound: 967.750000
DIFF: 0.000000
Final LP has 300 rows, 357 columns, 3427 nonzeros
Optimal Solution: 968.00
Number of bbnodes: 1
Total Running Time: 0.66 (seconds)

Standard Error:
