Standard Output:
./concorde -o /home/chongjiu/concorde_test/solution/random91.sol /home/chongjiu/concorde_test/mat/random91.tsp
Host: ubuntu  Current process id: 1969658
Using random seed 1733472351
Problem Name: random91
Problem Type: TSP
Number of Nodes: 91
Explicit Lengths (CC_MATRIXNORM)
Set initial upperbound to 724 (from tour)
  LP Value  1: 690.500000  (0.01 seconds)
  LP Value  2: 711.000000  (0.01 seconds)
  LP Value  3: 723.500000  (0.02 seconds)
  LP Value  4: 724.000000  (0.02 seconds)
New lower bound: 724.000000
Final lower bound 724.000000, upper bound 724.000000
Exact lower bound: 724.000000
DIFF: 0.000000
Final LP has 130 rows, 194 columns, 1138 nonzeros
Optimal Solution: 724.00
Number of bbnodes: 1
Total Running Time: 0.08 (seconds)

Standard Error:
