Standard Output:
./concorde -o /home/chongjiu/concorde_test/solution/random143.sol /home/chongjiu/concorde_test/mat/random143.tsp
Host: ubuntu  Current process id: 1970475
Using random seed 1733472370
Problem Name: random143
Problem Type: TSP
Number of Nodes: 143
Explicit Lengths (CC_MATRIXNORM)
Set initial upperbound to 907 (from tour)
  LP Value  1: 886.250000  (0.01 seconds)
  LP Value  2: 896.850000  (0.04 seconds)
  LP Value  3: 905.222222  (0.06 seconds)
  LP Value  4: 906.500000  (0.09 seconds)
  LP Value  5: 907.000000  (0.10 seconds)
recomputing rownorms ...
  LP Value  6: 907.000000  (0.10 seconds)
New lower bound: 907.000000
Final lower bound 907.000000, upper bound 907.000000
Exact lower bound: 907.000000
DIFF: 0.000000
Final LP has 216 rows, 298 columns, 1485 nonzeros
Optimal Solution: 907.00
Number of bbnodes: 1
Total Running Time: 0.23 (seconds)

Standard Error:
