Standard Output:
./concorde -o /home/chongjiu/concorde_test/solution/random105.sol /home/chongjiu/concorde_test/mat/random105.tsp
Host: ubuntu  Current process id: 1969762
Using random seed 1733472352
Problem Name: random105
Problem Type: TSP
Number of Nodes: 105
Explicit Lengths (CC_MATRIXNORM)
Set initial upperbound to 796 (from tour)
  LP Value  1: 776.000000  (0.01 seconds)
  LP Value  2: 793.000000  (0.03 seconds)
  LP Value  3: 795.884615  (0.06 seconds)
  LP Value  4: 796.000000  (0.06 seconds)
recomputing rownorms ...
  LP Value  5: 796.000000  (0.06 seconds)
New lower bound: 796.000000
Final lower bound 796.000000, upper bound 796.000000
Exact lower bound: 796.000000
DIFF: 0.000000
Final LP has 161 rows, 215 columns, 1132 nonzeros
Optimal Solution: 796.00
Number of bbnodes: 1
Total Running Time: 0.11 (seconds)

Standard Error:
