Standard Output:
./concorde -o /home/chongjiu/concorde_test/solution/random174.sol /home/chongjiu/concorde_test/mat/random174.tsp
Host: ubuntu  Current process id: 1971290
Using random seed 1733472390
Problem Name: random174
Problem Type: TSP
Number of Nodes: 174
Explicit Lengths (CC_MATRIXNORM)
Set initial upperbound to 1029 (from tour)
  LP Value  1: 1015.416667  (0.02 seconds)
  LP Value  2: 1023.166667  (0.04 seconds)
  LP Value  3: 1025.000000  (0.06 seconds)
  LP Value  4: 1025.230769  (0.09 seconds)
  LP Value  5: 1025.833333  (0.12 seconds)
  LP Value  6: 1026.743902  (0.16 seconds)
  LP Value  7: 1026.973822  (0.39 seconds)
  LP Value  8: 1027.000000  (0.40 seconds)
recomputing rownorms ...
  LP Value  9: 1027.000000  (0.41 seconds)
New lower bound: 1027.000000
New upperbound from x-heuristic: 1027.00
Final lower bound 1027.000000, upper bound 1027.000000
Exact lower bound: 1027.000000
DIFF: 0.000000
Final LP has 247 rows, 344 columns, 1710 nonzeros
Optimal Solution: 1027.00
Number of bbnodes: 1
Total Running Time: 0.53 (seconds)

Standard Error:
