Standard Output:
./concorde -o /home/chongjiu/concorde_test/solution/random73.sol /home/chongjiu/concorde_test/mat/random73.tsp
Host: ubuntu  Current process id: 1969557
Using random seed 1733472348
Problem Name: random73
Problem Type: TSP
Number of Nodes: 73
Explicit Lengths (CC_MATRIXNORM)
Set initial upperbound to 727 (from tour)
  LP Value  1: 712.000000  (0.00 seconds)
  LP Value  2: 723.250000  (0.01 seconds)
  LP Value  3: 724.443020  (0.02 seconds)
  LP Value  4: 725.093023  (0.03 seconds)
  LP Value  5: 725.272727  (0.04 seconds)
  LP Value  6: 725.729560  (0.06 seconds)
  LP Value  7: 726.250000  (0.07 seconds)
  LP Value  8: 727.000000  (0.08 seconds)
recomputing rownorms ...
  LP Value  9: 727.000000  (0.08 seconds)
New lower bound: 727.000000
Final lower bound 727.000000, upper bound 727.000000
Exact lower bound: 727.000000
DIFF: 0.000000
Final LP has 120 rows, 152 columns, 946 nonzeros
Optimal Solution: 727.00
Number of bbnodes: 1
Total Running Time: 0.11 (seconds)

Standard Error:
