Standard Output:
./concorde -o /home/chongjiu/concorde_test/solution/random64.sol /home/chongjiu/concorde_test/mat/random64.tsp
Host: ubuntu  Current process id: 1969521
Using random seed 1733472348
Problem Name: random64
Problem Type: TSP
Number of Nodes: 64
Explicit Lengths (CC_MATRIXNORM)
Set initial upperbound to 681 (from tour)
  LP Value  1: 663.000000  (0.00 seconds)
  LP Value  2: 674.500000  (0.01 seconds)
  LP Value  3: 678.125000  (0.02 seconds)
  LP Value  4: 681.000000  (0.03 seconds)
New lower bound: 681.000000
Final lower bound 681.000000, upper bound 681.000000
Exact lower bound: 681.000000
DIFF: 0.000000
Final LP has 125 rows, 134 columns, 2492 nonzeros
Optimal Solution: 681.00
Number of bbnodes: 1
Total Running Time: 0.06 (seconds)

Standard Error:
