Standard Output:
./concorde -o /home/chongjiu/concorde_test/solution/random198.sol /home/chongjiu/concorde_test/mat/random198.tsp
Host: ubuntu  Current process id: 1972086
Using random seed 1733472409
Problem Name: random198
Problem Type: TSP
Number of Nodes: 198
Explicit Lengths (CC_MATRIXNORM)
Set initial upperbound to 1077 (from tour)
  LP Value  1: 1063.354167  (0.03 seconds)
  LP Value  2: 1070.000000  (0.08 seconds)
  LP Value  3: 1072.500000  (0.12 seconds)
  LP Value  4: 1073.824074  (0.20 seconds)
  LP Value  5: 1074.121994  (0.40 seconds)
  LP Value  6: 1074.556038  (0.54 seconds)
  LP Value  7: 1075.000000  (0.69 seconds)
  LP Value  8: 1075.285714  (0.86 seconds)
  LP Value  9: 1075.444067  (1.10 seconds)
  LP Value 10: 1075.645233  (1.30 seconds)
  LP Value 11: 1075.656250  (1.43 seconds)
New lower bound: 1075.656250
Final lower bound 1075.656250, upper bound 1077.000000
Exact lower bound: 1075.656250
DIFF: 0.000000
Time for Total: 1.46 seconds (1.46 total in 1 calls)
Final LP has 322 rows, 385 columns, 3392 nonzeros
LOWER BOUND: 1075.656250   ACTIVE NODES: 1

Task 0: Branching on node 0
BBnode 0 split into 1 (1075.80) 2 (1075.73) (0.16 seconds)
LOWER BOUND: 1075.733607   ACTIVE NODES: 2

Task 1: Cutting on node 2
Writing Pool: 318 cuts
BBnode 2 (now 3) done cutting: lowerbound 1076.00 (0.32 seconds)
LOWER BOUND: 1075.800000   ACTIVE NODES: 2

Task 2: Cutting on node 1
New upperbound from x-heuristic: 1076.00
TOUR FOUND - upperbound is 1076.00
Writing Pool: 318 cuts
BBnode 1 (now 4) can be pruned: upperbound 1076.00 (0.08 seconds)
LOWER BOUND: 1076.000000   ACTIVE NODES: 1

Task 3: Branching on node 3
Do not branch, the lp is within 1.0 of the upperbound
BBnode 3 is pruned - no branching (0.00 seconds)

Task 4: Exit
Optimal Solution: 1076.00
Number of bbnodes: 3
Total Running Time: 2.18 (seconds)  Branching Time: 0.56 (seconds)

Standard Error:
