Standard Output:
./concorde -o /home/chongjiu/concorde_test/solution/random140.sol /home/chongjiu/concorde_test/mat/random140.tsp
Host: ubuntu  Current process id: 1970443
Using random seed 1733472369
Problem Name: random140
Problem Type: TSP
Number of Nodes: 140
Explicit Lengths (CC_MATRIXNORM)
Set initial upperbound to 890 (from tour)
  LP Value  1: 868.500000  (0.01 seconds)
  LP Value  2: 884.500000  (0.03 seconds)
  LP Value  3: 887.000000  (0.07 seconds)
  LP Value  4: 889.000000  (0.09 seconds)
  LP Value  5: 889.500000  (0.11 seconds)
  LP Value  6: 889.705882  (0.32 seconds)
  LP Value  7: 890.000000  (0.33 seconds)
recomputing rownorms ...
  LP Value  8: 890.000000  (0.33 seconds)
New lower bound: 890.000000
Final lower bound 890.000000, upper bound 890.000000
Exact lower bound: 890.000000
DIFF: 0.000000
Final LP has 222 rows, 304 columns, 1854 nonzeros
Optimal Solution: 890.00
Number of bbnodes: 1
Total Running Time: 0.43 (seconds)

Standard Error:
