Standard Output:
./concorde -o /home/chongjiu/concorde_test/solution/random22.sol /home/chongjiu/concorde_test/mat/random22.tsp
Host: ubuntu  Current process id: 1969388
Using random seed 1733472347
Problem Name: random22
Problem Type: TSP
Number of Nodes: 22
Explicit Lengths (CC_MATRIXNORM)
Set initial upperbound to 394 (from tour)
  LP Value  1: 372.000000  (0.00 seconds)
  LP Value  2: 388.000000  (0.00 seconds)
  LP Value  3: 390.500000  (0.00 seconds)
  LP Value  4: 394.000000  (0.00 seconds)
New lower bound: 394.000000
Final lower bound 394.000000, upper bound 394.000000
Exact lower bound: 394.000000
DIFF: 0.000000
Final LP has 29 rows, 39 columns, 126 nonzeros
Optimal Solution: 394.00
Number of bbnodes: 1
Total Running Time: 0.00 (seconds)

Standard Error:
