Standard Output:
./concorde -o /home/chongjiu/concorde_test/solution/random185.sol /home/chongjiu/concorde_test/mat/random185.tsp
Host: ubuntu  Current process id: 1971538
Using random seed 1733472396
Problem Name: random185
Problem Type: TSP
Number of Nodes: 185
Explicit Lengths (CC_MATRIXNORM)
Set initial upperbound to 1007 (from tour)
  LP Value  1: 981.250000  (0.02 seconds)
  LP Value  2: 1001.178571  (0.05 seconds)
  LP Value  3: 1006.166667  (0.09 seconds)
  LP Value  4: 1006.500000  (0.12 seconds)
  LP Value  5: 1007.000000  (0.15 seconds)
recomputing rownorms ...
  LP Value  6: 1007.000000  (0.15 seconds)
New lower bound: 1007.000000
Final lower bound 1007.000000, upper bound 1007.000000
Exact lower bound: 1007.000000
DIFF: 0.000000
Final LP has 268 rows, 394 columns, 1768 nonzeros
Optimal Solution: 1007.00
Number of bbnodes: 1
Total Running Time: 0.28 (seconds)

Standard Error:
