Standard Output:
./concorde -o /home/chongjiu/concorde_test/solution/random186.sol /home/chongjiu/concorde_test/mat/random186.tsp
Host: ubuntu  Current process id: 1971552
Using random seed 1733472396
Problem Name: random186
Problem Type: TSP
Number of Nodes: 186
Explicit Lengths (CC_MATRIXNORM)
Set initial upperbound to 1043 (from tour)
  LP Value  1: 1018.250000  (0.02 seconds)
  LP Value  2: 1040.250000  (0.04 seconds)
  LP Value  3: 1042.000000  (0.05 seconds)
recomputing rownorms ...
  LP Value  4: 1042.000000  (0.05 seconds)
New lower bound: 1042.000000
New upperbound from x-heuristic: 1042.00
Final lower bound 1042.000000, upper bound 1042.000000
Exact lower bound: 1042.000000
DIFF: 0.000000
Final LP has 256 rows, 396 columns, 1540 nonzeros
Optimal Solution: 1042.00
Number of bbnodes: 1
Total Running Time: 0.19 (seconds)

Standard Error:
