Standard Output:
./concorde -o /home/chongjiu/concorde_test/solution/random81.sol /home/chongjiu/concorde_test/mat/random81.tsp
Host: ubuntu  Current process id: 1969596
Using random seed 1733472349
Problem Name: random81
Problem Type: TSP
Number of Nodes: 81
Explicit Lengths (CC_MATRIXNORM)
Set initial upperbound to 700 (from tour)
  LP Value  1: 678.000000  (0.00 seconds)
  LP Value  2: 692.750000  (0.01 seconds)
  LP Value  3: 700.000000  (0.01 seconds)
New lower bound: 700.000000
Final lower bound 700.000000, upper bound 700.000000
Exact lower bound: 700.000000
DIFF: 0.000000
Final LP has 112 rows, 170 columns, 1170 nonzeros
Optimal Solution: 700.00
Number of bbnodes: 1
Total Running Time: 0.05 (seconds)

Standard Error:
