Standard Output:
./concorde -o /home/chongjiu/concorde_test/solution/random159.sol /home/chongjiu/concorde_test/mat/random159.tsp
Host: ubuntu  Current process id: 1970715
Using random seed 1733472376
Problem Name: random159
Problem Type: TSP
Number of Nodes: 159
Explicit Lengths (CC_MATRIXNORM)
Set initial upperbound to 956 (from tour)
  LP Value  1: 929.500000  (0.01 seconds)
  LP Value  2: 949.500000  (0.03 seconds)
  LP Value  3: 953.500000  (0.04 seconds)
  LP Value  4: 954.000000  (0.07 seconds)
  LP Value  5: 955.214286  (0.11 seconds)
  LP Value  6: 955.500000  (0.16 seconds)
  LP Value  7: 955.875000  (0.20 seconds)
  LP Value  8: 956.000000  (0.24 seconds)
New lower bound: 956.000000
Final lower bound 956.000000, upper bound 956.000000
Exact lower bound: 956.000000
DIFF: 0.000000
Final LP has 271 rows, 342 columns, 3117 nonzeros
Optimal Solution: 956.00
Number of bbnodes: 1
Total Running Time: 0.38 (seconds)

Standard Error:
