Standard Output:
./concorde -o /home/chongjiu/concorde_test/solution/random132.sol /home/chongjiu/concorde_test/mat/random132.tsp
Host: ubuntu  Current process id: 1970287
Using random seed 1733472366
Problem Name: random132
Problem Type: TSP
Number of Nodes: 132
Explicit Lengths (CC_MATRIXNORM)
Set initial upperbound to 876 (from tour)
  LP Value  1: 857.500000  (0.02 seconds)
  LP Value  2: 874.500000  (0.04 seconds)
  LP Value  3: 875.500000  (0.06 seconds)
  LP Value  4: 876.000000  (0.08 seconds)
New lower bound: 876.000000
Final lower bound 876.000000, upper bound 876.000000
Exact lower bound: 876.000000
DIFF: 0.000000
Final LP has 187 rows, 268 columns, 1386 nonzeros
Optimal Solution: 876.00
Number of bbnodes: 1
Total Running Time: 0.18 (seconds)

Standard Error:
