Standard Output:
./concorde -o /home/chongjiu/concorde_test/solution/random79.sol /home/chongjiu/concorde_test/mat/random79.tsp
Host: ubuntu  Current process id: 1969586
Using random seed 1733472349
Problem Name: random79
Problem Type: TSP
Number of Nodes: 79
Explicit Lengths (CC_MATRIXNORM)
Set initial upperbound to 730 (from tour)
  LP Value  1: 691.000000  (0.01 seconds)
  LP Value  2: 719.454545  (0.02 seconds)
  LP Value  3: 721.000000  (0.03 seconds)
  LP Value  4: 721.666667  (0.04 seconds)
  LP Value  5: 724.500000  (0.05 seconds)
  LP Value  6: 724.800000  (0.06 seconds)
  LP Value  7: 725.000000  (0.11 seconds)
recomputing rownorms ...
  LP Value  8: 725.000000  (0.11 seconds)
New lower bound: 725.000000
New upperbound from x-heuristic: 725.00
Final lower bound 725.000000, upper bound 725.000000
Exact lower bound: 725.000000
DIFF: 0.000000
Final LP has 123 rows, 173 columns, 911 nonzeros
Optimal Solution: 725.00
Number of bbnodes: 1
Total Running Time: 0.15 (seconds)

Standard Error:
