Standard Output:
./concorde -o /home/chongjiu/concorde_test/solution/random130.sol /home/chongjiu/concorde_test/mat/random130.tsp
Host: ubuntu  Current process id: 1970141
Using random seed 1733472362
Problem Name: random130
Problem Type: TSP
Number of Nodes: 130
Explicit Lengths (CC_MATRIXNORM)
Set initial upperbound to 868 (from tour)
  LP Value  1: 828.250000  (0.00 seconds)
  LP Value  2: 855.833333  (0.02 seconds)
  LP Value  3: 860.428571  (0.04 seconds)
  LP Value  4: 862.000000  (0.06 seconds)
  LP Value  5: 863.222222  (0.09 seconds)
  LP Value  6: 864.000000  (0.12 seconds)
  LP Value  7: 864.877522  (0.15 seconds)
  LP Value  8: 864.986264  (0.18 seconds)
  LP Value  9: 865.692308  (0.21 seconds)
  LP Value 10: 865.987537  (0.37 seconds)
  LP Value 11: 866.095305  (0.63 seconds)
  LP Value 12: 866.245398  (0.78 seconds)
  LP Value 13: 866.331237  (0.90 seconds)
  LP Value 14: 866.347431  (1.04 seconds)
New lower bound: 866.347431
Final lower bound 866.347431, upper bound 868.000000
Exact lower bound: 866.347431
DIFF: 0.000000
Time for Total: 1.06 seconds (1.06 total in 1 calls)
Final LP has 223 rows, 260 columns, 3198 nonzeros
LOWER BOUND: 866.347431   ACTIVE NODES: 1

Task 0: Branching on node 0
BBnode 0 split into 1 (866.67) 2 (867.00) (0.10 seconds)
LOWER BOUND: 866.666667   ACTIVE NODES: 2

Task 1: Cutting on node 1
Writing Pool: 305 cuts
BBnode 1 (now 3) done cutting: lowerbound 867.10 (1.31 seconds)
LOWER BOUND: 867.000000   ACTIVE NODES: 2

Task 2: Cutting on node 2
Writing Pool: 328 cuts
BBnode 2 (now 4) can be pruned: upperbound 868.00 (0.03 seconds)
LOWER BOUND: 867.096219   ACTIVE NODES: 1

Task 3: Branching on node 3
BBnode 3 split into 5 (868.00X) 6 (867.89X) (0.12 seconds)
Child 0 is pruned
Child 1 is pruned

Task 4: Exit
Optimal Solution: 868.00
Number of bbnodes: 5
Total Running Time: 2.73 (seconds)  Branching Time: 1.57 (seconds)

Standard Error:
