Standard Output:
./concorde -o /home/chongjiu/concorde_test/solution/random131.sol /home/chongjiu/concorde_test/mat/random131.tsp
Host: ubuntu  Current process id: 1970258
Using random seed 1733472365
Problem Name: random131
Problem Type: TSP
Number of Nodes: 131
Explicit Lengths (CC_MATRIXNORM)
Set initial upperbound to 905 (from tour)
  LP Value  1: 888.500000  (0.01 seconds)
  LP Value  2: 901.857143  (0.04 seconds)
  LP Value  3: 903.451613  (0.06 seconds)
  LP Value  4: 903.888889  (0.08 seconds)
  LP Value  5: 904.084536  (0.21 seconds)
  LP Value  6: 904.293976  (0.30 seconds)
  LP Value  7: 904.375000  (0.38 seconds)
  LP Value  8: 904.430199  (0.55 seconds)
  LP Value  9: 904.500000  (0.65 seconds)
  LP Value 10: 904.515625  (0.71 seconds)
  LP Value 11: 904.666667  (0.74 seconds)
  LP Value 12: 905.000000  (0.75 seconds)
recomputing rownorms ...
  LP Value 13: 905.000000  (0.75 seconds)
New lower bound: 905.000000
Final lower bound 905.000000, upper bound 905.000000
Exact lower bound: 905.000000
DIFF: 0.000000
Final LP has 206 rows, 282 columns, 1785 nonzeros
Optimal Solution: 905.00
Number of bbnodes: 1
Total Running Time: 0.83 (seconds)

Standard Error:
