Standard Output:
./concorde -o /home/chongjiu/concorde_test/solution/random103.sol /home/chongjiu/concorde_test/mat/random103.tsp
Host: ubuntu  Current process id: 1969750
Using random seed 1733472352
Problem Name: random103
Problem Type: TSP
Number of Nodes: 103
Explicit Lengths (CC_MATRIXNORM)
Set initial upperbound to 782 (from tour)
  LP Value  1: 753.500000  (0.01 seconds)
  LP Value  2: 778.165354  (0.02 seconds)
  LP Value  3: 779.371795  (0.04 seconds)
  LP Value  4: 780.657005  (0.06 seconds)
  LP Value  5: 782.000000  (0.08 seconds)
New lower bound: 782.000000
Final lower bound 782.000000, upper bound 782.000000
Exact lower bound: 782.000000
DIFF: 0.000000
Final LP has 171 rows, 217 columns, 1776 nonzeros
Optimal Solution: 782.00
Number of bbnodes: 1
Total Running Time: 0.17 (seconds)

Standard Error:
