Standard Output:
./concorde -o /home/chongjiu/concorde_test/solution/random135.sol /home/chongjiu/concorde_test/mat/random135.tsp
Host: ubuntu  Current process id: 1970339
Using random seed 1733472367
Problem Name: random135
Problem Type: TSP
Number of Nodes: 135
Explicit Lengths (CC_MATRIXNORM)
Set initial upperbound to 880 (from tour)
  LP Value  1: 820.666667  (0.01 seconds)
  LP Value  2: 869.402778  (0.04 seconds)
  LP Value  3: 876.666667  (0.07 seconds)
  LP Value  4: 877.843750  (0.08 seconds)
  LP Value  5: 879.000000  (0.11 seconds)
  LP Value  6: 879.583333  (0.16 seconds)
  LP Value  7: 880.000000  (0.17 seconds)
New lower bound: 880.000000
Final lower bound 880.000000, upper bound 880.000000
Exact lower bound: 880.000000
DIFF: 0.000000
Final LP has 214 rows, 295 columns, 2219 nonzeros
Optimal Solution: 880.00
Number of bbnodes: 1
Total Running Time: 0.26 (seconds)

Standard Error:
