Standard Output:
./concorde -o /home/chongjiu/concorde_test/solution/random199.sol /home/chongjiu/concorde_test/mat/random199.tsp
Host: ubuntu  Current process id: 1972173
Using random seed 1733472412
Problem Name: random199
Problem Type: TSP
Number of Nodes: 199
Explicit Lengths (CC_MATRIXNORM)
Set initial upperbound to 1083 (from tour)
  LP Value  1: 1034.000000  (0.02 seconds)
  LP Value  2: 1073.500000  (0.07 seconds)
  LP Value  3: 1076.000000  (0.10 seconds)
  LP Value  4: 1077.000000  (0.15 seconds)
  LP Value  5: 1077.472222  (0.20 seconds)
  LP Value  6: 1077.764706  (0.25 seconds)
  LP Value  7: 1078.098668  (0.35 seconds)
  LP Value  8: 1078.493923  (0.42 seconds)
  LP Value  9: 1078.896488  (0.48 seconds)
  LP Value 10: 1079.181818  (0.55 seconds)
  LP Value 11: 1079.503008  (0.62 seconds)
  LP Value 12: 1079.809384  (0.74 seconds)
  LP Value 13: 1080.098462  (0.79 seconds)
  LP Value 14: 1080.315876  (1.27 seconds)
  LP Value 15: 1080.348206  (1.42 seconds)
  LP Value 16: 1080.369369  (1.59 seconds)
New lower bound: 1080.369369
Final lower bound 1080.369369, upper bound 1083.000000
Exact lower bound: 1080.369369
DIFF: 0.000000
Time for Total: 1.62 seconds (1.62 total in 1 calls)
Final LP has 334 rows, 429 columns, 5131 nonzeros
LOWER BOUND: 1080.369369   ACTIVE NODES: 1

Task 0: Branching on node 0
BBnode 0 split into 1 (1080.67) 2 (1080.73) (0.22 seconds)
LOWER BOUND: 1080.666667   ACTIVE NODES: 2

Task 1: Cutting on node 1
New upperbound from x-heuristic: 1082.00
TOUR FOUND - upperbound is 1082.00
Writing Pool: 442 cuts
BBnode 1 (now 3) can be pruned: upperbound 1082.00 (0.83 seconds)
LOWER BOUND: 1080.726852   ACTIVE NODES: 1

Task 2: Cutting on node 2
Writing Pool: 462 cuts
BBnode 2 (now 4) can be pruned: upperbound 1082.00 (0.09 seconds)

Task 3: Exit
Optimal Solution: 1082.00
Number of bbnodes: 3
Total Running Time: 2.91 (seconds)  Branching Time: 1.15 (seconds)

Standard Error:
