Standard Output:
./concorde -o /home/chongjiu/concorde_test/solution/random15.sol /home/chongjiu/concorde_test/mat/random15.tsp
Host: ubuntu  Current process id: 1969372
Using random seed 1733472347
Problem Name: random15
Problem Type: TSP
Number of Nodes: 15
Explicit Lengths (CC_MATRIXNORM)
Set initial upperbound to 320 (from tour)
  LP Value  1: 307.500000  (0.00 seconds)
  LP Value  2: 320.000000  (0.00 seconds)
New lower bound: 320.000000
Final lower bound 320.000000, upper bound 320.000000
Exact lower bound: 320.000000
DIFF: 0.000000
Final LP has 16 rows, 31 columns, 74 nonzeros
Optimal Solution: 320.00
Number of bbnodes: 1
Total Running Time: 0.00 (seconds)

Standard Error:
