Standard Output:
./concorde -o /home/chongjiu/concorde_test/solution/random109.sol /home/chongjiu/concorde_test/mat/random109.tsp
Host: ubuntu  Current process id: 1969798
Using random seed 1733472353
Problem Name: random109
Problem Type: TSP
Number of Nodes: 109
Explicit Lengths (CC_MATRIXNORM)
Set initial upperbound to 809 (from tour)
  LP Value  1: 776.500000  (0.01 seconds)
  LP Value  2: 799.500000  (0.03 seconds)
  LP Value  3: 804.250000  (0.04 seconds)
  LP Value  4: 806.000000  (0.06 seconds)
  LP Value  5: 806.422018  (0.09 seconds)
  LP Value  6: 807.013889  (0.11 seconds)
  LP Value  7: 807.750000  (0.13 seconds)
  LP Value  8: 808.111111  (0.47 seconds)
  LP Value  9: 808.250000  (0.63 seconds)
  LP Value 10: 808.250000  (0.70 seconds)
New lower bound: 808.250000
Final lower bound 808.250000, upper bound 809.000000
Exact lower bound: 808.250000
DIFF: 0.000000
Final LP has 188 rows, 243 columns, 1651 nonzeros
Optimal Solution: 809.00
Number of bbnodes: 1
Total Running Time: 0.76 (seconds)

Standard Error:
