Standard Output:
./concorde -o /home/chongjiu/concorde_test/solution/random94.sol /home/chongjiu/concorde_test/mat/random94.tsp
Host: ubuntu  Current process id: 1969676
Using random seed 1733472351
Problem Name: random94
Problem Type: TSP
Number of Nodes: 94
Explicit Lengths (CC_MATRIXNORM)
Set initial upperbound to 708 (from tour)
  LP Value  1: 680.000000  (0.01 seconds)
  LP Value  2: 703.333333  (0.03 seconds)
  LP Value  3: 706.000000  (0.04 seconds)
  LP Value  4: 706.166667  (0.06 seconds)
  LP Value  5: 707.076923  (0.07 seconds)
  LP Value  6: 707.609195  (0.09 seconds)
  LP Value  7: 708.000000  (0.10 seconds)
New lower bound: 708.000000
Final lower bound 708.000000, upper bound 708.000000
Exact lower bound: 708.000000
DIFF: 0.000000
Final LP has 160 rows, 200 columns, 1669 nonzeros
Optimal Solution: 708.00
Number of bbnodes: 1
Total Running Time: 0.17 (seconds)

Standard Error:
