Standard Output:
./concorde -o /home/chongjiu/concorde_test/solution/random136.sol /home/chongjiu/concorde_test/mat/random136.tsp
Host: ubuntu  Current process id: 1970351
Using random seed 1733472367
Problem Name: random136
Problem Type: TSP
Number of Nodes: 136
Explicit Lengths (CC_MATRIXNORM)
Set initial upperbound to 933 (from tour)
  LP Value  1: 912.000000  (0.01 seconds)
  LP Value  2: 929.500000  (0.02 seconds)
  LP Value  3: 930.500000  (0.04 seconds)
  LP Value  4: 932.000000  (0.05 seconds)
  LP Value  5: 932.800000  (0.08 seconds)
  LP Value  6: 932.982787  (0.12 seconds)
  LP Value  7: 933.000000  (0.13 seconds)
New lower bound: 933.000000
Final lower bound 933.000000, upper bound 933.000000
Exact lower bound: 933.000000
DIFF: 0.000000
Final LP has 217 rows, 293 columns, 2122 nonzeros
Optimal Solution: 933.00
Number of bbnodes: 1
Total Running Time: 0.22 (seconds)

Standard Error:
