Standard Output:
./concorde -o /home/chongjiu/concorde_test/solution/random151.sol /home/chongjiu/concorde_test/mat/random151.tsp
Host: ubuntu  Current process id: 1970609
Using random seed 1733472373
Problem Name: random151
Problem Type: TSP
Number of Nodes: 151
Explicit Lengths (CC_MATRIXNORM)
Set initial upperbound to 946 (from tour)
  LP Value  1: 916.000000  (0.02 seconds)
  LP Value  2: 939.650000  (0.04 seconds)
  LP Value  3: 941.000000  (0.06 seconds)
  LP Value  4: 943.750000  (0.10 seconds)
  LP Value  5: 944.257576  (0.13 seconds)
  LP Value  6: 945.000000  (0.17 seconds)
  LP Value  7: 945.337054  (0.25 seconds)
  LP Value  8: 945.500000  (0.36 seconds)
  LP Value  9: 945.531017  (0.49 seconds)
New lower bound: 945.531017
Final lower bound 945.531017, upper bound 946.000000
Exact lower bound: 945.531017
DIFF: 0.000000
Final LP has 252 rows, 323 columns, 3182 nonzeros
Optimal Solution: 946.00
Number of bbnodes: 1
Total Running Time: 0.62 (seconds)

Standard Error:
