Standard Output:
./concorde -o /home/chongjiu/concorde_test/solution/random168.sol /home/chongjiu/concorde_test/mat/random168.tsp
Host: ubuntu  Current process id: 1970970
Using random seed 1733472382
Problem Name: random168
Problem Type: TSP
Number of Nodes: 168
Explicit Lengths (CC_MATRIXNORM)
Set initial upperbound to 995 (from tour)
  LP Value  1: 962.000000  (0.03 seconds)
  LP Value  2: 990.119048  (0.04 seconds)
  LP Value  3: 993.480769  (0.08 seconds)
  LP Value  4: 994.000000  (0.11 seconds)
  LP Value  5: 994.319444  (0.16 seconds)
  LP Value  6: 994.851190  (0.18 seconds)
  LP Value  7: 995.000000  (0.20 seconds)
recomputing rownorms ...
  LP Value  8: 995.000000  (0.20 seconds)
New lower bound: 995.000000
Final lower bound 995.000000, upper bound 995.000000
Exact lower bound: 995.000000
DIFF: 0.000000
Final LP has 254 rows, 357 columns, 2054 nonzeros
Optimal Solution: 995.00
Number of bbnodes: 1
Total Running Time: 0.34 (seconds)

Standard Error:
