Standard Output:
./concorde -o /home/chongjiu/concorde_test/solution/random120.sol /home/chongjiu/concorde_test/mat/random120.tsp
Host: ubuntu  Current process id: 1969941
Using random seed 1733472357
Problem Name: random120
Problem Type: TSP
Number of Nodes: 120
Explicit Lengths (CC_MATRIXNORM)
Set initial upperbound to 828 (from tour)
  LP Value  1: 803.000000  (0.01 seconds)
  LP Value  2: 819.250000  (0.03 seconds)
  LP Value  3: 821.900000  (0.04 seconds)
  LP Value  4: 823.750000  (0.07 seconds)
  LP Value  5: 824.488390  (0.10 seconds)
  LP Value  6: 824.732409  (0.23 seconds)
  LP Value  7: 825.295455  (0.25 seconds)
  LP Value  8: 825.568722  (0.35 seconds)
  LP Value  9: 825.789474  (0.44 seconds)
  LP Value 10: 825.895164  (0.58 seconds)
  LP Value 11: 826.068730  (0.78 seconds)
  LP Value 12: 826.128502  (0.91 seconds)
  LP Value 13: 826.136364  (1.03 seconds)
New lower bound: 826.136364
Final lower bound 826.136364, upper bound 828.000000
Exact lower bound: 826.136364
DIFF: 0.000000
Time for Total: 1.04 seconds (1.04 total in 1 calls)
Final LP has 220 rows, 237 columns, 2649 nonzeros
LOWER BOUND: 826.136364   ACTIVE NODES: 1

Task 0: Branching on node 0
BBnode 0 split into 1 (827.39X) 2 (827.59X) (0.12 seconds)
Child 0 is pruned
Child 1 is pruned

Task 1: Exit
Optimal Solution: 828.00
Number of bbnodes: 3
Total Running Time: 1.25 (seconds)  Branching Time: 0.12 (seconds)

Standard Error:
