Standard Output:
./concorde -o /home/chongjiu/concorde_test/solution/random176.sol /home/chongjiu/concorde_test/mat/random176.tsp
Host: ubuntu  Current process id: 1971335
Using random seed 1733472391
Problem Name: random176
Problem Type: TSP
Number of Nodes: 176
Explicit Lengths (CC_MATRIXNORM)
Set initial upperbound to 1032 (from tour)
  LP Value  1: 995.750000  (0.01 seconds)
  LP Value  2: 1021.571429  (0.04 seconds)
  LP Value  3: 1025.200000  (0.07 seconds)
  LP Value  4: 1026.150234  (0.10 seconds)
  LP Value  5: 1026.482955  (0.12 seconds)
  LP Value  6: 1027.450000  (0.14 seconds)
  LP Value  7: 1027.450000  (0.16 seconds)
  LP Value  8: 1027.823171  (0.20 seconds)
  LP Value  9: 1028.000000  (0.23 seconds)
recomputing rownorms ...
  LP Value 10: 1028.000000  (0.23 seconds)
New lower bound: 1028.000000
New upperbound from x-heuristic: 1028.00
Final lower bound 1028.000000, upper bound 1028.000000
Exact lower bound: 1028.000000
DIFF: 0.000000
Final LP has 248 rows, 393 columns, 1647 nonzeros
Optimal Solution: 1028.00
Number of bbnodes: 1
Total Running Time: 0.38 (seconds)

Standard Error:
