Standard Output:
./concorde -o /home/chongjiu/concorde_test/solution/random34.sol /home/chongjiu/concorde_test/mat/random34.tsp
Host: ubuntu  Current process id: 1969418
Using random seed 1733472347
Problem Name: random34
Problem Type: TSP
Number of Nodes: 34
Explicit Lengths (CC_MATRIXNORM)
Set initial upperbound to 477 (from tour)
Basic dual change required, but no candidate edges
  LP Value  1: 420.000000  (0.00 seconds)
  LP Value  2: 439.500000  (0.01 seconds)
  LP Value  3: 477.000000  (0.01 seconds)
New lower bound: 477.000000
Final lower bound 477.000000, upper bound 477.000000
Exact lower bound: 477.000000
DIFF: 0.000000
Final LP has 63 rows, 79 columns, 549 nonzeros
Optimal Solution: 477.00
Number of bbnodes: 1
Total Running Time: 0.02 (seconds)

Standard Error:
ERROR: No dual change in basis finding code
Did not find a basic optimal solution
Fractional matching routine failed
Warning: restarting running timer Miscellaneous
No warmstart, stumbling on anyway
