Standard Output:
./concorde -o /home/chongjiu/concorde_test/solution/random60.sol /home/chongjiu/concorde_test/mat/random60.tsp
Host: ubuntu  Current process id: 1969511
Using random seed 1733472348
Problem Name: random60
Problem Type: TSP
Number of Nodes: 60
Explicit Lengths (CC_MATRIXNORM)
Set initial upperbound to 620 (from tour)
  LP Value  1: 607.000000  (0.01 seconds)
  LP Value  2: 619.000000  (0.01 seconds)
  LP Value  3: 620.000000  (0.01 seconds)
New lower bound: 620.000000
Final lower bound 620.000000, upper bound 620.000000
Exact lower bound: 620.000000
DIFF: 0.000000
Final LP has 82 rows, 118 columns, 439 nonzeros
Optimal Solution: 620.00
Number of bbnodes: 1
Total Running Time: 0.04 (seconds)

Standard Error:
