Standard Output:
./concorde -o /home/chongjiu/concorde_test/solution/random24.sol /home/chongjiu/concorde_test/mat/random24.tsp
Host: ubuntu  Current process id: 1969394
Using random seed 1733472347
Problem Name: random24
Problem Type: TSP
Number of Nodes: 24
Explicit Lengths (CC_MATRIXNORM)
Set initial upperbound to 373 (from tour)
  LP Value  1: 364.000000  (0.00 seconds)
  LP Value  2: 373.000000  (0.00 seconds)
New lower bound: 373.000000
Final lower bound 373.000000, upper bound 373.000000
Exact lower bound: 373.000000
DIFF: 0.000000
Final LP has 27 rows, 45 columns, 113 nonzeros
Optimal Solution: 373.00
Number of bbnodes: 1
Total Running Time: 0.01 (seconds)

Standard Error:
