Standard Output:
./concorde -o /home/chongjiu/concorde_test/solution/random156.sol /home/chongjiu/concorde_test/mat/random156.tsp
Host: ubuntu  Current process id: 1970681
Using random seed 1733472375
Problem Name: random156
Problem Type: TSP
Number of Nodes: 156
Explicit Lengths (CC_MATRIXNORM)
Set initial upperbound to 963 (from tour)
  LP Value  1: 938.000000  (0.01 seconds)
  LP Value  2: 951.750000  (0.03 seconds)
  LP Value  3: 962.583333  (0.04 seconds)
  LP Value  4: 962.833333  (0.04 seconds)
  LP Value  5: 963.000000  (0.06 seconds)
New lower bound: 963.000000
Final lower bound 963.000000, upper bound 963.000000
Exact lower bound: 963.000000
DIFF: 0.000000
Final LP has 220 rows, 336 columns, 2274 nonzeros
Optimal Solution: 963.00
Number of bbnodes: 1
Total Running Time: 0.17 (seconds)

Standard Error:
