Standard Output:
./concorde -o /home/chongjiu/concorde_test/solution/random125.sol /home/chongjiu/concorde_test/mat/random125.tsp
Host: ubuntu  Current process id: 1970063
Using random seed 1733472360
Problem Name: random125
Problem Type: TSP
Number of Nodes: 125
Explicit Lengths (CC_MATRIXNORM)
Set initial upperbound to 895 (from tour)
  LP Value  1: 878.125000  (0.02 seconds)
  LP Value  2: 888.500000  (0.03 seconds)
  LP Value  3: 892.875000  (0.06 seconds)
  LP Value  4: 893.428571  (0.08 seconds)
  LP Value  5: 893.724138  (0.10 seconds)
  LP Value  6: 894.000000  (0.12 seconds)
  LP Value  7: 894.770833  (0.14 seconds)
  LP Value  8: 895.000000  (0.15 seconds)
New lower bound: 895.000000
Final lower bound 895.000000, upper bound 895.000000
Exact lower bound: 895.000000
DIFF: 0.000000
Final LP has 183 rows, 270 columns, 1590 nonzeros
Optimal Solution: 895.00
Number of bbnodes: 1
Total Running Time: 0.26 (seconds)

Standard Error:
