Standard Output:
./concorde -o /home/chongjiu/concorde_test/solution/random184.sol /home/chongjiu/concorde_test/mat/random184.tsp
Host: ubuntu  Current process id: 1971532
Using random seed 1733472396
Problem Name: random184
Problem Type: TSP
Number of Nodes: 184
Explicit Lengths (CC_MATRIXNORM)
Set initial upperbound to 1024 (from tour)
  LP Value  1: 1005.000000  (0.02 seconds)
  LP Value  2: 1017.700000  (0.05 seconds)
  LP Value  3: 1023.000000  (0.06 seconds)
recomputing rownorms ...
  LP Value  4: 1023.000000  (0.06 seconds)
New lower bound: 1023.000000
New upperbound from x-heuristic: 1023.00
Final lower bound 1023.000000, upper bound 1023.000000
Exact lower bound: 1023.000000
DIFF: 0.000000
Final LP has 237 rows, 394 columns, 1353 nonzeros
Optimal Solution: 1023.00
Number of bbnodes: 1
Total Running Time: 0.19 (seconds)

Standard Error:
