Standard Output:
./concorde -o /home/chongjiu/concorde_test/solution/random53.sol /home/chongjiu/concorde_test/mat/random53.tsp
Host: ubuntu  Current process id: 1969477
Using random seed 1733472347
Problem Name: random53
Problem Type: TSP
Number of Nodes: 53
Explicit Lengths (CC_MATRIXNORM)
Set initial upperbound to 535 (from tour)
  LP Value  1: 517.500000  (0.00 seconds)
  LP Value  2: 533.000000  (0.01 seconds)
  LP Value  3: 535.000000  (0.01 seconds)
New lower bound: 535.000000
Final lower bound 535.000000, upper bound 535.000000
Exact lower bound: 535.000000
DIFF: 0.000000
Final LP has 78 rows, 111 columns, 464 nonzeros
Optimal Solution: 535.00
Number of bbnodes: 1
Total Running Time: 0.03 (seconds)

Standard Error:
