Standard Output:
./concorde -o /home/chongjiu/concorde_test/solution/random139.sol /home/chongjiu/concorde_test/mat/random139.tsp
Host: ubuntu  Current process id: 1970431
Using random seed 1733472369
Problem Name: random139
Problem Type: TSP
Number of Nodes: 139
Explicit Lengths (CC_MATRIXNORM)
Set initial upperbound to 894 (from tour)
  LP Value  1: 851.000000  (0.00 seconds)
  LP Value  2: 881.000000  (0.01 seconds)
  LP Value  3: 887.674479  (0.03 seconds)
  LP Value  4: 891.495595  (0.07 seconds)
  LP Value  5: 892.000000  (0.09 seconds)
  LP Value  6: 892.418790  (0.12 seconds)
  LP Value  7: 892.819672  (0.15 seconds)
  LP Value  8: 893.415147  (0.18 seconds)
  LP Value  9: 893.833333  (0.22 seconds)
  LP Value 10: 894.000000  (0.31 seconds)
New lower bound: 894.000000
Final lower bound 894.000000, upper bound 894.000000
Exact lower bound: 894.000000
DIFF: 0.000000
Final LP has 222 rows, 327 columns, 3849 nonzeros
Optimal Solution: 894.00
Number of bbnodes: 1
Total Running Time: 0.42 (seconds)

Standard Error:
