Standard Output:
./concorde -o /home/chongjiu/concorde_test/solution/random12.sol /home/chongjiu/concorde_test/mat/random12.tsp
Host: ubuntu  Current process id: 1969366
Using random seed 1733472347
Problem Name: random12
Problem Type: TSP
Number of Nodes: 12
Explicit Lengths (CC_MATRIXNORM)
Set initial upperbound to 391 (from tour)
Basic dual change required, but no candidate edges
  LP Value  1: 376.000000  (0.00 seconds)
  LP Value  2: 391.000000  (0.00 seconds)
New lower bound: 391.000000
Final lower bound 391.000000, upper bound 391.000000
Exact lower bound: 391.000000
DIFF: 0.000000
Final LP has 14 rows, 24 columns, 58 nonzeros
Optimal Solution: 391.00
Number of bbnodes: 1
Total Running Time: 0.00 (seconds)

Standard Error:
ERROR: No dual change in basis finding code
Did not find a basic optimal solution
Fractional matching routine failed
Warning: restarting running timer Miscellaneous
No warmstart, stumbling on anyway
