Standard Output:
./concorde -o /home/chongjiu/concorde_test/solution/random197.sol /home/chongjiu/concorde_test/mat/random197.tsp
Host: ubuntu  Current process id: 1972056
Using random seed 1733472409
Problem Name: random197
Problem Type: TSP
Number of Nodes: 197
Explicit Lengths (CC_MATRIXNORM)
Set initial upperbound to 1090 (from tour)
  LP Value  1: 1041.833333  (0.04 seconds)
  LP Value  2: 1080.730769  (0.09 seconds)
  LP Value  3: 1085.554348  (0.13 seconds)
  LP Value  4: 1087.250000  (0.17 seconds)
  LP Value  5: 1088.611111  (0.19 seconds)
  LP Value  6: 1089.000000  (0.22 seconds)
  LP Value  7: 1089.221549  (0.33 seconds)
  LP Value  8: 1089.437500  (0.40 seconds)
  LP Value  9: 1089.621622  (0.51 seconds)
  LP Value 10: 1089.781250  (0.63 seconds)
  LP Value 11: 1090.000000  (0.65 seconds)
New lower bound: 1090.000000
Final lower bound 1090.000000, upper bound 1090.000000
Exact lower bound: 1090.000000
DIFF: 0.000000
Final LP has 300 rows, 433 columns, 3136 nonzeros
Optimal Solution: 1090.00
Number of bbnodes: 1
Total Running Time: 0.80 (seconds)

Standard Error:
