Standard Output:
./concorde -o /home/chongjiu/concorde_test/solution/random157.sol /home/chongjiu/concorde_test/mat/random157.tsp
Host: ubuntu  Current process id: 1970691
Using random seed 1733472375
Problem Name: random157
Problem Type: TSP
Number of Nodes: 157
Explicit Lengths (CC_MATRIXNORM)
Set initial upperbound to 968 (from tour)
  LP Value  1: 941.500000  (0.01 seconds)
  LP Value  2: 965.023810  (0.02 seconds)
  LP Value  3: 967.850000  (0.06 seconds)
  LP Value  4: 968.000000  (0.07 seconds)
recomputing rownorms ...
  LP Value  5: 968.000000  (0.07 seconds)
New lower bound: 968.000000
Final lower bound 968.000000, upper bound 968.000000
Exact lower bound: 968.000000
DIFF: 0.000000
Final LP has 231 rows, 335 columns, 1583 nonzeros
Optimal Solution: 968.00
Number of bbnodes: 1
Total Running Time: 0.19 (seconds)

Standard Error:
