Standard Output:
./concorde -o /home/chongjiu/concorde_test/solution/random163.sol /home/chongjiu/concorde_test/mat/random163.tsp
Host: ubuntu  Current process id: 1970854
Using random seed 1733472379
Problem Name: random163
Problem Type: TSP
Number of Nodes: 163
Explicit Lengths (CC_MATRIXNORM)
Set initial upperbound to 992 (from tour)
  LP Value  1: 959.000000  (0.03 seconds)
  LP Value  2: 980.625000  (0.05 seconds)
  LP Value  3: 985.138889  (0.09 seconds)
  LP Value  4: 985.785714  (0.13 seconds)
  LP Value  5: 987.250000  (0.17 seconds)
  LP Value  6: 987.823077  (0.21 seconds)
  LP Value  7: 988.650000  (0.25 seconds)
  LP Value  8: 988.941558  (0.32 seconds)
  LP Value  9: 989.562259  (0.34 seconds)
  LP Value 10: 989.874841  (0.54 seconds)
  LP Value 11: 990.291114  (0.58 seconds)
  LP Value 12: 990.252165  (0.69 seconds)
New lower bound: 990.252165
Final lower bound 990.252165, upper bound 992.000000
Exact lower bound: 990.252032
DIFF: 0.000132
Time for Total: 0.72 seconds (0.72 total in 1 calls)
Final LP has 303 rows, 327 columns, 4752 nonzeros
LOWER BOUND: 990.252165   ACTIVE NODES: 1

Task 0: Branching on node 0
BBnode 0 split into 1 (991.03) 2 (990.77) (0.17 seconds)
LOWER BOUND: 990.775000   ACTIVE NODES: 2

Task 1: Cutting on node 2
Writing Pool: 279 cuts
BBnode 2 (now 3) can be pruned: upperbound 992.00 (0.21 seconds)
LOWER BOUND: 991.030607   ACTIVE NODES: 1

Task 2: Cutting on node 1
Writing Pool: 288 cuts
BBnode 1 (now 4) can be pruned: upperbound 992.00 (0.06 seconds)

Task 3: Exit
Optimal Solution: 992.00
Number of bbnodes: 3
Total Running Time: 1.28 (seconds)  Branching Time: 0.44 (seconds)

Standard Error:
