Standard Output:
./concorde -o /home/chongjiu/concorde_test/solution/random108.sol /home/chongjiu/concorde_test/mat/random108.tsp
Host: ubuntu  Current process id: 1969792
Using random seed 1733472353
Problem Name: random108
Problem Type: TSP
Number of Nodes: 108
Explicit Lengths (CC_MATRIXNORM)
Set initial upperbound to 798 (from tour)
  LP Value  1: 774.000000  (0.01 seconds)
  LP Value  2: 794.750000  (0.01 seconds)
  LP Value  3: 797.000000  (0.03 seconds)
  LP Value  4: 797.300000  (0.05 seconds)
  LP Value  5: 797.584906  (0.06 seconds)
  LP Value  6: 798.000000  (0.07 seconds)
New lower bound: 798.000000
Final lower bound 798.000000, upper bound 798.000000
Exact lower bound: 798.000000
DIFF: 0.000000
Final LP has 166 rows, 237 columns, 1662 nonzeros
Optimal Solution: 798.00
Number of bbnodes: 1
Total Running Time: 0.12 (seconds)

Standard Error:
