Standard Output:
./concorde -o /home/chongjiu/concorde_test/solution/random181.sol /home/chongjiu/concorde_test/mat/random181.tsp
Host: ubuntu  Current process id: 1971418
Using random seed 1733472393
Problem Name: random181
Problem Type: TSP
Number of Nodes: 181
Explicit Lengths (CC_MATRIXNORM)
Set initial upperbound to 1004 (from tour)
  LP Value  1: 981.000000  (0.02 seconds)
  LP Value  2: 997.875000  (0.06 seconds)
  LP Value  3: 1003.680233  (0.10 seconds)
  LP Value  4: 1004.000000  (0.11 seconds)
recomputing rownorms ...
  LP Value  5: 1004.000000  (0.11 seconds)
New lower bound: 1004.000000
Final lower bound 1004.000000, upper bound 1004.000000
Exact lower bound: 1004.000000
DIFF: 0.000000
Final LP has 274 rows, 379 columns, 1981 nonzeros
Optimal Solution: 1004.00
Number of bbnodes: 1
Total Running Time: 0.25 (seconds)

Standard Error:
