
Gurobi 11.0.0 (linux64) logging started Sun Aug 18 00:26:45 2024

Set parameter LogFile to value "gurobi_log/nei_penalty/gurobi_log/random8.log"
Gurobi Optimizer version 11.0.0 build v11.0.0rc2 (linux64 - "Ubuntu 22.04.3 LTS")

CPU model: Intel(R) Xeon(R) Platinum 8358 CPU @ 2.60GHz, instruction set [SSE2|AVX|AVX2|AVX512]
Thread count: 64 physical cores, 64 logical processors, using up to 32 threads

Optimize a model with 0 rows, 64 columns and 0 nonzeros
Model fingerprint: 0x1de3af30
Model has 960 quadratic objective terms
Variable types: 0 continuous, 64 integer (64 binary)
Coefficient statistics:
  Matrix range     [0e+00, 0e+00]
  Objective range  [4e+02, 4e+02]
  QObjective range [1e+01, 4e+02]
  Bounds range     [1e+00, 1e+00]
  RHS range        [0e+00, 0e+00]
Found heuristic solution: objective 1632.0000000
Found heuristic solution: objective 329.0000000
Found heuristic solution: objective 285.0000000
Presolve time: 0.00s
Presolved: 0 rows, 64 columns, 0 nonzeros
Presolved model has 960 quadratic objective terms
Variable types: 0 continuous, 64 integer (64 binary)
Found heuristic solution: objective 268.0000000

Root relaxation: objective -2.969822e+02, 63 iterations, 0.00 seconds (0.00 work units)

    Nodes    |    Current Node    |     Objective Bounds      |     Work
 Expl Unexpl |  Obj  Depth IntInf | Incumbent    BestBd   Gap | It/Node Time

     0     0 -296.98216    0   62  268.00000 -296.98216   211%     -    0s
     0     0 -296.16949    0   62  268.00000 -296.16949   211%     -    0s
     0     2 -296.16949    0   62  268.00000 -296.16949   211%     -    0s
H   13    16                     265.0000000 -211.08380   180%   9.6    0s
H   15    30                     261.0000000 -211.08380   181%  10.4    0s
H   25    30                     249.0000000 -194.70420   178%   9.5    0s
H   52    56                     246.0000000 -164.61869   167%   9.3    0s

Cutting planes:
  Gomory: 1
  Clique: 1
  MIR: 3
  Flow cover: 2
  RLT: 19
  BQP: 75

Explored 6863 nodes (46010 simplex iterations) in 1.94 seconds (1.67 work units)
Thread count was 32 (of 64 available processors)

Solution count 8: 246 249 261 ... 1632

Optimal solution found (tolerance 1.00e-04)
Best objective 2.460000000000e+02, best bound 2.460000000000e+02, gap 0.0000%
city broken:0,time broken:0