
Gurobi 11.0.0 (linux64) logging started Sun Aug 18 00:26:48 2024

Set parameter LogFile to value "gurobi_log/nei_penalty/gurobi_log/random10.log"
Gurobi Optimizer version 11.0.0 build v11.0.0rc2 (linux64 - "Ubuntu 22.04.3 LTS")

CPU model: Intel(R) Xeon(R) Platinum 8358 CPU @ 2.60GHz, instruction set [SSE2|AVX|AVX2|AVX512]
Thread count: 64 physical cores, 64 logical processors, using up to 32 threads

Optimize a model with 0 rows, 100 columns and 0 nonzeros
Model fingerprint: 0x2d9d785d
Model has 1900 quadratic objective terms
Variable types: 0 continuous, 100 integer (100 binary)
Coefficient statistics:
  Matrix range     [0e+00, 0e+00]
  Objective range  [4e+02, 4e+02]
  QObjective range [3e+01, 4e+02]
  Bounds range     [1e+00, 1e+00]
  RHS range        [0e+00, 0e+00]
Found heuristic solution: objective 2000.0000000
Found heuristic solution: objective 621.0000000
Found heuristic solution: objective 521.0000000
Found heuristic solution: objective 405.0000000
Presolve time: 0.01s
Presolved: 0 rows, 100 columns, 0 nonzeros
Presolved model has 1900 quadratic objective terms
Variable types: 0 continuous, 100 integer (100 binary)

Root relaxation: objective -8.898499e+02, 101 iterations, 0.00 seconds (0.00 work units)

    Nodes    |    Current Node    |     Objective Bounds      |     Work
 Expl Unexpl |  Obj  Depth IntInf | Incumbent    BestBd   Gap | It/Node Time

     0     0 -889.84991    0   98  405.00000 -889.84991   320%     -    0s
     0     0 -888.40686    0   98  405.00000 -888.40686   319%     -    0s
     0     2 -888.40686    0   98  405.00000 -888.40686   319%     -    0s
H    5     8                     383.0000000 -737.58196   293%  15.6    0s
H   85    96                     375.0000000 -718.53006   292%  12.0    0s
H   91    96                     344.0000000 -718.53006   309%  11.8    0s
H   95   128                     332.0000000 -718.53006   316%  11.5    0s
H   99   128                     321.0000000 -706.71797   320%  11.3    0s

Cutting planes:
  RLT: 79
  BQP: 1

Explored 5358 nodes (46762 simplex iterations) in 1.41 seconds (0.84 work units)
Thread count was 32 (of 64 available processors)

Solution count 9: 321 332 344 ... 2000

Optimal solution found (tolerance 1.00e-04)
Best objective 3.210000000000e+02, best bound 3.210000000000e+02, gap 0.0000%
city broken:0,time broken:0