
Gurobi 11.0.0 (linux64) logging started Thu Aug 22 17:31:09 2024

Set parameter LogFile to value "gurobi_log/nei_penalty/gurobi_log/random11.log"
Gurobi Optimizer version 11.0.0 build v11.0.0rc2 (linux64 - "Ubuntu 22.04.3 LTS")

CPU model: Intel(R) Xeon(R) Platinum 8358 CPU @ 2.60GHz, instruction set [SSE2|AVX|AVX2|AVX512]
Thread count: 64 physical cores, 64 logical processors, using up to 32 threads

Optimize a model with 0 rows, 121 columns and 0 nonzeros
Model fingerprint: 0x3746834c
Model has 2541 quadratic objective terms
Variable types: 0 continuous, 121 integer (121 binary)
Coefficient statistics:
  Matrix range     [0e+00, 0e+00]
  Objective range  [5e+02, 5e+02]
  QObjective range [1e+01, 5e+02]
  Bounds range     [1e+00, 1e+00]
  RHS range        [0e+00, 0e+00]
Found heuristic solution: objective 2552.0000000
Found heuristic solution: objective 720.0000000
Found heuristic solution: objective 512.0000000
Presolve time: 0.04s
Presolved: 0 rows, 121 columns, 0 nonzeros
Presolved model has 2541 quadratic objective terms
Variable types: 0 continuous, 121 integer (121 binary)
Found heuristic solution: objective 426.0000000

Root relaxation: objective -1.673594e+03, 120 iterations, 0.01 seconds (0.00 work units)

    Nodes    |    Current Node    |     Objective Bounds      |     Work
 Expl Unexpl |  Obj  Depth IntInf | Incumbent    BestBd   Gap | It/Node Time

     0     0 -1673.5938    0  119  426.00000 -1673.5938   493%     -    0s
     0     0 -1673.5938    0  119  426.00000 -1673.5938   493%     -    0s
     0     2 -1673.5938    0  119  426.00000 -1673.5938   493%     -    0s
H    3     8                     402.0000000 -1441.2465   459%  14.7    0s
H    6     8                     381.0000000 -1420.3872   473%  13.7    0s
H   11    16                     334.0000000 -1413.1121   523%  12.5    0s
H  109   128                     333.0000000 -1367.7260   511%   7.8    0s
H  116   128                     323.0000000 -1367.7260   523%   7.6    0s
H  309   372                     318.0000000 -1367.7260   530%   6.1    0s

Cutting planes:
  Flow cover: 2
  Zero half: 4
  RLT: 142
  BQP: 1

Explored 7262 nodes (87300 simplex iterations) in 4.63 seconds (1.55 work units)
Thread count was 32 (of 64 available processors)

Solution count 10: 318 323 333 ... 2552

Optimal solution found (tolerance 1.00e-04)
Best objective 3.180000000000e+02, best bound 3.180000000000e+02, gap 0.0000%
city broken:0,time broken:0