Standard Output:
./concorde -o /home/chongjiu/concorde_test/solution/random158.sol /home/chongjiu/concorde_test/mat/random158.tsp
Host: ubuntu  Current process id: 1983551
Using random seed 1733472736
Problem Name: random158
Problem Type: TSP
Number of Nodes: 158
Explicit Lengths (CC_MATRIXNORM)
Set initial upperbound to 896 (from tour)
  LP Value  1: 852.000000  (0.01 seconds)
  LP Value  2: 878.500000  (0.05 seconds)
  LP Value  3: 889.520901  (0.10 seconds)
  LP Value  4: 892.000000  (0.16 seconds)
  LP Value  5: 893.333333  (0.23 seconds)
  LP Value  6: 893.750000  (0.27 seconds)
  LP Value  7: 894.000000  (0.30 seconds)
  LP Value  8: 894.022727  (0.38 seconds)
  LP Value  9: 894.200000  (0.55 seconds)
  LP Value 10: 894.200000  (0.62 seconds)
New lower bound: 894.200000
Final lower bound 894.200000, upper bound 896.000000
Exact lower bound: 894.200000
DIFF: 0.000000
Time for Total: 0.63 seconds (0.63 total in 1 calls)
Final LP has 280 rows, 361 columns, 3964 nonzeros
LOWER BOUND: 894.200000   ACTIVE NODES: 1

Task 0: Branching on node 0
BBnode 0 split into 1 (894.57) 2 (894.58) (0.15 seconds)
LOWER BOUND: 894.566667   ACTIVE NODES: 2

Task 1: Cutting on node 1
Writing Pool: 203 cuts
BBnode 1 (now 3) can be pruned: upperbound 896.00 (0.06 seconds)
LOWER BOUND: 894.584944   ACTIVE NODES: 1

Task 2: Cutting on node 2
recomputing rownorms ...
Writing Pool: 208 cuts
BBnode 2 (now 4) done cutting: lowerbound 894.71 (0.21 seconds)
LOWER BOUND: 894.714286   ACTIVE NODES: 1

Task 3: Branching on node 4
BBnode 4 split into 5 (895.30X) 6 (895.00) (0.14 seconds)
Child 0 is pruned
LOWER BOUND: 895.000000   ACTIVE NODES: 1

Task 4: Cutting on node 6
New upperbound from x-heuristic: 895.00
TOUR FOUND - upperbound is 895.00
Writing Pool: 208 cuts
BBnode 6 (now 7) can be pruned: upperbound 895.00 (0.05 seconds)

Task 5: Exit
Optimal Solution: 895.00
Number of bbnodes: 5
Total Running Time: 1.34 (seconds)  Branching Time: 0.62 (seconds)

Standard Error:
