Standard Output:
./concorde -o /home/chongjiu/concorde_test/solution/random102.sol /home/chongjiu/concorde_test/mat/random102.tsp
Host: ubuntu  Current process id: 1982572
Using random seed 1733472714
Problem Name: random102
Problem Type: TSP
Number of Nodes: 102
Explicit Lengths (CC_MATRIXNORM)
Set initial upperbound to 797 (from tour)
  LP Value  1: 778.750000  (0.01 seconds)
  LP Value  2: 792.375000  (0.02 seconds)
  LP Value  3: 797.000000  (0.04 seconds)
New lower bound: 797.000000
Final lower bound 797.000000, upper bound 797.000000
Exact lower bound: 797.000000
DIFF: 0.000000
Final LP has 144 rows, 231 columns, 1491 nonzeros
Optimal Solution: 797.00
Number of bbnodes: 1
Total Running Time: 0.09 (seconds)

Standard Error:
