Standard Output:
./concorde -o /home/chongjiu/concorde_test/solution/random64.sol /home/chongjiu/concorde_test/mat/random64.tsp
Host: ubuntu  Current process id: 1982325
Using random seed 1733472710
Problem Name: random64
Problem Type: TSP
Number of Nodes: 64
Explicit Lengths (CC_MATRIXNORM)
Set initial upperbound to 676 (from tour)
  LP Value  1: 658.000000  (0.00 seconds)
  LP Value  2: 673.500000  (0.01 seconds)
  LP Value  3: 675.000000  (0.01 seconds)
  LP Value  4: 676.000000  (0.01 seconds)
New lower bound: 676.000000
Final lower bound 676.000000, upper bound 676.000000
Exact lower bound: 676.000000
DIFF: 0.000000
Final LP has 86 rows, 170 columns, 679 nonzeros
Optimal Solution: 676.00
Number of bbnodes: 1
Total Running Time: 0.03 (seconds)

Standard Error:
