Standard Output:
./concorde -o /home/chongjiu/concorde_test/solution/random63.sol /home/chongjiu/concorde_test/mat/random63.tsp
Host: ubuntu  Current process id: 1982321
Using random seed 1733472710
Problem Name: random63
Problem Type: TSP
Number of Nodes: 63
Explicit Lengths (CC_MATRIXNORM)
Set initial upperbound to 652 (from tour)
  LP Value  1: 615.500000  (0.00 seconds)
  LP Value  2: 651.000000  (0.00 seconds)
  LP Value  3: 652.000000  (0.01 seconds)
New lower bound: 652.000000
Final lower bound 652.000000, upper bound 652.000000
Exact lower bound: 652.000000
DIFF: 0.000000
Final LP has 83 rows, 180 columns, 590 nonzeros
Optimal Solution: 652.00
Number of bbnodes: 1
Total Running Time: 0.03 (seconds)

Standard Error:
