Standard Output:
./concorde -o /home/chongjiu/concorde_test/solution/random197.sol /home/chongjiu/concorde_test/mat/random197.tsp
Host: ubuntu  Current process id: 1984576
Using random seed 1733472761
Problem Name: random197
Problem Type: TSP
Number of Nodes: 197
Explicit Lengths (CC_MATRIXNORM)
Set initial upperbound to 1087 (from tour)
  LP Value  1: 1032.964286  (0.03 seconds)
  LP Value  2: 1076.282609  (0.08 seconds)
  LP Value  3: 1083.190883  (0.13 seconds)
  LP Value  4: 1084.500000  (0.17 seconds)
  LP Value  5: 1085.906570  (0.24 seconds)
  LP Value  6: 1086.662791  (0.30 seconds)
  LP Value  7: 1086.885290  (0.59 seconds)
  LP Value  8: 1087.000000  (0.71 seconds)
  LP Value  9: 1087.000000  (0.73 seconds)
New lower bound: 1087.000000
Final lower bound 1087.000000, upper bound 1087.000000
Exact lower bound: 1087.000000
DIFF: 0.000000
Final LP has 347 rows, 540 columns, 3948 nonzeros
Optimal Solution: 1087.00
Number of bbnodes: 1
Total Running Time: 0.86 (seconds)

Standard Error:
