Standard Output:
./concorde -o /home/chongjiu/concorde_test/solution/random190.sol /home/chongjiu/concorde_test/mat/random190.tsp
Host: ubuntu  Current process id: 1984411
Using random seed 1733472757
Problem Name: random190
Problem Type: TSP
Number of Nodes: 190
Explicit Lengths (CC_MATRIXNORM)
Set initial upperbound to 1034 (from tour)
  LP Value  1: 986.000000  (0.02 seconds)
  LP Value  2: 1028.250000  (0.04 seconds)
  LP Value  3: 1032.000000  (0.07 seconds)
  LP Value  4: 1032.531250  (0.10 seconds)
  LP Value  5: 1034.000000  (0.13 seconds)
recomputing rownorms ...
  LP Value  6: 1034.000000  (0.13 seconds)
New lower bound: 1034.000000
Final lower bound 1034.000000, upper bound 1034.000000
Exact lower bound: 1034.000000
DIFF: 0.000000
Final LP has 267 rows, 475 columns, 2170 nonzeros
Optimal Solution: 1034.00
Number of bbnodes: 1
Total Running Time: 0.24 (seconds)

Standard Error:
