Standard Output:
./concorde -o /home/chongjiu/concorde_test/solution/random54.sol /home/chongjiu/concorde_test/mat/random54.tsp
Host: ubuntu  Current process id: 1982281
Using random seed 1733472709
Problem Name: random54
Problem Type: TSP
Number of Nodes: 54
Explicit Lengths (CC_MATRIXNORM)
Set initial upperbound to 562 (from tour)
  LP Value  1: 531.500000  (0.00 seconds)
  LP Value  2: 551.500000  (0.01 seconds)
  LP Value  3: 562.000000  (0.01 seconds)
New lower bound: 562.000000
Final lower bound 562.000000, upper bound 562.000000
Exact lower bound: 562.000000
DIFF: 0.000000
Final LP has 86 rows, 171 columns, 866 nonzeros
Optimal Solution: 562.00
Number of bbnodes: 1
Total Running Time: 0.05 (seconds)

Standard Error:
