Standard Output:
./concorde -o /home/chongjiu/concorde_test/solution/random144.sol /home/chongjiu/concorde_test/mat/random144.tsp
Host: ubuntu  Current process id: 1983294
Using random seed 1733472730
Problem Name: random144
Problem Type: TSP
Number of Nodes: 144
Explicit Lengths (CC_MATRIXNORM)
Set initial upperbound to 914 (from tour)
  LP Value  1: 879.750000  (0.01 seconds)
  LP Value  2: 911.625000  (0.03 seconds)
  LP Value  3: 913.750000  (0.06 seconds)
  LP Value  4: 914.000000  (0.08 seconds)
New lower bound: 914.000000
Final lower bound 914.000000, upper bound 914.000000
Exact lower bound: 914.000000
DIFF: 0.000000
Final LP has 219 rows, 398 columns, 1955 nonzeros
Optimal Solution: 914.00
Number of bbnodes: 1
Total Running Time: 0.16 (seconds)

Standard Error:
