Standard Output:
./concorde -o /home/chongjiu/concorde_test/solution/random124.sol /home/chongjiu/concorde_test/mat/random124.tsp
Host: ubuntu  Current process id: 1982808
Using random seed 1733472719
Problem Name: random124
Problem Type: TSP
Number of Nodes: 124
Explicit Lengths (CC_MATRIXNORM)
Set initial upperbound to 851 (from tour)
  LP Value  1: 825.500000  (0.01 seconds)
  LP Value  2: 843.000000  (0.02 seconds)
  LP Value  3: 848.942623  (0.03 seconds)
  LP Value  4: 849.875000  (0.06 seconds)
  LP Value  5: 850.611111  (0.11 seconds)
  LP Value  6: 851.000000  (0.13 seconds)
New lower bound: 851.000000
Final lower bound 851.000000, upper bound 851.000000
Exact lower bound: 851.000000
DIFF: 0.000000
Final LP has 196 rows, 330 columns, 2800 nonzeros
Optimal Solution: 851.00
Number of bbnodes: 1
Total Running Time: 0.22 (seconds)

Standard Error:
