Standard Output:
./concorde -o /home/chongjiu/concorde_test/solution/random169.sol /home/chongjiu/concorde_test/mat/random169.tsp
Host: ubuntu  Current process id: 1983873
Using random seed 1733472744
Problem Name: random169
Problem Type: TSP
Number of Nodes: 169
Explicit Lengths (CC_MATRIXNORM)
Set initial upperbound to 965 (from tour)
  LP Value  1: 906.861111  (0.02 seconds)
  LP Value  2: 952.500000  (0.06 seconds)
  LP Value  3: 958.833333  (0.12 seconds)
  LP Value  4: 960.000000  (0.19 seconds)
  LP Value  5: 960.750000  (0.25 seconds)
  LP Value  6: 961.000000  (0.30 seconds)
recomputing rownorms ...
  LP Value  7: 961.000000  (0.30 seconds)
New lower bound: 961.000000
New upperbound from x-heuristic: 961.00
Final lower bound 961.000000, upper bound 961.000000
Exact lower bound: 961.000000
DIFF: 0.000000
Final LP has 266 rows, 522 columns, 3286 nonzeros
Optimal Solution: 961.00
Number of bbnodes: 1
Total Running Time: 0.44 (seconds)

Standard Error:
