Standard Output:
./concorde -o /home/chongjiu/concorde_test/solution/random130.sol /home/chongjiu/concorde_test/mat/random130.tsp
Host: ubuntu  Current process id: 1982959
Using random seed 1733472723
Problem Name: random130
Problem Type: TSP
Number of Nodes: 130
Explicit Lengths (CC_MATRIXNORM)
Set initial upperbound to 864 (from tour)
  LP Value  1: 822.500000  (0.01 seconds)
  LP Value  2: 852.500000  (0.02 seconds)
  LP Value  3: 858.533333  (0.05 seconds)
  LP Value  4: 859.555556  (0.09 seconds)
  LP Value  5: 860.114286  (0.13 seconds)
  LP Value  6: 861.149932  (0.18 seconds)
  LP Value  7: 861.888889  (0.22 seconds)
  LP Value  8: 862.156425  (0.38 seconds)
  LP Value  9: 862.434211  (0.49 seconds)
  LP Value 10: 862.531365  (0.59 seconds)
  LP Value 11: 862.591209  (0.73 seconds)
  LP Value 12: 862.617021  (0.81 seconds)
New lower bound: 862.617021
Final lower bound 862.617021, upper bound 864.000000
Exact lower bound: 862.617021
DIFF: 0.000000
Time for Total: 0.82 seconds (0.82 total in 1 calls)
Final LP has 230 rows, 266 columns, 3681 nonzeros
LOWER BOUND: 862.617021   ACTIVE NODES: 1

Task 0: Branching on node 0
BBnode 0 split into 1 (863.59X) 2 (863.00) (0.10 seconds)
Child 0 is pruned
LOWER BOUND: 863.000000   ACTIVE NODES: 1

Task 1: Cutting on node 2
Writing Pool: 226 cuts
BBnode 2 (now 3) can be pruned: upperbound 864.00 (0.03 seconds)

Task 2: Exit
Optimal Solution: 864.00
Number of bbnodes: 3
Total Running Time: 1.03 (seconds)  Branching Time: 0.12 (seconds)

Standard Error:
