Standard Output:
./concorde -o /home/chongjiu/concorde_test/solution/random67.sol /home/chongjiu/concorde_test/mat/random67.tsp
Host: ubuntu  Current process id: 1982335
Using random seed 1733472710
Problem Name: random67
Problem Type: TSP
Number of Nodes: 67
Explicit Lengths (CC_MATRIXNORM)
Set initial upperbound to 663 (from tour)
  LP Value  1: 639.500000  (0.00 seconds)
  LP Value  2: 653.750000  (0.01 seconds)
  LP Value  3: 663.000000  (0.02 seconds)
New lower bound: 663.000000
Final lower bound 663.000000, upper bound 663.000000
Exact lower bound: 663.000000
DIFF: 0.000000
Final LP has 105 rows, 178 columns, 1169 nonzeros
Optimal Solution: 663.00
Number of bbnodes: 1
Total Running Time: 0.04 (seconds)

Standard Error:
