Standard Output:
./concorde -o /home/chongjiu/concorde_test/solution/random40.sol /home/chongjiu/concorde_test/mat/random40.tsp
Host: ubuntu  Current process id: 1982237
Using random seed 1733472709
Problem Name: random40
Problem Type: TSP
Number of Nodes: 40
Explicit Lengths (CC_MATRIXNORM)
Set initial upperbound to 531 (from tour)
  LP Value  1: 492.500000  (0.00 seconds)
  LP Value  2: 529.000000  (0.00 seconds)
  LP Value  3: 531.000000  (0.01 seconds)
New lower bound: 531.000000
Final lower bound 531.000000, upper bound 531.000000
Exact lower bound: 531.000000
DIFF: 0.000000
Final LP has 57 rows, 84 columns, 301 nonzeros
Optimal Solution: 531.00
Number of bbnodes: 1
Total Running Time: 0.02 (seconds)

Standard Error:
