Standard Output:
./concorde -o /home/chongjiu/concorde_test/solution/random76.sol /home/chongjiu/concorde_test/mat/random76.tsp
Host: ubuntu  Current process id: 1982376
Using random seed 1733472710
Problem Name: random76
Problem Type: TSP
Number of Nodes: 76
Explicit Lengths (CC_MATRIXNORM)
Set initial upperbound to 663 (from tour)
  LP Value  1: 584.500000  (0.01 seconds)
  LP Value  2: 642.250000  (0.02 seconds)
  LP Value  3: 658.276596  (0.04 seconds)
  LP Value  4: 661.500000  (0.06 seconds)
  LP Value  5: 662.571429  (0.07 seconds)
  LP Value  6: 663.000000  (0.08 seconds)
New lower bound: 663.000000
Final lower bound 663.000000, upper bound 663.000000
Exact lower bound: 663.000000
DIFF: 0.000000
Final LP has 136 rows, 263 columns, 2142 nonzeros
Optimal Solution: 663.00
Number of bbnodes: 1
Total Running Time: 0.14 (seconds)

Standard Error:
