Standard Output:
./concorde -o /home/chongjiu/concorde_test/solution/random118.sol /home/chongjiu/concorde_test/mat/random118.tsp
Host: ubuntu  Current process id: 1982725
Using random seed 1733472717
Problem Name: random118
Problem Type: TSP
Number of Nodes: 118
Explicit Lengths (CC_MATRIXNORM)
Set initial upperbound to 826 (from tour)
  LP Value  1: 773.500000  (0.01 seconds)
  LP Value  2: 819.181818  (0.03 seconds)
  LP Value  3: 822.937500  (0.04 seconds)
  LP Value  4: 825.021127  (0.07 seconds)
  LP Value  5: 825.625000  (0.10 seconds)
  LP Value  6: 826.000000  (0.12 seconds)
recomputing rownorms ...
  LP Value  7: 826.000000  (0.12 seconds)
New lower bound: 826.000000
Final lower bound 826.000000, upper bound 826.000000
Exact lower bound: 826.000000
DIFF: 0.000000
Final LP has 219 rows, 362 columns, 3221 nonzeros
Optimal Solution: 826.00
Number of bbnodes: 1
Total Running Time: 0.17 (seconds)

Standard Error:
