Standard Output:
./concorde -o /home/chongjiu/concorde_test/solution/random81.sol /home/chongjiu/concorde_test/mat/random81.tsp
Host: ubuntu  Current process id: 1982413
Using random seed 1733472711
Problem Name: random81
Problem Type: TSP
Number of Nodes: 81
Explicit Lengths (CC_MATRIXNORM)
Set initial upperbound to 700 (from tour)
  LP Value  1: 676.000000  (0.00 seconds)
  LP Value  2: 700.000000  (0.01 seconds)
recomputing rownorms ...
  LP Value  3: 700.000000  (0.01 seconds)
New lower bound: 700.000000
Final lower bound 700.000000, upper bound 700.000000
Exact lower bound: 700.000000
DIFF: 0.000000
Final LP has 108 rows, 208 columns, 638 nonzeros
Optimal Solution: 700.00
Number of bbnodes: 1
Total Running Time: 0.04 (seconds)

Standard Error:
