Standard Output:
./concorde -o /home/chongjiu/concorde_test/solution/random96.sol /home/chongjiu/concorde_test/mat/random96.tsp
Host: ubuntu  Current process id: 1982502
Using random seed 1733472713
Problem Name: random96
Problem Type: TSP
Number of Nodes: 96
Explicit Lengths (CC_MATRIXNORM)
Set initial upperbound to 760 (from tour)
  LP Value  1: 743.000000  (0.01 seconds)
  LP Value  2: 757.687500  (0.02 seconds)
  LP Value  3: 758.761905  (0.03 seconds)
  LP Value  4: 759.500000  (0.05 seconds)
  LP Value  5: 759.807018  (0.12 seconds)
  LP Value  6: 760.000000  (0.14 seconds)
New lower bound: 759.968750
Final lower bound 759.968750, upper bound 760.000000
Exact lower bound: 759.968750
DIFF: 0.000000
Final LP has 161 rows, 305 columns, 3152 nonzeros
Optimal Solution: 760.00
Number of bbnodes: 1
Total Running Time: 0.20 (seconds)

Standard Error:
