Standard Output:
./concorde -o /home/chongjiu/concorde_test/solution/random70.sol /home/chongjiu/concorde_test/mat/random70.tsp
Host: ubuntu  Current process id: 1982343
Using random seed 1733472710
Problem Name: random70
Problem Type: TSP
Number of Nodes: 70
Explicit Lengths (CC_MATRIXNORM)
Set initial upperbound to 674 (from tour)
  LP Value  1: 618.500000  (0.00 seconds)
  LP Value  2: 665.500000  (0.01 seconds)
  LP Value  3: 669.933333  (0.03 seconds)
  LP Value  4: 671.312500  (0.04 seconds)
  LP Value  5: 672.567100  (0.06 seconds)
  LP Value  6: 673.000000  (0.06 seconds)
recomputing rownorms ...
  LP Value  7: 673.000000  (0.07 seconds)
New lower bound: 673.000000
New upperbound from x-heuristic: 673.00
Final lower bound 673.000000, upper bound 673.000000
Exact lower bound: 673.000000
DIFF: 0.000000
Final LP has 145 rows, 213 columns, 1833 nonzeros
Optimal Solution: 673.00
Number of bbnodes: 1
Total Running Time: 0.11 (seconds)

Standard Error:
