Standard Output:
./concorde -o /home/chongjiu/concorde_test/solution/random188.sol /home/chongjiu/concorde_test/mat/random188.tsp
Host: ubuntu  Current process id: 1984393
Using random seed 1733472756
Problem Name: random188
Problem Type: TSP
Number of Nodes: 188
Explicit Lengths (CC_MATRIXNORM)
Set initial upperbound to 1052 (from tour)
  LP Value  1: 1001.000000  (0.01 seconds)
  LP Value  2: 1038.842105  (0.03 seconds)
  LP Value  3: 1045.388889  (0.05 seconds)
  LP Value  4: 1046.000000  (0.06 seconds)
recomputing rownorms ...
  LP Value  5: 1046.000000  (0.06 seconds)
New lower bound: 1046.000000
New upperbound from x-heuristic: 1046.00
Final lower bound 1046.000000, upper bound 1046.000000
Exact lower bound: 1046.000000
DIFF: 0.000000
Final LP has 243 rows, 467 columns, 1588 nonzeros
Optimal Solution: 1046.00
Number of bbnodes: 1
Total Running Time: 0.19 (seconds)

Standard Error:
