Standard Output:
./concorde -o /home/chongjiu/concorde_test/solution/random57.sol /home/chongjiu/concorde_test/mat/random57.tsp
Host: ubuntu  Current process id: 1982301
Using random seed 1733472709
Problem Name: random57
Problem Type: TSP
Number of Nodes: 57
Explicit Lengths (CC_MATRIXNORM)
Set initial upperbound to 648 (from tour)
  LP Value  1: 603.000000  (0.00 seconds)
  LP Value  2: 640.136364  (0.00 seconds)
  LP Value  3: 648.000000  (0.01 seconds)
recomputing rownorms ...
  LP Value  4: 648.000000  (0.01 seconds)
New lower bound: 648.000000
Final lower bound 648.000000, upper bound 648.000000
Exact lower bound: 648.000000
DIFF: 0.000000
Final LP has 83 rows, 242 columns, 1476 nonzeros
Optimal Solution: 648.00
Number of bbnodes: 1
Total Running Time: 0.03 (seconds)

Standard Error:
