Standard Output:
./concorde -o /home/chongjiu/concorde_test/solution/random78.sol /home/chongjiu/concorde_test/mat/random78.tsp
Host: ubuntu  Current process id: 1982386
Using random seed 1733472711
Problem Name: random78
Problem Type: TSP
Number of Nodes: 78
Explicit Lengths (CC_MATRIXNORM)
Set initial upperbound to 712 (from tour)
  LP Value  1: 683.000000  (0.00 seconds)
  LP Value  2: 704.000000  (0.01 seconds)
  LP Value  3: 708.000000  (0.02 seconds)
recomputing rownorms ...
  LP Value  4: 708.000000  (0.02 seconds)
New lower bound: 708.000000
New upperbound from x-heuristic: 708.00
Final lower bound 708.000000, upper bound 708.000000
Exact lower bound: 708.000000
DIFF: 0.000000
Final LP has 117 rows, 198 columns, 859 nonzeros
Optimal Solution: 708.00
Number of bbnodes: 1
Total Running Time: 0.07 (seconds)

Standard Error:
