Standard Output:
./concorde -o /home/chongjiu/concorde_test/solution/random134.sol /home/chongjiu/concorde_test/mat/random134.tsp
Host: ubuntu  Current process id: 1983085
Using random seed 1733472725
Problem Name: random134
Problem Type: TSP
Number of Nodes: 134
Explicit Lengths (CC_MATRIXNORM)
Set initial upperbound to 879 (from tour)
  LP Value  1: 846.500000  (0.01 seconds)
  LP Value  2: 872.250000  (0.03 seconds)
  LP Value  3: 875.875000  (0.04 seconds)
  LP Value  4: 879.000000  (0.07 seconds)
New lower bound: 879.000000
Final lower bound 879.000000, upper bound 879.000000
Exact lower bound: 879.000000
DIFF: 0.000000
Final LP has 221 rows, 354 columns, 4399 nonzeros
Optimal Solution: 879.00
Number of bbnodes: 1
Total Running Time: 0.17 (seconds)

Standard Error:
