Standard Output:
./concorde -o /home/chongjiu/concorde_test/solution/random159.sol /home/chongjiu/concorde_test/mat/random159.tsp
Host: ubuntu  Current process id: 1983618
Using random seed 1733472737
Problem Name: random159
Problem Type: TSP
Number of Nodes: 159
Explicit Lengths (CC_MATRIXNORM)
Set initial upperbound to 952 (from tour)
  LP Value  1: 910.500000  (0.02 seconds)
  LP Value  2: 947.053571  (0.05 seconds)
  LP Value  3: 950.845902  (0.09 seconds)
  LP Value  4: 951.850000  (0.12 seconds)
  LP Value  5: 952.000000  (0.14 seconds)
New lower bound: 952.000000
Final lower bound 952.000000, upper bound 952.000000
Exact lower bound: 952.000000
DIFF: 0.000000
Final LP has 239 rows, 457 columns, 3247 nonzeros
Optimal Solution: 952.00
Number of bbnodes: 1
Total Running Time: 0.26 (seconds)

Standard Error:
