Standard Output:
./concorde -o /home/chongjiu/concorde_test/solution/random157.sol /home/chongjiu/concorde_test/mat/random157.tsp
Host: ubuntu  Current process id: 1983543
Using random seed 1733472735
Problem Name: random157
Problem Type: TSP
Number of Nodes: 157
Explicit Lengths (CC_MATRIXNORM)
Set initial upperbound to 965 (from tour)
  LP Value  1: 929.500000  (0.01 seconds)
  LP Value  2: 963.190476  (0.02 seconds)
  LP Value  3: 964.666667  (0.05 seconds)
  LP Value  4: 965.000000  (0.06 seconds)
New lower bound: 965.000000
Final lower bound 965.000000, upper bound 965.000000
Exact lower bound: 965.000000
DIFF: 0.000000
Final LP has 222 rows, 387 columns, 1956 nonzeros
Optimal Solution: 965.00
Number of bbnodes: 1
Total Running Time: 0.15 (seconds)

Standard Error:
