Standard Output:
./concorde -o /home/chongjiu/concorde_test/solution/random120.sol /home/chongjiu/concorde_test/mat/random120.tsp
Host: ubuntu  Current process id: 1982741
Using random seed 1733472718
Problem Name: random120
Problem Type: TSP
Number of Nodes: 120
Explicit Lengths (CC_MATRIXNORM)
Set initial upperbound to 828 (from tour)
  LP Value  1: 774.000000  (0.01 seconds)
  LP Value  2: 812.333333  (0.02 seconds)
  LP Value  3: 819.000000  (0.04 seconds)
  LP Value  4: 822.000000  (0.06 seconds)
  LP Value  5: 822.940000  (0.09 seconds)
  LP Value  6: 823.708333  (0.12 seconds)
  LP Value  7: 824.066667  (0.16 seconds)
  LP Value  8: 824.709756  (0.19 seconds)
  LP Value  9: 825.000000  (0.22 seconds)
  LP Value 10: 825.290909  (0.25 seconds)
  LP Value 11: 825.333333  (0.33 seconds)
  LP Value 12: 825.614697  (0.38 seconds)
  LP Value 13: 825.882677  (0.56 seconds)
  LP Value 14: 826.090909  (0.63 seconds)
  LP Value 15: 826.264368  (0.73 seconds)
  LP Value 16: 826.325581  (0.80 seconds)
  LP Value 17: 826.333333  (0.88 seconds)
New lower bound: 826.333333
Final lower bound 826.333333, upper bound 828.000000
Exact lower bound: 826.333333
DIFF: 0.000000
Time for Total: 0.90 seconds (0.90 total in 1 calls)
Final LP has 215 rows, 250 columns, 3327 nonzeros
LOWER BOUND: 826.333333   ACTIVE NODES: 1

Task 0: Branching on node 0
BBnode 0 split into 1 (827.25X) 2 (827.15X) (0.11 seconds)
Child 0 is pruned
Child 1 is pruned

Task 1: Exit
Optimal Solution: 828.00
Number of bbnodes: 3
Total Running Time: 1.08 (seconds)  Branching Time: 0.11 (seconds)

Standard Error:
