Standard Output:
./concorde -o /home/chongjiu/concorde_test/solution/random132.sol /home/chongjiu/concorde_test/mat/random132.tsp
Host: ubuntu  Current process id: 1983011
Using random seed 1733472724
Problem Name: random132
Problem Type: TSP
Number of Nodes: 132
Explicit Lengths (CC_MATRIXNORM)
Set initial upperbound to 875 (from tour)
  LP Value  1: 832.500000  (0.01 seconds)
  LP Value  2: 872.500000  (0.02 seconds)
  LP Value  3: 874.166667  (0.05 seconds)
  LP Value  4: 874.517241  (0.07 seconds)
  LP Value  5: 875.000000  (0.10 seconds)
New lower bound: 875.000000
Final lower bound 875.000000, upper bound 875.000000
Exact lower bound: 875.000000
DIFF: 0.000000
Final LP has 201 rows, 321 columns, 2112 nonzeros
Optimal Solution: 875.00
Number of bbnodes: 1
Total Running Time: 0.18 (seconds)

Standard Error:
