Standard Output:
./concorde -o /home/chongjiu/concorde_test/solution/random104.sol /home/chongjiu/concorde_test/mat/random104.tsp
Host: ubuntu  Current process id: 1982596
Using random seed 1733472715
Problem Name: random104
Problem Type: TSP
Number of Nodes: 104
Explicit Lengths (CC_MATRIXNORM)
Set initial upperbound to 747 (from tour)
  LP Value  1: 721.000000  (0.00 seconds)
  LP Value  2: 744.250000  (0.02 seconds)
  LP Value  3: 745.000000  (0.02 seconds)
recomputing rownorms ...
  LP Value  4: 745.000000  (0.02 seconds)
New lower bound: 745.000000
New upperbound from x-heuristic: 745.00
Final lower bound 745.000000, upper bound 745.000000
Exact lower bound: 745.000000
DIFF: 0.000000
Final LP has 137 rows, 250 columns, 853 nonzeros
Optimal Solution: 745.00
Number of bbnodes: 1
Total Running Time: 0.07 (seconds)

Standard Error:
