Standard Output:
./concorde -o /home/chongjiu/concorde_test/solution/random71.sol /home/chongjiu/concorde_test/mat/random71.tsp
Host: ubuntu  Current process id: 1982351
Using random seed 1733472710
Problem Name: random71
Problem Type: TSP
Number of Nodes: 71
Explicit Lengths (CC_MATRIXNORM)
Set initial upperbound to 669 (from tour)
  LP Value  1: 652.500000  (0.00 seconds)
  LP Value  2: 664.600000  (0.02 seconds)
  LP Value  3: 669.000000  (0.03 seconds)
New lower bound: 669.000000
Final lower bound 669.000000, upper bound 669.000000
Exact lower bound: 669.000000
DIFF: 0.000000
Final LP has 114 rows, 228 columns, 2536 nonzeros
Optimal Solution: 669.00
Number of bbnodes: 1
Total Running Time: 0.06 (seconds)

Standard Error:
