Standard Output:
./concorde -o /home/chongjiu/concorde_test/solution/random200.sol /home/chongjiu/concorde_test/mat/random200.tsp
Host: ubuntu  Current process id: 1984887
Using random seed 1733472770
Problem Name: random200
Problem Type: TSP
Number of Nodes: 200
Explicit Lengths (CC_MATRIXNORM)
Set initial upperbound to 1054 (from tour)
  LP Value  1: 1012.500000  (0.02 seconds)
  LP Value  2: 1046.416667  (0.04 seconds)
  LP Value  3: 1050.666667  (0.06 seconds)
  LP Value  4: 1051.250000  (0.10 seconds)
  LP Value  5: 1052.997309  (0.19 seconds)
  LP Value  6: 1053.260417  (0.26 seconds)
  LP Value  7: 1053.750000  (0.30 seconds)
  LP Value  8: 1054.000000  (0.31 seconds)
New lower bound: 1054.000000
Final lower bound 1054.000000, upper bound 1054.000000
Exact lower bound: 1054.000000
DIFF: 0.000000
Final LP has 317 rows, 561 columns, 3770 nonzeros
Optimal Solution: 1054.00
Number of bbnodes: 1
Total Running Time: 0.45 (seconds)

Standard Error:
