Standard Output:
./concorde -o /home/chongjiu/concorde_test/solution/random123.sol /home/chongjiu/concorde_test/mat/random123.tsp
Host: ubuntu  Current process id: 1982798
Using random seed 1733472719
Problem Name: random123
Problem Type: TSP
Number of Nodes: 123
Explicit Lengths (CC_MATRIXNORM)
Set initial upperbound to 876 (from tour)
  LP Value  1: 843.000000  (0.01 seconds)
  LP Value  2: 871.666667  (0.03 seconds)
  LP Value  3: 874.250000  (0.05 seconds)
  LP Value  4: 874.532164  (0.07 seconds)
  LP Value  5: 874.750000  (0.09 seconds)
  LP Value  6: 875.500000  (0.11 seconds)
  LP Value  7: 875.817048  (0.14 seconds)
  LP Value  8: 876.000000  (0.17 seconds)
New lower bound: 875.964286
Final lower bound 875.964286, upper bound 876.000000
Exact lower bound: 875.964286
DIFF: 0.000000
Final LP has 210 rows, 293 columns, 2893 nonzeros
Optimal Solution: 876.00
Number of bbnodes: 1
Total Running Time: 0.23 (seconds)

Standard Error:
