Standard Output:
./concorde -o /home/chongjiu/concorde_test/solution/random133.sol /home/chongjiu/concorde_test/mat/random133.tsp
Host: ubuntu  Current process id: 1983061
Using random seed 1733472724
Problem Name: random133
Problem Type: TSP
Number of Nodes: 133
Explicit Lengths (CC_MATRIXNORM)
Set initial upperbound to 872 (from tour)
  LP Value  1: 824.000000  (0.01 seconds)
  LP Value  2: 847.500000  (0.03 seconds)
  LP Value  3: 860.261905  (0.08 seconds)
  LP Value  4: 864.862472  (0.13 seconds)
  LP Value  5: 866.750000  (0.19 seconds)
  LP Value  6: 867.529412  (0.25 seconds)
  LP Value  7: 868.026034  (0.30 seconds)
  LP Value  8: 868.531335  (0.36 seconds)
  LP Value  9: 868.821775  (0.48 seconds)
  LP Value 10: 869.000000  (0.52 seconds)
recomputing rownorms ...
  LP Value 11: 869.000000  (0.53 seconds)
New lower bound: 869.000000
New upperbound from x-heuristic: 869.00
Final lower bound 869.000000, upper bound 869.000000
Exact lower bound: 869.000000
DIFF: 0.000000
Final LP has 244 rows, 440 columns, 4222 nonzeros
Optimal Solution: 869.00
Number of bbnodes: 1
Total Running Time: 0.66 (seconds)

Standard Error:
