Standard Output:
./concorde -o /home/chongjiu/concorde_test/solution/random138.sol /home/chongjiu/concorde_test/mat/random138.tsp
Host: ubuntu  Current process id: 1983182
Using random seed 1733472727
Problem Name: random138
Problem Type: TSP
Number of Nodes: 138
Explicit Lengths (CC_MATRIXNORM)
Set initial upperbound to 867 (from tour)
  LP Value  1: 800.500000  (0.01 seconds)
  LP Value  2: 852.166667  (0.02 seconds)
  LP Value  3: 859.875000  (0.08 seconds)
  LP Value  4: 862.000000  (0.11 seconds)
  LP Value  5: 862.500000  (0.14 seconds)
  LP Value  6: 863.000000  (0.16 seconds)
  LP Value  7: 863.000000  (0.19 seconds)
  LP Value  8: 863.333333  (0.21 seconds)
  LP Value  9: 863.550265  (0.30 seconds)
  LP Value 10: 863.666667  (0.50 seconds)
  LP Value 11: 863.750000  (0.62 seconds)
  LP Value 12: 863.800000  (0.76 seconds)
  LP Value 13: 863.800676  (0.88 seconds)
New lower bound: 863.800676
New upperbound from x-heuristic: 865.00
Final lower bound 863.800676, upper bound 865.000000
Exact lower bound: 863.800676
DIFF: 0.000000
Time for Total: 0.90 seconds (0.90 total in 1 calls)
Final LP has 237 rows, 292 columns, 3386 nonzeros
LOWER BOUND: 863.800676   ACTIVE NODES: 1

Task 0: Branching on node 0
BBnode 0 split into 1 (864.00) 2 (864.00) (0.08 seconds)
LOWER BOUND: 864.000000   ACTIVE NODES: 2

Task 1: Cutting on node 1
New upperbound from x-heuristic: 864.00
TOUR FOUND - upperbound is 864.00
Writing Pool: 166 cuts
BBnode 1 (now 3) can be pruned: upperbound 864.00 (0.04 seconds)
LOWER BOUND: 864.000000   ACTIVE NODES: 1

Task 2: Cutting on node 2
Do not cut, the lp is within 1.0 of the upperbound
Writing Pool: 166 cuts
BBnode 2 (now 4) can be pruned: upperbound 864.00 (0.00 seconds)

Task 3: Exit
Optimal Solution: 864.00
Number of bbnodes: 3
Total Running Time: 1.10 (seconds)  Branching Time: 0.13 (seconds)

Standard Error:
