Standard Output:
./concorde -o /home/chongjiu/concorde_test/solution/random62.sol /home/chongjiu/concorde_test/mat/random62.tsp
Host: ubuntu  Current process id: 1982317
Using random seed 1733472710
Problem Name: random62
Problem Type: TSP
Number of Nodes: 62
Explicit Lengths (CC_MATRIXNORM)
Set initial upperbound to 613 (from tour)
  LP Value  1: 578.500000  (0.00 seconds)
  LP Value  2: 605.000000  (0.00 seconds)
  LP Value  3: 607.500000  (0.00 seconds)
  LP Value  4: 610.500000  (0.00 seconds)
  LP Value  5: 613.000000  (0.01 seconds)
New lower bound: 613.000000
Final lower bound 613.000000, upper bound 613.000000
Exact lower bound: 613.000000
DIFF: 0.000000
Final LP has 88 rows, 229 columns, 789 nonzeros
Optimal Solution: 613.00
Number of bbnodes: 1
Total Running Time: 0.04 (seconds)

Standard Error:
