Standard Output:
./concorde -o /home/chongjiu/concorde_test/solution/random119.sol /home/chongjiu/concorde_test/mat/random119.tsp
Host: ubuntu  Current process id: 1988223
Using random seed 1733472860
Problem Name: random119
Problem Type: TSP
Number of Nodes: 119
Explicit Lengths (CC_MATRIXNORM)
Set initial upperbound to 807 (from tour)
  LP Value  1: 768.611111  (0.01 seconds)
  LP Value  2: 798.475610  (0.03 seconds)
  LP Value  3: 802.500000  (0.05 seconds)
  LP Value  4: 803.000000  (0.05 seconds)
recomputing rownorms ...
  LP Value  5: 803.000000  (0.05 seconds)
New lower bound: 803.000000
New upperbound from x-heuristic: 803.00
Final lower bound 803.000000, upper bound 803.000000
Exact lower bound: 803.000000
DIFF: 0.000000
Final LP has 186 rows, 311 columns, 1695 nonzeros
Optimal Solution: 803.00
Number of bbnodes: 1
Total Running Time: 0.13 (seconds)

Standard Error:
