Standard Output:
./concorde -o /home/chongjiu/concorde_test/solution/random138.sol /home/chongjiu/concorde_test/mat/random138.tsp
Host: ubuntu  Current process id: 1988775
Using random seed 1733472873
Problem Name: random138
Problem Type: TSP
Number of Nodes: 138
Explicit Lengths (CC_MATRIXNORM)
Set initial upperbound to 864 (from tour)
  LP Value  1: 805.500000  (0.01 seconds)
  LP Value  2: 850.354167  (0.04 seconds)
  LP Value  3: 859.296296  (0.09 seconds)
  LP Value  4: 862.000000  (0.11 seconds)
  LP Value  5: 862.360755  (0.16 seconds)
  LP Value  6: 863.000000  (0.20 seconds)
  LP Value  7: 863.086022  (0.48 seconds)
  LP Value  8: 863.500000  (0.52 seconds)
  LP Value  9: 863.500000  (1.02 seconds)
New lower bound: 863.500000
Final lower bound 863.500000, upper bound 864.000000
Exact lower bound: 863.500000
DIFF: 0.000000
Final LP has 258 rows, 407 columns, 3504 nonzeros
Optimal Solution: 864.00
Number of bbnodes: 1
Total Running Time: 1.11 (seconds)

Standard Error:
