Standard Output:
./concorde -o /home/chongjiu/concorde_test/solution/random194.sol /home/chongjiu/concorde_test/mat/random194.tsp
Host: ubuntu  Current process id: 1990212
Using random seed 1733472907
Problem Name: random194
Problem Type: TSP
Number of Nodes: 194
Explicit Lengths (CC_MATRIXNORM)
Set initial upperbound to 1050 (from tour)
  LP Value  1: 1008.000000  (0.03 seconds)
  LP Value  2: 1046.642857  (0.06 seconds)
  LP Value  3: 1050.000000  (0.09 seconds)
New lower bound: 1050.000000
Final lower bound 1050.000000, upper bound 1050.000000
Exact lower bound: 1050.000000
DIFF: 0.000000
Final LP has 281 rows, 458 columns, 2690 nonzeros
Optimal Solution: 1050.00
Number of bbnodes: 1
Total Running Time: 0.23 (seconds)

Standard Error:
