Standard Output:
./concorde -o /home/chongjiu/concorde_test/solution/random160.sol /home/chongjiu/concorde_test/mat/random160.tsp
Host: ubuntu  Current process id: 1989206
Using random seed 1733472882
Problem Name: random160
Problem Type: TSP
Number of Nodes: 160
Explicit Lengths (CC_MATRIXNORM)
Set initial upperbound to 963 (from tour)
  LP Value  1: 926.500000  (0.01 seconds)
  LP Value  2: 957.500000  (0.05 seconds)
  LP Value  3: 961.860294  (0.09 seconds)
  LP Value  4: 962.896552  (0.12 seconds)
  LP Value  5: 963.000000  (0.13 seconds)
recomputing rownorms ...
  LP Value  6: 963.000000  (0.14 seconds)
New lower bound: 963.000000
Final lower bound 963.000000, upper bound 963.000000
Exact lower bound: 963.000000
DIFF: 0.000000
Final LP has 239 rows, 485 columns, 2537 nonzeros
Optimal Solution: 963.00
Number of bbnodes: 1
Total Running Time: 0.25 (seconds)

Standard Error:
