Standard Output:
./concorde -o /home/chongjiu/concorde_test/solution/random72.sol /home/chongjiu/concorde_test/mat/random72.tsp
Host: ubuntu  Current process id: 1987854
Using random seed 1733472852
Problem Name: random72
Problem Type: TSP
Number of Nodes: 72
Explicit Lengths (CC_MATRIXNORM)
Set initial upperbound to 666 (from tour)
  LP Value  1: 644.500000  (0.00 seconds)
  LP Value  2: 662.500000  (0.01 seconds)
  LP Value  3: 664.500000  (0.02 seconds)
  LP Value  4: 665.000000  (0.02 seconds)
recomputing rownorms ...
  LP Value  5: 665.000000  (0.02 seconds)
New lower bound: 665.000000
New upperbound from x-heuristic: 665.00
Final lower bound 665.000000, upper bound 665.000000
Exact lower bound: 665.000000
DIFF: 0.000000
Final LP has 112 rows, 166 columns, 787 nonzeros
Optimal Solution: 665.00
Number of bbnodes: 1
Total Running Time: 0.07 (seconds)

Standard Error:
