Standard Output:
./concorde -o /home/chongjiu/concorde_test/solution/random161.sol /home/chongjiu/concorde_test/mat/random161.tsp
Host: ubuntu  Current process id: 1989216
Using random seed 1733472883
Problem Name: random161
Problem Type: TSP
Number of Nodes: 161
Explicit Lengths (CC_MATRIXNORM)
Set initial upperbound to 941 (from tour)
  LP Value  1: 904.500000  (0.01 seconds)
  LP Value  2: 933.444444  (0.05 seconds)
  LP Value  3: 938.125000  (0.07 seconds)
  LP Value  4: 940.055556  (0.11 seconds)
  LP Value  5: 940.527778  (0.16 seconds)
  LP Value  6: 941.000000  (0.20 seconds)
New lower bound: 941.000000
Final lower bound 941.000000, upper bound 941.000000
Exact lower bound: 941.000000
DIFF: 0.000000
Final LP has 239 rows, 450 columns, 3022 nonzeros
Optimal Solution: 941.00
Number of bbnodes: 1
Total Running Time: 0.33 (seconds)

Standard Error:
