Standard Output:
./concorde -o /home/chongjiu/concorde_test/solution/random140.sol /home/chongjiu/concorde_test/mat/random140.tsp
Host: ubuntu  Current process id: 1988827
Using random seed 1733472874
Problem Name: random140
Problem Type: TSP
Number of Nodes: 140
Explicit Lengths (CC_MATRIXNORM)
Set initial upperbound to 889 (from tour)
  LP Value  1: 848.000000  (0.01 seconds)
  LP Value  2: 877.000000  (0.03 seconds)
  LP Value  3: 884.250000  (0.07 seconds)
  LP Value  4: 885.678571  (0.12 seconds)
  LP Value  5: 886.700000  (0.16 seconds)
  LP Value  6: 887.475000  (0.21 seconds)
  LP Value  7: 888.000000  (0.24 seconds)
  LP Value  8: 888.500000  (0.27 seconds)
  LP Value  9: 888.619123  (0.31 seconds)
  LP Value 10: 889.000000  (0.33 seconds)
New lower bound: 889.000000
Final lower bound 889.000000, upper bound 889.000000
Exact lower bound: 889.000000
DIFF: 0.000000
Final LP has 247 rows, 426 columns, 4253 nonzeros
Optimal Solution: 889.00
Number of bbnodes: 1
Total Running Time: 0.42 (seconds)

Standard Error:
