Standard Output:
./concorde -o /home/chongjiu/concorde_test/solution/random87.sol /home/chongjiu/concorde_test/mat/random87.tsp
Host: ubuntu  Current process id: 1987927
Using random seed 1733472853
Problem Name: random87
Problem Type: TSP
Number of Nodes: 87
Explicit Lengths (CC_MATRIXNORM)
Set initial upperbound to 736 (from tour)
  LP Value  1: 666.000000  (0.00 seconds)
  LP Value  2: 729.171053  (0.02 seconds)
  LP Value  3: 734.625000  (0.03 seconds)
  LP Value  4: 735.775000  (0.03 seconds)
  LP Value  5: 735.959184  (0.04 seconds)
  LP Value  6: 736.000000  (0.04 seconds)
New lower bound: 736.000000
Final lower bound 736.000000, upper bound 736.000000
Exact lower bound: 736.000000
DIFF: 0.000000
Final LP has 132 rows, 257 columns, 1931 nonzeros
Optimal Solution: 736.00
Number of bbnodes: 1
Total Running Time: 0.10 (seconds)

Standard Error:
