Standard Output:
./concorde -o /home/chongjiu/concorde_test/solution/random58.sol /home/chongjiu/concorde_test/mat/random58.tsp
Host: ubuntu  Current process id: 1987801
Using random seed 1733472851
Problem Name: random58
Problem Type: TSP
Number of Nodes: 58
Explicit Lengths (CC_MATRIXNORM)
Set initial upperbound to 617 (from tour)
  LP Value  1: 568.500000  (0.00 seconds)
  LP Value  2: 612.859914  (0.01 seconds)
  LP Value  3: 616.916667  (0.01 seconds)
  LP Value  4: 617.000000  (0.01 seconds)
New lower bound: 617.000000
Final lower bound 617.000000, upper bound 617.000000
Exact lower bound: 617.000000
DIFF: 0.000000
Final LP has 93 rows, 143 columns, 694 nonzeros
Optimal Solution: 617.00
Number of bbnodes: 1
Total Running Time: 0.03 (seconds)

Standard Error:
