Standard Output:
./concorde -o /home/chongjiu/concorde_test/solution/random179.sol /home/chongjiu/concorde_test/mat/random179.tsp
Host: ubuntu  Current process id: 1989763
Using random seed 1733472896
Problem Name: random179
Problem Type: TSP
Number of Nodes: 179
Explicit Lengths (CC_MATRIXNORM)
Set initial upperbound to 1063 (from tour)
  LP Value  1: 1023.500000  (0.01 seconds)
  LP Value  2: 1059.500000  (0.03 seconds)
  LP Value  3: 1062.000000  (0.06 seconds)
  LP Value  4: 1062.203704  (0.14 seconds)
  LP Value  5: 1063.000000  (0.18 seconds)
New lower bound: 1063.000000
Final lower bound 1063.000000, upper bound 1063.000000
Exact lower bound: 1063.000000
DIFF: 0.000000
Final LP has 299 rows, 417 columns, 4045 nonzeros
Optimal Solution: 1063.00
Number of bbnodes: 1
Total Running Time: 0.29 (seconds)

Standard Error:
