Standard Output:
./concorde -o /home/chongjiu/concorde_test/solution/random150.sol /home/chongjiu/concorde_test/mat/random150.tsp
Host: ubuntu  Current process id: 1989001
Using random seed 1733472878
Problem Name: random150
Problem Type: TSP
Number of Nodes: 150
Explicit Lengths (CC_MATRIXNORM)
Set initial upperbound to 923 (from tour)
  LP Value  1: 881.000000  (0.02 seconds)
  LP Value  2: 912.062500  (0.04 seconds)
  LP Value  3: 916.571429  (0.07 seconds)
  LP Value  4: 918.000000  (0.11 seconds)
  LP Value  5: 918.388889  (0.15 seconds)
  LP Value  6: 918.763636  (0.19 seconds)
  LP Value  7: 919.104153  (0.25 seconds)
  LP Value  8: 919.775194  (0.29 seconds)
  LP Value  9: 920.045455  (0.32 seconds)
  LP Value 10: 920.285714  (0.52 seconds)
  LP Value 11: 920.656379  (0.57 seconds)
  LP Value 12: 921.000000  (0.60 seconds)
recomputing rownorms ...
  LP Value 13: 921.000000  (0.60 seconds)
New lower bound: 921.000000
New upperbound from x-heuristic: 921.00
Final lower bound 921.000000, upper bound 921.000000
Exact lower bound: 921.000000
DIFF: 0.000000
Final LP has 267 rows, 432 columns, 3298 nonzeros
Optimal Solution: 921.00
Number of bbnodes: 1
Total Running Time: 0.71 (seconds)

Standard Error:
