Standard Output:
./concorde -o /home/chongjiu/concorde_test/solution/random133.sol /home/chongjiu/concorde_test/mat/random133.tsp
Host: ubuntu  Current process id: 1988642
Using random seed 1733472870
Problem Name: random133
Problem Type: TSP
Number of Nodes: 133
Explicit Lengths (CC_MATRIXNORM)
Set initial upperbound to 871 (from tour)
  LP Value  1: 815.250000  (0.01 seconds)
  LP Value  2: 845.633333  (0.03 seconds)
  LP Value  3: 861.971154  (0.08 seconds)
  LP Value  4: 864.361111  (0.12 seconds)
  LP Value  5: 865.500000  (0.17 seconds)
  LP Value  6: 866.250000  (0.21 seconds)
  LP Value  7: 867.000000  (0.28 seconds)
  LP Value  8: 867.676842  (0.34 seconds)
  LP Value  9: 868.200000  (0.39 seconds)
  LP Value 10: 868.642739  (0.45 seconds)
  LP Value 11: 869.000000  (0.50 seconds)
recomputing rownorms ...
  LP Value 12: 869.000000  (0.50 seconds)
New lower bound: 869.000000
New upperbound from x-heuristic: 869.00
Final lower bound 869.000000, upper bound 869.000000
Exact lower bound: 869.000000
DIFF: 0.000000
Final LP has 250 rows, 390 columns, 3366 nonzeros
Optimal Solution: 869.00
Number of bbnodes: 1
Total Running Time: 0.63 (seconds)

Standard Error:
