Standard Output:
./concorde -o /home/chongjiu/concorde_test/solution/random111.sol /home/chongjiu/concorde_test/mat/random111.tsp
Host: ubuntu  Current process id: 1988151
Using random seed 1733472858
Problem Name: random111
Problem Type: TSP
Number of Nodes: 111
Explicit Lengths (CC_MATRIXNORM)
Set initial upperbound to 811 (from tour)
  LP Value  1: 775.000000  (0.00 seconds)
  LP Value  2: 805.678571  (0.01 seconds)
  LP Value  3: 809.000000  (0.03 seconds)
  LP Value  4: 811.000000  (0.04 seconds)
recomputing rownorms ...
  LP Value  5: 811.000000  (0.04 seconds)
New lower bound: 811.000000
Final lower bound 811.000000, upper bound 811.000000
Exact lower bound: 811.000000
DIFF: 0.000000
Final LP has 172 rows, 308 columns, 1394 nonzeros
Optimal Solution: 811.00
Number of bbnodes: 1
Total Running Time: 0.10 (seconds)

Standard Error:
