Standard Output:
./concorde -o /home/chongjiu/concorde_test/solution/random38.sol /home/chongjiu/concorde_test/mat/random38.tsp
Host: ubuntu  Current process id: 1987712
Using random seed 1733472851
Problem Name: random38
Problem Type: TSP
Number of Nodes: 38
Explicit Lengths (CC_MATRIXNORM)
Set initial upperbound to 483 (from tour)
  LP Value  1: 468.500000  (0.00 seconds)
  LP Value  2: 482.666667  (0.00 seconds)
  LP Value  3: 483.000000  (0.00 seconds)
New lower bound: 483.000000
Final lower bound 483.000000, upper bound 483.000000
Exact lower bound: 483.000000
DIFF: 0.000000
Final LP has 47 rows, 97 columns, 259 nonzeros
Optimal Solution: 483.00
Number of bbnodes: 1
Total Running Time: 0.02 (seconds)

Standard Error:
