Standard Output:
./concorde -o /home/chongjiu/concorde_test/solution/random88.sol /home/chongjiu/concorde_test/mat/random88.tsp
Host: ubuntu  Current process id: 1987931
Using random seed 1733472853
Problem Name: random88
Problem Type: TSP
Number of Nodes: 88
Explicit Lengths (CC_MATRIXNORM)
Set initial upperbound to 734 (from tour)
  LP Value  1: 691.500000  (0.00 seconds)
  LP Value  2: 716.125000  (0.02 seconds)
  LP Value  3: 731.041667  (0.06 seconds)
  LP Value  4: 731.500000  (0.08 seconds)
  LP Value  5: 732.297101  (0.10 seconds)
  LP Value  6: 733.000000  (0.12 seconds)
  LP Value  7: 733.491071  (0.16 seconds)
  LP Value  8: 734.000000  (0.18 seconds)
New lower bound: 734.000000
Final lower bound 734.000000, upper bound 734.000000
Exact lower bound: 734.000000
DIFF: 0.000000
Final LP has 211 rows, 236 columns, 4585 nonzeros
Optimal Solution: 734.00
Number of bbnodes: 1
Total Running Time: 0.22 (seconds)

Standard Error:
