Standard Output:
./concorde -o /home/chongjiu/concorde_test/solution/random142.sol /home/chongjiu/concorde_test/mat/random142.tsp
Host: ubuntu  Current process id: 1988849
Using random seed 1733472875
Problem Name: random142
Problem Type: TSP
Number of Nodes: 142
Explicit Lengths (CC_MATRIXNORM)
Set initial upperbound to 910 (from tour)
  LP Value  1: 869.500000  (0.01 seconds)
  LP Value  2: 899.000000  (0.02 seconds)
  LP Value  3: 901.625000  (0.05 seconds)
  LP Value  4: 906.215501  (0.08 seconds)
  LP Value  5: 907.000000  (0.10 seconds)
  LP Value  6: 909.218750  (0.14 seconds)
  LP Value  7: 909.500000  (0.17 seconds)
  LP Value  8: 909.699336  (0.25 seconds)
  LP Value  9: 910.000000  (0.29 seconds)
  LP Value 10: 910.000000  (0.33 seconds)
New lower bound: 910.000000
Final lower bound 910.000000, upper bound 910.000000
Exact lower bound: 910.000000
DIFF: 0.000000
Final LP has 246 rows, 406 columns, 3179 nonzeros
Optimal Solution: 910.00
Number of bbnodes: 1
Total Running Time: 0.42 (seconds)

Standard Error:
