Standard Output:
./concorde -o /home/chongjiu/concorde_test/solution/random84.sol /home/chongjiu/concorde_test/mat/random84.tsp
Host: ubuntu  Current process id: 1987911
Using random seed 1733472853
Problem Name: random84
Problem Type: TSP
Number of Nodes: 84
Explicit Lengths (CC_MATRIXNORM)
Set initial upperbound to 711 (from tour)
  LP Value  1: 689.250000  (0.01 seconds)
  LP Value  2: 706.000000  (0.03 seconds)
  LP Value  3: 710.575301  (0.04 seconds)
  LP Value  4: 711.000000  (0.04 seconds)
New lower bound: 711.000000
Final lower bound 711.000000, upper bound 711.000000
Exact lower bound: 711.000000
DIFF: 0.000000
Final LP has 123 rows, 265 columns, 1686 nonzeros
Optimal Solution: 711.00
Number of bbnodes: 1
Total Running Time: 0.09 (seconds)

Standard Error:
