Standard Output:
./concorde -o /home/chongjiu/concorde_test/solution/random175.sol /home/chongjiu/concorde_test/mat/random175.tsp
Host: ubuntu  Current process id: 1989682
Using random seed 1733472895
Problem Name: random175
Problem Type: TSP
Number of Nodes: 175
Explicit Lengths (CC_MATRIXNORM)
Set initial upperbound to 1041 (from tour)
  LP Value  1: 1008.000000  (0.01 seconds)
  LP Value  2: 1023.500000  (0.03 seconds)
  LP Value  3: 1036.000000  (0.06 seconds)
  LP Value  4: 1038.166667  (0.10 seconds)
  LP Value  5: 1039.590909  (0.15 seconds)
  LP Value  6: 1040.000000  (0.24 seconds)
  LP Value  7: 1040.325000  (0.28 seconds)
  LP Value  8: 1040.490909  (0.31 seconds)
  LP Value  9: 1040.875000  (0.35 seconds)
  LP Value 10: 1041.000000  (0.43 seconds)
New lower bound: 1041.000000
Final lower bound 1041.000000, upper bound 1041.000000
Exact lower bound: 1041.000000
DIFF: 0.000000
Final LP has 277 rows, 460 columns, 3824 nonzeros
Optimal Solution: 1041.00
Number of bbnodes: 1
Total Running Time: 0.55 (seconds)

Standard Error:
