Standard Output:
./concorde -o /home/chongjiu/concorde_test/solution/random61.sol /home/chongjiu/concorde_test/mat/random61.tsp
Host: ubuntu  Current process id: 1987811
Using random seed 1733472851
Problem Name: random61
Problem Type: TSP
Number of Nodes: 61
Explicit Lengths (CC_MATRIXNORM)
Set initial upperbound to 628 (from tour)
  LP Value  1: 602.500000  (0.00 seconds)
  LP Value  2: 624.000000  (0.01 seconds)
  LP Value  3: 626.500000  (0.01 seconds)
  LP Value  4: 627.500000  (0.01 seconds)
  LP Value  5: 628.000000  (0.01 seconds)
New lower bound: 628.000000
Final lower bound 628.000000, upper bound 628.000000
Exact lower bound: 628.000000
DIFF: 0.000000
Final LP has 90 rows, 150 columns, 661 nonzeros
Optimal Solution: 628.00
Number of bbnodes: 1
Total Running Time: 0.04 (seconds)

Standard Error:
