Standard Output:
./concorde -o /home/chongjiu/concorde_test/solution/random116.sol /home/chongjiu/concorde_test/mat/random116.tsp
Host: ubuntu  Current process id: 1988197
Using random seed 1733472859
Problem Name: random116
Problem Type: TSP
Number of Nodes: 116
Explicit Lengths (CC_MATRIXNORM)
Set initial upperbound to 829 (from tour)
  LP Value  1: 789.000000  (0.00 seconds)
  LP Value  2: 825.000000  (0.01 seconds)
  LP Value  3: 827.000000  (0.01 seconds)
  LP Value  4: 828.000000  (0.02 seconds)
  LP Value  5: 829.000000  (0.02 seconds)
New lower bound: 829.000000
Final lower bound 829.000000, upper bound 829.000000
Exact lower bound: 829.000000
DIFF: 0.000000
Final LP has 148 rows, 332 columns, 1145 nonzeros
Optimal Solution: 829.00
Number of bbnodes: 1
Total Running Time: 0.09 (seconds)

Standard Error:
