Standard Output:
./concorde -o /home/chongjiu/concorde_test/solution/random59.sol /home/chongjiu/concorde_test/mat/random59.tsp
Host: ubuntu  Current process id: 1987805
Using random seed 1733472851
Problem Name: random59
Problem Type: TSP
Number of Nodes: 59
Explicit Lengths (CC_MATRIXNORM)
Set initial upperbound to 601 (from tour)
  LP Value  1: 566.500000  (0.00 seconds)
  LP Value  2: 600.000000  (0.01 seconds)
  LP Value  3: 601.000000  (0.01 seconds)
New lower bound: 601.000000
Final lower bound 601.000000, upper bound 601.000000
Exact lower bound: 601.000000
DIFF: 0.000000
Final LP has 82 rows, 221 columns, 1187 nonzeros
Optimal Solution: 601.00
Number of bbnodes: 1
Total Running Time: 0.04 (seconds)

Standard Error:
