Standard Output:
./concorde -o /home/chongjiu/concorde_test/solution/random146.sol /home/chongjiu/concorde_test/mat/random146.tsp
Host: ubuntu  Current process id: 1988918
Using random seed 1733472876
Problem Name: random146
Problem Type: TSP
Number of Nodes: 146
Explicit Lengths (CC_MATRIXNORM)
Set initial upperbound to 926 (from tour)
  LP Value  1: 909.375000  (0.02 seconds)
  LP Value  2: 919.000000  (0.05 seconds)
  LP Value  3: 923.511364  (0.06 seconds)
  LP Value  4: 925.073171  (0.10 seconds)
  LP Value  5: 925.370651  (0.15 seconds)
  LP Value  6: 925.603125  (0.21 seconds)
  LP Value  7: 925.714286  (0.32 seconds)
  LP Value  8: 925.714286  (0.37 seconds)
New lower bound: 925.714286
Final lower bound 925.714286, upper bound 926.000000
Exact lower bound: 925.714286
DIFF: 0.000000
Final LP has 214 rows, 367 columns, 2220 nonzeros
Optimal Solution: 926.00
Number of bbnodes: 1
Total Running Time: 0.50 (seconds)

Standard Error:
