Standard Output:
./concorde -o /home/chongjiu/concorde_test/solution/random114.sol /home/chongjiu/concorde_test/mat/random114.tsp
Host: ubuntu  Current process id: 1988173
Using random seed 1733472859
Problem Name: random114
Problem Type: TSP
Number of Nodes: 114
Explicit Lengths (CC_MATRIXNORM)
Set initial upperbound to 805 (from tour)
  LP Value  1: 759.333333  (0.02 seconds)
  LP Value  2: 797.125000  (0.04 seconds)
  LP Value  3: 803.250000  (0.07 seconds)
  LP Value  4: 803.750000  (0.10 seconds)
  LP Value  5: 804.196078  (0.12 seconds)
  LP Value  6: 804.517241  (0.16 seconds)
  LP Value  7: 804.666667  (0.18 seconds)
  LP Value  8: 805.000000  (0.22 seconds)
New lower bound: 805.000000
Final lower bound 805.000000, upper bound 805.000000
Exact lower bound: 805.000000
DIFF: 0.000000
Final LP has 207 rows, 348 columns, 5157 nonzeros
Optimal Solution: 805.00
Number of bbnodes: 1
Total Running Time: 0.29 (seconds)

Standard Error:
