Standard Output:
./concorde -o /home/chongjiu/concorde_test/solution/random184.sol /home/chongjiu/concorde_test/mat/random184.tsp
Host: ubuntu  Current process id: 1989895
Using random seed 1733472900
Problem Name: random184
Problem Type: TSP
Number of Nodes: 184
Explicit Lengths (CC_MATRIXNORM)
Set initial upperbound to 1023 (from tour)
  LP Value  1: 989.000000  (0.03 seconds)
  LP Value  2: 1018.666667  (0.07 seconds)
  LP Value  3: 1023.000000  (0.09 seconds)
New lower bound: 1023.000000
Final lower bound 1023.000000, upper bound 1023.000000
Exact lower bound: 1023.000000
DIFF: 0.000000
Final LP has 260 rows, 474 columns, 3090 nonzeros
Optimal Solution: 1023.00
Number of bbnodes: 1
Total Running Time: 0.21 (seconds)

Standard Error:
