Standard Output:
./concorde -o /home/chongjiu/concorde_test/solution/random128.sol /home/chongjiu/concorde_test/mat/random128.tsp
Host: ubuntu  Current process id: 1988510
Using random seed 1733472867
Problem Name: random128
Problem Type: TSP
Number of Nodes: 128
Explicit Lengths (CC_MATRIXNORM)
Set initial upperbound to 850 (from tour)
  LP Value  1: 807.000000  (0.01 seconds)
  LP Value  2: 835.708333  (0.05 seconds)
  LP Value  3: 846.000000  (0.08 seconds)
  LP Value  4: 847.000000  (0.10 seconds)
  LP Value  5: 848.027778  (0.15 seconds)
  LP Value  6: 849.000000  (0.18 seconds)
  LP Value  7: 849.297763  (0.30 seconds)
  LP Value  8: 849.500000  (0.35 seconds)
  LP Value  9: 849.718182  (0.81 seconds)
  LP Value 10: 849.750000  (0.91 seconds)
  LP Value 11: 849.827396  (0.98 seconds)
  LP Value 12: 850.000000  (1.00 seconds)
recomputing rownorms ...
  LP Value 13: 850.000000  (1.00 seconds)
New lower bound: 850.000000
Final lower bound 850.000000, upper bound 850.000000
Exact lower bound: 850.000000
DIFF: 0.000000
Final LP has 217 rows, 379 columns, 2800 nonzeros
Optimal Solution: 850.00
Number of bbnodes: 1
Total Running Time: 1.10 (seconds)

Standard Error:
