Standard Output:
./concorde -o /home/chongjiu/concorde_test/solution/random148.sol /home/chongjiu/concorde_test/mat/random148.tsp
Host: ubuntu  Current process id: 1988985
Using random seed 1733472878
Problem Name: random148
Problem Type: TSP
Number of Nodes: 148
Explicit Lengths (CC_MATRIXNORM)
Set initial upperbound to 957 (from tour)
  LP Value  1: 919.500000  (0.01 seconds)
  LP Value  2: 950.500000  (0.02 seconds)
  LP Value  3: 955.500000  (0.07 seconds)
  LP Value  4: 957.000000  (0.09 seconds)
  LP Value  5: 957.000000  (0.09 seconds)
New lower bound: 957.000000
Final lower bound 957.000000, upper bound 957.000000
Exact lower bound: 957.000000
DIFF: 0.000000
Final LP has 209 rows, 375 columns, 1606 nonzeros
Optimal Solution: 957.00
Number of bbnodes: 1
Total Running Time: 0.19 (seconds)

Standard Error:
