Standard Output:
./concorde -o /home/chongjiu/concorde_test/solution/random199.sol /home/chongjiu/concorde_test/mat/random199.tsp
Host: ubuntu  Current process id: 1990312
Using random seed 1733472910
Problem Name: random199
Problem Type: TSP
Number of Nodes: 199
Explicit Lengths (CC_MATRIXNORM)
Set initial upperbound to 1083 (from tour)
  LP Value  1: 1037.000000  (0.01 seconds)
  LP Value  2: 1072.500000  (0.07 seconds)
  LP Value  3: 1076.727273  (0.15 seconds)
  LP Value  4: 1077.500000  (0.20 seconds)
  LP Value  5: 1077.952381  (0.25 seconds)
  LP Value  6: 1078.529412  (0.30 seconds)
  LP Value  7: 1078.823529  (0.39 seconds)
  LP Value  8: 1079.000000  (0.46 seconds)
  LP Value  9: 1079.307493  (0.68 seconds)
  LP Value 10: 1079.629032  (0.74 seconds)
  LP Value 11: 1079.834715  (0.94 seconds)
  LP Value 12: 1079.958188  (1.13 seconds)
  LP Value 13: 1080.099743  (1.30 seconds)
  LP Value 14: 1080.182508  (1.62 seconds)
  LP Value 15: 1080.295766  (1.89 seconds)
  LP Value 16: 1080.348713  (2.12 seconds)
  LP Value 17: 1080.385994  (2.33 seconds)
  LP Value 18: 1080.500000  (2.52 seconds)
  LP Value 19: 1080.500410  (2.71 seconds)
New lower bound: 1080.500410
Final lower bound 1080.500410, upper bound 1083.000000
Exact lower bound: 1080.500410
DIFF: 0.000000
Time for Total: 2.74 seconds (2.74 total in 1 calls)
Final LP has 354 rows, 483 columns, 7390 nonzeros
LOWER BOUND: 1080.500410   ACTIVE NODES: 1

Task 0: Branching on node 0
BBnode 0 split into 1 (1080.79) 2 (1080.78) (0.27 seconds)
LOWER BOUND: 1080.782609   ACTIVE NODES: 2

Task 1: Cutting on node 2
New upperbound from x-heuristic: 1082.00
TOUR FOUND - upperbound is 1082.00
Writing Pool: 511 cuts
BBnode 2 (now 3) can be pruned: upperbound 1082.00 (0.31 seconds)
LOWER BOUND: 1080.787456   ACTIVE NODES: 1

Task 2: Cutting on node 1
Writing Pool: 578 cuts
BBnode 1 (now 4) can be pruned: upperbound 1082.00 (0.22 seconds)

Task 3: Exit
Optimal Solution: 1082.00
Number of bbnodes: 3
Total Running Time: 3.67 (seconds)  Branching Time: 0.80 (seconds)

Standard Error:
