Standard Output:
./concorde -o /home/chongjiu/concorde_test/solution/random159.sol /home/chongjiu/concorde_test/mat/random159.tsp
Host: ubuntu  Current process id: 1989194
Using random seed 1733472882
Problem Name: random159
Problem Type: TSP
Number of Nodes: 159
Explicit Lengths (CC_MATRIXNORM)
Set initial upperbound to 952 (from tour)
  LP Value  1: 921.500000  (0.01 seconds)
  LP Value  2: 945.000000  (0.03 seconds)
  LP Value  3: 950.312500  (0.06 seconds)
  LP Value  4: 952.000000  (0.10 seconds)
  LP Value  5: 952.000000  (0.10 seconds)
New lower bound: 951.914894
Final lower bound 951.914894, upper bound 952.000000
Exact lower bound: 951.914894
DIFF: 0.000000
Final LP has 232 rows, 384 columns, 1862 nonzeros
Optimal Solution: 952.00
Number of bbnodes: 1
Total Running Time: 0.23 (seconds)

Standard Error:
