Standard Output:
./concorde -o /home/chongjiu/concorde_test/solution/random22.sol /home/chongjiu/concorde_test/mat/random22.tsp
Host: ubuntu  Current process id: 1987672
Using random seed 1733472850
Problem Name: random22
Problem Type: TSP
Number of Nodes: 22
Explicit Lengths (CC_MATRIXNORM)
Set initial upperbound to 394 (from tour)
Basic dual change required, but no candidate edges
  LP Value  1: 372.000000  (0.00 seconds)
  LP Value  2: 389.000000  (0.00 seconds)
  LP Value  3: 394.000000  (0.00 seconds)
New lower bound: 394.000000
Final lower bound 394.000000, upper bound 394.000000
Exact lower bound: 394.000000
DIFF: 0.000000
Final LP has 31 rows, 62 columns, 215 nonzeros
Optimal Solution: 394.00
Number of bbnodes: 1
Total Running Time: 0.01 (seconds)

Standard Error:
ERROR: No dual change in basis finding code
Did not find a basic optimal solution
Fractional matching routine failed
Warning: restarting running timer Miscellaneous
No warmstart, stumbling on anyway
