Standard Output:
./concorde -o /home/chongjiu/concorde_test/solution/random193.sol /home/chongjiu/concorde_test/mat/random193.tsp
Host: ubuntu  Current process id: 1990195
Using random seed 1733472907
Problem Name: random193
Problem Type: TSP
Number of Nodes: 193
Explicit Lengths (CC_MATRIXNORM)
Set initial upperbound to 1037 (from tour)
  LP Value  1: 990.000000  (0.01 seconds)
  LP Value  2: 1019.500000  (0.04 seconds)
  LP Value  3: 1028.333333  (0.08 seconds)
  LP Value  4: 1030.871074  (0.13 seconds)
  LP Value  5: 1031.000000  (0.14 seconds)
recomputing rownorms ...
  LP Value  6: 1031.000000  (0.14 seconds)
New lower bound: 1031.000000
New upperbound from x-heuristic: 1031.00
Final lower bound 1031.000000, upper bound 1031.000000
Exact lower bound: 1031.000000
DIFF: 0.000000
Final LP has 305 rows, 534 columns, 3038 nonzeros
Optimal Solution: 1031.00
Number of bbnodes: 1
Total Running Time: 0.26 (seconds)

Standard Error:
