Standard Output:
./concorde -o /home/chongjiu/concorde_test/solution/random120.sol /home/chongjiu/concorde_test/mat/random120.tsp
Host: ubuntu  Current process id: 1988225
Using random seed 1733472860
Problem Name: random120
Problem Type: TSP
Number of Nodes: 120
Explicit Lengths (CC_MATRIXNORM)
Set initial upperbound to 829 (from tour)
  LP Value  1: 774.500000  (0.01 seconds)
  LP Value  2: 816.833333  (0.02 seconds)
  LP Value  3: 820.375000  (0.04 seconds)
  LP Value  4: 823.281250  (0.07 seconds)
  LP Value  5: 824.166667  (0.10 seconds)
  LP Value  6: 824.461648  (0.13 seconds)
  LP Value  7: 824.807018  (0.18 seconds)
  LP Value  8: 825.074074  (0.20 seconds)
  LP Value  9: 825.333333  (0.23 seconds)
  LP Value 10: 825.534247  (0.32 seconds)
  LP Value 11: 825.801593  (0.35 seconds)
  LP Value 12: 825.924545  (0.50 seconds)
  LP Value 13: 825.989831  (0.65 seconds)
  LP Value 14: 826.062500  (0.80 seconds)
  LP Value 15: 826.090909  (0.94 seconds)
  LP Value 16: 826.123288  (1.49 seconds)
  LP Value 17: 826.135714  (1.64 seconds)
New lower bound: 826.135714
Final lower bound 826.135714, upper bound 829.000000
Exact lower bound: 826.135714
DIFF: 0.000000
Time for Total: 1.65 seconds (1.65 total in 1 calls)
Final LP has 219 rows, 302 columns, 3325 nonzeros
LOWER BOUND: 826.135714   ACTIVE NODES: 1

Task 0: Branching on node 0
BBnode 0 split into 1 (827.12) 2 (827.75) (0.16 seconds)
LOWER BOUND: 827.118644   ACTIVE NODES: 2

Task 1: Cutting on node 1
New upperbound from x-heuristic: 828.00
TOUR FOUND - upperbound is 828.00
Writing Pool: 267 cuts
BBnode 1 (now 3) can be pruned: upperbound 828.00 (1.50 seconds)
LOWER BOUND: 827.750000   ACTIVE NODES: 1

Task 2: Cutting on node 2
Do not cut, the lp is within 1.0 of the upperbound
Writing Pool: 267 cuts
BBnode 2 (now 4) can be pruned: upperbound 828.00 (0.00 seconds)

Task 3: Exit
Optimal Solution: 828.00
Number of bbnodes: 3
Total Running Time: 3.40 (seconds)  Branching Time: 1.66 (seconds)

Standard Error:
