Standard Output:
./concorde -o /home/chongjiu/concorde_test/solution/random89.sol /home/chongjiu/concorde_test/mat/random89.tsp
Host: ubuntu  Current process id: 1987941
Using random seed 1733472854
Problem Name: random89
Problem Type: TSP
Number of Nodes: 89
Explicit Lengths (CC_MATRIXNORM)
Set initial upperbound to 765 (from tour)
  LP Value  1: 738.000000  (0.00 seconds)
  LP Value  2: 753.833333  (0.01 seconds)
  LP Value  3: 757.250000  (0.03 seconds)
  LP Value  4: 760.000000  (0.05 seconds)
  LP Value  5: 762.000000  (0.07 seconds)
  LP Value  6: 762.000000  (0.07 seconds)
New lower bound: 762.000000
New upperbound from x-heuristic: 762.00
Final lower bound 762.000000, upper bound 762.000000
Exact lower bound: 762.000000
DIFF: 0.000000
Final LP has 159 rows, 251 columns, 1600 nonzeros
Optimal Solution: 762.00
Number of bbnodes: 1
Total Running Time: 0.13 (seconds)

Standard Error:
