Standard Output:
./concorde -o /home/chongjiu/concorde_test/solution/random97.sol /home/chongjiu/concorde_test/mat/random97.tsp
Host: ubuntu  Current process id: 1987986
Using random seed 1733472855
Problem Name: random97
Problem Type: TSP
Number of Nodes: 97
Explicit Lengths (CC_MATRIXNORM)
Set initial upperbound to 768 (from tour)
  LP Value  1: 741.000000  (0.01 seconds)
  LP Value  2: 755.023810  (0.02 seconds)
  LP Value  3: 758.166667  (0.04 seconds)
  LP Value  4: 760.166667  (0.05 seconds)
  LP Value  5: 762.512500  (0.07 seconds)
  LP Value  6: 763.562500  (0.09 seconds)
  LP Value  7: 764.375000  (0.11 seconds)
  LP Value  8: 765.941270  (0.14 seconds)
  LP Value  9: 766.855072  (0.17 seconds)
  LP Value 10: 767.000000  (0.20 seconds)
recomputing rownorms ...
  LP Value 11: 767.000000  (0.20 seconds)
New lower bound: 767.000000
New upperbound from x-heuristic: 767.00
Final lower bound 767.000000, upper bound 767.000000
Exact lower bound: 767.000000
DIFF: 0.000000
Final LP has 178 rows, 275 columns, 2704 nonzeros
Optimal Solution: 767.00
Number of bbnodes: 1
Total Running Time: 0.26 (seconds)

Standard Error:
