Standard Output:
./concorde -o /home/chongjiu/concorde_test/solution/random155.sol /home/chongjiu/concorde_test/mat/random155.tsp
Host: ubuntu  Current process id: 1989097
Using random seed 1733472881
Problem Name: random155
Problem Type: TSP
Number of Nodes: 155
Explicit Lengths (CC_MATRIXNORM)
Set initial upperbound to 968 (from tour)
  LP Value  1: 946.500000  (0.01 seconds)
  LP Value  2: 965.583333  (0.03 seconds)
  LP Value  3: 967.433333  (0.05 seconds)
  LP Value  4: 968.000000  (0.06 seconds)
recomputing rownorms ...
  LP Value  5: 968.000000  (0.06 seconds)
New lower bound: 968.000000
Final lower bound 968.000000, upper bound 968.000000
Exact lower bound: 968.000000
DIFF: 0.000000
Final LP has 224 rows, 356 columns, 1606 nonzeros
Optimal Solution: 968.00
Number of bbnodes: 1
Total Running Time: 0.16 (seconds)

Standard Error:
