Standard Output:
./concorde -o /home/chongjiu/concorde_test/solution/random24.sol /home/chongjiu/concorde_test/mat/random24.tsp
Host: ubuntu  Current process id: 1987678
Using random seed 1733472850
Problem Name: random24
Problem Type: TSP
Number of Nodes: 24
Explicit Lengths (CC_MATRIXNORM)
Set initial upperbound to 373 (from tour)
Basic dual change required, but no candidate edges
  LP Value  1: 363.000000  (0.00 seconds)
  LP Value  2: 373.000000  (0.00 seconds)
New lower bound: 373.000000
Final lower bound 373.000000, upper bound 373.000000
Exact lower bound: 373.000000
DIFF: 0.000000
Final LP has 28 rows, 75 columns, 220 nonzeros
Optimal Solution: 373.00
Number of bbnodes: 1
Total Running Time: 0.01 (seconds)

Standard Error:
ERROR: No dual change in basis finding code
Did not find a basic optimal solution
Fractional matching routine failed
Warning: restarting running timer Miscellaneous
No warmstart, stumbling on anyway
