Standard Output:
./concorde -o /home/chongjiu/concorde_test/solution/random195.sol /home/chongjiu/concorde_test/mat/random195.tsp
Host: ubuntu  Current process id: 1990222
Using random seed 1733472908
Problem Name: random195
Problem Type: TSP
Number of Nodes: 195
Explicit Lengths (CC_MATRIXNORM)
Set initial upperbound to 1069 (from tour)
  LP Value  1: 1037.500000  (0.01 seconds)
  LP Value  2: 1060.500000  (0.04 seconds)
  LP Value  3: 1065.600000  (0.07 seconds)
  LP Value  4: 1066.733333  (0.11 seconds)
  LP Value  5: 1067.526620  (0.15 seconds)
  LP Value  6: 1067.918210  (0.19 seconds)
  LP Value  7: 1068.333333  (0.25 seconds)
  LP Value  8: 1068.674948  (0.36 seconds)
  LP Value  9: 1069.000000  (0.43 seconds)
New lower bound: 1069.000000
Final lower bound 1069.000000, upper bound 1069.000000
Exact lower bound: 1069.000000
DIFF: 0.000000
Final LP has 339 rows, 496 columns, 4815 nonzeros
Optimal Solution: 1069.00
Number of bbnodes: 1
Total Running Time: 0.56 (seconds)

Standard Error:
