Standard Output:
./concorde -o /home/chongjiu/concorde_uncomplete_graph/x10/de/solution/random101.sol /home/chongjiu/concorde_uncomplete_graph/x10/de/mat/random101.tsp
Host: ubuntu  Current process id: 3473182
Using random seed 1735574150
Problem Name: random101
Problem Type: TSP
Number of Nodes: 101
Explicit Lengths (CC_MATRIXNORM)
Set initial upperbound to 736 (from tour)
  LP Value  1: 701.833333  (0.00 seconds)
  LP Value  2: 725.642857  (0.01 seconds)
  LP Value  3: 733.500000  (0.02 seconds)
  LP Value  4: 734.375000  (0.03 seconds)
  LP Value  5: 736.000000  (0.04 seconds)
recomputing rownorms ...
  LP Value  6: 736.000000  (0.04 seconds)
New lower bound: 736.000000
Final lower bound 736.000000, upper bound 736.000000
Exact lower bound: 736.000000
DIFF: 0.000000
Final LP has 158 rows, 210 columns, 1018 nonzeros
Optimal Solution: 736.00
Number of bbnodes: 1
Total Running Time: 0.11 (seconds)

Standard Error:
