Standard Output:
./concorde -o /home/chongjiu/concorde_uncomplete_graph/x10/de/solution/random200.sol /home/chongjiu/concorde_uncomplete_graph/x10/de/mat/random200.tsp
Host: ubuntu  Current process id: 3475781
Using random seed 1735574206
Problem Name: random200
Problem Type: TSP
Number of Nodes: 200
Explicit Lengths (CC_MATRIXNORM)
Set initial upperbound to 1056 (from tour)
  LP Value  1: 1022.500000  (0.01 seconds)
  LP Value  2: 1049.285714  (0.04 seconds)
  LP Value  3: 1051.860000  (0.08 seconds)
  LP Value  4: 1053.210526  (0.13 seconds)
  LP Value  5: 1054.677778  (0.17 seconds)
  LP Value  6: 1055.115444  (0.20 seconds)
  LP Value  7: 1055.000000  (0.29 seconds)
New lower bound: 1055.000000
Final lower bound 1055.000000, upper bound 1056.000000
Exact lower bound: 1055.000000
DIFF: 0.000000
Time for Total: 0.31 seconds (0.31 total in 1 calls)
Final LP has 319 rows, 363 columns, 4281 nonzeros
LOWER BOUND: 1055.000000   ACTIVE NODES: 1

Task 0: Branching on node 0
BBnode 0 split into 1 (1055.00) 2 (1056.75X) (0.06 seconds)
Child 1 is pruned
LOWER BOUND: 1055.000000   ACTIVE NODES: 1

Task 1: Cutting on node 1
Writing Pool: 145 cuts
BBnode 1 (now 3) can be pruned: upperbound 1056.00 (0.03 seconds)

Task 2: Exit
Optimal Solution: 1056.00
Number of bbnodes: 3
Total Running Time: 0.54 (seconds)  Branching Time: 0.10 (seconds)

Standard Error:
