Standard Output:
./concorde -o /home/chongjiu/concorde_uncomplete_graph/x10/de/solution/random182.sol /home/chongjiu/concorde_uncomplete_graph/x10/de/mat/random182.tsp
Host: ubuntu  Current process id: 3475603
Using random seed 1735574188
Problem Name: random182
Problem Type: TSP
Number of Nodes: 182
Explicit Lengths (CC_MATRIXNORM)
Set initial upperbound to 1036 (from tour)
  LP Value  1: 989.000000  (0.01 seconds)
  LP Value  2: 1018.500000  (0.02 seconds)
  LP Value  3: 1029.000000  (0.04 seconds)
  LP Value  4: 1029.333333  (0.05 seconds)
  LP Value  5: 1031.125000  (0.09 seconds)
  LP Value  6: 1033.431818  (0.12 seconds)
  LP Value  7: 1033.750000  (0.15 seconds)
  LP Value  8: 1034.296551  (0.18 seconds)
  LP Value  9: 1034.500000  (0.22 seconds)
  LP Value 10: 1035.000000  (0.23 seconds)
recomputing rownorms ...
  LP Value 11: 1035.000000  (0.23 seconds)
New lower bound: 1035.000000
New upperbound from x-heuristic: 1035.00
Final lower bound 1035.000000, upper bound 1035.000000
Exact lower bound: 1035.000000
DIFF: 0.000000
Final LP has 288 rows, 399 columns, 2250 nonzeros
Optimal Solution: 1035.00
Number of bbnodes: 1
Total Running Time: 0.35 (seconds)

Standard Error:
