Standard Output:
./concorde -o /home/chongjiu/concorde_uncomplete_graph/x10/de/solution/random152.sol /home/chongjiu/concorde_uncomplete_graph/x10/de/mat/random152.tsp
Host: ubuntu  Current process id: 3473462
Using random seed 1735574171
Problem Name: random152
Problem Type: TSP
Number of Nodes: 152
Explicit Lengths (CC_MATRIXNORM)
Set initial upperbound to 973 (from tour)
  LP Value  1: 950.000000  (0.01 seconds)
  LP Value  2: 966.000000  (0.03 seconds)
  LP Value  3: 967.750000  (0.05 seconds)
  LP Value  4: 969.500000  (0.07 seconds)
  LP Value  5: 969.833333  (0.09 seconds)
  LP Value  6: 970.166667  (0.11 seconds)
  LP Value  7: 970.472973  (0.16 seconds)
  LP Value  8: 970.545455  (0.21 seconds)
  LP Value  9: 970.714286  (0.23 seconds)
  LP Value 10: 971.000000  (0.25 seconds)
  LP Value 11: 971.523810  (0.26 seconds)
  LP Value 12: 971.719697  (0.38 seconds)
  LP Value 13: 972.000000  (0.41 seconds)
recomputing rownorms ...
  LP Value 14: 972.000000  (0.41 seconds)
New lower bound: 972.000000
New upperbound from x-heuristic: 972.00
Final lower bound 972.000000, upper bound 972.000000
Exact lower bound: 972.000000
DIFF: 0.000000
Final LP has 240 rows, 335 columns, 2161 nonzeros
Optimal Solution: 972.00
Number of bbnodes: 1
Total Running Time: 0.51 (seconds)

Standard Error:
