Standard Output:
./concorde -o /home/chongjiu/concorde_uncomplete_graph/x10/de/solution/random100.sol /home/chongjiu/concorde_uncomplete_graph/x10/de/mat/random100.tsp
Host: ubuntu  Current process id: 3473180
Using random seed 1735574150
Problem Name: random100
Problem Type: TSP
Number of Nodes: 100
Explicit Lengths (CC_MATRIXNORM)
Set initial upperbound to 763 (from tour)
  LP Value  1: 710.500000  (0.01 seconds)
  LP Value  2: 755.000000  (0.02 seconds)
  LP Value  3: 758.000000  (0.03 seconds)
  LP Value  4: 762.533333  (0.04 seconds)
  LP Value  5: 763.000000  (0.04 seconds)
recomputing rownorms ...
  LP Value  6: 763.000000  (0.04 seconds)
New lower bound: 763.000000
Final lower bound 763.000000, upper bound 763.000000
Exact lower bound: 763.000000
DIFF: 0.000000
Final LP has 162 rows, 228 columns, 1232 nonzeros
Optimal Solution: 763.00
Number of bbnodes: 1
Total Running Time: 0.10 (seconds)

Standard Error:
