Standard Output:
./concorde -o /home/chongjiu/concorde_uncomplete_graph/x10/de/solution/random185.sol /home/chongjiu/concorde_uncomplete_graph/x10/de/mat/random185.tsp
Host: ubuntu  Current process id: 3475621
Using random seed 1735574190
Problem Name: random185
Problem Type: TSP
Number of Nodes: 185
Explicit Lengths (CC_MATRIXNORM)
Set initial upperbound to 1007 (from tour)
  LP Value  1: 987.500000  (0.02 seconds)
  LP Value  2: 1004.750000  (0.05 seconds)
  LP Value  3: 1006.000000  (0.07 seconds)
  LP Value  4: 1006.333333  (0.09 seconds)
  LP Value  5: 1006.500000  (0.11 seconds)
  LP Value  6: 1007.000000  (0.14 seconds)
  LP Value  7: 1007.000000  (0.14 seconds)
New lower bound: 1007.000000
Final lower bound 1007.000000, upper bound 1007.000000
Exact lower bound: 1007.000000
DIFF: 0.000000
Final LP has 276 rows, 386 columns, 1703 nonzeros
Optimal Solution: 1007.00
Number of bbnodes: 1
Total Running Time: 0.24 (seconds)

Standard Error:
