Standard Output:
./concorde -o /home/chongjiu/concorde_uncomplete_graph/x10/de/solution/random38.sol /home/chongjiu/concorde_uncomplete_graph/x10/de/mat/random38.tsp
Host: ubuntu  Current process id: 3473025
Using random seed 1735574145
Problem Name: random38
Problem Type: TSP
Number of Nodes: 38
Explicit Lengths (CC_MATRIXNORM)
Set initial upperbound to 483 (from tour)
  LP Value  1: 464.500000  (0.00 seconds)
  LP Value  2: 478.500000  (0.00 seconds)
  LP Value  3: 483.000000  (0.00 seconds)
New lower bound: 483.000000
Final lower bound 483.000000, upper bound 483.000000
Exact lower bound: 483.000000
DIFF: 0.000000
Final LP has 47 rows, 73 columns, 189 nonzeros
Optimal Solution: 483.00
Number of bbnodes: 1
Total Running Time: 0.02 (seconds)

Standard Error:
