Standard Output:
./concorde -o /home/chongjiu/concorde_uncomplete_graph/x10/de/solution/random30.sol /home/chongjiu/concorde_uncomplete_graph/x10/de/mat/random30.tsp
Host: ubuntu  Current process id: 3473009
Using random seed 1735574145
Problem Name: random30
Problem Type: TSP
Number of Nodes: 30
Explicit Lengths (CC_MATRIXNORM)
Set initial upperbound to 470 (from tour)
  LP Value  1: 462.500000  (0.00 seconds)
  LP Value  2: 468.500000  (0.00 seconds)
  LP Value  3: 470.000000  (0.00 seconds)
New lower bound: 470.000000
Final lower bound 470.000000, upper bound 470.000000
Exact lower bound: 470.000000
DIFF: 0.000000
Final LP has 36 rows, 62 columns, 170 nonzeros
Optimal Solution: 470.00
Number of bbnodes: 1
Total Running Time: 0.01 (seconds)

Standard Error:
