Standard Output:
./concorde -o /home/chongjiu/concorde_uncomplete_graph/x10/de/solution/random174.sol /home/chongjiu/concorde_uncomplete_graph/x10/de/mat/random174.tsp
Host: ubuntu  Current process id: 3475549
Using random seed 1735574184
Problem Name: random174
Problem Type: TSP
Number of Nodes: 174
Explicit Lengths (CC_MATRIXNORM)
Set initial upperbound to 1029 (from tour)
  LP Value  1: 1019.000000  (0.01 seconds)
  LP Value  2: 1024.312500  (0.03 seconds)
  LP Value  3: 1024.800000  (0.04 seconds)
  LP Value  4: 1025.000000  (0.06 seconds)
  LP Value  5: 1025.200000  (0.07 seconds)
  LP Value  6: 1026.632653  (0.10 seconds)
  LP Value  7: 1027.000000  (0.14 seconds)
  LP Value  8: 1027.000000  (0.17 seconds)
New lower bound: 1027.000000
New upperbound from x-heuristic: 1027.00
Final lower bound 1027.000000, upper bound 1027.000000
Exact lower bound: 1027.000000
DIFF: 0.000000
Final LP has 277 rows, 349 columns, 2613 nonzeros
Optimal Solution: 1027.00
Number of bbnodes: 1
Total Running Time: 0.28 (seconds)

Standard Error:
