Standard Output:
./concorde -o /home/chongjiu/concorde_uncomplete_graph/x10/de/solution/random146.sol /home/chongjiu/concorde_uncomplete_graph/x10/de/mat/random146.tsp
Host: ubuntu  Current process id: 3473417
Using random seed 1735574169
Problem Name: random146
Problem Type: TSP
Number of Nodes: 146
Explicit Lengths (CC_MATRIXNORM)
Set initial upperbound to 926 (from tour)
  LP Value  1: 897.500000  (0.01 seconds)
  LP Value  2: 920.000000  (0.02 seconds)
  LP Value  3: 925.250000  (0.04 seconds)
  LP Value  4: 926.000000  (0.05 seconds)
New lower bound: 926.000000
Final lower bound 926.000000, upper bound 926.000000
Exact lower bound: 926.000000
DIFF: 0.000000
Final LP has 196 rows, 294 columns, 1544 nonzeros
Optimal Solution: 926.00
Number of bbnodes: 1
Total Running Time: 0.15 (seconds)

Standard Error:
