Standard Output:
./concorde -o /home/chongjiu/concorde_uncomplete_graph/x10/de/solution/random137.sol /home/chongjiu/concorde_uncomplete_graph/x10/de/mat/random137.tsp
Host: ubuntu  Current process id: 3473367
Using random seed 1735574164
Problem Name: random137
Problem Type: TSP
Number of Nodes: 137
Explicit Lengths (CC_MATRIXNORM)
Set initial upperbound to 912 (from tour)
  LP Value  1: 888.500000  (0.01 seconds)
  LP Value  2: 903.000000  (0.03 seconds)
  LP Value  3: 906.693069  (0.05 seconds)
  LP Value  4: 908.125000  (0.08 seconds)
  LP Value  5: 909.000000  (0.09 seconds)
  LP Value  6: 909.259259  (0.13 seconds)
  LP Value  7: 909.555556  (0.14 seconds)
  LP Value  8: 909.871212  (0.17 seconds)
  LP Value  9: 910.148148  (0.19 seconds)
  LP Value 10: 910.428571  (0.23 seconds)
  LP Value 11: 910.545455  (0.28 seconds)
  LP Value 12: 910.823529  (0.31 seconds)
  LP Value 13: 910.889831  (0.53 seconds)
  LP Value 14: 910.916667  (2.00 seconds)
  LP Value 15: 910.918367  (2.07 seconds)
New lower bound: 910.918367
Final lower bound 910.918367, upper bound 912.000000
Exact lower bound: 910.918367
DIFF: 0.000000
Time for Total: 2.08 seconds (2.08 total in 1 calls)
Final LP has 221 rows, 257 columns, 2044 nonzeros
LOWER BOUND: 910.918367   ACTIVE NODES: 1

Task 0: Branching on node 0
BBnode 0 split into 1 (912.00X) 2 (911.67X) (0.09 seconds)
Child 0 is pruned
Child 1 is pruned

Task 1: Exit
Optimal Solution: 912.00
Number of bbnodes: 3
Total Running Time: 2.24 (seconds)  Branching Time: 0.09 (seconds)

Standard Error:
