Standard Output:
./concorde -o /home/chongjiu/concorde_uncomplete_graph/x10/de/solution/random82.sol /home/chongjiu/concorde_uncomplete_graph/x10/de/mat/random82.tsp
Host: ubuntu  Current process id: 3473132
Using random seed 1735574148
Problem Name: random82
Problem Type: TSP
Number of Nodes: 82
Explicit Lengths (CC_MATRIXNORM)
Set initial upperbound to 727 (from tour)
  LP Value  1: 691.500000  (0.00 seconds)
  LP Value  2: 724.000000  (0.01 seconds)
  LP Value  3: 727.000000  (0.01 seconds)
New lower bound: 727.000000
Final lower bound 727.000000, upper bound 727.000000
Exact lower bound: 727.000000
DIFF: 0.000000
Final LP has 123 rows, 181 columns, 1120 nonzeros
Optimal Solution: 727.00
Number of bbnodes: 1
Total Running Time: 0.06 (seconds)

Standard Error:
