Standard Output:
./concorde -o /home/chongjiu/concorde_uncomplete_graph/x10/de/solution/random102.sol /home/chongjiu/concorde_uncomplete_graph/x10/de/mat/random102.tsp
Host: ubuntu  Current process id: 3473184
Using random seed 1735574150
Problem Name: random102
Problem Type: TSP
Number of Nodes: 102
Explicit Lengths (CC_MATRIXNORM)
Set initial upperbound to 797 (from tour)
  LP Value  1: 776.500000  (0.00 seconds)
  LP Value  2: 793.000000  (0.00 seconds)
  LP Value  3: 796.833333  (0.01 seconds)
  LP Value  4: 797.000000  (0.01 seconds)
New lower bound: 797.000000
Final lower bound 797.000000, upper bound 797.000000
Exact lower bound: 797.000000
DIFF: 0.000000
Final LP has 128 rows, 210 columns, 605 nonzeros
Optimal Solution: 797.00
Number of bbnodes: 1
Total Running Time: 0.06 (seconds)

Standard Error:
