Standard Output:
./concorde -o /home/chongjiu/concorde_uncomplete_graph/x10/de/solution/random63.sol /home/chongjiu/concorde_uncomplete_graph/x10/de/mat/random63.tsp
Host: ubuntu  Current process id: 3473089
Using random seed 1735574146
Problem Name: random63
Problem Type: TSP
Number of Nodes: 63
Explicit Lengths (CC_MATRIXNORM)
Set initial upperbound to 652 (from tour)
  LP Value  1: 625.000000  (0.00 seconds)
  LP Value  2: 651.500000  (0.00 seconds)
  LP Value  3: 651.500000  (0.00 seconds)
  LP Value  4: 652.000000  (0.00 seconds)
New lower bound: 652.000000
Final lower bound 652.000000, upper bound 652.000000
Exact lower bound: 652.000000
DIFF: 0.000000
Final LP has 73 rows, 128 columns, 329 nonzeros
Optimal Solution: 652.00
Number of bbnodes: 1
Total Running Time: 0.02 (seconds)

Standard Error:
