Standard Output:
./concorde -o /home/chongjiu/concorde_uncomplete_graph/x10/de/solution/random140.sol /home/chongjiu/concorde_uncomplete_graph/x10/de/mat/random140.tsp
Host: ubuntu  Current process id: 3473396
Using random seed 1735574167
Problem Name: random140
Problem Type: TSP
Number of Nodes: 140
Explicit Lengths (CC_MATRIXNORM)
Set initial upperbound to 890 (from tour)
  LP Value  1: 866.000000  (0.01 seconds)
  LP Value  2: 881.225000  (0.03 seconds)
  LP Value  3: 885.973333  (0.05 seconds)
  LP Value  4: 888.296460  (0.09 seconds)
  LP Value  5: 889.351598  (0.11 seconds)
  LP Value  6: 889.553719  (0.14 seconds)
  LP Value  7: 889.716228  (0.18 seconds)
  LP Value  8: 889.882817  (0.29 seconds)
  LP Value  9: 890.000000  (0.32 seconds)
  LP Value 10: 890.000000  (0.37 seconds)
New lower bound: 890.000000
Final lower bound 890.000000, upper bound 890.000000
Exact lower bound: 890.000000
DIFF: 0.000000
Final LP has 248 rows, 325 columns, 2629 nonzeros
Optimal Solution: 890.00
Number of bbnodes: 1
Total Running Time: 0.45 (seconds)

Standard Error:
