Standard Output:
./concorde -o /home/chongjiu/concorde_uncomplete_graph/x10/de/solution/random87.sol /home/chongjiu/concorde_uncomplete_graph/x10/de/mat/random87.tsp
Host: ubuntu  Current process id: 3473151
Using random seed 1735574148
Problem Name: random87
Problem Type: TSP
Number of Nodes: 87
Explicit Lengths (CC_MATRIXNORM)
Set initial upperbound to 739 (from tour)
  LP Value  1: 669.000000  (0.00 seconds)
  LP Value  2: 728.750000  (0.01 seconds)
  LP Value  3: 739.000000  (0.02 seconds)
New lower bound: 739.000000
Final lower bound 739.000000, upper bound 739.000000
Exact lower bound: 739.000000
DIFF: 0.000000
Final LP has 132 rows, 191 columns, 1561 nonzeros
Optimal Solution: 739.00
Number of bbnodes: 1
Total Running Time: 0.06 (seconds)

Standard Error:
