Standard Output:
./concorde -o /home/chongjiu/concorde_uncomplete_graph/x10/de/solution/random49.sol /home/chongjiu/concorde_uncomplete_graph/x10/de/mat/random49.tsp
Host: ubuntu  Current process id: 3473047
Using random seed 1735574146
Problem Name: random49
Problem Type: TSP
Number of Nodes: 49
Explicit Lengths (CC_MATRIXNORM)
Set initial upperbound to 584 (from tour)
  LP Value  1: 548.500000  (0.00 seconds)
  LP Value  2: 578.055556  (0.00 seconds)
  LP Value  3: 582.117647  (0.01 seconds)
  LP Value  4: 584.000000  (0.01 seconds)
New lower bound: 584.000000
Final lower bound 584.000000, upper bound 584.000000
Exact lower bound: 584.000000
DIFF: 0.000000
Final LP has 82 rows, 101 columns, 731 nonzeros
Optimal Solution: 584.00
Number of bbnodes: 1
Total Running Time: 0.03 (seconds)

Standard Error:
