Standard Output:
./concorde -o /home/chongjiu/concorde_uncomplete_graph/x10/de/solution/random156.sol /home/chongjiu/concorde_uncomplete_graph/x10/de/mat/random156.tsp
Host: ubuntu  Current process id: 3473608
Using random seed 1735574172
Problem Name: random156
Problem Type: TSP
Number of Nodes: 156
Explicit Lengths (CC_MATRIXNORM)
Set initial upperbound to 971 (from tour)
  LP Value  1: 946.500000  (0.01 seconds)
  LP Value  2: 960.500000  (0.03 seconds)
  LP Value  3: 962.700000  (0.04 seconds)
  LP Value  4: 963.000000  (0.05 seconds)
recomputing rownorms ...
  LP Value  5: 963.000000  (0.05 seconds)
New lower bound: 963.000000
New upperbound from x-heuristic: 963.00
Final lower bound 963.000000, upper bound 963.000000
Exact lower bound: 963.000000
DIFF: 0.000000
Final LP has 213 rows, 334 columns, 1235 nonzeros
Optimal Solution: 963.00
Number of bbnodes: 1
Total Running Time: 0.15 (seconds)

Standard Error:
