Standard Output:
./concorde -o /home/chongjiu/concorde_uncomplete_graph/x10/de/solution/random186.sol /home/chongjiu/concorde_uncomplete_graph/x10/de/mat/random186.tsp
Host: ubuntu  Current process id: 3475623
Using random seed 1735574190
Problem Name: random186
Problem Type: TSP
Number of Nodes: 186
Explicit Lengths (CC_MATRIXNORM)
Set initial upperbound to 1043 (from tour)
  LP Value  1: 1026.500000  (0.01 seconds)
  LP Value  2: 1039.000000  (0.03 seconds)
  LP Value  3: 1040.100000  (0.04 seconds)
  LP Value  4: 1042.000000  (0.06 seconds)
recomputing rownorms ...
  LP Value  5: 1042.000000  (0.06 seconds)
New lower bound: 1042.000000
New upperbound from x-heuristic: 1042.00
Final lower bound 1042.000000, upper bound 1042.000000
Exact lower bound: 1042.000000
DIFF: 0.000000
Final LP has 259 rows, 399 columns, 1711 nonzeros
Optimal Solution: 1042.00
Number of bbnodes: 1
Total Running Time: 0.17 (seconds)

Standard Error:
