Standard Output:
./concorde -o /home/chongjiu/concorde_uncomplete_graph/x10/de/solution/random73.sol /home/chongjiu/concorde_uncomplete_graph/x10/de/mat/random73.tsp
Host: ubuntu  Current process id: 3473109
Using random seed 1735574147
Problem Name: random73
Problem Type: TSP
Number of Nodes: 73
Explicit Lengths (CC_MATRIXNORM)
Set initial upperbound to 727 (from tour)
  LP Value  1: 711.000000  (0.00 seconds)
  LP Value  2: 723.325243  (0.01 seconds)
  LP Value  3: 724.720000  (0.01 seconds)
  LP Value  4: 725.123967  (0.02 seconds)
  LP Value  5: 725.346154  (0.02 seconds)
  LP Value  6: 726.461538  (0.03 seconds)
  LP Value  7: 726.680556  (0.04 seconds)
  LP Value  8: 726.857143  (0.05 seconds)
  LP Value  9: 727.000000  (0.06 seconds)
  LP Value 10: 727.000000  (0.06 seconds)
New lower bound: 727.000000
Final lower bound 727.000000, upper bound 727.000000
Exact lower bound: 727.000000
DIFF: 0.000000
Final LP has 127 rows, 153 columns, 1081 nonzeros
Optimal Solution: 727.00
Number of bbnodes: 1
Total Running Time: 0.09 (seconds)

Standard Error:
