Standard Output:
./concorde -o /home/chongjiu/concorde_uncomplete_graph/x10/de/solution/random138.sol /home/chongjiu/concorde_uncomplete_graph/x10/de/mat/random138.tsp
Host: ubuntu  Current process id: 3473385
Using random seed 1735574167
Problem Name: random138
Problem Type: TSP
Number of Nodes: 138
Explicit Lengths (CC_MATRIXNORM)
Set initial upperbound to 864 (from tour)
  LP Value  1: 812.000000  (0.00 seconds)
  LP Value  2: 855.000000  (0.02 seconds)
  LP Value  3: 861.021242  (0.04 seconds)
  LP Value  4: 862.400000  (0.06 seconds)
  LP Value  5: 863.500000  (0.08 seconds)
  LP Value  6: 864.000000  (0.10 seconds)
New lower bound: 864.000000
Final lower bound 864.000000, upper bound 864.000000
Exact lower bound: 864.000000
DIFF: 0.000000
Final LP has 255 rows, 307 columns, 2810 nonzeros
Optimal Solution: 864.00
Number of bbnodes: 1
Total Running Time: 0.18 (seconds)

Standard Error:
