Standard Output:
./concorde -o /home/chongjiu/concorde_uncomplete_graph/x10/de/solution/random135.sol /home/chongjiu/concorde_uncomplete_graph/x10/de/mat/random135.tsp
Host: ubuntu  Current process id: 3473360
Using random seed 1735574164
Problem Name: random135
Problem Type: TSP
Number of Nodes: 135
Explicit Lengths (CC_MATRIXNORM)
Set initial upperbound to 880 (from tour)
  LP Value  1: 824.625000  (0.01 seconds)
  LP Value  2: 872.250000  (0.02 seconds)
  LP Value  3: 876.208333  (0.03 seconds)
  LP Value  4: 878.083333  (0.05 seconds)
  LP Value  5: 878.833333  (0.07 seconds)
  LP Value  6: 879.385417  (0.11 seconds)
  LP Value  7: 880.000000  (0.15 seconds)
New lower bound: 879.917808
Final lower bound 879.917808, upper bound 880.000000
Exact lower bound: 879.917808
DIFF: 0.000000
Final LP has 215 rows, 289 columns, 2822 nonzeros
Optimal Solution: 880.00
Number of bbnodes: 1
Total Running Time: 0.23 (seconds)

Standard Error:
