Standard Output:
./concorde -o /home/chongjiu/concorde_uncomplete_graph/x10/de/solution/random192.sol /home/chongjiu/concorde_uncomplete_graph/x10/de/mat/random192.tsp
Host: ubuntu  Current process id: 3475663
Using random seed 1735574194
Problem Name: random192
Problem Type: TSP
Number of Nodes: 192
Explicit Lengths (CC_MATRIXNORM)
Set initial upperbound to 1063 (from tour)
  LP Value  1: 1042.500000  (0.02 seconds)
  LP Value  2: 1054.285714  (0.04 seconds)
  LP Value  3: 1056.736842  (0.07 seconds)
  LP Value  4: 1057.500000  (0.09 seconds)
  LP Value  5: 1058.180556  (0.12 seconds)
  LP Value  6: 1058.822222  (0.14 seconds)
  LP Value  7: 1059.550000  (0.17 seconds)
  LP Value  8: 1060.000000  (0.30 seconds)
  LP Value  9: 1060.350000  (0.47 seconds)
  LP Value 10: 1060.500000  (0.62 seconds)
  LP Value 11: 1060.653114  (0.86 seconds)
  LP Value 12: 1060.733945  (1.15 seconds)
  LP Value 13: 1060.822778  (1.29 seconds)
  LP Value 14: 1060.844867  (1.44 seconds)
New lower bound: 1060.844867
New upperbound from x-heuristic: 1062.00
Final lower bound 1060.844867, upper bound 1062.000000
Exact lower bound: 1060.844867
DIFF: 0.000000
Time for Total: 1.46 seconds (1.46 total in 1 calls)
Final LP has 303 rows, 371 columns, 3637 nonzeros
LOWER BOUND: 1060.844867   ACTIVE NODES: 1

Task 0: Branching on node 0
BBnode 0 split into 1 (1061.03) 2 (1061.50X) (0.12 seconds)
Child 1 is pruned
LOWER BOUND: 1061.032070   ACTIVE NODES: 1

Task 1: Cutting on node 1
Writing Pool: 291 cuts
BBnode 1 (now 3) can be pruned: upperbound 1062.00 (0.03 seconds)

Task 2: Exit
Optimal Solution: 1062.00
Number of bbnodes: 3
Total Running Time: 1.72 (seconds)  Branching Time: 0.16 (seconds)

Standard Error:
