Standard Output:
./concorde -o /home/chongjiu/concorde_uncomplete_graph/x10/de/solution/random114.sol /home/chongjiu/concorde_uncomplete_graph/x10/de/mat/random114.tsp
Host: ubuntu  Current process id: 3473240
Using random seed 1735574154
Problem Name: random114
Problem Type: TSP
Number of Nodes: 114
Explicit Lengths (CC_MATRIXNORM)
Set initial upperbound to 806 (from tour)
  LP Value  1: 781.500000  (0.01 seconds)
  LP Value  2: 799.500000  (0.01 seconds)
  LP Value  3: 805.666667  (0.03 seconds)
  LP Value  4: 806.000000  (0.03 seconds)
New lower bound: 806.000000
Final lower bound 806.000000, upper bound 806.000000
Exact lower bound: 806.000000
DIFF: 0.000000
Final LP has 154 rows, 245 columns, 1124 nonzeros
Optimal Solution: 806.00
Number of bbnodes: 1
Total Running Time: 0.10 (seconds)

Standard Error:
