Standard Output:
./concorde -o /home/chongjiu/concorde_uncomplete_graph/x10/de/solution/random164.sol /home/chongjiu/concorde_uncomplete_graph/x10/de/mat/random164.tsp
Host: ubuntu  Current process id: 3474682
Using random seed 1735574177
Problem Name: random164
Problem Type: TSP
Number of Nodes: 164
Explicit Lengths (CC_MATRIXNORM)
Set initial upperbound to 968 (from tour)
  LP Value  1: 948.500000  (0.01 seconds)
  LP Value  2: 962.000000  (0.04 seconds)
  LP Value  3: 964.000000  (0.07 seconds)
  LP Value  4: 965.031746  (0.11 seconds)
  LP Value  5: 966.200000  (0.14 seconds)
  LP Value  6: 966.666667  (0.21 seconds)
  LP Value  7: 967.051724  (0.25 seconds)
  LP Value  8: 967.400000  (0.28 seconds)
  LP Value  9: 967.500000  (1.09 seconds)
  LP Value 10: 968.000000  (1.11 seconds)
  LP Value 11: 968.000000  (1.14 seconds)
New lower bound: 968.000000
Final lower bound 968.000000, upper bound 968.000000
Exact lower bound: 968.000000
DIFF: 0.000000
Final LP has 298 rows, 349 columns, 2904 nonzeros
Optimal Solution: 968.00
Number of bbnodes: 1
Total Running Time: 1.26 (seconds)

Standard Error:
