Standard Output:
./concorde -o /home/chongjiu/concorde_uncomplete_graph/x10/de/solution/random159.sol /home/chongjiu/concorde_uncomplete_graph/x10/de/mat/random159.tsp
Host: ubuntu  Current process id: 3473740
Using random seed 1735574173
Problem Name: random159
Problem Type: TSP
Number of Nodes: 159
Explicit Lengths (CC_MATRIXNORM)
Set initial upperbound to 956 (from tour)
  LP Value  1: 927.000000  (0.01 seconds)
  LP Value  2: 948.500000  (0.02 seconds)
  LP Value  3: 953.000000  (0.04 seconds)
  LP Value  4: 954.000000  (0.05 seconds)
  LP Value  5: 954.777778  (0.07 seconds)
  LP Value  6: 955.666667  (0.10 seconds)
  LP Value  7: 956.000000  (0.11 seconds)
recomputing rownorms ...
  LP Value  8: 956.000000  (0.11 seconds)
New lower bound: 956.000000
Final lower bound 956.000000, upper bound 956.000000
Exact lower bound: 956.000000
DIFF: 0.000000
Final LP has 257 rows, 345 columns, 2276 nonzeros
Optimal Solution: 956.00
Number of bbnodes: 1
Total Running Time: 0.22 (seconds)

Standard Error:
