Standard Output:
./concorde -o /home/chongjiu/concorde_uncomplete_graph/x10/de/solution/random196.sol /home/chongjiu/concorde_uncomplete_graph/x10/de/mat/random196.tsp
Host: ubuntu  Current process id: 3475697
Using random seed 1735574197
Problem Name: random196
Problem Type: TSP
Number of Nodes: 196
Explicit Lengths (CC_MATRIXNORM)
Set initial upperbound to 1043 (from tour)
  LP Value  1: 1014.833333  (0.03 seconds)
  LP Value  2: 1038.700000  (0.06 seconds)
  LP Value  3: 1040.537500  (0.08 seconds)
  LP Value  4: 1041.333333  (0.12 seconds)
  LP Value  5: 1042.021429  (0.16 seconds)
  LP Value  6: 1042.392857  (0.26 seconds)
  LP Value  7: 1043.000000  (0.29 seconds)
  LP Value  8: 1043.000000  (0.31 seconds)
New lower bound: 1043.000000
Final lower bound 1043.000000, upper bound 1043.000000
Exact lower bound: 1043.000000
DIFF: 0.000000
Final LP has 328 rows, 439 columns, 2817 nonzeros
Optimal Solution: 1043.00
Number of bbnodes: 1
Total Running Time: 0.44 (seconds)

Standard Error:
