Standard Output:
./concorde -o /home/chongjiu/concorde_uncomplete_graph/x10/de/solution/random64.sol /home/chongjiu/concorde_uncomplete_graph/x10/de/mat/random64.tsp
Host: ubuntu  Current process id: 3473091
Using random seed 1735574146
Problem Name: random64
Problem Type: TSP
Number of Nodes: 64
Explicit Lengths (CC_MATRIXNORM)
Set initial upperbound to 681 (from tour)
  LP Value  1: 665.500000  (0.00 seconds)
  LP Value  2: 672.000000  (0.00 seconds)
  LP Value  3: 675.500000  (0.01 seconds)
  LP Value  4: 677.000000  (0.01 seconds)
  LP Value  5: 678.250000  (0.02 seconds)
  LP Value  6: 678.500000  (0.02 seconds)
  LP Value  7: 678.500000  (0.02 seconds)
  LP Value  8: 680.555556  (0.03 seconds)
  LP Value  9: 680.833333  (0.04 seconds)
  LP Value 10: 681.000000  (0.04 seconds)
New lower bound: 681.000000
Final lower bound 681.000000, upper bound 681.000000
Exact lower bound: 681.000000
DIFF: 0.000000
Final LP has 104 rows, 130 columns, 685 nonzeros
Optimal Solution: 681.00
Number of bbnodes: 1
Total Running Time: 0.06 (seconds)

Standard Error:
