Standard Output:
./concorde -o /home/chongjiu/concorde_uncomplete_graph/x10/de/solution/random123.sol /home/chongjiu/concorde_uncomplete_graph/x10/de/mat/random123.tsp
Host: ubuntu  Current process id: 3473282
Using random seed 1735574156
Problem Name: random123
Problem Type: TSP
Number of Nodes: 123
Explicit Lengths (CC_MATRIXNORM)
Set initial upperbound to 877 (from tour)
  LP Value  1: 858.000000  (0.01 seconds)
  LP Value  2: 875.750000  (0.03 seconds)
  LP Value  3: 876.395833  (0.06 seconds)
  LP Value  4: 876.833333  (0.07 seconds)
  LP Value  5: 877.000000  (0.08 seconds)
New lower bound: 877.000000
Final lower bound 877.000000, upper bound 877.000000
Exact lower bound: 877.000000
DIFF: 0.000000
Final LP has 185 rows, 244 columns, 1621 nonzeros
Optimal Solution: 877.00
Number of bbnodes: 1
Total Running Time: 0.14 (seconds)

Standard Error:
