Standard Output:
./concorde -o /home/chongjiu/concorde_uncomplete_graph/x10/de/solution/random188.sol /home/chongjiu/concorde_uncomplete_graph/x10/de/mat/random188.tsp
Host: ubuntu  Current process id: 3475627
Using random seed 1735574191
Problem Name: random188
Problem Type: TSP
Number of Nodes: 188
Explicit Lengths (CC_MATRIXNORM)
Set initial upperbound to 1049 (from tour)
  LP Value  1: 1014.750000  (0.00 seconds)
  LP Value  2: 1041.000000  (0.03 seconds)
  LP Value  3: 1046.000000  (0.03 seconds)
recomputing rownorms ...
  LP Value  4: 1046.000000  (0.03 seconds)
New lower bound: 1046.000000
New upperbound from x-heuristic: 1046.00
Final lower bound 1046.000000, upper bound 1046.000000
Exact lower bound: 1046.000000
DIFF: 0.000000
Final LP has 240 rows, 396 columns, 1348 nonzeros
Optimal Solution: 1046.00
Number of bbnodes: 1
Total Running Time: 0.14 (seconds)

Standard Error:
