Standard Output:
./concorde -o /home/chongjiu/concorde_uncomplete_graph/x10/de/solution/random96.sol /home/chongjiu/concorde_uncomplete_graph/x10/de/mat/random96.tsp
Host: ubuntu  Current process id: 3473172
Using random seed 1735574150
Problem Name: random96
Problem Type: TSP
Number of Nodes: 96
Explicit Lengths (CC_MATRIXNORM)
Set initial upperbound to 761 (from tour)
  LP Value  1: 734.000000  (0.01 seconds)
  LP Value  2: 756.488889  (0.02 seconds)
  LP Value  3: 758.000000  (0.03 seconds)
  LP Value  4: 759.425287  (0.04 seconds)
  LP Value  5: 760.000000  (0.05 seconds)
  LP Value  6: 760.000000  (0.06 seconds)
New lower bound: 760.000000
New upperbound from x-heuristic: 760.00
Final lower bound 760.000000, upper bound 760.000000
Exact lower bound: 760.000000
DIFF: 0.000000
Final LP has 170 rows, 203 columns, 1302 nonzeros
Optimal Solution: 760.00
Number of bbnodes: 1
Total Running Time: 0.11 (seconds)

Standard Error:
