Standard Output:
./concorde -o /home/chongjiu/concorde_uncomplete_graph/x10/de/solution/random103.sol /home/chongjiu/concorde_uncomplete_graph/x10/de/mat/random103.tsp
Host: ubuntu  Current process id: 3473186
Using random seed 1735574151
Problem Name: random103
Problem Type: TSP
Number of Nodes: 103
Explicit Lengths (CC_MATRIXNORM)
Set initial upperbound to 782 (from tour)
  LP Value  1: 763.500000  (0.01 seconds)
  LP Value  2: 776.200000  (0.02 seconds)
  LP Value  3: 780.944444  (0.04 seconds)
  LP Value  4: 781.583333  (0.06 seconds)
  LP Value  5: 781.944444  (0.08 seconds)
  LP Value  6: 782.000000  (0.09 seconds)
New lower bound: 782.000000
Final lower bound 782.000000, upper bound 782.000000
Exact lower bound: 782.000000
DIFF: 0.000000
Final LP has 164 rows, 220 columns, 1553 nonzeros
Optimal Solution: 782.00
Number of bbnodes: 1
Total Running Time: 0.16 (seconds)

Standard Error:
