Standard Output:
./concorde -o /home/chongjiu/concorde_uncomplete_graph/x10/de/solution/random120.sol /home/chongjiu/concorde_uncomplete_graph/x10/de/mat/random120.tsp
Host: ubuntu  Current process id: 3473255
Using random seed 1735574155
Problem Name: random120
Problem Type: TSP
Number of Nodes: 120
Explicit Lengths (CC_MATRIXNORM)
Set initial upperbound to 828 (from tour)
  LP Value  1: 788.500000  (0.01 seconds)
  LP Value  2: 819.500000  (0.02 seconds)
  LP Value  3: 822.000000  (0.03 seconds)
  LP Value  4: 822.750000  (0.06 seconds)
  LP Value  5: 823.222222  (0.07 seconds)
  LP Value  6: 823.733333  (0.10 seconds)
  LP Value  7: 824.133333  (0.12 seconds)
  LP Value  8: 824.609020  (0.15 seconds)
  LP Value  9: 825.056277  (0.17 seconds)
  LP Value 10: 825.500000  (0.18 seconds)
  LP Value 11: 826.115385  (0.20 seconds)
  LP Value 12: 826.265487  (0.28 seconds)
  LP Value 13: 826.289062  (0.35 seconds)
New lower bound: 826.289062
Final lower bound 826.289062, upper bound 828.000000
Exact lower bound: 826.289062
DIFF: 0.000000
Time for Total: 0.36 seconds (0.36 total in 1 calls)
Final LP has 205 rows, 245 columns, 2518 nonzeros
LOWER BOUND: 826.289062   ACTIVE NODES: 1

Task 0: Branching on node 0
BBnode 0 split into 1 (827.00) 2 (826.68) (0.07 seconds)
LOWER BOUND: 826.678571   ACTIVE NODES: 2

Task 1: Cutting on node 2
Writing Pool: 166 cuts
BBnode 2 (now 3) done cutting: lowerbound 826.75 (0.06 seconds)
LOWER BOUND: 826.750000   ACTIVE NODES: 2

Task 2: Branching on node 3
BBnode 3 split into 4 (828.00X) 5 (827.50X) (0.08 seconds)
Child 0 is pruned
Child 1 is pruned
LOWER BOUND: 827.000000   ACTIVE NODES: 1

Task 3: Cutting on node 1
Writing Pool: 173 cuts
BBnode 1 (now 6) can be pruned: upperbound 828.00 (0.02 seconds)

Task 4: Exit
Optimal Solution: 828.00
Number of bbnodes: 5
Total Running Time: 0.67 (seconds)  Branching Time: 0.23 (seconds)

Standard Error:
