Standard Output:
./concorde -o /home/chongjiu/concorde_uncomplete_graph/x10/de/solution/random28.sol /home/chongjiu/concorde_uncomplete_graph/x10/de/mat/random28.tsp
Host: ubuntu  Current process id: 3473005
Using random seed 1735574145
Problem Name: random28
Problem Type: TSP
Number of Nodes: 28
Explicit Lengths (CC_MATRIXNORM)
Set initial upperbound to 436 (from tour)
Basic dual change required, but no candidate edges
  LP Value  1: 382.000000  (0.00 seconds)
  LP Value  2: 434.500000  (0.00 seconds)
  LP Value  3: 436.000000  (0.00 seconds)
New lower bound: 436.000000
Final lower bound 436.000000, upper bound 436.000000
Exact lower bound: 436.000000
DIFF: 0.000000
Final LP has 35 rows, 58 columns, 162 nonzeros
Optimal Solution: 436.00
Number of bbnodes: 1
Total Running Time: 0.01 (seconds)

Standard Error:
ERROR: No dual change in basis finding code
Did not find a basic optimal solution
Fractional matching routine failed
Warning: restarting running timer Miscellaneous
No warmstart, stumbling on anyway
