Standard Output:
./concorde -o /home/chongjiu/concorde_uncomplete_graph/x10/de/solution/random105.sol /home/chongjiu/concorde_uncomplete_graph/x10/de/mat/random105.tsp
Host: ubuntu  Current process id: 3473197
Using random seed 1735574151
Problem Name: random105
Problem Type: TSP
Number of Nodes: 105
Explicit Lengths (CC_MATRIXNORM)
Set initial upperbound to 796 (from tour)
  LP Value  1: 770.500000  (0.01 seconds)
  LP Value  2: 788.600000  (0.02 seconds)
  LP Value  3: 795.000000  (0.03 seconds)
  LP Value  4: 795.166667  (0.04 seconds)
  LP Value  5: 796.000000  (0.05 seconds)
New lower bound: 796.000000
Final lower bound 796.000000, upper bound 796.000000
Exact lower bound: 796.000000
DIFF: 0.000000
Final LP has 166 rows, 221 columns, 1679 nonzeros
Optimal Solution: 796.00
Number of bbnodes: 1
Total Running Time: 0.09 (seconds)

Standard Error:
