Standard Output:
./concorde -o /home/chongjiu/concorde_uncomplete_graph/x10/de/solution/random157.sol /home/chongjiu/concorde_uncomplete_graph/x10/de/mat/random157.tsp
Host: ubuntu  Current process id: 3473610
Using random seed 1735574172
Problem Name: random157
Problem Type: TSP
Number of Nodes: 157
Explicit Lengths (CC_MATRIXNORM)
Set initial upperbound to 968 (from tour)
  LP Value  1: 946.500000  (0.01 seconds)
  LP Value  2: 965.100000  (0.02 seconds)
  LP Value  3: 967.666667  (0.02 seconds)
  LP Value  4: 968.000000  (0.03 seconds)
New lower bound: 968.000000
Final lower bound 968.000000, upper bound 968.000000
Exact lower bound: 968.000000
DIFF: 0.000000
Final LP has 207 rows, 310 columns, 1187 nonzeros
Optimal Solution: 968.00
Number of bbnodes: 1
Total Running Time: 0.12 (seconds)

Standard Error:
