Standard Output:
./concorde -o /home/chongjiu/concorde_uncomplete_graph/x10/de/solution/random80.sol /home/chongjiu/concorde_uncomplete_graph/x10/de/mat/random80.tsp
Host: ubuntu  Current process id: 3473128
Using random seed 1735574148
Problem Name: random80
Problem Type: TSP
Number of Nodes: 80
Explicit Lengths (CC_MATRIXNORM)
Set initial upperbound to 661 (from tour)
  LP Value  1: 645.000000  (0.00 seconds)
  LP Value  2: 661.000000  (0.01 seconds)
New lower bound: 661.000000
Final lower bound 661.000000, upper bound 661.000000
Exact lower bound: 661.000000
DIFF: 0.000000
Final LP has 108 rows, 163 columns, 747 nonzeros
Optimal Solution: 661.00
Number of bbnodes: 1
Total Running Time: 0.04 (seconds)

Standard Error:
