Standard Output:
./concorde -o /home/chongjiu/concorde_uncomplete_graph/x10/de/solution/random127.sol /home/chongjiu/concorde_uncomplete_graph/x10/de/mat/random127.tsp
Host: ubuntu  Current process id: 3473309
Using random seed 1735574158
Problem Name: random127
Problem Type: TSP
Number of Nodes: 127
Explicit Lengths (CC_MATRIXNORM)
Set initial upperbound to 827 (from tour)
  LP Value  1: 800.500000  (0.00 seconds)
  LP Value  2: 814.500000  (0.01 seconds)
  LP Value  3: 820.750000  (0.02 seconds)
  LP Value  4: 823.781250  (0.03 seconds)
  LP Value  5: 825.500000  (0.05 seconds)
  LP Value  6: 825.833333  (0.06 seconds)
  LP Value  7: 826.166667  (0.08 seconds)
  LP Value  8: 826.500000  (0.12 seconds)
  LP Value  9: 826.788889  (0.18 seconds)
  LP Value 10: 827.000000  (0.19 seconds)
recomputing rownorms ...
  LP Value 11: 827.000000  (0.19 seconds)
New lower bound: 827.000000
Final lower bound 827.000000, upper bound 827.000000
Exact lower bound: 827.000000
DIFF: 0.000000
Final LP has 193 rows, 273 columns, 1258 nonzeros
Optimal Solution: 827.00
Number of bbnodes: 1
Total Running Time: 0.28 (seconds)

Standard Error:
