Standard Output:
./concorde -o /home/chongjiu/concorde_uncomplete_graph/x10/de/solution/random144.sol /home/chongjiu/concorde_uncomplete_graph/x10/de/mat/random144.tsp
Host: ubuntu  Current process id: 3473413
Using random seed 1735574169
Problem Name: random144
Problem Type: TSP
Number of Nodes: 144
Explicit Lengths (CC_MATRIXNORM)
Set initial upperbound to 918 (from tour)
  LP Value  1: 901.750000  (0.01 seconds)
  LP Value  2: 915.750000  (0.03 seconds)
  LP Value  3: 917.777778  (0.04 seconds)
  LP Value  4: 918.000000  (0.05 seconds)
New lower bound: 918.000000
Final lower bound 918.000000, upper bound 918.000000
Exact lower bound: 918.000000
DIFF: 0.000000
Final LP has 214 rows, 296 columns, 2056 nonzeros
Optimal Solution: 918.00
Number of bbnodes: 1
Total Running Time: 0.13 (seconds)

Standard Error:
