Standard Output:
./concorde -o /home/chongjiu/concorde_uncomplete_graph/x10/de/solution/random139.sol /home/chongjiu/concorde_uncomplete_graph/x10/de/mat/random139.tsp
Host: ubuntu  Current process id: 3473387
Using random seed 1735574167
Problem Name: random139
Problem Type: TSP
Number of Nodes: 139
Explicit Lengths (CC_MATRIXNORM)
Set initial upperbound to 894 (from tour)
  LP Value  1: 851.000000  (0.00 seconds)
  LP Value  2: 886.000000  (0.02 seconds)
  LP Value  3: 889.800000  (0.04 seconds)
  LP Value  4: 891.760481  (0.06 seconds)
  LP Value  5: 892.244444  (0.08 seconds)
  LP Value  6: 892.625000  (0.10 seconds)
  LP Value  7: 893.031818  (0.12 seconds)
  LP Value  8: 893.600000  (0.14 seconds)
  LP Value  9: 893.912162  (0.30 seconds)
  LP Value 10: 894.000000  (0.31 seconds)
New lower bound: 894.000000
Final lower bound 894.000000, upper bound 894.000000
Exact lower bound: 894.000000
DIFF: 0.000000
Final LP has 238 rows, 312 columns, 2827 nonzeros
Optimal Solution: 894.00
Number of bbnodes: 1
Total Running Time: 0.40 (seconds)

Standard Error:
