Standard Output:
./concorde -o /home/chongjiu/concorde_uncomplete_graph/x10/de/solution/random121.sol /home/chongjiu/concorde_uncomplete_graph/x10/de/mat/random121.tsp
Host: ubuntu  Current process id: 3473266
Using random seed 1735574155
Problem Name: random121
Problem Type: TSP
Number of Nodes: 121
Explicit Lengths (CC_MATRIXNORM)
Set initial upperbound to 850 (from tour)
  LP Value  1: 811.000000  (0.01 seconds)
  LP Value  2: 843.058333  (0.02 seconds)
  LP Value  3: 848.549020  (0.04 seconds)
  LP Value  4: 849.000000  (0.05 seconds)
  LP Value  5: 849.166667  (0.06 seconds)
  LP Value  6: 849.333333  (0.07 seconds)
  LP Value  7: 849.500000  (0.10 seconds)
  LP Value  8: 849.658333  (0.11 seconds)
  LP Value  9: 849.798546  (0.34 seconds)
  LP Value 10: 850.000000  (0.36 seconds)
New lower bound: 850.000000
Final lower bound 850.000000, upper bound 850.000000
Exact lower bound: 850.000000
DIFF: 0.000000
Final LP has 186 rows, 273 columns, 1742 nonzeros
Optimal Solution: 850.00
Number of bbnodes: 1
Total Running Time: 0.44 (seconds)

Standard Error:
