Standard Output:
./concorde -o /home/chongjiu/concorde_uncomplete_graph/x10/de/solution/random110.sol /home/chongjiu/concorde_uncomplete_graph/x10/de/mat/random110.tsp
Host: ubuntu  Current process id: 3473216
Using random seed 1735574152
Problem Name: random110
Problem Type: TSP
Number of Nodes: 110
Explicit Lengths (CC_MATRIXNORM)
Set initial upperbound to 798 (from tour)
  LP Value  1: 751.000000  (0.01 seconds)
  LP Value  2: 787.879310  (0.02 seconds)
  LP Value  3: 796.599483  (0.04 seconds)
  LP Value  4: 797.444444  (0.05 seconds)
  LP Value  5: 798.000000  (0.06 seconds)
recomputing rownorms ...
  LP Value  6: 798.000000  (0.06 seconds)
New lower bound: 798.000000
Final lower bound 798.000000, upper bound 798.000000
Exact lower bound: 798.000000
DIFF: 0.000000
Final LP has 173 rows, 241 columns, 1308 nonzeros
Optimal Solution: 798.00
Number of bbnodes: 1
Total Running Time: 0.13 (seconds)

Standard Error:
