Standard Output:
./concorde -o /home/chongjiu/concorde_uncomplete_graph/x10/de/solution/random48.sol /home/chongjiu/concorde_uncomplete_graph/x10/de/mat/random48.tsp
Host: ubuntu  Current process id: 3473045
Using random seed 1735574146
Problem Name: random48
Problem Type: TSP
Number of Nodes: 48
Explicit Lengths (CC_MATRIXNORM)
Set initial upperbound to 578 (from tour)
  LP Value  1: 568.000000  (0.00 seconds)
  LP Value  2: 578.000000  (0.00 seconds)
New lower bound: 578.000000
Final lower bound 578.000000, upper bound 578.000000
Exact lower bound: 578.000000
DIFF: 0.000000
Final LP has 57 rows, 97 columns, 280 nonzeros
Optimal Solution: 578.00
Number of bbnodes: 1
Total Running Time: 0.02 (seconds)

Standard Error:
