Standard Output:
./concorde -o /home/chongjiu/concorde_uncomplete_graph/x10/de/solution/random77.sol /home/chongjiu/concorde_uncomplete_graph/x10/de/mat/random77.tsp
Host: ubuntu  Current process id: 3473122
Using random seed 1735574147
Problem Name: random77
Problem Type: TSP
Number of Nodes: 77
Explicit Lengths (CC_MATRIXNORM)
Set initial upperbound to 679 (from tour)
  LP Value  1: 661.500000  (0.00 seconds)
  LP Value  2: 676.000000  (0.00 seconds)
  LP Value  3: 678.500000  (0.01 seconds)
  LP Value  4: 679.000000  (0.01 seconds)
New lower bound: 679.000000
Final lower bound 679.000000, upper bound 679.000000
Exact lower bound: 679.000000
DIFF: 0.000000
Final LP has 96 rows, 158 columns, 458 nonzeros
Optimal Solution: 679.00
Number of bbnodes: 1
Total Running Time: 0.03 (seconds)

Standard Error:
