Standard Output:
./concorde -o /home/chongjiu/concorde_uncomplete_graph/x10/de/solution/random97.sol /home/chongjiu/concorde_uncomplete_graph/x10/de/mat/random97.tsp
Host: ubuntu  Current process id: 3473174
Using random seed 1735574150
Problem Name: random97
Problem Type: TSP
Number of Nodes: 97
Explicit Lengths (CC_MATRIXNORM)
Set initial upperbound to 769 (from tour)
  LP Value  1: 751.000000  (0.00 seconds)
  LP Value  2: 758.818182  (0.01 seconds)
  LP Value  3: 761.750000  (0.03 seconds)
  LP Value  4: 764.560000  (0.04 seconds)
  LP Value  5: 766.071429  (0.06 seconds)
  LP Value  6: 767.845638  (0.08 seconds)
  LP Value  7: 768.271429  (0.09 seconds)
  LP Value  8: 768.625000  (0.11 seconds)
  LP Value  9: 768.885447  (0.16 seconds)
  LP Value 10: 769.000000  (0.17 seconds)
New lower bound: 769.000000
Final lower bound 769.000000, upper bound 769.000000
Exact lower bound: 769.000000
DIFF: 0.000000
Final LP has 151 rows, 210 columns, 1973 nonzeros
Optimal Solution: 769.00
Number of bbnodes: 1
Total Running Time: 0.23 (seconds)

Standard Error:
