Standard Output:
./concorde -o /home/chongjiu/concorde_uncomplete_graph/x10/de/solution/random23.sol /home/chongjiu/concorde_uncomplete_graph/x10/de/mat/random23.tsp
Host: ubuntu  Current process id: 3472995
Using random seed 1735574145
Problem Name: random23
Problem Type: TSP
Number of Nodes: 23
Explicit Lengths (CC_MATRIXNORM)
Set initial upperbound to 443 (from tour)
  LP Value  1: 420.500000  (0.00 seconds)
  LP Value  2: 435.000000  (0.00 seconds)
  LP Value  3: 442.666667  (0.00 seconds)
  LP Value  4: 443.000000  (0.00 seconds)
New lower bound: 443.000000
Final lower bound 443.000000, upper bound 443.000000
Exact lower bound: 443.000000
DIFF: 0.000000
Final LP has 32 rows, 49 columns, 151 nonzeros
Optimal Solution: 443.00
Number of bbnodes: 1
Total Running Time: 0.01 (seconds)

Standard Error:
