Standard Output:
./concorde -o /home/chongjiu/concorde_uncomplete_graph/x10/de/solution/random108.sol /home/chongjiu/concorde_uncomplete_graph/x10/de/mat/random108.tsp
Host: ubuntu  Current process id: 3473212
Using random seed 1735574151
Problem Name: random108
Problem Type: TSP
Number of Nodes: 108
Explicit Lengths (CC_MATRIXNORM)
Set initial upperbound to 798 (from tour)
  LP Value  1: 765.500000  (0.00 seconds)
  LP Value  2: 788.000000  (0.01 seconds)
  LP Value  3: 796.500000  (0.02 seconds)
  LP Value  4: 797.750000  (0.04 seconds)
  LP Value  5: 798.000000  (0.04 seconds)
New lower bound: 798.000000
Final lower bound 798.000000, upper bound 798.000000
Exact lower bound: 798.000000
DIFF: 0.000000
Final LP has 168 rows, 225 columns, 1461 nonzeros
Optimal Solution: 798.00
Number of bbnodes: 1
Total Running Time: 0.08 (seconds)

Standard Error:
