Standard Output:
./concorde -o /home/chongjiu/concorde_uncomplete_graph/x10/de/solution/random117.sol /home/chongjiu/concorde_uncomplete_graph/x10/de/mat/random117.tsp
Host: ubuntu  Current process id: 3473249
Using random seed 1735574154
Problem Name: random117
Problem Type: TSP
Number of Nodes: 117
Explicit Lengths (CC_MATRIXNORM)
Set initial upperbound to 859 (from tour)
  LP Value  1: 833.250000  (0.01 seconds)
  LP Value  2: 855.250000  (0.02 seconds)
  LP Value  3: 857.883721  (0.04 seconds)
  LP Value  4: 858.600000  (0.05 seconds)
  LP Value  5: 859.000000  (0.05 seconds)
recomputing rownorms ...
  LP Value  6: 859.000000  (0.05 seconds)
New lower bound: 859.000000
Final lower bound 859.000000, upper bound 859.000000
Exact lower bound: 859.000000
DIFF: 0.000000
Final LP has 170 rows, 242 columns, 954 nonzeros
Optimal Solution: 859.00
Number of bbnodes: 1
Total Running Time: 0.13 (seconds)

Standard Error:
