Standard Output:
./concorde -o /home/chongjiu/concorde_uncomplete_graph/x10/de/solution/random179.sol /home/chongjiu/concorde_uncomplete_graph/x10/de/mat/random179.tsp
Host: ubuntu  Current process id: 3475597
Using random seed 1735574187
Problem Name: random179
Problem Type: TSP
Number of Nodes: 179
Explicit Lengths (CC_MATRIXNORM)
Set initial upperbound to 1064 (from tour)
  LP Value  1: 1049.250000  (0.02 seconds)
  LP Value  2: 1060.041667  (0.04 seconds)
  LP Value  3: 1061.500000  (0.06 seconds)
  LP Value  4: 1063.500000  (0.09 seconds)
  LP Value  5: 1064.000000  (0.10 seconds)
New lower bound: 1064.000000
Final lower bound 1064.000000, upper bound 1064.000000
Exact lower bound: 1064.000000
DIFF: 0.000000
Final LP has 245 rows, 375 columns, 1995 nonzeros
Optimal Solution: 1064.00
Number of bbnodes: 1
Total Running Time: 0.20 (seconds)

Standard Error:
