Standard Output:
./concorde -o /home/chongjiu/concorde_uncomplete_graph/x10/de/solution/random150.sol /home/chongjiu/concorde_uncomplete_graph/x10/de/mat/random150.tsp
Host: ubuntu  Current process id: 3473437
Using random seed 1735574170
Problem Name: random150
Problem Type: TSP
Number of Nodes: 150
Explicit Lengths (CC_MATRIXNORM)
Set initial upperbound to 923 (from tour)
  LP Value  1: 896.500000  (0.01 seconds)
  LP Value  2: 906.333333  (0.03 seconds)
  LP Value  3: 916.250000  (0.05 seconds)
  LP Value  4: 918.366667  (0.07 seconds)
  LP Value  5: 920.122768  (0.10 seconds)
  LP Value  6: 921.000000  (0.13 seconds)
  LP Value  7: 921.262476  (0.25 seconds)
  LP Value  8: 921.601418  (0.27 seconds)
  LP Value  9: 921.694862  (0.38 seconds)
  LP Value 10: 921.861762  (0.48 seconds)
  LP Value 11: 921.901167  (0.58 seconds)
  LP Value 12: 922.000000  (0.62 seconds)
recomputing rownorms ...
  LP Value 13: 922.000000  (0.62 seconds)
New lower bound: 922.000000
New upperbound from x-heuristic: 922.00
Final lower bound 922.000000, upper bound 922.000000
Exact lower bound: 922.000000
DIFF: 0.000000
Final LP has 250 rows, 336 columns, 2451 nonzeros
Optimal Solution: 922.00
Number of bbnodes: 1
Total Running Time: 0.73 (seconds)

Standard Error:
