Standard Output:
./concorde -o /home/chongjiu/concorde_uncomplete_graph/x10/de/solution/random20.sol /home/chongjiu/concorde_uncomplete_graph/x10/de/mat/random20.tsp
Host: ubuntu  Current process id: 3472989
Using random seed 1735574145
Problem Name: random20
Problem Type: TSP
Number of Nodes: 20
Explicit Lengths (CC_MATRIXNORM)
Set initial upperbound to 360 (from tour)
Basic dual change required, but no candidate edges
  LP Value  1: 323.500000  (0.00 seconds)
  LP Value  2: 360.000000  (0.00 seconds)
New lower bound: 360.000000
Final lower bound 360.000000, upper bound 360.000000
Exact lower bound: 360.000000
DIFF: 0.000000
Final LP has 25 rows, 41 columns, 124 nonzeros
Optimal Solution: 360.00
Number of bbnodes: 1
Total Running Time: 0.00 (seconds)

Standard Error:
ERROR: No dual change in basis finding code
Did not find a basic optimal solution
Fractional matching routine failed
Warning: restarting running timer Miscellaneous
No warmstart, stumbling on anyway
