Standard Output:
./concorde -o /home/chongjiu/concorde_uncomplete_graph/x10/de/solution/random165.sol /home/chongjiu/concorde_uncomplete_graph/x10/de/mat/random165.tsp
Host: ubuntu  Current process id: 3475018
Using random seed 1735574178
Problem Name: random165
Problem Type: TSP
Number of Nodes: 165
Explicit Lengths (CC_MATRIXNORM)
Set initial upperbound to 955 (from tour)
  LP Value  1: 929.750000  (0.02 seconds)
  LP Value  2: 954.000000  (0.04 seconds)
  LP Value  3: 955.000000  (0.06 seconds)
New lower bound: 955.000000
Final lower bound 955.000000, upper bound 955.000000
Exact lower bound: 955.000000
DIFF: 0.000000
Final LP has 234 rows, 355 columns, 2754 nonzeros
Optimal Solution: 955.00
Number of bbnodes: 1
Total Running Time: 0.14 (seconds)

Standard Error:
