Standard Output:
./concorde -o /home/chongjiu/concorde_uncomplete_graph/x10/de/solution/random112.sol /home/chongjiu/concorde_uncomplete_graph/x10/de/mat/random112.tsp
Host: ubuntu  Current process id: 3473227
Using random seed 1735574152
Problem Name: random112
Problem Type: TSP
Number of Nodes: 112
Explicit Lengths (CC_MATRIXNORM)
Set initial upperbound to 843 (from tour)
  LP Value  1: 818.500000  (0.00 seconds)
  LP Value  2: 831.300000  (0.03 seconds)
  LP Value  3: 838.500000  (0.04 seconds)
  LP Value  4: 840.868421  (0.06 seconds)
  LP Value  5: 841.794458  (0.07 seconds)
  LP Value  6: 842.373494  (0.09 seconds)
  LP Value  7: 842.848485  (0.11 seconds)
  LP Value  8: 843.000000  (0.13 seconds)
recomputing rownorms ...
  LP Value  9: 843.000000  (0.14 seconds)
New lower bound: 843.000000
Final lower bound 843.000000, upper bound 843.000000
Exact lower bound: 843.000000
DIFF: 0.000000
Final LP has 211 rows, 265 columns, 3043 nonzeros
Optimal Solution: 843.00
Number of bbnodes: 1
Total Running Time: 0.20 (seconds)

Standard Error:
