Standard Output:
./concorde -o /home/chongjiu/concorde_uncomplete_graph/x10/de/solution/random74.sol /home/chongjiu/concorde_uncomplete_graph/x10/de/mat/random74.tsp
Host: ubuntu  Current process id: 3473116
Using random seed 1735574147
Problem Name: random74
Problem Type: TSP
Number of Nodes: 74
Explicit Lengths (CC_MATRIXNORM)
Set initial upperbound to 688 (from tour)
  LP Value  1: 683.500000  (0.00 seconds)
  LP Value  2: 688.000000  (0.01 seconds)
recomputing rownorms ...
  LP Value  3: 688.000000  (0.01 seconds)
New lower bound: 688.000000
Final lower bound 688.000000, upper bound 688.000000
Exact lower bound: 688.000000
DIFF: 0.000000
Final LP has 94 rows, 151 columns, 455 nonzeros
Optimal Solution: 688.00
Number of bbnodes: 1
Total Running Time: 0.03 (seconds)

Standard Error:
