Standard Output:
./concorde -o /home/chongjiu/concorde_uncomplete_graph/x10/de/solution/random115.sol /home/chongjiu/concorde_uncomplete_graph/x10/de/mat/random115.tsp
Host: ubuntu  Current process id: 3473242
Using random seed 1735574154
Problem Name: random115
Problem Type: TSP
Number of Nodes: 115
Explicit Lengths (CC_MATRIXNORM)
Set initial upperbound to 810 (from tour)
  LP Value  1: 749.000000  (0.01 seconds)
  LP Value  2: 795.800000  (0.03 seconds)
  LP Value  3: 801.642857  (0.05 seconds)
  LP Value  4: 809.500000  (0.08 seconds)
  LP Value  5: 810.000000  (0.13 seconds)
New lower bound: 810.000000
Final lower bound 810.000000, upper bound 810.000000
Exact lower bound: 810.000000
DIFF: 0.000000
Final LP has 197 rows, 252 columns, 2209 nonzeros
Optimal Solution: 810.00
Number of bbnodes: 1
Total Running Time: 0.21 (seconds)

Standard Error:
