Standard Output:
./concorde -o /home/chongjiu/concorde_uncomplete_graph/x10/de/solution/random194.sol /home/chongjiu/concorde_uncomplete_graph/x10/de/mat/random194.tsp
Host: ubuntu  Current process id: 3475686
Using random seed 1735574197
Problem Name: random194
Problem Type: TSP
Number of Nodes: 194
Explicit Lengths (CC_MATRIXNORM)
Set initial upperbound to 1052 (from tour)
  LP Value  1: 1040.500000  (0.01 seconds)
  LP Value  2: 1050.500000  (0.04 seconds)
  LP Value  3: 1051.500000  (0.04 seconds)
  LP Value  4: 1052.000000  (0.06 seconds)
New lower bound: 1052.000000
Final lower bound 1052.000000, upper bound 1052.000000
Exact lower bound: 1052.000000
DIFF: 0.000000
Final LP has 286 rows, 377 columns, 2029 nonzeros
Optimal Solution: 1052.00
Number of bbnodes: 1
Total Running Time: 0.18 (seconds)

Standard Error:
