Standard Output:
./concorde -o /home/chongjiu/concorde_uncomplete_graph/x10/de/solution/random61.sol /home/chongjiu/concorde_uncomplete_graph/x10/de/mat/random61.tsp
Host: ubuntu  Current process id: 3473085
Using random seed 1735574146
Problem Name: random61
Problem Type: TSP
Number of Nodes: 61
Explicit Lengths (CC_MATRIXNORM)
Set initial upperbound to 628 (from tour)
  LP Value  1: 603.000000  (0.00 seconds)
  LP Value  2: 624.791667  (0.00 seconds)
  LP Value  3: 628.000000  (0.01 seconds)
New lower bound: 628.000000
Final lower bound 628.000000, upper bound 628.000000
Exact lower bound: 628.000000
DIFF: 0.000000
Final LP has 82 rows, 126 columns, 434 nonzeros
Optimal Solution: 628.00
Number of bbnodes: 1
Total Running Time: 0.02 (seconds)

Standard Error:
