Standard Output:
./concorde -o /home/chongjiu/concorde_uncomplete_graph/x10/de/solution/random143.sol /home/chongjiu/concorde_uncomplete_graph/x10/de/mat/random143.tsp
Host: ubuntu  Current process id: 3473411
Using random seed 1735574168
Problem Name: random143
Problem Type: TSP
Number of Nodes: 143
Explicit Lengths (CC_MATRIXNORM)
Set initial upperbound to 907 (from tour)
  LP Value  1: 882.625000  (0.01 seconds)
  LP Value  2: 899.472222  (0.02 seconds)
  LP Value  3: 906.083333  (0.05 seconds)
  LP Value  4: 906.375000  (0.06 seconds)
  LP Value  5: 907.000000  (0.07 seconds)
New lower bound: 907.000000
Final lower bound 907.000000, upper bound 907.000000
Exact lower bound: 907.000000
DIFF: 0.000000
Final LP has 207 rows, 304 columns, 2144 nonzeros
Optimal Solution: 907.00
Number of bbnodes: 1
Total Running Time: 0.17 (seconds)

Standard Error:
