Standard Output:
./concorde -o /home/chongjiu/concorde_uncomplete_graph/x10/de/solution/random122.sol /home/chongjiu/concorde_uncomplete_graph/x10/de/mat/random122.tsp
Host: ubuntu  Current process id: 3473268
Using random seed 1735574156
Problem Name: random122
Problem Type: TSP
Number of Nodes: 122
Explicit Lengths (CC_MATRIXNORM)
Set initial upperbound to 869 (from tour)
  LP Value  1: 839.250000  (0.01 seconds)
  LP Value  2: 860.666667  (0.02 seconds)
  LP Value  3: 865.500000  (0.04 seconds)
  LP Value  4: 868.822917  (0.06 seconds)
  LP Value  5: 869.000000  (0.07 seconds)
New lower bound: 869.000000
Final lower bound 869.000000, upper bound 869.000000
Exact lower bound: 869.000000
DIFF: 0.000000
Final LP has 199 rows, 262 columns, 1439 nonzeros
Optimal Solution: 869.00
Number of bbnodes: 1
Total Running Time: 0.14 (seconds)

Standard Error:
