Standard Output:
./concorde -o /home/chongjiu/concorde_uncomplete_graph/x10/de/solution/random89.sol /home/chongjiu/concorde_uncomplete_graph/x10/de/mat/random89.tsp
Host: ubuntu  Current process id: 3473155
Using random seed 1735574149
Problem Name: random89
Problem Type: TSP
Number of Nodes: 89
Explicit Lengths (CC_MATRIXNORM)
Set initial upperbound to 763 (from tour)
  LP Value  1: 743.500000  (0.00 seconds)
  LP Value  2: 756.200000  (0.01 seconds)
  LP Value  3: 760.900000  (0.03 seconds)
  LP Value  4: 762.503311  (0.04 seconds)
  LP Value  5: 763.000000  (0.05 seconds)
New lower bound: 763.000000
Final lower bound 763.000000, upper bound 763.000000
Exact lower bound: 763.000000
DIFF: 0.000000
Final LP has 165 rows, 194 columns, 1830 nonzeros
Optimal Solution: 763.00
Number of bbnodes: 1
Total Running Time: 0.10 (seconds)

Standard Error:
