Standard Output:
./concorde -o /home/chongjiu/concorde_uncomplete_graph/x10/de/solution/random141.sol /home/chongjiu/concorde_uncomplete_graph/x10/de/mat/random141.tsp
Host: ubuntu  Current process id: 3473398
Using random seed 1735574168
Problem Name: random141
Problem Type: TSP
Number of Nodes: 141
Explicit Lengths (CC_MATRIXNORM)
Set initial upperbound to 927 (from tour)
  LP Value  1: 892.000000  (0.00 seconds)
  LP Value  2: 924.000000  (0.01 seconds)
  LP Value  3: 925.000000  (0.03 seconds)
  LP Value  4: 927.000000  (0.03 seconds)
recomputing rownorms ...
  LP Value  5: 927.000000  (0.04 seconds)
New lower bound: 927.000000
Final lower bound 927.000000, upper bound 927.000000
Exact lower bound: 927.000000
DIFF: 0.000000
Final LP has 185 rows, 289 columns, 994 nonzeros
Optimal Solution: 927.00
Number of bbnodes: 1
Total Running Time: 0.11 (seconds)

Standard Error:
