Standard Output:
./concorde -o /home/chongjiu/concorde_uncomplete_graph/x10/de/solution/random109.sol /home/chongjiu/concorde_uncomplete_graph/x10/de/mat/random109.tsp
Host: ubuntu  Current process id: 3473214
Using random seed 1735574151
Problem Name: random109
Problem Type: TSP
Number of Nodes: 109
Explicit Lengths (CC_MATRIXNORM)
Set initial upperbound to 809 (from tour)
  LP Value  1: 782.000000  (0.01 seconds)
  LP Value  2: 796.000000  (0.02 seconds)
  LP Value  3: 803.112500  (0.04 seconds)
  LP Value  4: 806.666667  (0.07 seconds)
  LP Value  5: 807.282313  (0.09 seconds)
  LP Value  6: 807.708333  (0.11 seconds)
  LP Value  7: 807.901408  (0.17 seconds)
  LP Value  8: 808.253456  (0.23 seconds)
  LP Value  9: 808.333333  (0.31 seconds)
  LP Value 10: 808.500000  (0.37 seconds)
recomputing rownorms ...
  LP Value 11: 808.500000  (0.40 seconds)
New lower bound: 808.500000
Final lower bound 808.500000, upper bound 809.000000
Exact lower bound: 808.500000
DIFF: 0.000000
Final LP has 176 rows, 232 columns, 1363 nonzeros
Optimal Solution: 809.00
Number of bbnodes: 1
Total Running Time: 0.47 (seconds)

Standard Error:
