Standard Output:
./concorde -o /home/chongjiu/concorde_uncomplete_graph/x10/de/solution/random62.sol /home/chongjiu/concorde_uncomplete_graph/x10/de/mat/random62.tsp
Host: ubuntu  Current process id: 3473087
Using random seed 1735574146
Problem Name: random62
Problem Type: TSP
Number of Nodes: 62
Explicit Lengths (CC_MATRIXNORM)
Set initial upperbound to 619 (from tour)
  LP Value  1: 601.000000  (0.00 seconds)
  LP Value  2: 613.547619  (0.00 seconds)
  LP Value  3: 618.500000  (0.01 seconds)
  LP Value  4: 618.625000  (0.04 seconds)
  LP Value  5: 618.967059  (0.08 seconds)
  LP Value  6: 619.000000  (0.08 seconds)
New lower bound: 619.000000
Final lower bound 619.000000, upper bound 619.000000
Exact lower bound: 619.000000
DIFF: 0.000000
Final LP has 97 rows, 132 columns, 975 nonzeros
Optimal Solution: 619.00
Number of bbnodes: 1
Total Running Time: 0.10 (seconds)

Standard Error:
