Standard Output:
./concorde -o /home/chongjiu/concorde_uncomplete_graph/x10/de/solution/random134.sol /home/chongjiu/concorde_uncomplete_graph/x10/de/mat/random134.tsp
Host: ubuntu  Current process id: 3473358
Using random seed 1735574163
Problem Name: random134
Problem Type: TSP
Number of Nodes: 134
Explicit Lengths (CC_MATRIXNORM)
Set initial upperbound to 884 (from tour)
  LP Value  1: 857.500000  (0.01 seconds)
  LP Value  2: 874.500000  (0.02 seconds)
  LP Value  3: 878.600000  (0.04 seconds)
  LP Value  4: 880.169118  (0.05 seconds)
  LP Value  5: 880.500000  (0.07 seconds)
  LP Value  6: 880.750000  (0.08 seconds)
  LP Value  7: 881.000000  (0.09 seconds)
recomputing rownorms ...
  LP Value  8: 881.000000  (0.09 seconds)
New lower bound: 881.000000
New upperbound from x-heuristic: 881.00
Final lower bound 881.000000, upper bound 881.000000
Exact lower bound: 881.000000
DIFF: 0.000000
Final LP has 194 rows, 274 columns, 1229 nonzeros
Optimal Solution: 881.00
Number of bbnodes: 1
Total Running Time: 0.16 (seconds)

Standard Error:
