Standard Output:
./concorde -o /home/chongjiu/concorde_uncomplete_graph/x10/de/solution/random98.sol /home/chongjiu/concorde_uncomplete_graph/x10/de/mat/random98.tsp
Host: ubuntu  Current process id: 3473176
Using random seed 1735574150
Problem Name: random98
Problem Type: TSP
Number of Nodes: 98
Explicit Lengths (CC_MATRIXNORM)
Set initial upperbound to 764 (from tour)
  LP Value  1: 741.000000  (0.00 seconds)
  LP Value  2: 758.000000  (0.01 seconds)
  LP Value  3: 761.500000  (0.02 seconds)
  LP Value  4: 762.812500  (0.03 seconds)
  LP Value  5: 763.333333  (0.03 seconds)
  LP Value  6: 763.527309  (0.06 seconds)
  LP Value  7: 763.750000  (0.07 seconds)
  LP Value  8: 763.888889  (0.08 seconds)
  LP Value  9: 764.000000  (0.09 seconds)
  LP Value 10: 764.000000  (0.11 seconds)
New lower bound: 764.000000
Final lower bound 764.000000, upper bound 764.000000
Exact lower bound: 764.000000
DIFF: 0.000000
Final LP has 165 rows, 213 columns, 1314 nonzeros
Optimal Solution: 764.00
Number of bbnodes: 1
Total Running Time: 0.15 (seconds)

Standard Error:
