Standard Output:
./concorde -o /home/chongjiu/concorde_uncomplete_graph/x10/de/solution/random184.sol /home/chongjiu/concorde_uncomplete_graph/x10/de/mat/random184.tsp
Host: ubuntu  Current process id: 3475619
Using random seed 1735574190
Problem Name: random184
Problem Type: TSP
Number of Nodes: 184
Explicit Lengths (CC_MATRIXNORM)
Set initial upperbound to 1023 (from tour)
  LP Value  1: 990.000000  (0.01 seconds)
  LP Value  2: 1016.500000  (0.03 seconds)
  LP Value  3: 1023.000000  (0.03 seconds)
New lower bound: 1023.000000
Final lower bound 1023.000000, upper bound 1023.000000
Exact lower bound: 1023.000000
DIFF: 0.000000
Final LP has 273 rows, 379 columns, 1833 nonzeros
Optimal Solution: 1023.00
Number of bbnodes: 1
Total Running Time: 0.13 (seconds)

Standard Error:
