Standard Output:
./concorde -o /home/chongjiu/concorde_uncomplete_graph/x10/de/solution/random95.sol /home/chongjiu/concorde_uncomplete_graph/x10/de/mat/random95.tsp
Host: ubuntu  Current process id: 3473170
Using random seed 1735574149
Problem Name: random95
Problem Type: TSP
Number of Nodes: 95
Explicit Lengths (CC_MATRIXNORM)
Set initial upperbound to 781 (from tour)
  LP Value  1: 756.800000  (0.01 seconds)
  LP Value  2: 770.233885  (0.03 seconds)
  LP Value  3: 778.680556  (0.04 seconds)
  LP Value  4: 780.291667  (0.06 seconds)
  LP Value  5: 780.920585  (0.06 seconds)
  LP Value  6: 781.000000  (0.06 seconds)
recomputing rownorms ...
  LP Value  7: 781.000000  (0.07 seconds)
New lower bound: 781.000000
Final lower bound 781.000000, upper bound 781.000000
Exact lower bound: 781.000000
DIFF: 0.000000
Final LP has 169 rows, 215 columns, 1411 nonzeros
Optimal Solution: 781.00
Number of bbnodes: 1
Total Running Time: 0.10 (seconds)

Standard Error:
