Standard Output:
./concorde -o /home/chongjiu/concorde_uncomplete_graph/x10/de/solution/random90.sol /home/chongjiu/concorde_uncomplete_graph/x10/de/mat/random90.tsp
Host: ubuntu  Current process id: 3473157
Using random seed 1735574149
Problem Name: random90
Problem Type: TSP
Number of Nodes: 90
Explicit Lengths (CC_MATRIXNORM)
Set initial upperbound to 715 (from tour)
  LP Value  1: 665.000000  (0.00 seconds)
  LP Value  2: 702.500000  (0.01 seconds)
  LP Value  3: 712.326087  (0.02 seconds)
  LP Value  4: 715.000000  (0.03 seconds)
New lower bound: 715.000000
Final lower bound 715.000000, upper bound 715.000000
Exact lower bound: 715.000000
DIFF: 0.000000
Final LP has 132 rows, 194 columns, 1293 nonzeros
Optimal Solution: 715.00
Number of bbnodes: 1
Total Running Time: 0.07 (seconds)

Standard Error:
