Standard Output:
./concorde -o /home/chongjiu/concorde_uncomplete_graph/x10/de/solution/random189.sol /home/chongjiu/concorde_uncomplete_graph/x10/de/mat/random189.tsp
Host: ubuntu  Current process id: 3475637
Using random seed 1735574191
Problem Name: random189
Problem Type: TSP
Number of Nodes: 189
Explicit Lengths (CC_MATRIXNORM)
Set initial upperbound to 1052 (from tour)
  LP Value  1: 1010.500000  (0.01 seconds)
  LP Value  2: 1044.625000  (0.03 seconds)
  LP Value  3: 1050.875000  (0.06 seconds)
  LP Value  4: 1052.000000  (0.07 seconds)
New lower bound: 1052.000000
Final lower bound 1052.000000, upper bound 1052.000000
Exact lower bound: 1052.000000
DIFF: 0.000000
Final LP has 258 rows, 398 columns, 2001 nonzeros
Optimal Solution: 1052.00
Number of bbnodes: 1
Total Running Time: 0.21 (seconds)

Standard Error:
