Standard Output:
./concorde -o /home/chongjiu/concorde_uncomplete_graph/x10/de/solution/random148.sol /home/chongjiu/concorde_uncomplete_graph/x10/de/mat/random148.tsp
Host: ubuntu  Current process id: 3473433
Using random seed 1735574170
Problem Name: random148
Problem Type: TSP
Number of Nodes: 148
Explicit Lengths (CC_MATRIXNORM)
Set initial upperbound to 959 (from tour)
  LP Value  1: 936.750000  (0.01 seconds)
  LP Value  2: 951.416667  (0.03 seconds)
  LP Value  3: 958.525000  (0.06 seconds)
  LP Value  4: 959.000000  (0.07 seconds)
recomputing rownorms ...
  LP Value  5: 959.000000  (0.07 seconds)
New lower bound: 959.000000
Final lower bound 959.000000, upper bound 959.000000
Exact lower bound: 959.000000
DIFF: 0.000000
Final LP has 208 rows, 320 columns, 1367 nonzeros
Optimal Solution: 959.00
Number of bbnodes: 1
Total Running Time: 0.15 (seconds)

Standard Error:
