Standard Output:
./concorde -o /home/chongjiu/concorde_uncomplete_graph/x10/de/solution/random187.sol /home/chongjiu/concorde_uncomplete_graph/x10/de/mat/random187.tsp
Host: ubuntu  Current process id: 3475625
Using random seed 1735574190
Problem Name: random187
Problem Type: TSP
Number of Nodes: 187
Explicit Lengths (CC_MATRIXNORM)
Set initial upperbound to 1028 (from tour)
  LP Value  1: 984.500000  (0.01 seconds)
  LP Value  2: 1016.125000  (0.04 seconds)
  LP Value  3: 1024.665385  (0.07 seconds)
  LP Value  4: 1025.900000  (0.10 seconds)
  LP Value  5: 1026.416667  (0.13 seconds)
  LP Value  6: 1027.000000  (0.16 seconds)
  LP Value  7: 1027.000000  (0.22 seconds)
New lower bound: 1027.000000
New upperbound from x-heuristic: 1027.00
Final lower bound 1027.000000, upper bound 1027.000000
Exact lower bound: 1027.000000
DIFF: 0.000000
Final LP has 299 rows, 396 columns, 2390 nonzeros
Optimal Solution: 1027.00
Number of bbnodes: 1
Total Running Time: 0.35 (seconds)

Standard Error:
