Standard Output:
./concorde -o /home/chongjiu/concorde_uncomplete_graph/x10/de/solution/random172.sol /home/chongjiu/concorde_uncomplete_graph/x10/de/mat/random172.tsp
Host: ubuntu  Current process id: 3475511
Using random seed 1735574181
Problem Name: random172
Problem Type: TSP
Number of Nodes: 172
Explicit Lengths (CC_MATRIXNORM)
Set initial upperbound to 972 (from tour)
  LP Value  1: 928.500000  (0.01 seconds)
  LP Value  2: 961.333333  (0.03 seconds)
  LP Value  3: 963.666667  (0.05 seconds)
  LP Value  4: 965.200000  (0.08 seconds)
  LP Value  5: 965.650877  (0.13 seconds)
  LP Value  6: 966.497503  (0.17 seconds)
  LP Value  7: 966.905726  (0.25 seconds)
  LP Value  8: 967.607750  (0.31 seconds)
  LP Value  9: 968.025636  (0.35 seconds)
  LP Value 10: 968.346505  (0.65 seconds)
  LP Value 11: 968.529283  (0.76 seconds)
  LP Value 12: 968.853047  (0.83 seconds)
  LP Value 13: 968.913043  (0.94 seconds)
  LP Value 14: 968.955932  (1.03 seconds)
New lower bound: 968.955932
Final lower bound 968.955932, upper bound 972.000000
Exact lower bound: 968.955932
DIFF: 0.000000
Time for Total: 1.04 seconds (1.04 total in 1 calls)
Final LP has 280 rows, 388 columns, 3829 nonzeros
LOWER BOUND: 968.955932   ACTIVE NODES: 1

Task 0: Branching on node 0
BBnode 0 split into 1 (969.00) 2 (971.13X) (0.11 seconds)
Child 1 is pruned
LOWER BOUND: 969.000000   ACTIVE NODES: 1

Task 1: Cutting on node 1
Writing Pool: 309 cuts
BBnode 1 (now 3) done cutting: lowerbound 969.31 (0.45 seconds)
LOWER BOUND: 969.310680   ACTIVE NODES: 1

Task 2: Branching on node 3
BBnode 3 split into 4 (970.11) 5 (969.58) (0.14 seconds)
LOWER BOUND: 969.583333   ACTIVE NODES: 2

Task 3: Cutting on node 5
Writing Pool: 333 cuts
BBnode 5 (now 6) done cutting: lowerbound 970.20 (0.26 seconds)
LOWER BOUND: 970.105790   ACTIVE NODES: 2

Task 4: Cutting on node 4
Writing Pool: 366 cuts
BBnode 4 (now 7) can be pruned: upperbound 972.00 (0.13 seconds)
LOWER BOUND: 970.200000   ACTIVE NODES: 1

Task 5: Branching on node 6
BBnode 6 split into 8 (971.22X) 9 (970.91) (0.14 seconds)
Child 0 is pruned
LOWER BOUND: 970.909091   ACTIVE NODES: 1

Task 6: Cutting on node 9
Writing Pool: 370 cuts
BBnode 9 (now 10) can be pruned: upperbound 972.00 (0.04 seconds)

Task 7: Exit
Optimal Solution: 972.00
Number of bbnodes: 7
Total Running Time: 2.41 (seconds)  Branching Time: 1.26 (seconds)

Standard Error:
