Standard Output:
./concorde -o /home/chongjiu/concorde_uncomplete_graph/x10/de/solution/random151.sol /home/chongjiu/concorde_uncomplete_graph/x10/de/mat/random151.tsp
Host: ubuntu  Current process id: 3473442
Using random seed 1735574171
Problem Name: random151
Problem Type: TSP
Number of Nodes: 151
Explicit Lengths (CC_MATRIXNORM)
Set initial upperbound to 946 (from tour)
  LP Value  1: 917.750000  (0.02 seconds)
  LP Value  2: 938.000000  (0.03 seconds)
  LP Value  3: 940.250000  (0.06 seconds)
  LP Value  4: 943.004464  (0.11 seconds)
  LP Value  5: 943.791667  (0.14 seconds)
  LP Value  6: 944.214286  (0.16 seconds)
  LP Value  7: 944.666667  (0.19 seconds)
  LP Value  8: 945.145200  (0.23 seconds)
  LP Value  9: 945.178571  (0.36 seconds)
New lower bound: 945.154762
Final lower bound 945.154762, upper bound 946.000000
Exact lower bound: 945.154762
DIFF: 0.000000
Final LP has 262 rows, 324 columns, 4394 nonzeros
Optimal Solution: 946.00
Number of bbnodes: 1
Total Running Time: 0.45 (seconds)

Standard Error:
