Standard Output:
./concorde -o /home/chongjiu/concorde_uncomplete_graph/x10/de/solution/random129.sol /home/chongjiu/concorde_uncomplete_graph/x10/de/mat/random129.tsp
Host: ubuntu  Current process id: 3473313
Using random seed 1735574159
Problem Name: random129
Problem Type: TSP
Number of Nodes: 129
Explicit Lengths (CC_MATRIXNORM)
Set initial upperbound to 901 (from tour)
  LP Value  1: 877.500000  (0.01 seconds)
  LP Value  2: 896.772727  (0.02 seconds)
  LP Value  3: 899.666667  (0.03 seconds)
  LP Value  4: 900.650000  (0.05 seconds)
  LP Value  5: 901.000000  (0.07 seconds)
recomputing rownorms ...
  LP Value  6: 901.000000  (0.07 seconds)
New lower bound: 901.000000
Final lower bound 901.000000, upper bound 901.000000
Exact lower bound: 901.000000
DIFF: 0.000000
Final LP has 195 rows, 278 columns, 1381 nonzeros
Optimal Solution: 901.00
Number of bbnodes: 1
Total Running Time: 0.14 (seconds)

Standard Error:
