Standard Output:
./concorde -o /home/chongjiu/concorde_uncomplete_graph/x10/de/solution/random176.sol /home/chongjiu/concorde_uncomplete_graph/x10/de/mat/random176.tsp
Host: ubuntu  Current process id: 3475556
Using random seed 1735574185
Problem Name: random176
Problem Type: TSP
Number of Nodes: 176
Explicit Lengths (CC_MATRIXNORM)
Set initial upperbound to 1032 (from tour)
  LP Value  1: 1003.000000  (0.02 seconds)
  LP Value  2: 1021.783333  (0.04 seconds)
  LP Value  3: 1025.579748  (0.07 seconds)
  LP Value  4: 1026.482759  (0.09 seconds)
  LP Value  5: 1027.053961  (0.12 seconds)
  LP Value  6: 1027.416667  (0.15 seconds)
  LP Value  7: 1027.821429  (0.17 seconds)
  LP Value  8: 1028.000000  (0.19 seconds)
recomputing rownorms ...
  LP Value  9: 1028.000000  (0.19 seconds)
New lower bound: 1027.961707
New upperbound from x-heuristic: 1028.00
Final lower bound 1027.961707, upper bound 1028.000000
Exact lower bound: 1027.961707
DIFF: 0.000000
Final LP has 277 rows, 398 columns, 2172 nonzeros
Optimal Solution: 1028.00
Number of bbnodes: 1
Total Running Time: 0.31 (seconds)

Standard Error:
