Standard Output:
./concorde -o /home/chongjiu/concorde_uncomplete_graph/x10/de/solution/random160.sol /home/chongjiu/concorde_uncomplete_graph/x10/de/mat/random160.tsp
Host: ubuntu  Current process id: 3473746
Using random seed 1735574173
Problem Name: random160
Problem Type: TSP
Number of Nodes: 160
Explicit Lengths (CC_MATRIXNORM)
Set initial upperbound to 965 (from tour)
  LP Value  1: 942.250000  (0.01 seconds)
  LP Value  2: 962.000000  (0.01 seconds)
  LP Value  3: 964.500000  (0.03 seconds)
  LP Value  4: 965.000000  (0.03 seconds)
recomputing rownorms ...
  LP Value  5: 965.000000  (0.03 seconds)
New lower bound: 965.000000
Final lower bound 965.000000, upper bound 965.000000
Exact lower bound: 965.000000
DIFF: 0.000000
Final LP has 223 rows, 313 columns, 1251 nonzeros
Optimal Solution: 965.00
Number of bbnodes: 1
Total Running Time: 0.13 (seconds)

Standard Error:
