Standard Output:
./concorde -o /home/chongjiu/concorde_uncomplete_graph/x10/de/solution/random145.sol /home/chongjiu/concorde_uncomplete_graph/x10/de/mat/random145.tsp
Host: ubuntu  Current process id: 3473415
Using random seed 1735574169
Problem Name: random145
Problem Type: TSP
Number of Nodes: 145
Explicit Lengths (CC_MATRIXNORM)
Set initial upperbound to 900 (from tour)
  LP Value  1: 873.000000  (0.01 seconds)
  LP Value  2: 892.000000  (0.02 seconds)
  LP Value  3: 898.066667  (0.05 seconds)
  LP Value  4: 900.000000  (0.06 seconds)
New lower bound: 900.000000
Final lower bound 900.000000, upper bound 900.000000
Exact lower bound: 900.000000
DIFF: 0.000000
Final LP has 208 rows, 302 columns, 1838 nonzeros
Optimal Solution: 900.00
Number of bbnodes: 1
Total Running Time: 0.14 (seconds)

Standard Error:
