Standard Output:
./concorde -o /home/chongjiu/concorde_uncomplete_graph/x10/de/solution/random78.sol /home/chongjiu/concorde_uncomplete_graph/x10/de/mat/random78.tsp
Host: ubuntu  Current process id: 3473124
Using random seed 1735574147
Problem Name: random78
Problem Type: TSP
Number of Nodes: 78
Explicit Lengths (CC_MATRIXNORM)
Set initial upperbound to 708 (from tour)
  LP Value  1: 658.500000  (0.00 seconds)
  LP Value  2: 704.000000  (0.01 seconds)
  LP Value  3: 708.000000  (0.02 seconds)
New lower bound: 708.000000
Final lower bound 708.000000, upper bound 708.000000
Exact lower bound: 708.000000
DIFF: 0.000000
Final LP has 149 rows, 164 columns, 2009 nonzeros
Optimal Solution: 708.00
Number of bbnodes: 1
Total Running Time: 0.05 (seconds)

Standard Error:
