Standard Output:
./concorde -o /home/chongjiu/concorde_uncomplete_graph/x10/de/solution/random39.sol /home/chongjiu/concorde_uncomplete_graph/x10/de/mat/random39.tsp
Host: ubuntu  Current process id: 3473027
Using random seed 1735574145
Problem Name: random39
Problem Type: TSP
Number of Nodes: 39
Explicit Lengths (CC_MATRIXNORM)
Set initial upperbound to 510 (from tour)
  LP Value  1: 477.000000  (0.00 seconds)
  LP Value  2: 504.000000  (0.00 seconds)
  LP Value  3: 510.000000  (0.00 seconds)
New lower bound: 510.000000
Final lower bound 510.000000, upper bound 510.000000
Exact lower bound: 510.000000
DIFF: 0.000000
Final LP has 47 rows, 74 columns, 178 nonzeros
Optimal Solution: 510.00
Number of bbnodes: 1
Total Running Time: 0.02 (seconds)

Standard Error:
