Standard Output:
./concorde -o /home/chongjiu/concorde_uncomplete_graph/x10/de/solution/random111.sol /home/chongjiu/concorde_uncomplete_graph/x10/de/mat/random111.tsp
Host: ubuntu  Current process id: 3473225
Using random seed 1735574152
Problem Name: random111
Problem Type: TSP
Number of Nodes: 111
Explicit Lengths (CC_MATRIXNORM)
Set initial upperbound to 811 (from tour)
  LP Value  1: 763.000000  (0.00 seconds)
  LP Value  2: 793.500000  (0.01 seconds)
  LP Value  3: 809.061321  (0.03 seconds)
  LP Value  4: 811.000000  (0.03 seconds)
New lower bound: 811.000000
Final lower bound 811.000000, upper bound 811.000000
Exact lower bound: 811.000000
DIFF: 0.000000
Final LP has 178 rows, 265 columns, 1933 nonzeros
Optimal Solution: 811.00
Number of bbnodes: 1
Total Running Time: 0.09 (seconds)

Standard Error:
