Standard Output:
./concorde -o /home/chongjiu/concorde_uncomplete_graph/x10/de/solution/random56.sol /home/chongjiu/concorde_uncomplete_graph/x10/de/mat/random56.tsp
Host: ubuntu  Current process id: 3473066
Using random seed 1735574146
Problem Name: random56
Problem Type: TSP
Number of Nodes: 56
Explicit Lengths (CC_MATRIXNORM)
Set initial upperbound to 615 (from tour)
  LP Value  1: 586.000000  (0.00 seconds)
  LP Value  2: 615.000000  (0.00 seconds)
  LP Value  3: 615.000000  (0.00 seconds)
New lower bound: 615.000000
Final lower bound 615.000000, upper bound 615.000000
Exact lower bound: 615.000000
DIFF: 0.000000
Final LP has 76 rows, 108 columns, 352 nonzeros
Optimal Solution: 615.00
Number of bbnodes: 1
Total Running Time: 0.02 (seconds)

Standard Error:
