Standard Output:
./concorde -o /home/chongjiu/concorde_uncomplete_graph/x10/de/solution/random161.sol /home/chongjiu/concorde_uncomplete_graph/x10/de/mat/random161.tsp
Host: ubuntu  Current process id: 3473881
Using random seed 1735574173
Problem Name: random161
Problem Type: TSP
Number of Nodes: 161
Explicit Lengths (CC_MATRIXNORM)
Set initial upperbound to 942 (from tour)
  LP Value  1: 923.000000  (0.02 seconds)
  LP Value  2: 936.875000  (0.03 seconds)
  LP Value  3: 940.000000  (0.06 seconds)
  LP Value  4: 940.785714  (0.09 seconds)
  LP Value  5: 941.447368  (0.14 seconds)
  LP Value  6: 942.000000  (0.15 seconds)
recomputing rownorms ...
  LP Value  7: 942.000000  (0.15 seconds)
New lower bound: 942.000000
Final lower bound 942.000000, upper bound 942.000000
Exact lower bound: 942.000000
DIFF: 0.000000
Final LP has 256 rows, 338 columns, 1762 nonzeros
Optimal Solution: 942.00
Number of bbnodes: 1
Total Running Time: 0.27 (seconds)

Standard Error:
