Standard Output:
./concorde -o /home/chongjiu/concorde_uncomplete_graph/x10/de/solution/random178.sol /home/chongjiu/concorde_uncomplete_graph/x10/de/mat/random178.tsp
Host: ubuntu  Current process id: 3475588
Using random seed 1735574187
Problem Name: random178
Problem Type: TSP
Number of Nodes: 178
Explicit Lengths (CC_MATRIXNORM)
Set initial upperbound to 1023 (from tour)
  LP Value  1: 990.500000  (0.02 seconds)
  LP Value  2: 1018.400000  (0.06 seconds)
  LP Value  3: 1020.875000  (0.09 seconds)
  LP Value  4: 1021.714286  (0.11 seconds)
  LP Value  5: 1022.779040  (0.14 seconds)
  LP Value  6: 1023.000000  (0.15 seconds)
recomputing rownorms ...
  LP Value  7: 1023.000000  (0.15 seconds)
New lower bound: 1023.000000
Final lower bound 1023.000000, upper bound 1023.000000
Exact lower bound: 1023.000000
DIFF: 0.000000
Final LP has 266 rows, 375 columns, 1886 nonzeros
Optimal Solution: 1023.00
Number of bbnodes: 1
Total Running Time: 0.25 (seconds)

Standard Error:
