Standard Output:
./concorde -o /home/chongjiu/concorde_uncomplete_graph/x10/de/solution/random33.sol /home/chongjiu/concorde_uncomplete_graph/x10/de/mat/random33.tsp
Host: ubuntu  Current process id: 3473015
Using random seed 1735574145
Problem Name: random33
Problem Type: TSP
Number of Nodes: 33
Explicit Lengths (CC_MATRIXNORM)
Set initial upperbound to 497 (from tour)
  LP Value  1: 488.000000  (0.00 seconds)
  LP Value  2: 497.000000  (0.00 seconds)
New lower bound: 497.000000
Final lower bound 497.000000, upper bound 497.000000
Exact lower bound: 497.000000
DIFF: 0.000000
Final LP has 36 rows, 67 columns, 150 nonzeros
Optimal Solution: 497.00
Number of bbnodes: 1
Total Running Time: 0.01 (seconds)

Standard Error:
