Standard Output:
./concorde -o /home/chongjiu/concorde_uncomplete_graph/x10/de/solution/random27.sol /home/chongjiu/concorde_uncomplete_graph/x10/de/mat/random27.tsp
Host: ubuntu  Current process id: 3473003
Using random seed 1735574145
Problem Name: random27
Problem Type: TSP
Number of Nodes: 27
Explicit Lengths (CC_MATRIXNORM)
Set initial upperbound to 430 (from tour)
  LP Value  1: 392.000000  (0.00 seconds)
  LP Value  2: 430.000000  (0.00 seconds)
New lower bound: 430.000000
Final lower bound 430.000000, upper bound 430.000000
Exact lower bound: 430.000000
DIFF: 0.000000
Final LP has 34 rows, 57 columns, 162 nonzeros
Optimal Solution: 430.00
Number of bbnodes: 1
Total Running Time: 0.01 (seconds)

Standard Error:
