Standard Output:
./concorde -o /home/chongjiu/concorde_uncomplete_graph/x10/de/solution/random118.sol /home/chongjiu/concorde_uncomplete_graph/x10/de/mat/random118.tsp
Host: ubuntu  Current process id: 3473251
Using random seed 1735574154
Problem Name: random118
Problem Type: TSP
Number of Nodes: 118
Explicit Lengths (CC_MATRIXNORM)
Set initial upperbound to 827 (from tour)
  LP Value  1: 776.000000  (0.00 seconds)
  LP Value  2: 818.750000  (0.01 seconds)
  LP Value  3: 823.041667  (0.03 seconds)
  LP Value  4: 825.472222  (0.04 seconds)
  LP Value  5: 826.500000  (0.05 seconds)
  LP Value  6: 827.000000  (0.06 seconds)
recomputing rownorms ...
  LP Value  7: 827.000000  (0.06 seconds)
New lower bound: 827.000000
Final lower bound 827.000000, upper bound 827.000000
Exact lower bound: 827.000000
DIFF: 0.000000
Final LP has 215 rows, 256 columns, 1861 nonzeros
Optimal Solution: 827.00
Number of bbnodes: 1
Total Running Time: 0.11 (seconds)

Standard Error:
