Standard Output:
./concorde -o /home/chongjiu/concorde_uncomplete_graph/x10/de/solution/random104.sol /home/chongjiu/concorde_uncomplete_graph/x10/de/mat/random104.tsp
Host: ubuntu  Current process id: 3473188
Using random seed 1735574151
Problem Name: random104
Problem Type: TSP
Number of Nodes: 104
Explicit Lengths (CC_MATRIXNORM)
Set initial upperbound to 745 (from tour)
  LP Value  1: 718.000000  (0.00 seconds)
  LP Value  2: 738.500000  (0.01 seconds)
  LP Value  3: 745.000000  (0.01 seconds)
New lower bound: 745.000000
Final lower bound 745.000000, upper bound 745.000000
Exact lower bound: 745.000000
DIFF: 0.000000
Final LP has 131 rows, 216 columns, 983 nonzeros
Optimal Solution: 745.00
Number of bbnodes: 1
Total Running Time: 0.07 (seconds)

Standard Error:
