Standard Output:
./concorde -o /home/chongjiu/concorde_uncomplete_graph/x10/de/solution/random119.sol /home/chongjiu/concorde_uncomplete_graph/x10/de/mat/random119.tsp
Host: ubuntu  Current process id: 3473253
Using random seed 1735574155
Problem Name: random119
Problem Type: TSP
Number of Nodes: 119
Explicit Lengths (CC_MATRIXNORM)
Set initial upperbound to 804 (from tour)
  LP Value  1: 773.833333  (0.00 seconds)
  LP Value  2: 797.750000  (0.01 seconds)
  LP Value  3: 802.833333  (0.02 seconds)
  LP Value  4: 804.000000  (0.03 seconds)
New lower bound: 804.000000
Final lower bound 804.000000, upper bound 804.000000
Exact lower bound: 804.000000
DIFF: 0.000000
Final LP has 171 rows, 239 columns, 1461 nonzeros
Optimal Solution: 804.00
Number of bbnodes: 1
Total Running Time: 0.09 (seconds)

Standard Error:
