Standard Output:
./concorde -o /home/chongjiu/concorde_uncomplete_graph/x10/de/solution/random171.sol /home/chongjiu/concorde_uncomplete_graph/x10/de/mat/random171.tsp
Host: ubuntu  Current process id: 3475509
Using random seed 1735574180
Problem Name: random171
Problem Type: TSP
Number of Nodes: 171
Explicit Lengths (CC_MATRIXNORM)
Set initial upperbound to 956 (from tour)
  LP Value  1: 917.500000  (0.01 seconds)
  LP Value  2: 951.125000  (0.02 seconds)
  LP Value  3: 955.206897  (0.05 seconds)
  LP Value  4: 955.731092  (0.08 seconds)
  LP Value  5: 956.000000  (0.11 seconds)
  LP Value  6: 956.000000  (0.11 seconds)
New lower bound: 956.000000
Final lower bound 956.000000, upper bound 956.000000
Exact lower bound: 956.000000
DIFF: 0.000000
Final LP has 242 rows, 373 columns, 1642 nonzeros
Optimal Solution: 956.00
Number of bbnodes: 1
Total Running Time: 0.21 (seconds)

Standard Error:
