Standard Output:
./concorde -o /home/chongjiu/concorde_uncomplete_graph/x10/de/solution/random175.sol /home/chongjiu/concorde_uncomplete_graph/x10/de/mat/random175.tsp
Host: ubuntu  Current process id: 3475554
Using random seed 1735574184
Problem Name: random175
Problem Type: TSP
Number of Nodes: 175
Explicit Lengths (CC_MATRIXNORM)
Set initial upperbound to 1043 (from tour)
  LP Value  1: 1020.500000  (0.01 seconds)
  LP Value  2: 1031.666667  (0.02 seconds)
  LP Value  3: 1037.723525  (0.04 seconds)
  LP Value  4: 1039.804348  (0.08 seconds)
  LP Value  5: 1041.490543  (0.10 seconds)
  LP Value  6: 1041.629870  (0.14 seconds)
  LP Value  7: 1042.214286  (0.17 seconds)
  LP Value  8: 1042.527778  (0.25 seconds)
  LP Value  9: 1043.000000  (0.26 seconds)
New lower bound: 1043.000000
Final lower bound 1043.000000, upper bound 1043.000000
Exact lower bound: 1043.000000
DIFF: 0.000000
Final LP has 261 rows, 382 columns, 2633 nonzeros
Optimal Solution: 1043.00
Number of bbnodes: 1
Total Running Time: 0.35 (seconds)

Standard Error:
