Standard Output:
./concorde -o /home/chongjiu/concorde_uncomplete_graph/x10/de/solution/random166.sol /home/chongjiu/concorde_uncomplete_graph/x10/de/mat/random166.tsp
Host: ubuntu  Current process id: 3475020
Using random seed 1735574178
Problem Name: random166
Problem Type: TSP
Number of Nodes: 166
Explicit Lengths (CC_MATRIXNORM)
Set initial upperbound to 998 (from tour)
  LP Value  1: 962.000000  (0.01 seconds)
  LP Value  2: 988.333333  (0.03 seconds)
  LP Value  3: 994.583333  (0.05 seconds)
  LP Value  4: 996.000000  (0.08 seconds)
  LP Value  5: 996.464342  (0.11 seconds)
  LP Value  6: 997.222222  (0.14 seconds)
  LP Value  7: 997.550000  (0.20 seconds)
  LP Value  8: 998.000000  (0.24 seconds)
recomputing rownorms ...
  LP Value  9: 998.000000  (0.24 seconds)
New lower bound: 998.000000
Final lower bound 998.000000, upper bound 998.000000
Exact lower bound: 998.000000
DIFF: 0.000000
Final LP has 297 rows, 374 columns, 2846 nonzeros
Optimal Solution: 998.00
Number of bbnodes: 1
Total Running Time: 0.34 (seconds)

Standard Error:
