Standard Output:
./concorde -o /home/chongjiu/concorde_uncomplete_graph/x10/de/solution/random52.sol /home/chongjiu/concorde_uncomplete_graph/x10/de/mat/random52.tsp
Host: ubuntu  Current process id: 3473053
Using random seed 1735574146
Problem Name: random52
Problem Type: TSP
Number of Nodes: 52
Explicit Lengths (CC_MATRIXNORM)
Set initial upperbound to 606 (from tour)
  LP Value  1: 574.000000  (0.00 seconds)
  LP Value  2: 604.069444  (0.01 seconds)
  LP Value  3: 604.600000  (0.01 seconds)
  LP Value  4: 605.000000  (0.03 seconds)
  LP Value  5: 605.000000  (0.03 seconds)
  LP Value  6: 606.000000  (0.04 seconds)
New lower bound: 606.000000
Final lower bound 606.000000, upper bound 606.000000
Exact lower bound: 606.000000
DIFF: 0.000000
Final LP has 91 rows, 110 columns, 748 nonzeros
Optimal Solution: 606.00
Number of bbnodes: 1
Total Running Time: 0.06 (seconds)

Standard Error:
