Standard Output:
./concorde -o /home/chongjiu/concorde_uncomplete_graph/x10/de/solution/random54.sol /home/chongjiu/concorde_uncomplete_graph/x10/de/mat/random54.tsp
Host: ubuntu  Current process id: 3473057
Using random seed 1735574146
Problem Name: random54
Problem Type: TSP
Number of Nodes: 54
Explicit Lengths (CC_MATRIXNORM)
Set initial upperbound to 568 (from tour)
  LP Value  1: 531.000000  (0.00 seconds)
  LP Value  2: 561.750000  (0.01 seconds)
  LP Value  3: 566.000000  (0.01 seconds)
  LP Value  4: 567.545455  (0.02 seconds)
  LP Value  5: 568.000000  (0.02 seconds)
New lower bound: 568.000000
Final lower bound 568.000000, upper bound 568.000000
Exact lower bound: 568.000000
DIFF: 0.000000
Final LP has 103 rows, 123 columns, 1086 nonzeros
Optimal Solution: 568.00
Number of bbnodes: 1
Total Running Time: 0.05 (seconds)

Standard Error:
