
Gurobi 11.0.0 (linux64) logging started Tue Aug  6 03:24:58 2024

Set parameter LogFile to value "gurobi_optimal_tour_log/gurobi_log/random18.log"
Gurobi Optimizer version 11.0.0 build v11.0.0rc2 (linux64 - "Ubuntu 22.04.3 LTS")

CPU model: Intel(R) Xeon(R) Platinum 8358 CPU @ 2.60GHz, instruction set [SSE2|AVX|AVX2|AVX512]
Thread count: 64 physical cores, 64 logical processors, using up to 32 threads

Optimize a model with 0 rows, 324 columns and 0 nonzeros
Model fingerprint: 0x040239b0
Model has 11340 quadratic objective terms
Variable types: 0 continuous, 324 integer (324 binary)
Coefficient statistics:
  Matrix range     [0e+00, 0e+00]
  Objective range  [1e+02, 1e+02]
  QObjective range [1e+01, 2e+02]
  Bounds range     [1e+00, 1e+00]
  RHS range        [0e+00, 0e+00]
Found heuristic solution: objective 1116.0000000
Found heuristic solution: objective 424.0000000
Found heuristic solution: objective 408.0000000
Found heuristic solution: objective 393.0000000
Presolve time: 0.27s
Presolved: 0 rows, 324 columns, 0 nonzeros
Presolved model has 11340 quadratic objective terms
Variable types: 0 continuous, 324 integer (324 binary)

Root relaxation: objective -7.231792e+03, 309 iterations, 0.03 seconds (0.04 work units)

    Nodes    |    Current Node    |     Objective Bounds      |     Work
 Expl Unexpl |  Obj  Depth IntInf | Incumbent    BestBd   Gap | It/Node Time

     0     0 -7231.7916    0  306  393.00000 -7231.7916  1940%     -    0s
     0     0 -7218.5354    0  306  393.00000 -7218.5354  1937%     -    0s
     0     2 -7218.5354    0  306  393.00000 -7218.5354  1937%     -    0s
H  105   128                     381.0000000 -6611.0133  1835%  12.3    1s
H  725   840                     380.0000000 -6606.6360  1839%   7.2    1s
H 1011  1039                     379.0000000 -6606.6360  1843%   6.6    1s
 12250 11476 -2291.5550   62  136  379.00000 -6555.3580  1830%   4.4    5s
 59424 48503 -5308.8968   32  239  379.00000 -6078.3112  1704%   4.2   10s
 151382 134094 -3308.6119   87  196  379.00000 -5750.8707  1617%   4.3   15s
H212712 189123                     377.0000000 -5694.4714  1610%   4.1   18s
 244829 223310 -4103.7644   86  229  377.00000 -5665.8372  1603%   4.0   20s
 355501 325451 -101.13643  278   46  377.00000 -5582.3953  1581%   4.0   25s
 447572 409848 -1469.8580  107  177  377.00000 -5530.8797  1567%   4.1   30s
H472636 429203                     370.0000000 -5516.8340  1591%   4.1   31s
 524738 482179 -4104.9879   65  239  370.00000 -5497.4094  1586%   4.1   35s
 630718 581556 -2969.0131  142  180  370.00000 -5463.5094  1577%   4.1   40s
H663175 607515                     367.0000000 -5455.3974  1586%   4.1   42s
 717415 660319 -4141.0515   72  225  367.00000 -5437.9559  1582%   4.1   45s
 817286 754919 -4988.6531   34  238  367.00000 -5416.7631  1576%   4.1   50s
 939681 869956  274.79023  165  116  367.00000 -5390.3773  1569%   4.0   55s
 1034097 959799 -737.34169  237   79  367.00000 -5372.1101  1564%   4.0   60s
 1136758 1054788 -3691.3486   78  206  367.00000 -5355.4420  1559%   4.1   65s
 1227229 1140301 -4659.5827   46  249  367.00000 -5342.6697  1556%   4.0   70s
 1342450 1247813  238.29743  179  103  367.00000 -5324.7513  1551%   4.0   75s
 1443005 1341496 -629.54845  252   74  367.00000 -5311.7183  1547%   4.0   80s
 1556970 1447891 -2948.3223   85  203  367.00000 -5296.6689  1543%   4.0   85s
 1649983 1533602 -3886.5512   60  229  367.00000 -5283.5919  1540%   4.0   90s
 1763773 1640506 -1868.3869  129  180  367.00000 -5271.3273  1536%   4.0   95s
 1871317 1742458 -4318.1421   59  237  367.00000 -5261.7608  1534%   4.0  100s
 1964407 1830635     cutoff   89       367.00000 -5253.7535  1532%   4.0  105s
 2065988 1924285 -172.69968  145  134  367.00000 -5244.6887  1529%   4.0  110s
 2184693 2037502 -4112.2307   73  233  367.00000 -5234.4275  1526%   4.0  115s
 2299459 2144106 -4637.2495   34  243  367.00000 -5224.1878  1523%   4.0  120s
 2415617 2251533 -320.76372   63  165  367.00000 -5214.8297  1521%   4.0  125s
 2526379 2355456 -2691.7591  135  172  367.00000 -5206.5168  1519%   4.0  130s
 2623598 2447192 -3352.0865  103  204  367.00000 -5200.1027  1517%   4.0  135s
 2726478 2541698 -4384.3129   67  235  367.00000 -5192.4132  1515%   4.0  140s
 2839628 2646230 -2607.4140  148  162  367.00000 -5185.6109  1513%   4.0  145s
 2940272 2742633 -2065.0699   91  190  367.00000 -5177.5299  1511%   4.0  150s
 3058818 2853597 -4354.7071   46  242  367.00000 -5170.7476  1509%   4.0  155s
 3176539 2964801 -1635.7982  193  121  367.00000 -5162.7404  1507%   4.0  160s
 3279338 3062415 -2937.6686  127  184  367.00000 -5157.5105  1505%   4.0  165s
 3394920 3169135 -283.94324  260   54  367.00000 -5151.2210  1504%   4.0  170s
 3469256 3239108 -3146.4917  111  195  367.00000 -5147.6896  1503%   4.0  175s
 3568985 3330537 -4621.1120   45  247  367.00000 -5141.8794  1501%   4.0  180s
 3673312 3427556 -4123.5160   83  223  367.00000 -5137.2707  1500%   4.0  185s
 3787131 3536763 -1463.5653  201  114  367.00000 -5131.6732  1498%   4.0  190s
 3893671 3636462 -129.60522  275   49  367.00000 -5125.9847  1497%   4.0  195s
 4001796 3736191 -4881.9433   34  241  367.00000 -5119.7629  1495%   4.0  200s
 4097578 3827737 -2752.6244  127  173  367.00000 -5115.7467  1494%   4.0  205s
 4210718 3932126 -2917.2059  111  197  367.00000 -5110.4827  1493%   4.0  210s
 4303006 4017279 -697.59531  138  141  367.00000 -5106.3035  1491%   3.9  215s
 4403747 4113458 -4156.4730   68  229  367.00000 -5102.5639  1490%   3.9  220s
 4521670 4225302 -2543.2572  159  167  367.00000 -5097.3180  1489%   3.9  225s
 4635716 4329079 -4230.5358   52  242  367.00000 -5091.8885  1487%   3.9  230s
 4731870 4418601 -3780.6940   55  223  367.00000 -5087.7768  1486%   3.9  235s
 4844214 4524946 -1970.0947  171  152  367.00000 -5083.5917  1485%   3.9  240s
 4954835 4626879 -3895.7672   59  233  367.00000 -5079.3090  1484%   3.9  245s
 5066722 4733131 -3244.1874  100  201  367.00000 -5075.6148  1483%   3.9  250s
 5189668 4847972 -4117.2203   53  237  367.00000 -5071.2274  1482%   3.9  255s
 5286019 4937084 -4590.3246   49  238  367.00000 -5067.5528  1481%   3.9  260s
 5405749 5050625 -4770.5007   39  240  367.00000 -5062.6766  1479%   3.9  265s
 5508468 5148404 -2520.2660  140  161  367.00000 -5058.9095  1478%   3.9  270s
 5617127 5249379 -1987.9618  169  150  367.00000 -5054.7520  1477%   3.9  275s
 5716984 5338508 -3949.4354   67  232  367.00000 -5051.3208  1476%   3.9  280s
 5820365 5439529 -3377.4570  102  218  367.00000 -5047.7272  1475%   3.9  285s
 5940072 5548528 -4262.0313   60  235  367.00000 -5043.1291  1474%   3.9  290s
 6045934 5648724 -4449.7603   55  239  367.00000 -5039.3898  1473%   3.9  295s
 6166623 5761099 -3792.8389   75  227  367.00000 -5035.3207  1472%   3.9  300s
 6259601 5848357 -1239.5612  213  105  367.00000 -5032.3069  1471%   3.9  305s
 6391383 5972019 -4421.6514   66  230  367.00000 -5028.4509  1470%   3.9  310s
 6507343 6080315 -1881.8807  188  129  367.00000 -5025.4967  1469%   3.9  315s
 6631975 6196681 -4052.0732   70  224  367.00000 -5021.6046  1468%   3.9  320s
 6740738 6299509 -2537.1433   83  210  367.00000 -5018.0510  1467%   3.9  325s
 6828364 6382921 -1124.0189  220   92  367.00000 -5015.6074  1467%   3.9  330s
 6943461 6488218 -3637.5506   61  230  367.00000 -5012.1572  1466%   3.9  335s
 7056820 6593037 -3959.0706   59  221  367.00000 -5009.5583  1465%   3.9  340s
 7111004 6646696 -2675.9125  145  160  367.00000 -5007.9902  1465%   3.9  345s
 7221002 6746262 -4046.9093   54  216  367.00000 -5004.6300  1464%   3.9  350s
 7320274 6838983 -4432.1161   54  243  367.00000 -5002.0046  1463%   3.9  355s
 7432093 6945591 -4514.7430   50  241  367.00000 -4999.7285  1462%   3.9  360s
 7545053 7054172  -59.72899  149  135  367.00000 -4996.5964  1461%   3.9  365s
 7650905 7151173 -4643.1377   45  238  367.00000 -4994.1880  1461%   3.9  370s
 7744461 7239949 -3011.1221  121  187  367.00000 -4992.2219  1460%   3.9  375s
 7850669 7338650 -3915.1418   79  222  367.00000 -4989.3234  1459%   3.9  380s
 7964677 7447585 -3230.4537  107  204  367.00000 -4986.8584  1459%   3.9  385s
 8060534 7535773 -3720.5054   86  216  367.00000 -4984.3378  1458%   3.9  390s
 8169019 7634294 -1788.4739  111  180  367.00000 -4981.5267  1457%   3.9  395s
 8279345 7736954 -1297.6486  148  150  367.00000 -4979.0067  1457%   3.9  400s
 8399701 7848301 -1729.4890   84  187  367.00000 -4975.6166  1456%   3.9  405s
 8518694 7959913 -2011.3293  156  150  367.00000 -4973.1240  1455%   3.9  410s
 8610549 8047128 -1217.7052  221   97  367.00000 -4971.0574  1455%   3.9  415s
 8728965 8156887 -2035.8798   84  174  367.00000 -4967.9467  1454%   3.9  420s
 8833330 8253418 -4889.9773   35  244  367.00000 -4965.9171  1453%   3.9  425s
 8957208 8370442 -3330.1081   86  209  367.00000 -4962.9627  1452%   3.9  430s
 9066705 8472894  357.47623   80  152  367.00000 -4961.0280  1452%   3.9  435s
 9153797 8552680   -5.58708  110  161  367.00000 -4959.0697  1451%   3.9  440s
 9270315 8663808 -4312.8796   55  245  367.00000 -4956.7256  1451%   3.9  445s
 9391867 8777991 -4627.5745   32  248  367.00000 -4954.0875  1450%   3.9  450s
 9508981 8889375 -2046.0058  176  141  367.00000 -4951.9695  1449%   3.9  455s
 9621222 8993910 -4555.3434   38  239  367.00000 -4949.6490  1449%   3.9  460s
 9706104 9075332 -2687.9565  127  192  367.00000 -4948.5133  1448%   3.9  465s
 9825482 9186135 -3782.7594   83  219  367.00000 -4946.1858  1448%   3.9  470s
 9944005 9295216 -2435.2667  108  181  367.00000 -4943.3379  1447%   3.9  475s
 10046218 9392084  112.18137  284   39  367.00000 -4941.5360  1446%   3.9  480s
 10169580 9506441 -4516.3863   39  246  367.00000 -4939.1470  1446%   3.9  485s
 10271166 9601823 -334.19732   68  153  367.00000 -4937.3696  1445%   3.9  490s
 10385416 9710242 -2399.5264  155  153  367.00000 -4935.1158  1445%   3.9  495s
 10506590 9819741 -4128.9582   41  231  367.00000 -4932.9030  1444%   3.9  500s
 10610282 9919833 -3337.4604   94  199  367.00000 -4931.0253  1444%   3.9  505s
 10715268 10017019 -2658.6895  144  165  367.00000 -4929.0660  1443%   3.9  510s
 10835373 10129124 -526.19445  157  133  367.00000 -4927.0810  1443%   3.9  515s
 10952815 10238393 -3316.4960   95  213  367.00000 -4925.0587  1442%   3.9  520s
 11066481 10346148 -3232.4572  111  203  367.00000 -4923.1021  1441%   3.9  525s
 11177542 10448605 -3944.6640   69  218  367.00000 -4920.7946  1441%   3.9  530s
 11282837 10544774 -4733.0622   44  243  367.00000 -4918.9880  1440%   3.9  535s
 11389976 10646519     cutoff  105       367.00000 -4917.3465  1440%   3.9  540s
 11511842 10761020 -3001.5016   88  200  367.00000 -4915.3846  1439%   3.9  545s
 11624121 10865275 -780.61151  171  127  367.00000 -4913.5849  1439%   3.9  550s
 11728999 10962565 -3883.6128   73  220  367.00000 -4912.0614  1438%   3.9  555s
 11832834 11060943 -3027.9836  123  185  367.00000 -4910.4250  1438%   3.9  560s
 11935423 11155559 -4418.9510   55  238  367.00000 -4909.0261  1438%   3.9  565s
 12050343 11261355 -4291.1120   50  238  367.00000 -4907.1332  1437%   3.9  570s
 12145369 11350729 -4612.1763   38  234  367.00000 -4905.5366  1437%   3.9  575s
 12261444 11458356 -3607.5646   66  223  367.00000 -4903.6474  1436%   3.9  580s
 12375912 11565612 -3208.5917   64  214  367.00000 -4901.7945  1436%   3.9  585s
 12475984 11660339 -3768.6198   75  213  367.00000 -4900.1637  1435%   3.9  590s
 12582271 11755430 -3446.3628   68  231  367.00000 -4898.4464  1435%   3.9  595s
 12708615 11876159 -3489.4520   81  214  367.00000 -4896.5535  1434%   3.9  600s
 12812130 11969450 -4529.6509   64  234  367.00000 -4895.0431  1434%   3.9  605s
 12923037 12076987 -661.50117  250   77  367.00000 -4893.4692  1433%   3.9  610s
 13037968 12183492 -4404.8018   51  248  367.00000 -4891.5082  1433%   3.9  615s
 13147135 12284722 -1878.6241  169  136  367.00000 -4889.9204  1432%   3.9  620s
 13261600 12389759 -1326.1993  216  107  367.00000 -4888.0598  1432%   3.9  625s
 13384408 12505622 -2809.9861   98  196  367.00000 -4886.2835  1431%   3.9  630s
 13506533 12618600     cutoff  298       367.00000 -4884.7986  1431%   3.9  635s
 13608141 12713548 -4579.2372   42  244  367.00000 -4883.4011  1431%   3.9  640s
 13730779 12830069 -3406.9998   90  209  367.00000 -4881.7279  1430%   3.9  645s
 13851174 12939564 -4565.3768   61  238  367.00000 -4879.8940  1430%   3.9  650s
 13968878 13050518 -4006.9354   71  237  367.00000 -4878.4020  1429%   3.9  655s
 14086213 13161006 -2815.1863  122  183  367.00000 -4876.9206  1429%   3.9  660s
 14185240 13254352 -3355.1631   88  202  367.00000 -4875.7622  1429%   3.9  665s
 14298067 13356664 -3956.0085   62  237  367.00000 -4874.1097  1428%   3.9  670s
 14419423 13469596 -4583.0115   45  254  367.00000 -4872.0306  1428%   3.9  675s
 14525925 13569171 -4158.5781   54  225  367.00000 -4870.9441  1427%   3.9  680s
 14635539 13671229 -2066.3266  107  174  367.00000 -4869.4638  1427%   3.9  685s
 14744652 13773078 -4677.0178   51  254  367.00000 -4868.0314  1426%   3.9  690s
 14874435 13896053 -3567.5166   54  223  367.00000 -4866.2689  1426%   3.9  695s
 14999064 14012259 -374.83897  131  155  367.00000 -4864.7801  1426%   3.9  700s
 15119518 14122691 -989.24434  158  139  367.00000 -4863.0422  1425%   3.9  705s
 15220251 14217255 -2704.2311  126  179  367.00000 -4861.6648  1425%   3.9  710s
 15339627 14326535 -4226.1899   62  237  367.00000 -4860.2832  1424%   3.9  715s
 15445505 14428191 -107.77181  278   48  367.00000 -4859.1099  1424%   3.9  720s
 15560700 14535127 -2789.0918   73  211  367.00000 -4857.8391  1424%   3.9  725s
 15673886 14638271  262.55913  281   42  367.00000 -4856.3127  1423%   3.9  730s
 15770482 14729077 -3590.3663   85  220  367.00000 -4855.1687  1423%   3.9  735s
 15879981 14830595 -3286.2013   78  227  367.00000 -4853.8797  1423%   3.9  740s
 16009906 14950477 -4429.1264   53  239  367.00000 -4852.4723  1422%   3.9  745s
 16141591 15075113 -4275.0059   46  232  367.00000 -4850.7634  1422%   3.9  750s
 16264386 15187953 -2687.7427   48  201  367.00000 -4849.1423  1421%   3.9  755s
 16360448 15278370 -1881.9705  179  126  367.00000 -4847.8118  1421%   3.9  760s
 16478386 15385428 -2082.1962  160  151  367.00000 -4846.6932  1421%   3.9  765s
 16595069 15497443 -4130.2188   41  219  367.00000 -4845.4465  1420%   3.9  770s
 16721205 15618168 -2630.1846  138  169  367.00000 -4844.0268  1420%   3.9  775s
 16830583 15717012 -4093.5254   46  234  367.00000 -4842.8934  1420%   3.9  780s
 16935135 15814584 -4236.3200   65  231  367.00000 -4841.6418  1419%   3.9  785s
 17035443 15909311 -1349.2662  196  113  367.00000 -4840.4861  1419%   3.9  790s
 17159419 16025074 -1202.3132   48  172  367.00000 -4839.0901  1419%   3.9  795s
 17283195 16138507 -1763.7433  192  128  367.00000 -4837.7740  1418%   3.9  800s
 17401654 16250227 -2240.7357  100  184  367.00000 -4836.4384  1418%   3.9  805s
 17520942 16362398 -2828.5210  114  179  367.00000 -4835.2072  1417%   3.9  810s
 17618055 16451392 -2609.5706   83  209  367.00000 -4834.2072  1417%   3.9  815s
 17734062 16558278  364.54753  190   97  367.00000 -4832.8437  1417%   3.9  820s
 17853350 16667987 -3315.6325   52  222  367.00000 -4831.4218  1416%   3.9  825s
 17977531 16787942 -4029.8286   68  230  367.00000 -4830.3330  1416%   3.9  830s
 18097607 16898164 -2416.1142  141  170  367.00000 -4829.1282  1416%   3.9  835s
 18217617 17007461 -3468.9726   55  219  367.00000 -4827.9841  1416%   3.9  840s
 18314378 17100995 -3334.2353   66  215  367.00000 -4826.9369  1415%   3.9  845s
 18429017 17207616 -1718.9222  119  183  367.00000 -4825.8368  1415%   3.9  850s
 18551562 17322541 -4276.4873   51  241  367.00000 -4824.5447  1415%   3.9  855s
 18686773 17449122 -2908.4007  107  196  367.00000 -4823.1341  1414%   3.9  860s
 18801539 17559753 -2032.3691   98  176  367.00000 -4822.1385  1414%   3.9  865s
 18929516 17677840 -2853.0741   67  229  367.00000 -4821.1706  1414%   3.9  870s
 19050307 17789434 -783.93157   94  147  367.00000 -4819.9024  1413%   3.9  875s
 19150804 17905215 -1882.1515   78  192  367.00000 -4818.9978  1413%   3.9  880s
 19257212 17979968 -4182.1639   58  227  367.00000 -4817.8827  1413%   3.9  885s
 19355198 18073368 -1757.2888   97  183  367.00000 -4816.9677  1413%   3.9  890s
 19470137 18184878 -2044.1045  165  137  367.00000 -4816.0018  1412%   3.9  895s
 19590922 18293192 -2754.6593   88  204  367.00000 -4814.8663  1412%   3.9  900s
 19693023 18387011 -1807.4741  138  172  367.00000 -4813.9527  1412%   3.9  905s
 19814686 18499321 -4706.7861   58  239  367.00000 -4812.6959  1411%   3.9  910s
 19920252 18597677 -450.66172   60  166  367.00000 -4811.8525  1411%   3.9  915s
 20031465 18699688 -4172.5416   40  214  367.00000 -4810.7587  1411%   3.9  920s
 20131773 18793326 -3925.4424   45  224  367.00000 -4809.7271  1411%   3.9  925s
 20241594 18895006 -4144.9256   54  225  367.00000 -4808.7081  1410%   3.9  930s
 20361790 19008255 -4321.7063   56  238  367.00000 -4807.7121  1410%   3.9  935s
 20461923 19103985 -4341.9389   44  230  367.00000 -4806.8036  1410%   3.9  940s
 20580187 19214481 -2195.4334  109  190  367.00000 -4805.9149  1410%   3.9  945s
 20713548 19340114   49.67588  273   45  367.00000 -4804.7989  1409%   3.9  950s
 20835909 19454258 -3629.6392   70  214  367.00000 -4803.7591  1409%   3.9  955s
 20939949 19551562 -1941.2750  161  144  367.00000 -4802.6589  1409%   3.9  960s
 21065039 19665885 -3920.7772   51  219  367.00000 -4801.5779  1408%   3.9  965s
 21158016 19753125 -4540.5150   48  245  367.00000 -4800.8136  1408%   3.9  970s
 21282047 19869309 -4360.7830   44  246  367.00000 -4799.7631  1408%   3.9  975s
 21405349 19982313 -4779.5185   44  245  367.00000 -4798.5426  1408%   3.9  980s
 21514425 20081708 -1414.4804  198  127  367.00000 -4797.5989  1407%   3.9  985s
 21627392 20189220 -2725.6461  123  174  367.00000 -4796.5697  1407%   3.9  990s
 21735695 20289508 -4324.1032   50  243  367.00000 -4795.5685  1407%   3.9  995s
 21849832 20395155 -4349.7924   38  247  367.00000 -4794.4442  1406%   3.9 1000s
 21959177 20497941 -2610.3510   86  203  367.00000 -4793.4096  1406%   3.9 1005s
 22069696 20600214 -2599.5953  141  179  367.00000 -4792.3644  1406%   3.9 1010s
 22196015 20717439 -3569.3861   80  216  367.00000 -4791.2654  1406%   3.9 1015s
 22282443 20796015 -4181.9027   52  230  367.00000 -4790.4365  1405%   3.9 1020s
 22386603 20892820 -2080.5951   57  194  367.00000 -4789.5687  1405%   3.9 1025s
 22511751 21010982  107.27985   65  153  367.00000 -4788.5274  1405%   3.9 1030s
 22627816 21119680 -3955.6625   48  235  367.00000 -4787.6443  1405%   3.9 1035s
 22743519 21226163 -844.45591  101  173  367.00000 -4786.4948  1404%   3.9 1040s
 22855658 21329941 -4669.6002   44  247  367.00000 -4785.6488  1404%   3.9 1045s
 22973870 21439321 -3130.2001   99  198  367.00000 -4784.5086  1404%   3.9 1050s
 23090442 21547391 -1202.9111  120  168  367.00000 -4783.5713  1403%   3.9 1055s
 23216786 21667272 -2888.7184  116  190  367.00000 -4782.5180  1403%   3.9 1060s
 23322689 21760614 -3753.5955   63  233  367.00000 -4781.6464  1403%   3.9 1065s
 23428267 21863296 -3618.2460   76  216  367.00000 -4780.9120  1403%   3.9 1070s
 23548766 21974612  246.14820  124  137  367.00000 -4779.9208  1402%   3.9 1075s
 23672823 22088675 -3287.2372   75  207  367.00000 -4778.8231  1402%   3.9 1080s
 23772398 22182566 -303.34526  158  120  367.00000 -4778.0798  1402%   3.9 1085s
 23902275 22303793 -1437.1528  128  160  367.00000 -4777.1531  1402%   3.9 1090s
 24032526 22427379 -2605.2134  130  171  367.00000 -4776.2105  1401%   3.9 1095s
 24140066 22527038 -3769.0858   85  214  367.00000 -4775.3468  1401%   3.9 1100s
 24243108 22621669   45.07347  123  156  367.00000 -4774.2874  1401%   3.9 1105s
 24357804 22728254 -3807.3807   68  213  367.00000 -4773.3669  1401%   3.9 1110s
 24475115 22837098 -3136.8775  113  188  367.00000 -4772.3633  1400%   3.9 1115s
 24585436 22940426 -2200.5690  166  149  367.00000 -4771.5648  1400%   3.9 1120s
 24702202 23049957 -1879.0817  173  145  367.00000 -4770.7227  1400%   3.9 1125s
 24825124 23163887 -1347.7603  204  111  367.00000 -4769.8146  1400%   3.9 1130s
 24935933 23265895 -3903.1500   65  227  367.00000 -4769.0011  1399%   3.9 1135s
 25050791 23377495 -957.44341  241   85  367.00000 -4768.2568  1399%   3.9 1140s
 25174088 23491274 -1507.5401  199  116  367.00000 -4767.3005  1399%   3.9 1145s
 25296433 23608341 -3369.5661   97  215  367.00000 -4766.5411  1399%   3.9 1150s
 25404683 23707776 -390.96046  124  158  367.00000 -4765.8562  1399%   3.9 1155s
 25525235 23820595  -64.11756   98  151  367.00000 -4764.8881  1398%   3.9 1160s
 25641938 23929458 -625.02662   88  160  367.00000 -4764.0119  1398%   3.9 1165s
 25742931 24022220 -1012.1854  101  166  367.00000 -4763.1002  1398%   3.9 1170s
 25874275 24146949 -2852.4245   83  209  367.00000 -4762.1958  1398%   3.9 1175s
 25994598 24257809 -357.74028  150  145  367.00000 -4761.3464  1397%   3.9 1180s
 26105816 24363385 -4517.9346   61  240  367.00000 -4760.6844  1397%   3.9 1185s
 26221882 24472203 -2550.1179   96  193  367.00000 -4759.8109  1397%   3.9 1190s
 26317294 24559592 -1668.2762   96  173  367.00000 -4759.1138  1397%   3.9 1195s
 26444800 24679801 -418.64938  163  137  367.00000 -4758.1970  1397%   3.9 1200s
 26565296 24794774 -1649.0614  193  122  367.00000 -4757.4302  1396%   3.9 1205s
 26674026 24895062 -2318.2094   83  203  367.00000 -4756.7833  1396%   3.9 1210s
 26785714 24998481 -4007.7705   57  237  367.00000 -4756.0616  1396%   3.9 1215s
 26920255 25126085 -3922.1017   80  216  367.00000 -4755.1000  1396%   3.9 1220s
 27042857 25240458 -716.47231  237   77  367.00000 -4754.2677  1395%   3.9 1225s
 27136981 25328893 -2920.3803  113  184  367.00000 -4753.5872  1395%   3.9 1230s
 27265776 25447503 -4129.8385   40  219  367.00000 -4752.6183  1395%   3.9 1235s
 27375377 25552201 -1590.9179  183  136  367.00000 -4751.9789  1395%   3.9 1240s
 27477062 25644702 -2818.8050  112  194  367.00000 -4751.3206  1395%   3.9 1245s
 27589848 25750213 -2242.8998   96  203  367.00000 -4750.4453  1394%   3.9 1250s
 27712490 25863961 -3012.5013   95  212  367.00000 -4749.6202  1394%   3.9 1255s
 27827490 25969819 -4025.9977   72  224  367.00000 -4748.7681  1394%   3.9 1260s
 27940842 26075938 -2652.6756  120  205  367.00000 -4748.0375  1394%   3.9 1265s
 28042210 26170494 -1618.2125  186  124  367.00000 -4747.2850  1394%   3.9 1270s
 28163487 26285354 -2416.1621  144  154  367.00000 -4746.5251  1393%   3.9 1275s
 28280993 26393825 -509.32362  143  150  367.00000 -4745.7159  1393%   3.9 1280s
 28370530 26504082 -2988.2467   99  192  367.00000 -4745.0214  1393%   3.9 1285s
 28522176 26618791 -4374.0742   42  245  367.00000 -4744.0483  1393%   3.9 1290s
 28644261 26733304 -3459.0420   54  217  367.00000 -4743.2918  1392%   3.9 1295s
 28758829 26843844 -3529.1877   78  221  367.00000 -4742.5974  1392%   3.9 1300s
 28875201 26953119 -2598.7116  128  172  367.00000 -4741.9170  1392%   3.9 1305s
 28992976 27059818 -4193.2821   51  219  367.00000 -4741.1544  1392%   3.9 1310s
 29113937 27173907 -4237.0726   70  235  367.00000 -4740.4420  1392%   3.9 1315s
 29236641 27290267 -970.33866  229   88  367.00000 -4739.7586  1391%   3.9 1320s
 29316320 27365067 -2606.5494  121  175  367.00000 -4739.3919  1391%   3.9 1325s
 29422269 27463343 -731.55127  128  155  367.00000 -4738.7514  1391%   3.9 1330s
 29551572 27584826 -3750.5431   39  234  367.00000 -4737.9398  1391%   3.9 1335s
 29683132 27709989 -2782.4497  141  183  367.00000 -4737.1268  1391%   3.9 1340s
 29804313 27821463 -4036.5906   46  231  367.00000 -4736.2874  1391%   3.9 1345s
 29932994 27942169 -3769.3248   74  225  367.00000 -4735.4976  1390%   3.9 1350s
 30041993 28039114 -1050.3175  222   91  367.00000 -4734.8568  1390%   3.9 1355s
 30141385 28138182 -1178.8624   85  176  367.00000 -4734.3779  1390%   3.9 1360s
 30270048 28258188 -3551.8539   94  223  367.00000 -4733.6580  1390%   3.9 1365s
 30388723 28366556 -1246.8528  133  151  367.00000 -4732.7648  1390%   3.9 1370s
 30507648 28478087 -1260.6775  200  109  367.00000 -4732.0019  1389%   3.9 1375s
 30625758 28587508 -670.92217  109  148  367.00000 -4731.2493  1389%   3.9 1380s
 30724291 28678435 -4046.9375   49  224  367.00000 -4730.6796  1389%   3.9 1385s
 30839307 28786054 -3087.2435  110  197  367.00000 -4729.9295  1389%   3.9 1390s
 30967813 28906768 -3490.0715   84  225  367.00000 -4729.2034  1389%   3.8 1395s
 31100334 29029578 -3250.9061   86  205  367.00000 -4728.3889  1388%   3.8 1400s
 31216931 29138709 -1913.9642  129  170  367.00000 -4727.6879  1388%   3.8 1405s
 31324876 29239297 -4171.2066   46  235  367.00000 -4726.9833  1388%   3.8 1410s
 31441154 29345843  104.49847  278   45  367.00000 -4726.3024  1388%   3.8 1415s
 31560252 29458714 -2691.3062  131  182  367.00000 -4725.5849  1388%   3.8 1420s
 31686953 29575914 -1349.2385  213  107  367.00000 -4724.8138  1387%   3.8 1425s
 31807129 29687680 -3055.4195   78  203  367.00000 -4724.0477  1387%   3.8 1430s
 31902409 29774315 -4321.1604   56  236  367.00000 -4723.4090  1387%   3.8 1435s
 32013303 29879288 -2315.3435   74  201  367.00000 -4722.7761  1387%   3.8 1440s
 32134436 29994375 -4300.4336   57  225  367.00000 -4721.9999  1387%   3.8 1445s
 32247197 30096116 -2179.7942   76  212  367.00000 -4721.2372  1386%   3.8 1450s
 32367348 30207275 -4070.0864   55  229  367.00000 -4720.4559  1386%   3.8 1455s
 32491786 30323206 -2032.0994  103  185  367.00000 -4719.6901  1386%   3.8 1460s
 32601098 30423205 -4016.8660   70  225  367.00000 -4719.0824  1386%   3.8 1465s
 32706864 30523440 -2044.3876   85  181  367.00000 -4718.5712  1386%   3.8 1470s
 32834659 30641824 -4386.1699   45  232  367.00000 -4717.7675  1385%   3.8 1475s
 32962830 30761139 -3835.9149   50  225  367.00000 -4717.0101  1385%   3.8 1480s
 33079586 30868857  112.03851  163  123  367.00000 -4716.3210  1385%   3.8 1485s
 33187681 30968091 -3047.6543  126  197  367.00000 -4715.6780  1385%   3.8 1490s
 33298301 31072842 -3877.6388   55  234  367.00000 -4715.0495  1385%   3.8 1495s
 33421631 31186613 -4386.7376   35  246  367.00000 -4714.2525  1385%   3.8 1500s
 33531948 31288554  325.21706  287   31  367.00000 -4713.7996  1384%   3.8 1505s
 33662918 31411438 -3842.1778   68  221  367.00000 -4713.0740  1384%   3.8 1510s
 33787788 31528998 -3634.0388   79  234  367.00000 -4712.4247  1384%   3.8 1515s
 33880468 31616115 -2923.7861   87  210  367.00000 -4711.9532  1384%   3.8 1520s
 34003538 31730214 -4684.4268   28  237  367.00000 -4711.2441  1384%   3.8 1525s
 34112737 31832747 -1334.4320   79  199  367.00000 -4710.6092  1384%   3.8 1530s
 34239710 31951853 -2104.5097  116  177  367.00000 -4710.0104  1383%   3.8 1535s
 34364244 32070001 -2466.3336   85  201  367.00000 -4709.4323  1383%   3.8 1540s
 34465639 32165105 -3774.8021   66  224  367.00000 -4708.9392  1383%   3.8 1545s
 34583151 32276657  113.23825  275   47  367.00000 -4708.3433  1383%   3.8 1550s
 34716866 32400993 -2934.0127  113  200  367.00000 -4707.6347  1383%   3.8 1555s
 34824035 32502073 -1614.2826  126  174  367.00000 -4707.0478  1383%   3.8 1560s
 34946056 32616165 -4284.7975   45  230  367.00000 -4706.4135  1382%   3.8 1565s
 35060004 32723954 -2212.5064  145  164  367.00000 -4705.9107  1382%   3.8 1570s
 35182357 32838133 -4128.9370   39  233  367.00000 -4705.2971  1382%   3.8 1575s
 35286882 32935353 -2393.7988  149  165  367.00000 -4704.7702  1382%   3.8 1580s
 35384296 33027439 -221.71944  149  131  367.00000 -4704.2752  1382%   3.8 1585s
 35508587 33141084 -862.70198   92  173  367.00000 -4703.5017  1382%   3.8 1590s
 35629542 33255427 -1659.2887  179  129  367.00000 -4702.8900  1381%   3.8 1595s
 35760588 33376500 -2214.2620   60  185  367.00000 -4702.2214  1381%   3.8 1600s
 35860469 33472241 -2227.6016  137  171  367.00000 -4701.7757  1381%   3.8 1605s
 35951509 33554653 -547.79513  133  151  367.00000 -4701.3057  1381%   3.8 1610s
 36080466 33675801 -4026.5057   55  235  367.00000 -4700.6331  1381%   3.8 1615s
 36195930 33782186 -3572.0875   46  217  367.00000 -4700.1144  1381%   3.8 1620s
 36315771 33893699 -4218.6143   40  242  367.00000 -4699.4296  1380%   3.8 1625s
 36435857 34006530 -2736.8251  135  174  367.00000 -4698.8263  1380%   3.8 1630s
 36555400 34117085 -4155.0565   55  240  367.00000 -4698.2734  1380%   3.8 1635s
 36667215 34221486 -603.79049  241   75  367.00000 -4697.6895  1380%   3.8 1640s
 36770078 34316888 -1588.5274  190  125  367.00000 -4697.2624  1380%   3.8 1645s
 36909540 34446336 -4159.9356   62  237  367.00000 -4696.5094  1380%   3.8 1650s
 37025030 34555127 -3842.3671   77  222  367.00000 -4696.0250  1380%   3.8 1655s
 37142206 34665998 -4067.1600   69  238  367.00000 -4695.4419  1379%   3.8 1660s
 37257953 34772354 -3815.4747   53  225  367.00000 -4694.8099  1379%   3.8 1665s
 37354601 34864103 -1991.6054  171  143  367.00000 -4694.3730  1379%   3.8 1670s
 37475511 34976713 -3067.4406  107  202  367.00000 -4693.7249  1379%   3.8 1675s
 37604528 35098587 -3479.1644   93  196  367.00000 -4693.0715  1379%   3.8 1680s
 37725744 35209510 -4082.4869   61  228  367.00000 -4692.4821  1379%   3.8 1685s
 37817613 35321722 -2465.1021  131  159  367.00000 -4692.0484  1378%   3.8 1690s
 37952329 35420880 -2433.9357  151  171  367.00000 -4691.4009  1378%   3.8 1695s
 38072629 35532050 -2211.9321  104  177  367.00000 -4690.6530  1378%   3.8 1700s
 38195209 35645515 -3439.3396   94  208  367.00000 -4690.0463  1378%   3.8 1705s
 38328119 35768291 -4254.0499   60  249  367.00000 -4689.3099  1378%   3.8 1710s
 38428206 35863796 -3043.0109  102  196  367.00000 -4688.8069  1378%   3.8 1715s
 38539683 35968255 -2364.1309  163  150  367.00000 -4688.3529  1377%   3.8 1720s
 38645455 36066071 -3425.7573   84  216  367.00000 -4687.8004  1377%   3.8 1725s
 38769146 36180796 -2731.4341  136  176  367.00000 -4687.1823  1377%   3.8 1730s
 38886249 36286278 -3313.0441   70  221  367.00000 -4686.5605  1377%   3.8 1735s
 39005563 36395249 -367.16347  136  137  367.00000 -4685.8747  1377%   3.8 1740s
 39097988 36483462 -2706.8102  133  168  367.00000 -4685.4766  1377%   3.8 1745s
 39209311 36585092 -4093.0902   51  239  367.00000 -4684.9736  1377%   3.8 1750s
 39314462 36682389 -619.50398  242   79  367.00000 -4684.4698  1376%   3.8 1755s
 39441923 36802984 -1173.2195  216  100  367.00000 -4683.8345  1376%   3.8 1760s
 39572672 36922993 -725.80342  127  149  367.00000 -4683.2486  1376%   3.8 1765s
 39675671 37017191  290.61010  140  121  367.00000 -4682.7065  1376%   3.8 1770s
 39783632 37116817  327.82116  199   98  367.00000 -4682.2292  1376%   3.8 1775s
 39912574 37237890 -1045.5213  220   98  367.00000 -4681.6994  1376%   3.8 1780s
 40040832 37356786  -29.41321  276   45  367.00000 -4681.0490  1375%   3.8 1785s
 40155872 37467611 -3306.9070   91  198  367.00000 -4680.6021  1375%   3.8 1790s
 40285650 37585663 -3912.2272   46  231  367.00000 -4680.0249  1375%   3.8 1795s
 40390218 37684465 -3586.2664   64  221  367.00000 -4679.5540  1375%   3.8 1800s
 40512728 37797711 -4018.1721   48  224  367.00000 -4678.9504  1375%   3.8 1805s
 40639289 37915077 -1581.0020  185  134  367.00000 -4678.3094  1375%   3.8 1810s
 40744058 38009847 -3202.6451   98  213  367.00000 -4677.8388  1375%   3.8 1815s
 40855073 38118278 -2537.7826  130  174  367.00000 -4677.3395  1374%   3.8 1820s
 40975608 38229811 -2031.1769  168  147  367.00000 -4676.7996  1374%   3.8 1825s
 41103758 38350204 -950.21780  240   84  367.00000 -4676.1745  1374%   3.8 1830s
 41213754 38452249 -3175.0093   99  207  367.00000 -4675.7268  1374%   3.8 1835s
 41328629 38558058 -1998.5826  182  131  367.00000 -4675.1636  1374%   3.8 1840s
 41459745 38680250 -2936.2527  104  195  367.00000 -4674.5976  1374%   3.8 1845s
 41579418 38793308 -3055.8714  119  196  367.00000 -4674.0902  1374%   3.8 1850s
 41674479 38880614 -630.41954  235   76  367.00000 -4673.6069  1373%   3.8 1855s
 41793834 38990048 -264.41312  256   63  367.00000 -4673.1161  1373%   3.8 1860s
 41908057 39100780 -3460.5691   94  207  367.00000 -4672.6445  1373%   3.8 1865s
 42042604 39225261 -2420.8446  135  163  367.00000 -4672.0108  1373%   3.8 1870s
 42160879 39334495 -4094.6061   54  233  367.00000 -4671.4818  1373%   3.8 1875s
 42267643 39435650 -2724.2006  113  175  367.00000 -4671.1238  1373%   3.8 1880s
 42366151 39526200 -1933.3355   88  203  367.00000 -4670.6255  1373%   3.8 1885s
 42494472 39645244  221.85483  145  126  367.00000 -4670.1024  1373%   3.8 1890s
 42598639 39745877 -3667.0258   73  211  367.00000 -4669.7095  1372%   3.8 1895s
 42711530 39850305 -3922.5062   88  214  367.00000 -4669.2939  1372%   3.8 1900s
 42834724 39963730 -3722.3600   43  227  367.00000 -4668.7425  1372%   3.8 1905s
 42947694 40069600 -4090.7449   48  233  367.00000 -4668.3133  1372%   3.8 1910s
 43054849 40165457 -4347.7120   45  237  367.00000 -4667.7221  1372%   3.8 1915s
 43167951 40273065 -4039.1498   56  245  367.00000 -4667.2035  1372%   3.8 1920s
 43280774 40378789 -2465.7944  122  178  367.00000 -4666.7850  1372%   3.8 1925s
 43407431 40497816 -1865.0665  182  130  367.00000 -4666.2703  1371%   3.8 1930s
 43530758 40610176 -3913.4327   66  229  367.00000 -4665.7271  1371%   3.8 1935s
 43618322 40695101 -4430.2531   52  240  367.00000 -4665.4800  1371%   3.8 1940s
 43739283 40809871 -3732.0653   79  211  367.00000 -4664.9255  1371%   3.8 1945s
 43852712 40914102 -1588.5770  150  159  367.00000 -4664.5202  1371%   3.8 1950s
 43954561 41008723 -3662.5859   44  222  367.00000 -4664.1150  1371%   3.8 1955s
 44052391 41101863 -3679.9447   62  217  367.00000 -4663.7210  1371%   3.8 1960s
 44180720 41221395 -1103.4297  222   87  367.00000 -4663.1045  1371%   3.8 1965s
 44307024 41337554 -3245.1802   59  220  367.00000 -4662.6396  1370%   3.8 1970s
 44422077 41443271 -4559.6517   64  235  367.00000 -4662.1737  1370%   3.8 1975s
 44542707 41551935 -1350.2435  213  104  367.00000 -4661.6536  1370%   3.8 1980s
 44649244 41655126 -740.79384  167  134  367.00000 -4661.1722  1370%   3.8 1985s
 44778874 41774783 -4324.0578   69  236  367.00000 -4660.5991  1370%   3.8 1990s
 44891756 41878692 -819.52968  157  133  367.00000 -4660.1922  1370%   3.8 1995s
 45010129 41984888 -4223.0084   62  240  367.00000 -4659.6572  1370%   3.8 2000s
 45126466 42096416  154.05542  281   44  367.00000 -4659.1266  1370%   3.8 2005s
 45257844 42219757 -3901.1216   68  230  367.00000 -4658.6248  1369%   3.8 2010s
 45371146 42324642 -2831.1381  120  188  367.00000 -4658.1519  1369%   3.8 2015s
 45494239 42438825 -780.86190   63  174  367.00000 -4657.6830  1369%   3.8 2020s
 45618176 42555806 -728.53842  253   75  367.00000 -4657.2388  1369%   3.8 2025s
 45715381 42648092 -3959.3441   47  237  367.00000 -4656.9001  1369%   3.8 2030s
 45832675 42757305 -4265.3584   47  228  367.00000 -4656.4500  1369%   3.8 2035s
 45948953 42884729 -3446.7237   85  202  367.00000 -4656.0004  1369%   3.8 2040s
 46088455 42995120 -3123.5398   75  203  367.00000 -4655.4303  1369%   3.8 2045s
 46215433 43111045 -1603.5374  192  116  367.00000 -4654.9730  1368%   3.8 2050s
 46315090 43207552 -2731.9771  114  187  367.00000 -4654.5069  1368%   3.8 2055s
 46437605 43319744 -4608.5414   51  235  367.00000 -4653.9776  1368%   3.8 2060s
 46565144 43436818 -1138.0856  104  167  367.00000 -4653.4549  1368%   3.8 2065s
 46677295 43540786 -3736.6145   72  221  367.00000 -4653.0036  1368%   3.8 2070s
 46779013 43635888 -4044.2094   72  223  367.00000 -4652.5838  1368%   3.8 2075s
 46900093 43749014 -1276.0297  135  168  367.00000 -4652.1060  1368%   3.8 2080s
 47030917 43873272 -3290.4061   89  210  367.00000 -4651.6510  1367%   3.8 2085s
 47168768 44005640 -2497.9796  133  181  367.00000 -4651.1252  1367%   3.8 2090s

Explored 47236298 nodes (181179726 simplex iterations) in 2092.64 seconds (2956.28 work units)
Thread count was 32 (of 64 available processors)

Solution count 10: 367 370 377 ... 1116

Solve interrupted
Best objective 3.670000000000e+02, best bound -4.650000000000e+03, gap 1367.0300%
city broken:2,time broken:2