
Gurobi 11.0.0 (linux64) logging started Mon Aug  5 15:11:45 2024

Set parameter LogFile to value "gurobi_optimal_tour_log/gurobi_log/random7.log"
Gurobi Optimizer version 11.0.0 build v11.0.0rc2 (linux64 - "Ubuntu 22.04.3 LTS")

CPU model: Intel(R) Xeon(R) Platinum 8358 CPU @ 2.60GHz, instruction set [SSE2|AVX|AVX2|AVX512]
Thread count: 64 physical cores, 64 logical processors, using up to 32 threads

Optimize a model with 0 rows, 49 columns and 0 nonzeros
Model fingerprint: 0x41eaa97e
Model has 637 quadratic objective terms
Variable types: 0 continuous, 49 integer (49 binary)
Coefficient statistics:
  Matrix range     [0e+00, 0e+00]
  Objective range  [2e+02, 2e+02]
  QObjective range [2e+01, 2e+02]
  Bounds range     [1e+00, 1e+00]
  RHS range        [0e+00, 0e+00]
Found heuristic solution: objective 756.0000000
Found heuristic solution: objective 265.0000000
Found heuristic solution: objective 258.0000000
Presolve time: 0.01s
Presolved: 0 rows, 49 columns, 0 nonzeros
Presolved model has 637 quadratic objective terms
Variable types: 0 continuous, 49 integer (49 binary)

Root relaxation: objective -1.931116e+02, 48 iterations, 0.00 seconds (0.00 work units)

    Nodes    |    Current Node    |     Objective Bounds      |     Work
 Expl Unexpl |  Obj  Depth IntInf | Incumbent    BestBd   Gap | It/Node Time

     0     0 -193.11163    0   47  258.00000 -193.11163   175%     -    0s
     0     0 -191.85244    0   47  258.00000 -191.85244   174%     -    0s
     0     2 -191.85244    0   47  258.00000 -191.85244   174%     -    0s

Cutting planes:
  Gomory: 1
  Cover: 1
  MIR: 21
  Flow cover: 13
  BQP: 73

Explored 6857 nodes (30762 simplex iterations) in 1.81 seconds (1.47 work units)
Thread count was 32 (of 64 available processors)

Solution count 3: 258 265 756 

Optimal solution found (tolerance 1.00e-04)
Best objective 2.580000000000e+02, best bound 2.580000000000e+02, gap 0.0000%
city broken:1,time broken:1