
Gurobi 11.0.0 (linux64) logging started Thu Aug 22 17:27:35 2024

Set parameter LogFile to value "gurobi_log/optimal_penalty/gurobi_log/random5.log"
Gurobi Optimizer version 11.0.0 build v11.0.0rc2 (linux64 - "Ubuntu 22.04.3 LTS")

CPU model: Intel(R) Xeon(R) Platinum 8358 CPU @ 2.60GHz, instruction set [SSE2|AVX|AVX2|AVX512]
Thread count: 64 physical cores, 64 logical processors, using up to 32 threads

Optimize a model with 0 rows, 25 columns and 0 nonzeros
Model fingerprint: 0x20274d91
Model has 225 quadratic objective terms
Variable types: 0 continuous, 25 integer (25 binary)
Coefficient statistics:
  Matrix range     [0e+00, 0e+00]
  Objective range  [3e+02, 3e+02]
  QObjective range [1e+01, 3e+02]
  Bounds range     [1e+00, 1e+00]
  RHS range        [0e+00, 0e+00]
Found heuristic solution: objective 660.0000000
Found heuristic solution: objective 202.0000000
Presolve time: 0.00s
Presolved: 200 rows, 225 columns, 600 nonzeros
Variable types: 0 continuous, 225 integer (225 binary)

Root relaxation: objective -9.900000e+02, 29 iterations, 0.00 seconds (0.00 work units)

    Nodes    |    Current Node    |     Objective Bounds      |     Work
 Expl Unexpl |  Obj  Depth IntInf | Incumbent    BestBd   Gap | It/Node Time

     0     0 -990.00000    0   25  202.00000 -990.00000   590%     -    0s
     0     0 -211.00000    0   31  202.00000 -211.00000   204%     -    0s
     0     0 -138.00000    0   30  202.00000 -138.00000   168%     -    0s
     0     0   -8.00000    0   28  202.00000   -8.00000   104%     -    0s
     0     0   -8.00000    0   28  202.00000   -8.00000   104%     -    0s
     0     2   22.66667    0   28  202.00000   22.66667  88.8%     -    0s

Cutting planes:
  Cover: 7
  BQP: 21

Explored 26 nodes (579 simplex iterations) in 0.16 seconds (0.05 work units)
Thread count was 32 (of 64 available processors)

Solution count 2: 202 660 

Optimal solution found (tolerance 1.00e-04)
Best objective 2.020000000000e+02, best bound 2.020000000000e+02, gap 0.0000%
city broken:0,time broken:0