
Gurobi 11.0.0 (linux64) logging started Thu Aug 22 17:27:44 2024

Set parameter LogFile to value "gurobi_log/optimal_penalty/gurobi_log/random11.log"
Gurobi Optimizer version 11.0.0 build v11.0.0rc2 (linux64 - "Ubuntu 22.04.3 LTS")

CPU model: Intel(R) Xeon(R) Platinum 8358 CPU @ 2.60GHz, instruction set [SSE2|AVX|AVX2|AVX512]
Thread count: 64 physical cores, 64 logical processors, using up to 32 threads

Optimize a model with 0 rows, 121 columns and 0 nonzeros
Model fingerprint: 0xa99fed9b
Model has 2541 quadratic objective terms
Variable types: 0 continuous, 121 integer (121 binary)
Coefficient statistics:
  Matrix range     [0e+00, 0e+00]
  Objective range  [2e+02, 2e+02]
  QObjective range [1e+01, 2e+02]
  Bounds range     [1e+00, 1e+00]
  RHS range        [0e+00, 0e+00]
Found heuristic solution: objective 1320.0000000
Found heuristic solution: objective 373.0000000
Found heuristic solution: objective 348.0000000
Presolve time: 0.02s
Presolved: 0 rows, 121 columns, 0 nonzeros
Presolved model has 2541 quadratic objective terms
Variable types: 0 continuous, 121 integer (121 binary)
Found heuristic solution: objective 324.0000000

Root relaxation: objective -1.733695e+03, 120 iterations, 0.00 seconds (0.00 work units)

    Nodes    |    Current Node    |     Objective Bounds      |     Work
 Expl Unexpl |  Obj  Depth IntInf | Incumbent    BestBd   Gap | It/Node Time

     0     0 -1733.6949    0  119  324.00000 -1733.6949   635%     -    0s
     0     0 -1733.6949    0  119  324.00000 -1733.6949   635%     -    0s
     0     2 -1733.6949    0  119  324.00000 -1733.6949   635%     -    0s
H  105   128                     318.0000000 -1448.4735   555%   7.2    0s

Cutting planes:
  Gomory: 3
  RLT: 116

Explored 10476 nodes (141790 simplex iterations) in 1.60 seconds (1.29 work units)
Thread count was 32 (of 64 available processors)

Solution count 5: 318 324 348 ... 1320

Optimal solution found (tolerance 1.00e-04)
Best objective 3.180000000000e+02, best bound 3.180000000000e+02, gap 0.0000%
city broken:0,time broken:0