
Gurobi 11.0.0 (linux64) logging started Thu Aug 22 17:27:37 2024

Set parameter LogFile to value "gurobi_log/optimal_penalty/gurobi_log/random8.log"
Gurobi Optimizer version 11.0.0 build v11.0.0rc2 (linux64 - "Ubuntu 22.04.3 LTS")

CPU model: Intel(R) Xeon(R) Platinum 8358 CPU @ 2.60GHz, instruction set [SSE2|AVX|AVX2|AVX512]
Thread count: 64 physical cores, 64 logical processors, using up to 32 threads

Optimize a model with 0 rows, 64 columns and 0 nonzeros
Model fingerprint: 0x94df3187
Model has 960 quadratic objective terms
Variable types: 0 continuous, 64 integer (64 binary)
Coefficient statistics:
  Matrix range     [0e+00, 0e+00]
  Objective range  [2e+02, 2e+02]
  QObjective range [1e+01, 2e+02]
  Bounds range     [1e+00, 1e+00]
  RHS range        [0e+00, 0e+00]
Found heuristic solution: objective 816.0000000
Found heuristic solution: objective 230.0000000
Found heuristic solution: objective 215.0000000
Presolve time: 0.01s
Presolved: 0 rows, 64 columns, 0 nonzeros
Presolved model has 960 quadratic objective terms
Variable types: 0 continuous, 64 integer (64 binary)

Root relaxation: objective -3.039960e+02, 63 iterations, 0.00 seconds (0.00 work units)

    Nodes    |    Current Node    |     Objective Bounds      |     Work
 Expl Unexpl |  Obj  Depth IntInf | Incumbent    BestBd   Gap | It/Node Time

     0     0 -303.99602    0   62  215.00000 -303.99602   241%     -    0s
     0     0 -303.09834    0   62  215.00000 -303.09834   241%     -    0s
     0     2 -303.09834    0   62  215.00000 -303.09834   241%     -    0s
H   37    64                     210.0000000 -210.21480   200%   8.1    0s

Cutting planes:
  Gomory: 3
  MIR: 27
  Flow cover: 5
  RLT: 4
  BQP: 51

Explored 4767 nodes (28729 simplex iterations) in 2.79 seconds (2.50 work units)
Thread count was 32 (of 64 available processors)

Solution count 5: 210 215 230 ... 816

Optimal solution found (tolerance 1.00e-04)
Best objective 2.100000000000e+02, best bound 2.100000000000e+02, gap 0.0000%
city broken:1,time broken:1