Standard Output:
./concorde -o /home/chongjiu/concorde_test/solution/random83.sol /home/chongjiu/concorde_test/mat/random83.tsp
Host: ubuntu  Current process id: 1969602
Using random seed 1733472349
Problem Name: random83
Problem Type: TSP
Number of Nodes: 83
Explicit Lengths (CC_MATRIXNORM)
Set initial upperbound to 651 (from tour)
  LP Value  1: 633.000000  (0.00 seconds)
  LP Value  2: 649.272727  (0.01 seconds)
  LP Value  3: 651.000000  (0.01 seconds)
recomputing rownorms ...
  LP Value  4: 651.000000  (0.01 seconds)
New lower bound: 651.000000
Final lower bound 651.000000, upper bound 651.000000
Exact lower bound: 651.000000
DIFF: 0.000000
Final LP has 109 rows, 149 columns, 515 nonzeros
Optimal Solution: 651.00
Number of bbnodes: 1
Total Running Time: 0.06 (seconds)

Standard Error:
