Standard Output:
./concorde -o /home/chongjiu/concorde_test/solution/random88.sol /home/chongjiu/concorde_test/mat/random88.tsp
Host: ubuntu  Current process id: 1969638
Using random seed 1733472350
Problem Name: random88
Problem Type: TSP
Number of Nodes: 88
Explicit Lengths (CC_MATRIXNORM)
Set initial upperbound to 735 (from tour)
  LP Value  1: 687.000000  (0.01 seconds)
  LP Value  2: 724.750000  (0.01 seconds)
  LP Value  3: 731.816901  (0.03 seconds)
  LP Value  4: 733.020408  (0.05 seconds)
  LP Value  5: 733.666667  (0.06 seconds)
  LP Value  6: 733.958333  (0.08 seconds)
  LP Value  7: 734.668936  (0.11 seconds)
  LP Value  8: 735.000000  (0.12 seconds)
New lower bound: 735.000000
Final lower bound 735.000000, upper bound 735.000000
Exact lower bound: 735.000000
DIFF: 0.000000
Final LP has 152 rows, 194 columns, 1597 nonzeros
Optimal Solution: 735.00
Number of bbnodes: 1
Total Running Time: 0.16 (seconds)

Standard Error:
