Standard Output:
./concorde -o /home/chongjiu/concorde_test/solution/random179.sol /home/chongjiu/concorde_test/mat/random179.tsp
Host: ubuntu  Current process id: 1971382
Using random seed 1733472392
Problem Name: random179
Problem Type: TSP
Number of Nodes: 179
Explicit Lengths (CC_MATRIXNORM)
Set initial upperbound to 1064 (from tour)
  LP Value  1: 1042.000000  (0.01 seconds)
  LP Value  2: 1060.000000  (0.02 seconds)
  LP Value  3: 1062.500000  (0.03 seconds)
  LP Value  4: 1062.997608  (0.07 seconds)
  LP Value  5: 1064.000000  (0.10 seconds)
recomputing rownorms ...
  LP Value  6: 1064.000000  (0.10 seconds)
New lower bound: 1064.000000
Final lower bound 1064.000000, upper bound 1064.000000
Exact lower bound: 1064.000000
DIFF: 0.000000
Final LP has 286 rows, 349 columns, 2519 nonzeros
Optimal Solution: 1064.00
Number of bbnodes: 1
Total Running Time: 0.24 (seconds)

Standard Error:
