Standard Output:
./concorde -o /home/chongjiu/concorde_test/solution/random127.sol /home/chongjiu/concorde_test/mat/random127.tsp
Host: ubuntu  Current process id: 1970108
Using random seed 1733472361
Problem Name: random127
Problem Type: TSP
Number of Nodes: 127
Explicit Lengths (CC_MATRIXNORM)
Set initial upperbound to 827 (from tour)
  LP Value  1: 800.250000  (0.01 seconds)
  LP Value  2: 814.000000  (0.02 seconds)
  LP Value  3: 821.875000  (0.03 seconds)
  LP Value  4: 824.208333  (0.04 seconds)
  LP Value  5: 825.555556  (0.06 seconds)
  LP Value  6: 826.000000  (0.08 seconds)
  LP Value  7: 826.000000  (0.10 seconds)
  LP Value  8: 826.500000  (0.12 seconds)
  LP Value  9: 827.000000  (0.15 seconds)
New lower bound: 827.000000
Final lower bound 827.000000, upper bound 827.000000
Exact lower bound: 827.000000
DIFF: 0.000000
Final LP has 222 rows, 279 columns, 2291 nonzeros
Optimal Solution: 827.00
Number of bbnodes: 1
Total Running Time: 0.26 (seconds)

Standard Error:
