Standard Output:
./concorde -o /home/chongjiu/concorde_test/solution/random36.sol /home/chongjiu/concorde_test/mat/random36.tsp
Host: ubuntu  Current process id: 1969422
Using random seed 1733472347
Problem Name: random36
Problem Type: TSP
Number of Nodes: 36
Explicit Lengths (CC_MATRIXNORM)
Set initial upperbound to 495 (from tour)
  LP Value  1: 464.000000  (0.00 seconds)
  LP Value  2: 465.000000  (0.00 seconds)
  LP Value  3: 480.000000  (0.00 seconds)
  LP Value  4: 490.000000  (0.01 seconds)
  LP Value  5: 492.000000  (0.01 seconds)
  LP Value  6: 494.750000  (0.01 seconds)
  LP Value  7: 494.800000  (0.02 seconds)
  LP Value  8: 495.000000  (0.02 seconds)
  LP Value  9: 495.000000  (0.02 seconds)
New lower bound: 495.000000
Final lower bound 495.000000, upper bound 495.000000
Exact lower bound: 495.000000
DIFF: 0.000000
Final LP has 63 rows, 85 columns, 500 nonzeros
Optimal Solution: 495.00
Number of bbnodes: 1
Total Running Time: 0.04 (seconds)

Standard Error:
