Standard Output:
./concorde -o /home/chongjiu/concorde_test/solution/random129.sol /home/chongjiu/concorde_test/mat/random129.tsp
Host: ubuntu  Current process id: 1970135
Using random seed 1733472362
Problem Name: random129
Problem Type: TSP
Number of Nodes: 129
Explicit Lengths (CC_MATRIXNORM)
Set initial upperbound to 901 (from tour)
  LP Value  1: 878.000000  (0.01 seconds)
  LP Value  2: 899.400000  (0.03 seconds)
  LP Value  3: 900.666667  (0.05 seconds)
  LP Value  4: 900.863636  (0.08 seconds)
  LP Value  5: 901.000000  (0.08 seconds)
New lower bound: 901.000000
Final lower bound 901.000000, upper bound 901.000000
Exact lower bound: 901.000000
DIFF: 0.000000
Final LP has 197 rows, 277 columns, 1749 nonzeros
Optimal Solution: 901.00
Number of bbnodes: 1
Total Running Time: 0.18 (seconds)

Standard Error:
