Standard Output:
./concorde -o /home/chongjiu/concorde_test/solution/random68.sol /home/chongjiu/concorde_test/mat/random68.tsp
Host: ubuntu  Current process id: 1969537
Using random seed 1733472348
Problem Name: random68
Problem Type: TSP
Number of Nodes: 68
Explicit Lengths (CC_MATRIXNORM)
Set initial upperbound to 655 (from tour)
  LP Value  1: 615.500000  (0.00 seconds)
  LP Value  2: 646.500000  (0.01 seconds)
  LP Value  3: 652.166667  (0.01 seconds)
  LP Value  4: 654.128205  (0.02 seconds)
  LP Value  5: 655.000000  (0.02 seconds)
recomputing rownorms ...
  LP Value  6: 655.000000  (0.03 seconds)
New lower bound: 655.000000
Final lower bound 655.000000, upper bound 655.000000
Exact lower bound: 655.000000
DIFF: 0.000000
Final LP has 134 rows, 154 columns, 1429 nonzeros
Optimal Solution: 655.00
Number of bbnodes: 1
Total Running Time: 0.06 (seconds)

Standard Error:
