Standard Output:
./concorde -o /home/chongjiu/concorde_test/solution/random117.sol /home/chongjiu/concorde_test/mat/random117.tsp
Host: ubuntu  Current process id: 1969920
Using random seed 1733472356
Problem Name: random117
Problem Type: TSP
Number of Nodes: 117
Explicit Lengths (CC_MATRIXNORM)
Set initial upperbound to 859 (from tour)
  LP Value  1: 824.750000  (0.01 seconds)
  LP Value  2: 848.500000  (0.03 seconds)
  LP Value  3: 857.000000  (0.04 seconds)
  LP Value  4: 858.708333  (0.06 seconds)
  LP Value  5: 859.000000  (0.06 seconds)
New lower bound: 859.000000
Final lower bound 859.000000, upper bound 859.000000
Exact lower bound: 859.000000
DIFF: 0.000000
Final LP has 173 rows, 252 columns, 1170 nonzeros
Optimal Solution: 859.00
Number of bbnodes: 1
Total Running Time: 0.15 (seconds)

Standard Error:
