Standard Output:
./concorde -o /home/chongjiu/concorde_test/solution/random144.sol /home/chongjiu/concorde_test/mat/random144.tsp
Host: ubuntu  Current process id: 1970485
Using random seed 1733472370
Problem Name: random144
Problem Type: TSP
Number of Nodes: 144
Explicit Lengths (CC_MATRIXNORM)
Set initial upperbound to 918 (from tour)
  LP Value  1: 901.500000  (0.01 seconds)
  LP Value  2: 913.000000  (0.04 seconds)
  LP Value  3: 915.500000  (0.06 seconds)
  LP Value  4: 917.833333  (0.09 seconds)
  LP Value  5: 918.000000  (0.10 seconds)
New lower bound: 918.000000
Final lower bound 918.000000, upper bound 918.000000
Exact lower bound: 918.000000
DIFF: 0.000000
Final LP has 229 rows, 309 columns, 2196 nonzeros
Optimal Solution: 918.00
Number of bbnodes: 1
Total Running Time: 0.20 (seconds)

Standard Error:
