Standard Output:
./concorde -o /home/chongjiu/concorde_test/solution/random80.sol /home/chongjiu/concorde_test/mat/random80.tsp
Host: ubuntu  Current process id: 1969594
Using random seed 1733472349
Problem Name: random80
Problem Type: TSP
Number of Nodes: 80
Explicit Lengths (CC_MATRIXNORM)
Set initial upperbound to 661 (from tour)
  LP Value  1: 636.500000  (0.00 seconds)
  LP Value  2: 657.000000  (0.01 seconds)
  LP Value  3: 661.000000  (0.01 seconds)
New lower bound: 661.000000
Final lower bound 661.000000, upper bound 661.000000
Exact lower bound: 661.000000
DIFF: 0.000000
Final LP has 110 rows, 166 columns, 1101 nonzeros
Optimal Solution: 661.00
Number of bbnodes: 1
Total Running Time: 0.05 (seconds)

Standard Error:
