Standard Output:
./concorde -o /home/chongjiu/concorde_test/solution/random123.sol /home/chongjiu/concorde_test/mat/random123.tsp
Host: ubuntu  Current process id: 1970044
Using random seed 1733472359
Problem Name: random123
Problem Type: TSP
Number of Nodes: 123
Explicit Lengths (CC_MATRIXNORM)
Set initial upperbound to 877 (from tour)
  LP Value  1: 858.000000  (0.01 seconds)
  LP Value  2: 874.000000  (0.02 seconds)
  LP Value  3: 875.720000  (0.03 seconds)
  LP Value  4: 876.352381  (0.05 seconds)
  LP Value  5: 876.500000  (0.07 seconds)
  LP Value  6: 876.805054  (0.09 seconds)
  LP Value  7: 877.000000  (0.10 seconds)
  LP Value  8: 877.000000  (0.10 seconds)
New lower bound: 877.000000
Final lower bound 877.000000, upper bound 877.000000
Exact lower bound: 877.000000
DIFF: 0.000000
Final LP has 191 rows, 248 columns, 1258 nonzeros
Optimal Solution: 877.00
Number of bbnodes: 1
Total Running Time: 0.18 (seconds)

Standard Error:
