Standard Output:
./concorde -o /home/chongjiu/concorde_test/solution/random54.sol /home/chongjiu/concorde_test/mat/random54.tsp
Host: ubuntu  Current process id: 1969481
Using random seed 1733472347
Problem Name: random54
Problem Type: TSP
Number of Nodes: 54
Explicit Lengths (CC_MATRIXNORM)
Set initial upperbound to 568 (from tour)
  LP Value  1: 533.500000  (0.00 seconds)
  LP Value  2: 560.500000  (0.01 seconds)
  LP Value  3: 565.500000  (0.01 seconds)
  LP Value  4: 566.425000  (0.02 seconds)
  LP Value  5: 568.000000  (0.02 seconds)
New lower bound: 568.000000
Final lower bound 568.000000, upper bound 568.000000
Exact lower bound: 568.000000
DIFF: 0.000000
Final LP has 92 rows, 132 columns, 932 nonzeros
Optimal Solution: 568.00
Number of bbnodes: 1
Total Running Time: 0.06 (seconds)

Standard Error:
