Standard Output:
./concorde -o /home/chongjiu/concorde_test/solution/random62.sol /home/chongjiu/concorde_test/mat/random62.tsp
Host: ubuntu  Current process id: 1969517
Using random seed 1733472348
Problem Name: random62
Problem Type: TSP
Number of Nodes: 62
Explicit Lengths (CC_MATRIXNORM)
Set initial upperbound to 619 (from tour)
  LP Value  1: 602.000000  (0.00 seconds)
  LP Value  2: 613.714286  (0.01 seconds)
  LP Value  3: 618.500000  (0.02 seconds)
  LP Value  4: 618.816667  (0.02 seconds)
  LP Value  5: 619.000000  (0.03 seconds)
recomputing rownorms ...
  LP Value  6: 619.000000  (0.03 seconds)
New lower bound: 619.000000
Final lower bound 619.000000, upper bound 619.000000
Exact lower bound: 619.000000
DIFF: 0.000000
Final LP has 104 rows, 124 columns, 788 nonzeros
Optimal Solution: 619.00
Number of bbnodes: 1
Total Running Time: 0.06 (seconds)

Standard Error:
