Standard Output:
./concorde -o /home/chongjiu/concorde_test/solution/random113.sol /home/chongjiu/concorde_test/mat/random113.tsp
Host: ubuntu  Current process id: 1969853
Using random seed 1733472355
Problem Name: random113
Problem Type: TSP
Number of Nodes: 113
Explicit Lengths (CC_MATRIXNORM)
Set initial upperbound to 842 (from tour)
  LP Value  1: 815.000000  (0.01 seconds)
  LP Value  2: 834.506944  (0.02 seconds)
  LP Value  3: 837.937500  (0.04 seconds)
  LP Value  4: 839.000000  (0.05 seconds)
  LP Value  5: 839.250000  (0.07 seconds)
  LP Value  6: 839.639053  (0.09 seconds)
  LP Value  7: 840.000000  (0.10 seconds)
  LP Value  8: 840.168478  (0.67 seconds)
  LP Value  9: 840.517241  (0.68 seconds)
  LP Value 10: 840.800000  (0.70 seconds)
  LP Value 11: 840.811321  (0.76 seconds)
New lower bound: 840.811321
New upperbound from x-heuristic: 841.00
Final lower bound 840.811321, upper bound 841.000000
Exact lower bound: 840.811321
DIFF: 0.000000
Final LP has 181 rows, 252 columns, 1666 nonzeros
Optimal Solution: 841.00
Number of bbnodes: 1
Total Running Time: 0.84 (seconds)

Standard Error:
