Standard Output:
./concorde -o /home/chongjiu/concorde_test/solution/random87.sol /home/chongjiu/concorde_test/mat/random87.tsp
Host: ubuntu  Current process id: 1969634
Using random seed 1733472350
Problem Name: random87
Problem Type: TSP
Number of Nodes: 87
Explicit Lengths (CC_MATRIXNORM)
Set initial upperbound to 739 (from tour)
  LP Value  1: 678.500000  (0.01 seconds)
  LP Value  2: 734.500000  (0.02 seconds)
  LP Value  3: 738.000000  (0.02 seconds)
  LP Value  4: 739.000000  (0.02 seconds)
New lower bound: 739.000000
Final lower bound 739.000000, upper bound 739.000000
Exact lower bound: 739.000000
DIFF: 0.000000
Final LP has 135 rows, 186 columns, 896 nonzeros
Optimal Solution: 739.00
Number of bbnodes: 1
Total Running Time: 0.08 (seconds)

Standard Error:
