Standard Output:
./concorde -o /home/chongjiu/concorde_test/solution/random172.sol /home/chongjiu/concorde_test/mat/random172.tsp
Host: ubuntu  Current process id: 1971071
Using random seed 1733472384
Problem Name: random172
Problem Type: TSP
Number of Nodes: 172
Explicit Lengths (CC_MATRIXNORM)
Set initial upperbound to 972 (from tour)
  LP Value  1: 937.500000  (0.01 seconds)
  LP Value  2: 956.972222  (0.03 seconds)
  LP Value  3: 964.250000  (0.05 seconds)
  LP Value  4: 964.818182  (0.09 seconds)
  LP Value  5: 965.436508  (0.13 seconds)
  LP Value  6: 966.026059  (0.16 seconds)
  LP Value  7: 966.875000  (0.20 seconds)
  LP Value  8: 967.739140  (0.24 seconds)
  LP Value  9: 968.206822  (0.60 seconds)
  LP Value 10: 968.538000  (0.81 seconds)
  LP Value 11: 968.646953  (0.97 seconds)
  LP Value 12: 968.698386  (1.15 seconds)
  LP Value 13: 968.780261  (1.61 seconds)
  LP Value 14: 968.830027  (1.78 seconds)
  LP Value 15: 968.863347  (1.98 seconds)
New lower bound: 968.848871
Final lower bound 968.848871, upper bound 972.000000
Exact lower bound: 968.848871
DIFF: 0.000000
Time for Total: 2.00 seconds (2.00 total in 1 calls)
Final LP has 280 rows, 388 columns, 4226 nonzeros
LOWER BOUND: 968.848871   ACTIVE NODES: 1

Task 0: Branching on node 0
BBnode 0 split into 1 (969.50) 2 (969.65) (0.18 seconds)
LOWER BOUND: 969.500000   ACTIVE NODES: 2

Task 1: Cutting on node 1
Writing Pool: 352 cuts
BBnode 1 (now 3) done cutting: lowerbound 970.80 (0.45 seconds)
LOWER BOUND: 969.652381   ACTIVE NODES: 2

Task 2: Cutting on node 2
Writing Pool: 402 cuts
BBnode 2 (now 4) done cutting: lowerbound 970.21 (0.80 seconds)
LOWER BOUND: 970.210456   ACTIVE NODES: 2

Task 3: Branching on node 4
BBnode 4 split into 5 (970.91) 6 (970.75) (0.17 seconds)
LOWER BOUND: 970.751623   ACTIVE NODES: 3

Task 4: Cutting on node 6
recomputing rownorms ...
Writing Pool: 413 cuts
BBnode 6 (now 7) done cutting: lowerbound 970.97 (0.36 seconds)
LOWER BOUND: 970.800000   ACTIVE NODES: 3

Task 5: Branching on node 3
BBnode 3 split into 8 (971.31X) 9 (971.61X) (0.16 seconds)
Child 0 is pruned
Child 1 is pruned
LOWER BOUND: 970.907042   ACTIVE NODES: 2

Task 6: Cutting on node 5
Writing Pool: 427 cuts
BBnode 5 (now 10) can be pruned: upperbound 972.00 (0.04 seconds)
LOWER BOUND: 970.970149   ACTIVE NODES: 1

Task 7: Branching on node 7
BBnode 7 split into 11 (971.90X) 12 (972.57X) (0.20 seconds)
Child 0 is pruned
Child 1 is pruned

Task 8: Exit
Optimal Solution: 972.00
Number of bbnodes: 9
Total Running Time: 4.50 (seconds)  Branching Time: 2.35 (seconds)

Standard Error:
