Standard Output:
./concorde -o /home/chongjiu/concorde_test/solution/random114.sol /home/chongjiu/concorde_test/mat/random114.tsp
Host: ubuntu  Current process id: 1969879
Using random seed 1733472355
Problem Name: random114
Problem Type: TSP
Number of Nodes: 114
Explicit Lengths (CC_MATRIXNORM)
Set initial upperbound to 806 (from tour)
  LP Value  1: 776.500000  (0.01 seconds)
  LP Value  2: 802.500000  (0.01 seconds)
  LP Value  3: 804.750000  (0.02 seconds)
  LP Value  4: 806.000000  (0.02 seconds)
New lower bound: 806.000000
Final lower bound 806.000000, upper bound 806.000000
Exact lower bound: 806.000000
DIFF: 0.000000
Final LP has 153 rows, 230 columns, 1174 nonzeros
Optimal Solution: 806.00
Number of bbnodes: 1
Total Running Time: 0.09 (seconds)

Standard Error:
