Standard Output:
./concorde -o /home/chongjiu/concorde_test/solution/random106.sol /home/chongjiu/concorde_test/mat/random106.tsp
Host: ubuntu  Current process id: 1969774
Using random seed 1733472353
Problem Name: random106
Problem Type: TSP
Number of Nodes: 106
Explicit Lengths (CC_MATRIXNORM)
Set initial upperbound to 784 (from tour)
  LP Value  1: 747.750000  (0.01 seconds)
  LP Value  2: 769.500000  (0.02 seconds)
  LP Value  3: 781.800000  (0.05 seconds)
  LP Value  4: 783.700000  (0.07 seconds)
  LP Value  5: 784.000000  (0.09 seconds)
New lower bound: 784.000000
Final lower bound 784.000000, upper bound 784.000000
Exact lower bound: 784.000000
DIFF: 0.000000
Final LP has 180 rows, 235 columns, 1778 nonzeros
Optimal Solution: 784.00
Number of bbnodes: 1
Total Running Time: 0.16 (seconds)

Standard Error:
