Standard Output:
./concorde -o /home/chongjiu/concorde_test/solution/random65.sol /home/chongjiu/concorde_test/mat/random65.tsp
Host: ubuntu  Current process id: 1969525
Using random seed 1733472348
Problem Name: random65
Problem Type: TSP
Number of Nodes: 65
Explicit Lengths (CC_MATRIXNORM)
Set initial upperbound to 624 (from tour)
  LP Value  1: 605.500000  (0.00 seconds)
  LP Value  2: 621.000000  (0.00 seconds)
  LP Value  3: 624.000000  (0.00 seconds)
New lower bound: 624.000000
Final lower bound 624.000000, upper bound 624.000000
Exact lower bound: 624.000000
DIFF: 0.000000
Final LP has 84 rows, 126 columns, 439 nonzeros
Optimal Solution: 624.00
Number of bbnodes: 1
Total Running Time: 0.03 (seconds)

Standard Error:
