Standard Output:
./concorde -o /home/chongjiu/concorde_test/solution/random86.sol /home/chongjiu/concorde_test/mat/random86.tsp
Host: ubuntu  Current process id: 1969614
Using random seed 1733472349
Problem Name: random86
Problem Type: TSP
Number of Nodes: 86
Explicit Lengths (CC_MATRIXNORM)
Set initial upperbound to 729 (from tour)
  LP Value  1: 688.500000  (0.00 seconds)
  LP Value  2: 719.300000  (0.01 seconds)
  LP Value  3: 726.800000  (0.02 seconds)
  LP Value  4: 727.333333  (0.04 seconds)
  LP Value  5: 727.800000  (0.05 seconds)
  LP Value  6: 728.142857  (0.12 seconds)
  LP Value  7: 728.424242  (0.30 seconds)
  LP Value  8: 728.501887  (0.38 seconds)
  LP Value  9: 728.533849  (0.44 seconds)
New lower bound: 728.533849
Final lower bound 728.533849, upper bound 729.000000
Exact lower bound: 728.533849
DIFF: 0.000000
Final LP has 155 rows, 206 columns, 1689 nonzeros
Optimal Solution: 729.00
Number of bbnodes: 1
Total Running Time: 0.53 (seconds)

Standard Error:
