Standard Output:
./concorde -o /home/chongjiu/concorde_test/solution/random194.sol /home/chongjiu/concorde_test/mat/random194.tsp
Host: ubuntu  Current process id: 1971977
Using random seed 1733472407
Problem Name: random194
Problem Type: TSP
Number of Nodes: 194
Explicit Lengths (CC_MATRIXNORM)
Set initial upperbound to 1052 (from tour)
  LP Value  1: 1028.000000  (0.01 seconds)
  LP Value  2: 1035.333333  (0.04 seconds)
  LP Value  3: 1046.416667  (0.07 seconds)
  LP Value  4: 1052.000000  (0.08 seconds)
New lower bound: 1052.000000
Final lower bound 1052.000000, upper bound 1052.000000
Exact lower bound: 1052.000000
DIFF: 0.000000
Final LP has 272 rows, 396 columns, 2115 nonzeros
Optimal Solution: 1052.00
Number of bbnodes: 1
Total Running Time: 0.24 (seconds)

Standard Error:
