Standard Output:
./concorde -o /home/chongjiu/concorde_test/solution/random78.sol /home/chongjiu/concorde_test/mat/random78.tsp
Host: ubuntu  Current process id: 1969582
Using random seed 1733472349
Problem Name: random78
Problem Type: TSP
Number of Nodes: 78
Explicit Lengths (CC_MATRIXNORM)
Set initial upperbound to 708 (from tour)
  LP Value  1: 658.000000  (0.00 seconds)
  LP Value  2: 708.000000  (0.01 seconds)
New lower bound: 708.000000
Final lower bound 708.000000, upper bound 708.000000
Exact lower bound: 708.000000
DIFF: 0.000000
Final LP has 106 rows, 166 columns, 718 nonzeros
Optimal Solution: 708.00
Number of bbnodes: 1
Total Running Time: 0.05 (seconds)

Standard Error:
