Standard Output:
./concorde -o /home/chongjiu/concorde_test/solution/random43.sol /home/chongjiu/concorde_test/mat/random43.tsp
Host: ubuntu  Current process id: 1969448
Using random seed 1733472347
Problem Name: random43
Problem Type: TSP
Number of Nodes: 43
Explicit Lengths (CC_MATRIXNORM)
Set initial upperbound to 556 (from tour)
  LP Value  1: 536.500000  (0.00 seconds)
  LP Value  2: 554.571429  (0.01 seconds)
  LP Value  3: 556.000000  (0.01 seconds)
New lower bound: 556.000000
Final lower bound 556.000000, upper bound 556.000000
Exact lower bound: 556.000000
DIFF: 0.000000
Final LP has 67 rows, 95 columns, 547 nonzeros
Optimal Solution: 556.00
Number of bbnodes: 1
Total Running Time: 0.02 (seconds)

Standard Error:
