Standard Output:
./concorde -o /home/chongjiu/concorde_test/solution/random100.sol /home/chongjiu/concorde_test/mat/random100.tsp
Host: ubuntu  Current process id: 1969725
Using random seed 1733472352
Problem Name: random100
Problem Type: TSP
Number of Nodes: 100
Explicit Lengths (CC_MATRIXNORM)
Set initial upperbound to 763 (from tour)
  LP Value  1: 746.000000  (0.01 seconds)
  LP Value  2: 755.866667  (0.02 seconds)
  LP Value  3: 758.346154  (0.03 seconds)
  LP Value  4: 760.785714  (0.05 seconds)
  LP Value  5: 761.583333  (0.07 seconds)
  LP Value  6: 762.666667  (0.09 seconds)
  LP Value  7: 763.000000  (0.10 seconds)
New lower bound: 763.000000
Final lower bound 763.000000, upper bound 763.000000
Exact lower bound: 763.000000
DIFF: 0.000000
Final LP has 166 rows, 224 columns, 1838 nonzeros
Optimal Solution: 763.00
Number of bbnodes: 1
Total Running Time: 0.18 (seconds)

Standard Error:
