Standard Output:
./concorde -o /home/chongjiu/concorde_test/solution/random110.sol /home/chongjiu/concorde_test/mat/random110.tsp
Host: ubuntu  Current process id: 1969831
Using random seed 1733472354
Problem Name: random110
Problem Type: TSP
Number of Nodes: 110
Explicit Lengths (CC_MATRIXNORM)
Set initial upperbound to 798 (from tour)
  LP Value  1: 760.214286  (0.01 seconds)
  LP Value  2: 782.000000  (0.03 seconds)
  LP Value  3: 794.700000  (0.05 seconds)
  LP Value  4: 797.000000  (0.07 seconds)
  LP Value  5: 797.500000  (0.11 seconds)
  LP Value  6: 797.768302  (0.14 seconds)
  LP Value  7: 798.000000  (0.14 seconds)
recomputing rownorms ...
  LP Value  8: 798.000000  (0.15 seconds)
New lower bound: 798.000000
Final lower bound 798.000000, upper bound 798.000000
Exact lower bound: 798.000000
DIFF: 0.000000
Final LP has 194 rows, 248 columns, 1637 nonzeros
Optimal Solution: 798.00
Number of bbnodes: 1
Total Running Time: 0.23 (seconds)

Standard Error:
