Standard Output:
./concorde -o /home/chongjiu/concorde_test/solution/random98.sol /home/chongjiu/concorde_test/mat/random98.tsp
Host: ubuntu  Current process id: 1969715
Using random seed 1733472352
Problem Name: random98
Problem Type: TSP
Number of Nodes: 98
Explicit Lengths (CC_MATRIXNORM)
Set initial upperbound to 764 (from tour)
  LP Value  1: 730.750000  (0.00 seconds)
  LP Value  2: 752.833333  (0.01 seconds)
  LP Value  3: 759.500000  (0.02 seconds)
  LP Value  4: 763.000000  (0.03 seconds)
  LP Value  5: 763.083333  (0.05 seconds)
  LP Value  6: 763.625000  (0.06 seconds)
  LP Value  7: 763.791667  (0.07 seconds)
  LP Value  8: 764.000000  (0.07 seconds)
New lower bound: 764.000000
Final lower bound 764.000000, upper bound 764.000000
Exact lower bound: 764.000000
DIFF: 0.000000
Final LP has 145 rows, 208 columns, 1032 nonzeros
Optimal Solution: 764.00
Number of bbnodes: 1
Total Running Time: 0.12 (seconds)

Standard Error:
