Standard Output:
./concorde -o /home/chongjiu/concorde_test/solution/random187.sol /home/chongjiu/concorde_test/mat/random187.tsp
Host: ubuntu  Current process id: 1971562
Using random seed 1733472397
Problem Name: random187
Problem Type: TSP
Number of Nodes: 187
Explicit Lengths (CC_MATRIXNORM)
Set initial upperbound to 1027 (from tour)
  LP Value  1: 989.333333  (0.02 seconds)
  LP Value  2: 1023.833333  (0.05 seconds)
  LP Value  3: 1026.000000  (0.09 seconds)
  LP Value  4: 1026.450512  (0.21 seconds)
  LP Value  5: 1026.593750  (1.32 seconds)
  LP Value  6: 1026.690813  (1.48 seconds)
  LP Value  7: 1027.000000  (1.57 seconds)
New lower bound: 1026.904762
Final lower bound 1026.904762, upper bound 1027.000000
Exact lower bound: 1026.904762
DIFF: 0.000000
Final LP has 336 rows, 413 columns, 4569 nonzeros
Optimal Solution: 1027.00
Number of bbnodes: 1
Total Running Time: 1.73 (seconds)

Standard Error:
