Standard Output:
./concorde -o /home/chongjiu/concorde_test/solution/random92.sol /home/chongjiu/concorde_test/mat/random92.tsp
Host: ubuntu  Current process id: 1969664
Using random seed 1733472351
Problem Name: random92
Problem Type: TSP
Number of Nodes: 92
Explicit Lengths (CC_MATRIXNORM)
Set initial upperbound to 741 (from tour)
  LP Value  1: 714.000000  (0.00 seconds)
  LP Value  2: 734.000000  (0.00 seconds)
  LP Value  3: 739.625000  (0.01 seconds)
  LP Value  4: 741.000000  (0.01 seconds)
New lower bound: 741.000000
Final lower bound 741.000000, upper bound 741.000000
Exact lower bound: 741.000000
DIFF: 0.000000
Final LP has 123 rows, 184 columns, 585 nonzeros
Optimal Solution: 741.00
Number of bbnodes: 1
Total Running Time: 0.06 (seconds)

Standard Error:
