
Gurobi 11.0.0 (linux64) logging started Sat Aug 31 00:22:34 2024

Set parameter LogFile to value "gurobi_log/de_penalty/gurobi_log/random7.log"
Gurobi Optimizer version 11.0.0 build v11.0.0rc2 (linux64 - "Ubuntu 22.04.3 LTS")

CPU model: Intel(R) Xeon(R) Platinum 8358 CPU @ 2.60GHz, instruction set [SSE2|AVX|AVX2|AVX512]
Thread count: 64 physical cores, 64 logical processors, using up to 32 threads

Optimize a model with 0 rows, 49 columns and 0 nonzeros
Model fingerprint: 0xccf606c5
Model has 637 quadratic objective terms
Variable types: 0 continuous, 49 integer (49 binary)
Coefficient statistics:
  Matrix range     [0e+00, 0e+00]
  Objective range  [3e+02, 3e+02]
  QObjective range [2e+01, 3e+02]
  Bounds range     [1e+00, 1e+00]
  RHS range        [0e+00, 0e+00]
Found heuristic solution: objective 980.0000000
Found heuristic solution: objective 293.0000000
Found heuristic solution: objective 260.0000000
Presolve time: 0.00s
Presolved: 0 rows, 49 columns, 0 nonzeros
Presolved model has 637 quadratic objective terms
Variable types: 0 continuous, 49 integer (49 binary)

Root relaxation: objective -1.981978e+02, 48 iterations, 0.00 seconds (0.00 work units)

    Nodes    |    Current Node    |     Objective Bounds      |     Work
 Expl Unexpl |  Obj  Depth IntInf | Incumbent    BestBd   Gap | It/Node Time

     0     0 -198.19784    0   47  260.00000 -198.19784   176%     -    0s
     0     0 -196.29964    0   47  260.00000 -196.29964   175%     -    0s
     0     2 -196.29964    0   47  260.00000 -196.29964   175%     -    0s

Explored 9069 nodes (39457 simplex iterations) in 0.12 seconds (0.10 work units)
Thread count was 32 (of 64 available processors)

Solution count 3: 260 293 980 

Optimal solution found (tolerance 1.00e-04)
Best objective 2.600000000000e+02, best bound 2.600000000000e+02, gap 0.0000%
city broken:0,time broken:0