
Gurobi 11.0.0 (linux64) logging started Sat Aug 31 00:22:35 2024

Set parameter LogFile to value "gurobi_log/de_penalty/gurobi_log/random8.log"
Gurobi Optimizer version 11.0.0 build v11.0.0rc2 (linux64 - "Ubuntu 22.04.3 LTS")

CPU model: Intel(R) Xeon(R) Platinum 8358 CPU @ 2.60GHz, instruction set [SSE2|AVX|AVX2|AVX512]
Thread count: 64 physical cores, 64 logical processors, using up to 32 threads

Optimize a model with 0 rows, 64 columns and 0 nonzeros
Model fingerprint: 0x9eafcd72
Model has 960 quadratic objective terms
Variable types: 0 continuous, 64 integer (64 binary)
Coefficient statistics:
  Matrix range     [0e+00, 0e+00]
  Objective range  [3e+02, 3e+02]
  QObjective range [1e+01, 3e+02]
  Bounds range     [1e+00, 1e+00]
  RHS range        [0e+00, 0e+00]
Found heuristic solution: objective 1120.0000000
Found heuristic solution: objective 268.0000000
Presolve time: 0.00s
Presolved: 0 rows, 64 columns, 0 nonzeros
Presolved model has 960 quadratic objective terms
Variable types: 0 continuous, 64 integer (64 binary)

Root relaxation: objective -2.953353e+02, 63 iterations, 0.00 seconds (0.00 work units)

    Nodes    |    Current Node    |     Objective Bounds      |     Work
 Expl Unexpl |  Obj  Depth IntInf | Incumbent    BestBd   Gap | It/Node Time

     0     0 -295.33530    0   62  268.00000 -295.33530   210%     -    0s
     0     0 -294.57440    0   62  268.00000 -294.57440   210%     -    0s
     0     2 -294.57440    0   62  268.00000 -294.57440   210%     -    0s
H    4     8                     255.0000000 -191.23894   175%   8.8    0s
H    7    16                     249.0000000 -184.50601   174%   8.9    0s
H   95   125                     248.0000000 -157.08509   163%   7.5    0s
H   97   125                     246.0000000 -147.41929   160%   7.5    0s

Cutting planes:
  Gomory: 2
  MIR: 17
  Flow cover: 12
  RLT: 13
  BQP: 114

Explored 4767 nodes (30456 simplex iterations) in 2.57 seconds (2.23 work units)
Thread count was 32 (of 64 available processors)

Solution count 9: 246 248 249 ... 1120

Optimal solution found (tolerance 1.00e-04)
Best objective 2.460000000000e+02, best bound 2.460000000000e+02, gap 0.0000%
city broken:0,time broken:0