Standard Output:
./concorde -o /home/chongjiu/concorde_test/solution/random18.sol /home/chongjiu/concorde_test/mat/random18.tsp
Host: ubuntu  Current process id: 1987662
Using random seed 1733472850
Problem Name: random18
Problem Type: TSP
Number of Nodes: 18
Explicit Lengths (CC_MATRIXNORM)
Set initial upperbound to 378 (from tour)
Basic dual change required, but no candidate edges
  LP Value  1: 354.000000  (0.00 seconds)
  LP Value  2: 378.000000  (0.00 seconds)
New lower bound: 378.000000
Final lower bound 378.000000, upper bound 378.000000
Exact lower bound: 378.000000
DIFF: 0.000000
Final LP has 22 rows, 48 columns, 142 nonzeros
Optimal Solution: 378.00
Number of bbnodes: 1
Total Running Time: 0.01 (seconds)

Standard Error:
ERROR: No dual change in basis finding code
Did not find a basic optimal solution
Fractional matching routine failed
Warning: restarting running timer Miscellaneous
No warmstart, stumbling on anyway
