Standard Output:
./concorde -o /home/chongjiu/concorde_test/solution/random104.sol /home/chongjiu/concorde_test/mat/random104.tsp
Host: ubuntu  Current process id: 1988055
Using random seed 1733472856
Problem Name: random104
Problem Type: TSP
Number of Nodes: 104
Explicit Lengths (CC_MATRIXNORM)
Set initial upperbound to 745 (from tour)
  LP Value  1: 713.000000  (0.00 seconds)
  LP Value  2: 742.166667  (0.02 seconds)
  LP Value  3: 744.076389  (0.04 seconds)
  LP Value  4: 745.000000  (0.04 seconds)
New lower bound: 745.000000
Final lower bound 745.000000, upper bound 745.000000
Exact lower bound: 745.000000
DIFF: 0.000000
Final LP has 146 rows, 263 columns, 1246 nonzeros
Optimal Solution: 745.00
Number of bbnodes: 1
Total Running Time: 0.09 (seconds)

Standard Error:
