Standard Output:
./concorde -o /home/chongjiu/concorde_test/solution/random174.sol /home/chongjiu/concorde_test/mat/random174.tsp
Host: ubuntu  Current process id: 1989674
Using random seed 1733472894
Problem Name: random174
Problem Type: TSP
Number of Nodes: 174
Explicit Lengths (CC_MATRIXNORM)
Set initial upperbound to 1023 (from tour)
  LP Value  1: 1004.500000  (0.01 seconds)
  LP Value  2: 1018.727273  (0.05 seconds)
  LP Value  3: 1021.750000  (0.12 seconds)
  LP Value  4: 1023.000000  (0.14 seconds)
New lower bound: 1023.000000
Final lower bound 1023.000000, upper bound 1023.000000
Exact lower bound: 1023.000000
DIFF: 0.000000
Final LP has 255 rows, 425 columns, 2562 nonzeros
Optimal Solution: 1023.00
Number of bbnodes: 1
Total Running Time: 0.25 (seconds)

Standard Error:
