Standard Output:
./concorde -o /home/chongjiu/concorde_test/solution/random153.sol /home/chongjiu/concorde_test/mat/random153.tsp
Host: ubuntu  Current process id: 1989073
Using random seed 1733472880
Problem Name: random153
Problem Type: TSP
Number of Nodes: 153
Explicit Lengths (CC_MATRIXNORM)
Set initial upperbound to 949 (from tour)
  LP Value  1: 914.000000  (0.01 seconds)
  LP Value  2: 937.500000  (0.02 seconds)
  LP Value  3: 942.000000  (0.04 seconds)
  LP Value  4: 945.351852  (0.07 seconds)
  LP Value  5: 947.187500  (0.14 seconds)
  LP Value  6: 948.500000  (0.19 seconds)
  LP Value  7: 949.000000  (0.22 seconds)
New lower bound: 949.000000
Final lower bound 949.000000, upper bound 949.000000
Exact lower bound: 949.000000
DIFF: 0.000000
Final LP has 252 rows, 420 columns, 3672 nonzeros
Optimal Solution: 949.00
Number of bbnodes: 1
Total Running Time: 0.32 (seconds)

Standard Error:
