Standard Output:
./concorde -o /home/chongjiu/concorde_test/solution/random156.sol /home/chongjiu/concorde_test/mat/random156.tsp
Host: ubuntu  Current process id: 1989103
Using random seed 1733472881
Problem Name: random156
Problem Type: TSP
Number of Nodes: 156
Explicit Lengths (CC_MATRIXNORM)
Set initial upperbound to 963 (from tour)
  LP Value  1: 934.500000  (0.01 seconds)
  LP Value  2: 957.500000  (0.04 seconds)
  LP Value  3: 960.888889  (0.08 seconds)
  LP Value  4: 962.666667  (0.11 seconds)
  LP Value  5: 962.979592  (0.15 seconds)
  LP Value  6: 963.000000  (0.20 seconds)
New lower bound: 963.000000
Final lower bound 963.000000, upper bound 963.000000
Exact lower bound: 963.000000
DIFF: 0.000000
Final LP has 259 rows, 395 columns, 3407 nonzeros
Optimal Solution: 963.00
Number of bbnodes: 1
Total Running Time: 0.29 (seconds)

Standard Error:
