Standard Output:
./concorde -o /home/chongjiu/concorde_test/solution/random180.sol /home/chongjiu/concorde_test/mat/random180.tsp
Host: ubuntu  Current process id: 1989775
Using random seed 1733472897
Problem Name: random180
Problem Type: TSP
Number of Nodes: 180
Explicit Lengths (CC_MATRIXNORM)
Set initial upperbound to 1069 (from tour)
  LP Value  1: 1017.500000  (0.02 seconds)
  LP Value  2: 1064.833333  (0.07 seconds)
  LP Value  3: 1066.833333  (0.11 seconds)
  LP Value  4: 1067.000000  (0.17 seconds)
  LP Value  5: 1067.000000  (0.23 seconds)
New lower bound: 1067.000000
New upperbound from x-heuristic: 1067.00
Final lower bound 1067.000000, upper bound 1067.000000
Exact lower bound: 1067.000000
DIFF: 0.000000
Final LP has 305 rows, 461 columns, 3428 nonzeros
Optimal Solution: 1067.00
Number of bbnodes: 1
Total Running Time: 0.36 (seconds)

Standard Error:
