Standard Output:
./concorde -o /home/chongjiu/concorde_test/solution/random109.sol /home/chongjiu/concorde_test/mat/random109.tsp
Host: ubuntu  Current process id: 1988099
Using random seed 1733472857
Problem Name: random109
Problem Type: TSP
Number of Nodes: 109
Explicit Lengths (CC_MATRIXNORM)
Set initial upperbound to 807 (from tour)
  LP Value  1: 757.500000  (0.01 seconds)
  LP Value  2: 797.583333  (0.03 seconds)
  LP Value  3: 800.500000  (0.04 seconds)
  LP Value  4: 802.000000  (0.07 seconds)
  LP Value  5: 803.105634  (0.09 seconds)
  LP Value  6: 803.904762  (0.11 seconds)
  LP Value  7: 804.200000  (0.14 seconds)
  LP Value  8: 804.607143  (0.16 seconds)
  LP Value  9: 804.920000  (0.32 seconds)
  LP Value 10: 805.000000  (0.34 seconds)
  LP Value 11: 805.443281  (0.42 seconds)
  LP Value 12: 805.833333  (0.44 seconds)
  LP Value 13: 806.047754  (0.75 seconds)
  LP Value 14: 806.192982  (0.92 seconds)
  LP Value 15: 806.400000  (0.95 seconds)
  LP Value 16: 806.433333  (1.04 seconds)
New lower bound: 806.433333
Final lower bound 806.433333, upper bound 807.000000
Exact lower bound: 806.433333
DIFF: 0.000000
Final LP has 198 rows, 308 columns, 2790 nonzeros
Optimal Solution: 807.00
Number of bbnodes: 1
Total Running Time: 1.13 (seconds)

Standard Error:
