Standard Output:
./concorde -o /home/chongjiu/concorde_test/solution/random124.sol /home/chongjiu/concorde_test/mat/random124.tsp
Host: ubuntu  Current process id: 1988399
Using random seed 1733472864
Problem Name: random124
Problem Type: TSP
Number of Nodes: 124
Explicit Lengths (CC_MATRIXNORM)
Set initial upperbound to 851 (from tour)
  LP Value  1: 818.500000  (0.01 seconds)
  LP Value  2: 843.000000  (0.03 seconds)
  LP Value  3: 849.103448  (0.05 seconds)
  LP Value  4: 850.666667  (0.07 seconds)
  LP Value  5: 851.000000  (0.09 seconds)
New lower bound: 851.000000
Final lower bound 851.000000, upper bound 851.000000
Exact lower bound: 851.000000
DIFF: 0.000000
Final LP has 188 rows, 357 columns, 2074 nonzeros
Optimal Solution: 851.00
Number of bbnodes: 1
Total Running Time: 0.20 (seconds)

Standard Error:
