Standard Output:
./concorde -o /home/chongjiu/concorde_test/solution/random196.sol /home/chongjiu/concorde_test/mat/random196.tsp
Host: ubuntu  Current process id: 1990244
Using random seed 1733472908
Problem Name: random196
Problem Type: TSP
Number of Nodes: 196
Explicit Lengths (CC_MATRIXNORM)
Set initial upperbound to 1041 (from tour)
  LP Value  1: 999.000000  (0.01 seconds)
  LP Value  2: 1031.500000  (0.03 seconds)
  LP Value  3: 1036.500000  (0.06 seconds)
  LP Value  4: 1037.625000  (0.08 seconds)
  LP Value  5: 1038.500000  (0.14 seconds)
  LP Value  6: 1038.642857  (0.20 seconds)
  LP Value  7: 1039.000000  (0.23 seconds)
  LP Value  8: 1039.000000  (0.24 seconds)
New lower bound: 1039.000000
New upperbound from x-heuristic: 1039.00
Final lower bound 1039.000000, upper bound 1039.000000
Exact lower bound: 1039.000000
DIFF: 0.000000
Final LP has 302 rows, 503 columns, 2909 nonzeros
Optimal Solution: 1039.00
Number of bbnodes: 1
Total Running Time: 0.37 (seconds)

Standard Error:
