Standard Output:
./concorde -o /home/chongjiu/concorde_test/solution/random165.sol /home/chongjiu/concorde_test/mat/random165.tsp
Host: ubuntu  Current process id: 1989423
Using random seed 1733472888
Problem Name: random165
Problem Type: TSP
Number of Nodes: 165
Explicit Lengths (CC_MATRIXNORM)
Set initial upperbound to 954 (from tour)
  LP Value  1: 926.500000  (0.01 seconds)
  LP Value  2: 938.566667  (0.03 seconds)
  LP Value  3: 951.988095  (0.06 seconds)
  LP Value  4: 953.800000  (0.09 seconds)
  LP Value  5: 954.000000  (0.09 seconds)
New lower bound: 954.000000
Final lower bound 954.000000, upper bound 954.000000
Exact lower bound: 954.000000
DIFF: 0.000000
Final LP has 246 rows, 455 columns, 2710 nonzeros
Optimal Solution: 954.00
Number of bbnodes: 1
Total Running Time: 0.22 (seconds)

Standard Error:
