Standard Output:
./concorde -o /home/chongjiu/concorde_test/solution/random73.sol /home/chongjiu/concorde_test/mat/random73.tsp
Host: ubuntu  Current process id: 1987856
Using random seed 1733472852
Problem Name: random73
Problem Type: TSP
Number of Nodes: 73
Explicit Lengths (CC_MATRIXNORM)
Set initial upperbound to 727 (from tour)
  LP Value  1: 705.500000  (0.01 seconds)
  LP Value  2: 721.409483  (0.02 seconds)
  LP Value  3: 723.857143  (0.03 seconds)
  LP Value  4: 724.833333  (0.04 seconds)
  LP Value  5: 725.026042  (0.06 seconds)
  LP Value  6: 725.406250  (0.07 seconds)
  LP Value  7: 726.120000  (0.08 seconds)
  LP Value  8: 726.500000  (0.09 seconds)
  LP Value  9: 727.000000  (0.10 seconds)
New lower bound: 727.000000
Final lower bound 727.000000, upper bound 727.000000
Exact lower bound: 727.000000
DIFF: 0.000000
Final LP has 140 rows, 186 columns, 2390 nonzeros
Optimal Solution: 727.00
Number of bbnodes: 1
Total Running Time: 0.13 (seconds)

Standard Error:
