Standard Output:
./concorde -o /home/chongjiu/concorde_test/solution/random135.sol /home/chongjiu/concorde_test/mat/random135.tsp
Host: ubuntu  Current process id: 1988687
Using random seed 1733472871
Problem Name: random135
Problem Type: TSP
Number of Nodes: 135
Explicit Lengths (CC_MATRIXNORM)
Set initial upperbound to 879 (from tour)
  LP Value  1: 822.750000  (0.01 seconds)
  LP Value  2: 861.500000  (0.04 seconds)
  LP Value  3: 870.578947  (0.06 seconds)
  LP Value  4: 876.250000  (0.08 seconds)
  LP Value  5: 877.200000  (0.13 seconds)
  LP Value  6: 877.803651  (0.17 seconds)
  LP Value  7: 878.573529  (0.22 seconds)
  LP Value  8: 879.000000  (0.23 seconds)
recomputing rownorms ...
  LP Value  9: 879.000000  (0.23 seconds)
New lower bound: 879.000000
Final lower bound 879.000000, upper bound 879.000000
Exact lower bound: 879.000000
DIFF: 0.000000
Final LP has 231 rows, 404 columns, 2751 nonzeros
Optimal Solution: 879.00
Number of bbnodes: 1
Total Running Time: 0.33 (seconds)

Standard Error:
