Standard Output:
./concorde -o /home/chongjiu/concorde_test/solution/random32.sol /home/chongjiu/concorde_test/mat/random32.tsp
Host: ubuntu  Current process id: 1987698
Using random seed 1733472850
Problem Name: random32
Problem Type: TSP
Number of Nodes: 32
Explicit Lengths (CC_MATRIXNORM)
Set initial upperbound to 506 (from tour)
  LP Value  1: 488.000000  (0.00 seconds)
  LP Value  2: 504.500000  (0.00 seconds)
  LP Value  3: 505.800000  (0.01 seconds)
  LP Value  4: 506.000000  (0.01 seconds)
New lower bound: 506.000000
Final lower bound 506.000000, upper bound 506.000000
Exact lower bound: 506.000000
DIFF: 0.000000
Final LP has 49 rows, 93 columns, 395 nonzeros
Optimal Solution: 506.00
Number of bbnodes: 1
Total Running Time: 0.02 (seconds)

Standard Error:
