Standard Output:
./concorde -o /home/chongjiu/concorde_test/solution/random200.sol /home/chongjiu/concorde_test/mat/random200.tsp
Host: ubuntu  Current process id: 1990464
Using random seed 1733472914
Problem Name: random200
Problem Type: TSP
Number of Nodes: 200
Explicit Lengths (CC_MATRIXNORM)
Set initial upperbound to 1054 (from tour)
  LP Value  1: 1000.000000  (0.01 seconds)
  LP Value  2: 1043.250000  (0.02 seconds)
  LP Value  3: 1048.730769  (0.05 seconds)
  LP Value  4: 1051.495059  (0.09 seconds)
  LP Value  5: 1052.000000  (0.14 seconds)
  LP Value  6: 1052.000000  (0.18 seconds)
  LP Value  7: 1053.169357  (0.27 seconds)
  LP Value  8: 1053.481818  (0.36 seconds)
  LP Value  9: 1053.590909  (0.44 seconds)
  LP Value 10: 1053.625000  (0.57 seconds)
  LP Value 11: 1053.678271  (0.95 seconds)
  LP Value 12: 1053.779412  (1.10 seconds)
  LP Value 13: 1053.781250  (1.46 seconds)
New lower bound: 1053.781250
Final lower bound 1053.781250, upper bound 1054.000000
Exact lower bound: 1053.781250
DIFF: 0.000000
Final LP has 324 rows, 531 columns, 4708 nonzeros
Optimal Solution: 1054.00
Number of bbnodes: 1
Total Running Time: 1.62 (seconds)

Standard Error:
