Standard Output:
./concorde -o /home/chongjiu/concorde_test/solution/random91.sol /home/chongjiu/concorde_test/mat/random91.tsp
Host: ubuntu  Current process id: 1987953
Using random seed 1733472854
Problem Name: random91
Problem Type: TSP
Number of Nodes: 91
Explicit Lengths (CC_MATRIXNORM)
Set initial upperbound to 724 (from tour)
  LP Value  1: 681.000000  (0.00 seconds)
  LP Value  2: 712.000000  (0.01 seconds)
  LP Value  3: 722.428571  (0.03 seconds)
  LP Value  4: 724.000000  (0.04 seconds)
New lower bound: 724.000000
Final lower bound 724.000000, upper bound 724.000000
Exact lower bound: 724.000000
DIFF: 0.000000
Final LP has 142 rows, 241 columns, 1380 nonzeros
Optimal Solution: 724.00
Number of bbnodes: 1
Total Running Time: 0.09 (seconds)

Standard Error:
