Standard Output:
./concorde -o /home/chongjiu/concorde_test/solution/random149.sol /home/chongjiu/concorde_test/mat/random149.tsp
Host: ubuntu  Current process id: 1988993
Using random seed 1733472878
Problem Name: random149
Problem Type: TSP
Number of Nodes: 149
Explicit Lengths (CC_MATRIXNORM)
Set initial upperbound to 929 (from tour)
  LP Value  1: 898.000000  (0.01 seconds)
  LP Value  2: 920.817304  (0.04 seconds)
  LP Value  3: 927.666667  (0.07 seconds)
  LP Value  4: 928.444444  (0.10 seconds)
  LP Value  5: 928.861111  (0.10 seconds)
  LP Value  6: 929.000000  (0.11 seconds)
New lower bound: 929.000000
Final lower bound 929.000000, upper bound 929.000000
Exact lower bound: 929.000000
DIFF: 0.000000
Final LP has 206 rows, 408 columns, 2169 nonzeros
Optimal Solution: 929.00
Number of bbnodes: 1
Total Running Time: 0.21 (seconds)

Standard Error:
