Standard Output:
./concorde -o /home/chongjiu/concorde_test/solution/random77.sol /home/chongjiu/concorde_test/mat/random77.tsp
Host: ubuntu  Current process id: 1987883
Using random seed 1733472853
Problem Name: random77
Problem Type: TSP
Number of Nodes: 77
Explicit Lengths (CC_MATRIXNORM)
Set initial upperbound to 679 (from tour)
  LP Value  1: 669.000000  (0.00 seconds)
  LP Value  2: 676.500000  (0.00 seconds)
  LP Value  3: 679.000000  (0.00 seconds)
New lower bound: 679.000000
Final lower bound 679.000000, upper bound 679.000000
Exact lower bound: 679.000000
DIFF: 0.000000
Final LP has 94 rows, 161 columns, 479 nonzeros
Optimal Solution: 679.00
Number of bbnodes: 1
Total Running Time: 0.03 (seconds)

Standard Error:
