Standard Output:
./concorde -o /home/chongjiu/concorde_test/solution/random172.sol /home/chongjiu/concorde_test/mat/random172.tsp
Host: ubuntu  Current process id: 1989517
Using random seed 1733472890
Problem Name: random172
Problem Type: TSP
Number of Nodes: 172
Explicit Lengths (CC_MATRIXNORM)
Set initial upperbound to 967 (from tour)
  LP Value  1: 914.500000  (0.01 seconds)
  LP Value  2: 952.500000  (0.03 seconds)
  LP Value  3: 960.500000  (0.07 seconds)
  LP Value  4: 962.365079  (0.12 seconds)
  LP Value  5: 962.777778  (0.20 seconds)
  LP Value  6: 962.714286  (0.36 seconds)
  LP Value  7: 963.393443  (0.42 seconds)
  LP Value  8: 963.650000  (1.05 seconds)
  LP Value  9: 964.306818  (1.11 seconds)
  LP Value 10: 964.819959  (1.32 seconds)
  LP Value 11: 965.058824  (1.52 seconds)
  LP Value 12: 965.252399  (1.67 seconds)
  LP Value 13: 965.288118  (1.85 seconds)
New lower bound: 965.288118
Final lower bound 965.288118, upper bound 967.000000
Exact lower bound: 965.288118
DIFF: 0.000000
Time for Total: 1.88 seconds (1.88 total in 1 calls)
Final LP has 302 rows, 405 columns, 5964 nonzeros
LOWER BOUND: 965.288118   ACTIVE NODES: 1

Task 0: Branching on node 0
BBnode 0 split into 1 (965.71) 2 (966.00) (0.21 seconds)
LOWER BOUND: 965.710835   ACTIVE NODES: 2

Task 1: Cutting on node 1
Writing Pool: 337 cuts
BBnode 1 (now 3) can be pruned: upperbound 967.00 (0.07 seconds)
LOWER BOUND: 966.000000   ACTIVE NODES: 1

Task 2: Cutting on node 2
Writing Pool: 348 cuts
BBnode 2 (now 4) can be pruned: upperbound 967.00 (0.06 seconds)

Task 3: Exit
Optimal Solution: 967.00
Number of bbnodes: 3
Total Running Time: 2.35 (seconds)  Branching Time: 0.34 (seconds)

Standard Error:
