Standard Output:
./concorde -o /home/chongjiu/concorde_test/solution/random93.sol /home/chongjiu/concorde_test/mat/random93.tsp
Host: ubuntu  Current process id: 1987959
Using random seed 1733472854
Problem Name: random93
Problem Type: TSP
Number of Nodes: 93
Explicit Lengths (CC_MATRIXNORM)
Set initial upperbound to 757 (from tour)
  LP Value  1: 713.000000  (0.00 seconds)
  LP Value  2: 737.250000  (0.01 seconds)
  LP Value  3: 744.500000  (0.02 seconds)
  LP Value  4: 755.250000  (0.03 seconds)
  LP Value  5: 756.500000  (0.05 seconds)
  LP Value  6: 756.666667  (0.07 seconds)
  LP Value  7: 757.000000  (0.09 seconds)
recomputing rownorms ...
  LP Value  8: 757.000000  (0.09 seconds)
New lower bound: 757.000000
Final lower bound 757.000000, upper bound 757.000000
Exact lower bound: 757.000000
DIFF: 0.000000
Final LP has 161 rows, 266 columns, 1837 nonzeros
Optimal Solution: 757.00
Number of bbnodes: 1
Total Running Time: 0.13 (seconds)

Standard Error:
