Standard Output:
./concorde -o /home/chongjiu/concorde_uncomplete_graph/x5/seg/solution/random189.sol /home/chongjiu/concorde_uncomplete_graph/x5/seg/mat/random189.tsp
Host: ubuntu  Current process id: 3470657
Using random seed 1735573910
Problem Name: random189
Problem Type: TSP
Number of Nodes: 189
Explicit Lengths (CC_MATRIXNORM)
Set initial upperbound to 1052 (from tour)
  LP Value  1: 983.000000  (0.02 seconds)
  LP Value  2: 1035.000000  (0.05 seconds)
  LP Value  3: 1042.216667  (0.09 seconds)
  LP Value  4: 1048.178571  (0.13 seconds)
  LP Value  5: 1049.000000  (0.15 seconds)
recomputing rownorms ...
  LP Value  6: 1049.000000  (0.15 seconds)
New lower bound: 1049.000000
New upperbound from x-heuristic: 1049.00
Final lower bound 1049.000000, upper bound 1049.000000
Exact lower bound: 1049.000000
DIFF: 0.000000
Final LP has 286 rows, 552 columns, 2770 nonzeros
Optimal Solution: 1049.00
Number of bbnodes: 1
Total Running Time: 0.27 (seconds)

Standard Error:
