Standard Output:
./concorde -o /home/chongjiu/concorde_uncomplete_graph/x5/seg/solution/random83.sol /home/chongjiu/concorde_uncomplete_graph/x5/seg/mat/random83.tsp
Host: ubuntu  Current process id: 3470118
Using random seed 1735573869
Problem Name: random83
Problem Type: TSP
Number of Nodes: 83
Explicit Lengths (CC_MATRIXNORM)
Set initial upperbound to 651 (from tour)
  LP Value  1: 622.000000  (0.00 seconds)
  LP Value  2: 647.500000  (0.01 seconds)
  LP Value  3: 648.000000  (0.01 seconds)
recomputing rownorms ...
  LP Value  4: 648.000000  (0.01 seconds)
New lower bound: 648.000000
New upperbound from x-heuristic: 648.00
Final lower bound 648.000000, upper bound 648.000000
Exact lower bound: 648.000000
DIFF: 0.000000
Final LP has 108 rows, 200 columns, 678 nonzeros
Optimal Solution: 648.00
Number of bbnodes: 1
Total Running Time: 0.04 (seconds)

Standard Error:
