Standard Output:
./concorde -o /home/chongjiu/concorde_uncomplete_graph/x5/seg/solution/random151.sol /home/chongjiu/concorde_uncomplete_graph/x5/seg/mat/random151.tsp
Host: ubuntu  Current process id: 3470410
Using random seed 1735573892
Problem Name: random151
Problem Type: TSP
Number of Nodes: 151
Explicit Lengths (CC_MATRIXNORM)
Set initial upperbound to 942 (from tour)
  LP Value  1: 893.000000  (0.01 seconds)
  LP Value  2: 929.500000  (0.04 seconds)
  LP Value  3: 937.500000  (0.07 seconds)
  LP Value  4: 938.738095  (0.12 seconds)
  LP Value  5: 939.666667  (0.16 seconds)
  LP Value  6: 941.588710  (0.23 seconds)
  LP Value  7: 942.000000  (0.25 seconds)
New lower bound: 942.000000
Final lower bound 942.000000, upper bound 942.000000
Exact lower bound: 942.000000
DIFF: 0.000000
Final LP has 267 rows, 414 columns, 4213 nonzeros
Optimal Solution: 942.00
Number of bbnodes: 1
Total Running Time: 0.34 (seconds)

Standard Error:
