Standard Output:
./concorde -o /home/chongjiu/concorde_uncomplete_graph/x5/seg/solution/random52.sol /home/chongjiu/concorde_uncomplete_graph/x5/seg/mat/random52.tsp
Host: ubuntu  Current process id: 3470026
Using random seed 1735573867
Problem Name: random52
Problem Type: TSP
Number of Nodes: 52
Explicit Lengths (CC_MATRIXNORM)
Set initial upperbound to 604 (from tour)
  LP Value  1: 566.500000  (0.00 seconds)
  LP Value  2: 582.900000  (0.00 seconds)
  LP Value  3: 599.021277  (0.01 seconds)
  LP Value  4: 602.714286  (0.02 seconds)
  LP Value  5: 603.000000  (0.02 seconds)
  LP Value  6: 603.417323  (0.03 seconds)
  LP Value  7: 603.441406  (0.04 seconds)
  LP Value  8: 603.500000  (0.05 seconds)
  LP Value  9: 603.571429  (0.06 seconds)
  LP Value 10: 603.625000  (0.08 seconds)
  LP Value 11: 603.666667  (0.09 seconds)
  LP Value 12: 603.714286  (0.10 seconds)
  LP Value 13: 603.777778  (0.11 seconds)
  LP Value 14: 603.866667  (0.13 seconds)
  LP Value 15: 604.000000  (0.14 seconds)
  LP Value 16: 604.000000  (0.15 seconds)
New lower bound: 604.000000
Final lower bound 604.000000, upper bound 604.000000
Exact lower bound: 604.000000
DIFF: 0.000000
Final LP has 114 rows, 166 columns, 1591 nonzeros
Optimal Solution: 604.00
Number of bbnodes: 1
Total Running Time: 0.17 (seconds)

Standard Error:
