Standard Output:
./concorde -o /home/chongjiu/concorde_uncomplete_graph/x5/seg/solution/random123.sol /home/chongjiu/concorde_uncomplete_graph/x5/seg/mat/random123.tsp
Host: ubuntu  Current process id: 3470265
Using random seed 1735573879
Problem Name: random123
Problem Type: TSP
Number of Nodes: 123
Explicit Lengths (CC_MATRIXNORM)
Set initial upperbound to 876 (from tour)
  LP Value  1: 850.500000  (0.01 seconds)
  LP Value  2: 873.500000  (0.03 seconds)
  LP Value  3: 873.875000  (0.04 seconds)
  LP Value  4: 874.500000  (0.06 seconds)
  LP Value  5: 875.000000  (0.08 seconds)
  LP Value  6: 875.250000  (0.09 seconds)
  LP Value  7: 875.547619  (0.11 seconds)
  LP Value  8: 876.000000  (0.12 seconds)
New lower bound: 876.000000
Final lower bound 876.000000, upper bound 876.000000
Exact lower bound: 876.000000
DIFF: 0.000000
Final LP has 191 rows, 340 columns, 2059 nonzeros
Optimal Solution: 876.00
Number of bbnodes: 1
Total Running Time: 0.19 (seconds)

Standard Error:
