Standard Output:
./concorde -o /home/chongjiu/concorde_uncomplete_graph/x5/seg/solution/random68.sol /home/chongjiu/concorde_uncomplete_graph/x5/seg/mat/random68.tsp
Host: ubuntu  Current process id: 3470073
Using random seed 1735573868
Problem Name: random68
Problem Type: TSP
Number of Nodes: 68
Explicit Lengths (CC_MATRIXNORM)
Set initial upperbound to 655 (from tour)
  LP Value  1: 614.000000  (0.01 seconds)
  LP Value  2: 649.500000  (0.01 seconds)
  LP Value  3: 654.464286  (0.02 seconds)
  LP Value  4: 655.000000  (0.02 seconds)
New lower bound: 655.000000
Final lower bound 655.000000, upper bound 655.000000
Exact lower bound: 655.000000
DIFF: 0.000000
Final LP has 109 rows, 236 columns, 2425 nonzeros
Optimal Solution: 655.00
Number of bbnodes: 1
Total Running Time: 0.05 (seconds)

Standard Error:
