Standard Output:
./concorde -o /home/chongjiu/concorde_uncomplete_graph/x5/seg/solution/random53.sol /home/chongjiu/concorde_uncomplete_graph/x5/seg/mat/random53.tsp
Host: ubuntu  Current process id: 3470036
Using random seed 1735573868
Problem Name: random53
Problem Type: TSP
Number of Nodes: 53
Explicit Lengths (CC_MATRIXNORM)
Set initial upperbound to 531 (from tour)
  LP Value  1: 511.000000  (0.00 seconds)
  LP Value  2: 524.166667  (0.01 seconds)
  LP Value  3: 529.000000  (0.01 seconds)
  LP Value  4: 531.000000  (0.02 seconds)
New lower bound: 531.000000
Final lower bound 531.000000, upper bound 531.000000
Exact lower bound: 531.000000
DIFF: 0.000000
Final LP has 85 rows, 165 columns, 1093 nonzeros
Optimal Solution: 531.00
Number of bbnodes: 1
Total Running Time: 0.03 (seconds)

Standard Error:
