Standard Output:
./concorde -o /home/chongjiu/concorde_uncomplete_graph/x5/seg/solution/random15.sol /home/chongjiu/concorde_uncomplete_graph/x5/seg/mat/random15.tsp
Host: ubuntu  Current process id: 3469939
Using random seed 1735573866
Problem Name: random15
Problem Type: TSP
Number of Nodes: 15
Explicit Lengths (CC_MATRIXNORM)
Set initial upperbound to 320 (from tour)
  LP Value  1: 296.000000  (0.00 seconds)
  LP Value  2: 320.000000  (0.00 seconds)
New lower bound: 320.000000
Final lower bound 320.000000, upper bound 320.000000
Exact lower bound: 320.000000
DIFF: 0.000000
Final LP has 17 rows, 47 columns, 112 nonzeros
Optimal Solution: 320.00
Number of bbnodes: 1
Total Running Time: 0.00 (seconds)

Standard Error:
