Standard Output:
./concorde -o /home/chongjiu/concorde_uncomplete_graph/x5/seg/solution/random149.sol /home/chongjiu/concorde_uncomplete_graph/x5/seg/mat/random149.tsp
Host: ubuntu  Current process id: 3470402
Using random seed 1735573890
Problem Name: random149
Problem Type: TSP
Number of Nodes: 149
Explicit Lengths (CC_MATRIXNORM)
Set initial upperbound to 929 (from tour)
  LP Value  1: 893.500000  (0.01 seconds)
  LP Value  2: 917.954545  (0.03 seconds)
  LP Value  3: 927.500000  (0.07 seconds)
  LP Value  4: 929.000000  (0.10 seconds)
New lower bound: 929.000000
Final lower bound 929.000000, upper bound 929.000000
Exact lower bound: 929.000000
DIFF: 0.000000
Final LP has 217 rows, 424 columns, 2606 nonzeros
Optimal Solution: 929.00
Number of bbnodes: 1
Total Running Time: 0.17 (seconds)

Standard Error:
