Standard Output:
./concorde -o /home/chongjiu/concorde_uncomplete_graph/x5/seg/solution/random181.sol /home/chongjiu/concorde_uncomplete_graph/x5/seg/mat/random181.tsp
Host: ubuntu  Current process id: 3470601
Using random seed 1735573907
Problem Name: random181
Problem Type: TSP
Number of Nodes: 181
Explicit Lengths (CC_MATRIXNORM)
Set initial upperbound to 1001 (from tour)
  LP Value  1: 966.500000  (0.01 seconds)
  LP Value  2: 996.500000  (0.03 seconds)
  LP Value  3: 998.928571  (0.05 seconds)
  LP Value  4: 1000.166667  (0.08 seconds)
  LP Value  5: 1001.000000  (0.12 seconds)
New lower bound: 1000.917647
Final lower bound 1000.917647, upper bound 1001.000000
Exact lower bound: 1000.917647
DIFF: 0.000000
Final LP has 270 rows, 496 columns, 5992 nonzeros
Optimal Solution: 1001.00
Number of bbnodes: 1
Total Running Time: 0.23 (seconds)

Standard Error:
