Standard Output:
./concorde -o /home/chongjiu/concorde_test/solution/random108.sol /home/chongjiu/concorde_test/mat/random108.tsp
Host: ubuntu  Current process id: 1988091
Using random seed 1733472857
Problem Name: random108
Problem Type: TSP
Number of Nodes: 108
Explicit Lengths (CC_MATRIXNORM)
Set initial upperbound to 798 (from tour)
  LP Value  1: 765.000000  (0.01 seconds)
  LP Value  2: 796.500000  (0.02 seconds)
  LP Value  3: 797.000000  (0.03 seconds)
  LP Value  4: 797.285714  (0.05 seconds)
  LP Value  5: 797.571429  (0.06 seconds)
  LP Value  6: 798.000000  (0.08 seconds)
New lower bound: 798.000000
Final lower bound 798.000000, upper bound 798.000000
Exact lower bound: 798.000000
DIFF: 0.000000
Final LP has 163 rows, 269 columns, 1737 nonzeros
Optimal Solution: 798.00
Number of bbnodes: 1
Total Running Time: 0.14 (seconds)

Standard Error:
