Standard Output:
./concorde -o /home/chongjiu/concorde_uncomplete_graph/x5/seg/solution/random120.sol /home/chongjiu/concorde_uncomplete_graph/x5/seg/mat/random120.tsp
Host: ubuntu  Current process id: 3470231
Using random seed 1735573877
Problem Name: random120
Problem Type: TSP
Number of Nodes: 120
Explicit Lengths (CC_MATRIXNORM)
Set initial upperbound to 829 (from tour)
  LP Value  1: 776.000000  (0.01 seconds)
  LP Value  2: 816.000000  (0.03 seconds)
  LP Value  3: 822.183824  (0.05 seconds)
  LP Value  4: 823.333333  (0.09 seconds)
  LP Value  5: 823.863636  (0.11 seconds)
  LP Value  6: 824.707534  (0.15 seconds)
  LP Value  7: 825.000000  (0.18 seconds)
  LP Value  8: 825.299663  (0.24 seconds)
  LP Value  9: 825.500000  (0.26 seconds)
  LP Value 10: 825.746781  (0.33 seconds)
  LP Value 11: 825.822735  (0.46 seconds)
  LP Value 12: 826.166667  (0.51 seconds)
  LP Value 13: 826.219105  (0.58 seconds)
  LP Value 14: 826.232198  (0.64 seconds)
New lower bound: 826.232198
Final lower bound 826.232198, upper bound 829.000000
Exact lower bound: 826.232198
DIFF: 0.000000
Time for Total: 0.65 seconds (0.65 total in 1 calls)
Final LP has 216 rows, 295 columns, 3549 nonzeros
LOWER BOUND: 826.232198   ACTIVE NODES: 1

Task 0: Branching on node 0
BBnode 0 split into 1 (826.80) 2 (826.93) (0.09 seconds)
LOWER BOUND: 826.800000   ACTIVE NODES: 2

Task 1: Cutting on node 1
Writing Pool: 228 cuts
BBnode 1 (now 3) done cutting: lowerbound 828.00 (0.21 seconds)
LOWER BOUND: 826.926839   ACTIVE NODES: 2

Task 2: Cutting on node 2
Writing Pool: 260 cuts
BBnode 2 (now 4) can be pruned: upperbound 829.00 (0.04 seconds)
LOWER BOUND: 828.000000   ACTIVE NODES: 1

Task 3: Branching on node 3
BBnode 3 split into 5 (829.00X) 6 (828.00) (0.09 seconds)
Child 0 is pruned
LOWER BOUND: 828.000000   ACTIVE NODES: 1

Task 4: Cutting on node 6
New upperbound from x-heuristic: 828.00
TOUR FOUND - upperbound is 828.00
Writing Pool: 260 cuts
BBnode 6 (now 7) can be pruned: upperbound 828.00 (0.02 seconds)

Task 5: Exit
Optimal Solution: 828.00
Number of bbnodes: 5
Total Running Time: 1.17 (seconds)  Branching Time: 0.46 (seconds)

Standard Error:
