Standard Output:
./concorde -o /home/chongjiu/concorde_uncomplete_graph/x5/seg/solution/random114.sol /home/chongjiu/concorde_uncomplete_graph/x5/seg/mat/random114.tsp
Host: ubuntu  Current process id: 3470219
Using random seed 1735573876
Problem Name: random114
Problem Type: TSP
Number of Nodes: 114
Explicit Lengths (CC_MATRIXNORM)
Set initial upperbound to 805 (from tour)
  LP Value  1: 786.250000  (0.01 seconds)
  LP Value  2: 798.250000  (0.03 seconds)
  LP Value  3: 803.833333  (0.05 seconds)
  LP Value  4: 804.500000  (0.06 seconds)
  LP Value  5: 804.500000  (0.08 seconds)
  LP Value  6: 805.000000  (0.10 seconds)
New lower bound: 805.000000
Final lower bound 805.000000, upper bound 805.000000
Exact lower bound: 805.000000
DIFF: 0.000000
Final LP has 180 rows, 336 columns, 1894 nonzeros
Optimal Solution: 805.00
Number of bbnodes: 1
Total Running Time: 0.15 (seconds)

Standard Error:
