Standard Output:
./concorde -o /home/chongjiu/concorde_uncomplete_graph/x5/seg/solution/random144.sol /home/chongjiu/concorde_uncomplete_graph/x5/seg/mat/random144.tsp
Host: ubuntu  Current process id: 3470377
Using random seed 1735573888
Problem Name: random144
Problem Type: TSP
Number of Nodes: 144
Explicit Lengths (CC_MATRIXNORM)
Set initial upperbound to 914 (from tour)
  LP Value  1: 871.500000  (0.01 seconds)
  LP Value  2: 904.500000  (0.02 seconds)
  LP Value  3: 910.100000  (0.03 seconds)
  LP Value  4: 913.513889  (0.05 seconds)
  LP Value  5: 914.000000  (0.06 seconds)
New lower bound: 914.000000
Final lower bound 914.000000, upper bound 914.000000
Exact lower bound: 914.000000
DIFF: 0.000000
Final LP has 221 rows, 435 columns, 2523 nonzeros
Optimal Solution: 914.00
Number of bbnodes: 1
Total Running Time: 0.13 (seconds)

Standard Error:
