Standard Output:
./concorde -o /home/chongjiu/concorde_uncomplete_graph/x5/seg/solution/random173.sol /home/chongjiu/concorde_uncomplete_graph/x5/seg/mat/random173.tsp
Host: ubuntu  Current process id: 3470578
Using random seed 1735573904
Problem Name: random173
Problem Type: TSP
Number of Nodes: 173
Explicit Lengths (CC_MATRIXNORM)
Set initial upperbound to 987 (from tour)
  LP Value  1: 962.000000  (0.01 seconds)
  LP Value  2: 980.750000  (0.03 seconds)
  LP Value  3: 982.891026  (0.05 seconds)
  LP Value  4: 985.198171  (0.08 seconds)
  LP Value  5: 985.407407  (0.12 seconds)
  LP Value  6: 985.966952  (0.16 seconds)
  LP Value  7: 986.171324  (0.21 seconds)
  LP Value  8: 986.427941  (0.27 seconds)
  LP Value  9: 986.547059  (0.33 seconds)
  LP Value 10: 986.582524  (0.41 seconds)
  LP Value 11: 986.605505  (0.46 seconds)
New lower bound: 986.605505
Final lower bound 986.605505, upper bound 987.000000
Exact lower bound: 986.605505
DIFF: 0.000000
Final LP has 270 rows, 463 columns, 3407 nonzeros
Optimal Solution: 987.00
Number of bbnodes: 1
Total Running Time: 0.59 (seconds)

Standard Error:
