Standard Output:
./concorde -o /home/chongjiu/concorde_test/solution/random157.sol /home/chongjiu/concorde_test/mat/random157.tsp
Host: ubuntu  Current process id: 1989128
Using random seed 1733472881
Problem Name: random157
Problem Type: TSP
Number of Nodes: 157
Explicit Lengths (CC_MATRIXNORM)
Set initial upperbound to 965 (from tour)
  LP Value  1: 930.000000  (0.01 seconds)
  LP Value  2: 962.250000  (0.02 seconds)
  LP Value  3: 964.916667  (0.03 seconds)
  LP Value  4: 964.916667  (0.04 seconds)
  LP Value  5: 965.000000  (0.04 seconds)
recomputing rownorms ...
  LP Value  6: 965.000000  (0.04 seconds)
New lower bound: 965.000000
Final lower bound 965.000000, upper bound 965.000000
Exact lower bound: 965.000000
DIFF: 0.000000
Final LP has 208 rows, 410 columns, 1327 nonzeros
Optimal Solution: 965.00
Number of bbnodes: 1
Total Running Time: 0.15 (seconds)

Standard Error:
