Standard Output:
./concorde -o /home/chongjiu/concorde_uncomplete_graph/x5/seg/solution/random92.sol /home/chongjiu/concorde_uncomplete_graph/x5/seg/mat/random92.tsp
Host: ubuntu  Current process id: 3470136
Using random seed 1735573870
Problem Name: random92
Problem Type: TSP
Number of Nodes: 92
Explicit Lengths (CC_MATRIXNORM)
Set initial upperbound to 740 (from tour)
  LP Value  1: 725.500000  (0.01 seconds)
  LP Value  2: 738.875000  (0.02 seconds)
  LP Value  3: 740.000000  (0.02 seconds)
New lower bound: 740.000000
Final lower bound 740.000000, upper bound 740.000000
Exact lower bound: 740.000000
DIFF: 0.000000
Final LP has 123 rows, 234 columns, 1240 nonzeros
Optimal Solution: 740.00
Number of bbnodes: 1
Total Running Time: 0.06 (seconds)

Standard Error:
