Standard Output:
./concorde -o /home/chongjiu/concorde_test/solution/random168.sol /home/chongjiu/concorde_test/mat/random168.tsp
Host: ubuntu  Current process id: 1989469
Using random seed 1733472889
Problem Name: random168
Problem Type: TSP
Number of Nodes: 168
Explicit Lengths (CC_MATRIXNORM)
Set initial upperbound to 994 (from tour)
  LP Value  1: 960.000000  (0.01 seconds)
  LP Value  2: 989.155556  (0.03 seconds)
  LP Value  3: 992.221719  (0.07 seconds)
  LP Value  4: 993.775000  (0.11 seconds)
  LP Value  5: 994.000000  (0.15 seconds)
New lower bound: 994.000000
Final lower bound 994.000000, upper bound 994.000000
Exact lower bound: 994.000000
DIFF: 0.000000
Final LP has 282 rows, 437 columns, 3566 nonzeros
Optimal Solution: 994.00
Number of bbnodes: 1
Total Running Time: 0.26 (seconds)

Standard Error:
