Standard Output:
./concorde -o /home/chongjiu/concorde_uncomplete_graph/x5/seg/solution/random142.sol /home/chongjiu/concorde_uncomplete_graph/x5/seg/mat/random142.tsp
Host: ubuntu  Current process id: 3470369
Using random seed 1735573888
Problem Name: random142
Problem Type: TSP
Number of Nodes: 142
Explicit Lengths (CC_MATRIXNORM)
Set initial upperbound to 910 (from tour)
  LP Value  1: 866.000000  (0.00 seconds)
  LP Value  2: 894.050000  (0.01 seconds)
  LP Value  3: 905.390909  (0.04 seconds)
  LP Value  4: 907.916667  (0.06 seconds)
  LP Value  5: 909.242718  (0.08 seconds)
  LP Value  6: 909.722222  (0.11 seconds)
  LP Value  7: 909.928571  (0.13 seconds)
  LP Value  8: 910.000000  (0.17 seconds)
New lower bound: 910.000000
Final lower bound 910.000000, upper bound 910.000000
Exact lower bound: 910.000000
DIFF: 0.000000
Final LP has 247 rows, 411 columns, 3746 nonzeros
Optimal Solution: 910.00
Number of bbnodes: 1
Total Running Time: 0.24 (seconds)

Standard Error:
