Standard Output:
./concorde -o /home/chongjiu/concorde_uncomplete_graph/x5/seg/solution/random186.sol /home/chongjiu/concorde_uncomplete_graph/x5/seg/mat/random186.tsp
Host: ubuntu  Current process id: 3470642
Using random seed 1735573909
Problem Name: random186
Problem Type: TSP
Number of Nodes: 186
Explicit Lengths (CC_MATRIXNORM)
Set initial upperbound to 1045 (from tour)
  LP Value  1: 1019.000000  (0.01 seconds)
  LP Value  2: 1039.700000  (0.04 seconds)
  LP Value  3: 1041.500000  (0.07 seconds)
  LP Value  4: 1041.500000  (0.08 seconds)
  LP Value  5: 1042.000000  (0.11 seconds)
recomputing rownorms ...
  LP Value  6: 1042.000000  (0.11 seconds)
New lower bound: 1042.000000
New upperbound from x-heuristic: 1042.00
Final lower bound 1042.000000, upper bound 1042.000000
Exact lower bound: 1042.000000
DIFF: 0.000000
Final LP has 258 rows, 461 columns, 1787 nonzeros
Optimal Solution: 1042.00
Number of bbnodes: 1
Total Running Time: 0.23 (seconds)

Standard Error:
