Standard Output:
./concorde -o /home/chongjiu/concorde_uncomplete_graph/x5/seg/solution/random129.sol /home/chongjiu/concorde_uncomplete_graph/x5/seg/mat/random129.tsp
Host: ubuntu  Current process id: 3470293
Using random seed 1735573881
Problem Name: random129
Problem Type: TSP
Number of Nodes: 129
Explicit Lengths (CC_MATRIXNORM)
Set initial upperbound to 900 (from tour)
  LP Value  1: 870.500000  (0.00 seconds)
  LP Value  2: 894.812500  (0.01 seconds)
  LP Value  3: 898.333333  (0.04 seconds)
  LP Value  4: 899.958333  (0.06 seconds)
  LP Value  5: 900.000000  (0.06 seconds)
recomputing rownorms ...
  LP Value  6: 900.000000  (0.06 seconds)
New lower bound: 900.000000
Final lower bound 900.000000, upper bound 900.000000
Exact lower bound: 900.000000
DIFF: 0.000000
Final LP has 204 rows, 337 columns, 1921 nonzeros
Optimal Solution: 900.00
Number of bbnodes: 1
Total Running Time: 0.13 (seconds)

Standard Error:
