Standard Output:
./concorde -o /home/chongjiu/concorde_uncomplete_graph/x5/seg/solution/random101.sol /home/chongjiu/concorde_uncomplete_graph/x5/seg/mat/random101.tsp
Host: ubuntu  Current process id: 3470158
Using random seed 1735573872
Problem Name: random101
Problem Type: TSP
Number of Nodes: 101
Explicit Lengths (CC_MATRIXNORM)
Set initial upperbound to 734 (from tour)
  LP Value  1: 700.000000  (0.01 seconds)
  LP Value  2: 729.000000  (0.03 seconds)
  LP Value  3: 732.000000  (0.04 seconds)
  LP Value  4: 733.000000  (0.06 seconds)
  LP Value  5: 733.333333  (0.09 seconds)
  LP Value  6: 733.777778  (0.10 seconds)
  LP Value  7: 734.000000  (0.12 seconds)
New lower bound: 734.000000
Final lower bound 734.000000, upper bound 734.000000
Exact lower bound: 734.000000
DIFF: 0.000000
Final LP has 186 rows, 317 columns, 4703 nonzeros
Optimal Solution: 734.00
Number of bbnodes: 1
Total Running Time: 0.18 (seconds)

Standard Error:
