Standard Output:
./concorde -o /home/chongjiu/concorde_uncomplete_graph/x5/seg/solution/random24.sol /home/chongjiu/concorde_uncomplete_graph/x5/seg/mat/random24.tsp
Host: ubuntu  Current process id: 3469957
Using random seed 1735573866
Problem Name: random24
Problem Type: TSP
Number of Nodes: 24
Explicit Lengths (CC_MATRIXNORM)
Set initial upperbound to 373 (from tour)
  LP Value  1: 363.000000  (0.00 seconds)
  LP Value  2: 373.000000  (0.00 seconds)
New lower bound: 373.000000
Final lower bound 373.000000, upper bound 373.000000
Exact lower bound: 373.000000
DIFF: 0.000000
Final LP has 29 rows, 66 columns, 237 nonzeros
Optimal Solution: 373.00
Number of bbnodes: 1
Total Running Time: 0.00 (seconds)

Standard Error:
