Standard Output:
./concorde -o /home/chongjiu/concorde_uncomplete_graph/x5/seg/solution/random82.sol /home/chongjiu/concorde_uncomplete_graph/x5/seg/mat/random82.tsp
Host: ubuntu  Current process id: 3470116
Using random seed 1735573869
Problem Name: random82
Problem Type: TSP
Number of Nodes: 82
Explicit Lengths (CC_MATRIXNORM)
Set initial upperbound to 727 (from tour)
  LP Value  1: 689.000000  (0.01 seconds)
  LP Value  2: 722.250000  (0.01 seconds)
  LP Value  3: 725.363636  (0.02 seconds)
  LP Value  4: 726.857143  (0.03 seconds)
  LP Value  5: 727.000000  (0.03 seconds)
New lower bound: 727.000000
Final lower bound 727.000000, upper bound 727.000000
Exact lower bound: 727.000000
DIFF: 0.000000
Final LP has 124 rows, 212 columns, 1599 nonzeros
Optimal Solution: 727.00
Number of bbnodes: 1
Total Running Time: 0.07 (seconds)

Standard Error:
