Standard Output:
./concorde -o /home/chongjiu/concorde_uncomplete_graph/x5/seg/solution/random126.sol /home/chongjiu/concorde_uncomplete_graph/x5/seg/mat/random126.tsp
Host: ubuntu  Current process id: 3470274
Using random seed 1735573879
Problem Name: random126
Problem Type: TSP
Number of Nodes: 126
Explicit Lengths (CC_MATRIXNORM)
Set initial upperbound to 863 (from tour)
  LP Value  1: 816.000000  (0.01 seconds)
  LP Value  2: 846.333333  (0.02 seconds)
  LP Value  3: 853.238095  (0.04 seconds)
  LP Value  4: 857.642857  (0.07 seconds)
  LP Value  5: 858.875000  (0.09 seconds)
  LP Value  6: 859.209596  (0.13 seconds)
  LP Value  7: 859.800000  (0.15 seconds)
  LP Value  8: 860.046721  (0.31 seconds)
  LP Value  9: 860.609851  (0.34 seconds)
  LP Value 10: 861.000000  (0.39 seconds)
  LP Value 11: 861.333333  (0.42 seconds)
  LP Value 12: 861.356268  (0.50 seconds)
New lower bound: 861.356268
Final lower bound 861.356268, upper bound 863.000000
Exact lower bound: 861.356268
DIFF: 0.000000
Time for Total: 0.51 seconds (0.51 total in 1 calls)
Final LP has 227 rows, 266 columns, 3636 nonzeros
LOWER BOUND: 861.356268   ACTIVE NODES: 1

Task 0: Branching on node 0
BBnode 0 split into 1 (862.51X) 2 (862.00) (0.08 seconds)
Child 0 is pruned
LOWER BOUND: 862.000000   ACTIVE NODES: 1

Task 1: Cutting on node 2
Writing Pool: 172 cuts
BBnode 2 (now 3) can be pruned: upperbound 863.00 (0.04 seconds)

Task 2: Exit
Optimal Solution: 863.00
Number of bbnodes: 3
Total Running Time: 0.70 (seconds)  Branching Time: 0.12 (seconds)

Standard Error:
