Standard Output:
./concorde -o /home/chongjiu/concorde_test/solution/random158.sol /home/chongjiu/concorde_test/mat/random158.tsp
Host: ubuntu  Current process id: 1989148
Using random seed 1733472881
Problem Name: random158
Problem Type: TSP
Number of Nodes: 158
Explicit Lengths (CC_MATRIXNORM)
Set initial upperbound to 895 (from tour)
  LP Value  1: 851.500000  (0.01 seconds)
  LP Value  2: 883.000000  (0.03 seconds)
  LP Value  3: 886.260000  (0.06 seconds)
  LP Value  4: 890.362707  (0.15 seconds)
  LP Value  5: 892.005299  (0.21 seconds)
  LP Value  6: 892.500000  (0.26 seconds)
  LP Value  7: 892.697318  (0.30 seconds)
  LP Value  8: 892.981450  (0.35 seconds)
  LP Value  9: 893.409038  (0.38 seconds)
  LP Value 10: 893.579398  (0.43 seconds)
  LP Value 11: 893.980645  (0.47 seconds)
  LP Value 12: 894.066964  (0.55 seconds)
  LP Value 13: 894.181818  (0.61 seconds)
  LP Value 14: 894.250000  (0.79 seconds)
recomputing rownorms ...
  LP Value 15: 894.250000  (0.86 seconds)
New lower bound: 894.151124
Final lower bound 894.151124, upper bound 895.000000
Exact lower bound: 894.151124
DIFF: 0.000000
Final LP has 265 rows, 479 columns, 3717 nonzeros
Optimal Solution: 895.00
Number of bbnodes: 1
Total Running Time: 0.98 (seconds)

Standard Error:
