Standard Output:
./concorde -o /home/chongjiu/concorde_uncomplete_graph/x5/seg/solution/random27.sol /home/chongjiu/concorde_uncomplete_graph/x5/seg/mat/random27.tsp
Host: ubuntu  Current process id: 3469963
Using random seed 1735573867
Problem Name: random27
Problem Type: TSP
Number of Nodes: 27
Explicit Lengths (CC_MATRIXNORM)
Set initial upperbound to 430 (from tour)
  LP Value  1: 380.000000  (0.00 seconds)
  LP Value  2: 430.000000  (0.00 seconds)
New lower bound: 430.000000
recomputing rownorms ...
Final lower bound 430.000000, upper bound 430.000000
Exact lower bound: 430.000000
DIFF: 0.000000
Final LP has 34 rows, 95 columns, 227 nonzeros
Optimal Solution: 430.00
Number of bbnodes: 1
Total Running Time: 0.01 (seconds)

Standard Error:
