Standard Output:
./concorde -o /home/chongjiu/concorde_uncomplete_graph/x5/seg/solution/random38.sol /home/chongjiu/concorde_uncomplete_graph/x5/seg/mat/random38.tsp
Host: ubuntu  Current process id: 3469989
Using random seed 1735573867
Problem Name: random38
Problem Type: TSP
Number of Nodes: 38
Explicit Lengths (CC_MATRIXNORM)
Set initial upperbound to 483 (from tour)
  LP Value  1: 464.000000  (0.00 seconds)
  LP Value  2: 479.000000  (0.00 seconds)
  LP Value  3: 482.500000  (0.00 seconds)
  LP Value  4: 483.000000  (0.00 seconds)
New lower bound: 483.000000
Final lower bound 483.000000, upper bound 483.000000
Exact lower bound: 483.000000
DIFF: 0.000000
Final LP has 50 rows, 174 columns, 489 nonzeros
Optimal Solution: 483.00
Number of bbnodes: 1
Total Running Time: 0.02 (seconds)

Standard Error:
