Standard Output:
./concorde -o /home/chongjiu/concorde_uncomplete_graph/x5/seg/solution/random188.sol /home/chongjiu/concorde_uncomplete_graph/x5/seg/mat/random188.tsp
Host: ubuntu  Current process id: 3470655
Using random seed 1735573910
Problem Name: random188
Problem Type: TSP
Number of Nodes: 188
Explicit Lengths (CC_MATRIXNORM)
Set initial upperbound to 1052 (from tour)
  LP Value  1: 1008.000000  (0.01 seconds)
  LP Value  2: 1043.500000  (0.03 seconds)
  LP Value  3: 1045.833333  (0.05 seconds)
  LP Value  4: 1046.000000  (0.07 seconds)
recomputing rownorms ...
  LP Value  5: 1046.000000  (0.07 seconds)
New lower bound: 1046.000000
New upperbound from x-heuristic: 1046.00
Final lower bound 1046.000000, upper bound 1046.000000
Exact lower bound: 1046.000000
DIFF: 0.000000
Final LP has 252 rows, 481 columns, 2021 nonzeros
Optimal Solution: 1046.00
Number of bbnodes: 1
Total Running Time: 0.18 (seconds)

Standard Error:
