Standard Output:
./concorde -o /home/chongjiu/concorde_uncomplete_graph/x5/seg/solution/random169.sol /home/chongjiu/concorde_uncomplete_graph/x5/seg/mat/random169.tsp
Host: ubuntu  Current process id: 3470537
Using random seed 1735573901
Problem Name: random169
Problem Type: TSP
Number of Nodes: 169
Explicit Lengths (CC_MATRIXNORM)
Set initial upperbound to 965 (from tour)
  LP Value  1: 913.375000  (0.01 seconds)
  LP Value  2: 952.500000  (0.05 seconds)
  LP Value  3: 956.818182  (0.09 seconds)
  LP Value  4: 959.183333  (0.11 seconds)
  LP Value  5: 960.500000  (0.14 seconds)
  LP Value  6: 960.844841  (0.18 seconds)
  LP Value  7: 961.000000  (0.21 seconds)
recomputing rownorms ...
  LP Value  8: 961.000000  (0.21 seconds)
New lower bound: 961.000000
New upperbound from x-heuristic: 961.00
Final lower bound 961.000000, upper bound 961.000000
Exact lower bound: 961.000000
DIFF: 0.000000
Final LP has 275 rows, 529 columns, 3624 nonzeros
Optimal Solution: 961.00
Number of bbnodes: 1
Total Running Time: 0.33 (seconds)

Standard Error:
