Standard Output:
./concorde -o /home/chongjiu/concorde_uncomplete_graph/x5/seg/solution/random23.sol /home/chongjiu/concorde_uncomplete_graph/x5/seg/mat/random23.tsp
Host: ubuntu  Current process id: 3469955
Using random seed 1735573866
Problem Name: random23
Problem Type: TSP
Number of Nodes: 23
Explicit Lengths (CC_MATRIXNORM)
Set initial upperbound to 416 (from tour)
  LP Value  1: 384.000000  (0.00 seconds)
  LP Value  2: 416.000000  (0.00 seconds)
New lower bound: 416.000000
Final lower bound 416.000000, upper bound 416.000000
Exact lower bound: 416.000000
DIFF: 0.000000
Final LP has 28 rows, 72 columns, 250 nonzeros
Optimal Solution: 416.00
Number of bbnodes: 1
Total Running Time: 0.00 (seconds)

Standard Error:
