Standard Output:
./concorde -o /home/chongjiu/concorde_uncomplete_graph/x5/seg/solution/random91.sol /home/chongjiu/concorde_uncomplete_graph/x5/seg/mat/random91.tsp
Host: ubuntu  Current process id: 3470134
Using random seed 1735573870
Problem Name: random91
Problem Type: TSP
Number of Nodes: 91
Explicit Lengths (CC_MATRIXNORM)
Set initial upperbound to 724 (from tour)
  LP Value  1: 683.500000  (0.00 seconds)
  LP Value  2: 715.444444  (0.01 seconds)
  LP Value  3: 723.015152  (0.02 seconds)
  LP Value  4: 723.923077  (0.03 seconds)
  LP Value  5: 724.000000  (0.03 seconds)
recomputing rownorms ...
  LP Value  6: 724.000000  (0.03 seconds)
New lower bound: 724.000000
Final lower bound 724.000000, upper bound 724.000000
Exact lower bound: 724.000000
DIFF: 0.000000
Final LP has 141 rows, 287 columns, 1426 nonzeros
Optimal Solution: 724.00
Number of bbnodes: 1
Total Running Time: 0.07 (seconds)

Standard Error:
