Standard Output:
./concorde -o /home/chongjiu/concorde_test/solution/random35.sol /home/chongjiu/concorde_test/mat/random35.tsp
Host: ubuntu  Current process id: 1987704
Using random seed 1733472850
Problem Name: random35
Problem Type: TSP
Number of Nodes: 35
Explicit Lengths (CC_MATRIXNORM)
Set initial upperbound to 465 (from tour)
  LP Value  1: 453.250000  (0.00 seconds)
  LP Value  2: 464.500000  (0.00 seconds)
  LP Value  3: 465.000000  (0.00 seconds)
New lower bound: 465.000000
Final lower bound 465.000000, upper bound 465.000000
Exact lower bound: 465.000000
DIFF: 0.000000
Final LP has 47 rows, 71 columns, 211 nonzeros
Optimal Solution: 465.00
Number of bbnodes: 1
Total Running Time: 0.01 (seconds)

Standard Error:
