Standard Output:
./concorde -o /home/chongjiu/concorde_uncomplete_graph/x5/seg/solution/random76.sol /home/chongjiu/concorde_uncomplete_graph/x5/seg/mat/random76.tsp
Host: ubuntu  Current process id: 3470101
Using random seed 1735573869
Problem Name: random76
Problem Type: TSP
Number of Nodes: 76
Explicit Lengths (CC_MATRIXNORM)
Set initial upperbound to 663 (from tour)
  LP Value  1: 582.000000  (0.00 seconds)
  LP Value  2: 649.500000  (0.01 seconds)
  LP Value  3: 660.000000  (0.02 seconds)
  LP Value  4: 660.666667  (0.02 seconds)
  LP Value  5: 661.500000  (0.02 seconds)
  LP Value  6: 662.500000  (0.03 seconds)
  LP Value  7: 662.950000  (0.04 seconds)
  LP Value  8: 663.000000  (0.04 seconds)
New lower bound: 663.000000
Final lower bound 663.000000, upper bound 663.000000
Exact lower bound: 663.000000
DIFF: 0.000000
Final LP has 140 rows, 208 columns, 1177 nonzeros
Optimal Solution: 663.00
Number of bbnodes: 1
Total Running Time: 0.09 (seconds)

Standard Error:
