Standard Output:
./concorde -o /home/chongjiu/concorde_uncomplete_graph/x5/seg/solution/random70.sol /home/chongjiu/concorde_uncomplete_graph/x5/seg/mat/random70.tsp
Host: ubuntu  Current process id: 3470082
Using random seed 1735573868
Problem Name: random70
Problem Type: TSP
Number of Nodes: 70
Explicit Lengths (CC_MATRIXNORM)
Set initial upperbound to 673 (from tour)
  LP Value  1: 604.000000  (0.00 seconds)
  LP Value  2: 659.727273  (0.01 seconds)
  LP Value  3: 671.612903  (0.03 seconds)
  LP Value  4: 672.500000  (0.04 seconds)
  LP Value  5: 673.000000  (0.05 seconds)
New lower bound: 673.000000
Final lower bound 673.000000, upper bound 673.000000
Exact lower bound: 673.000000
DIFF: 0.000000
Final LP has 137 rows, 226 columns, 2021 nonzeros
Optimal Solution: 673.00
Number of bbnodes: 1
Total Running Time: 0.09 (seconds)

Standard Error:
