Standard Output:
./concorde -o /home/chongjiu/concorde_uncomplete_graph/x5/seg/solution/random156.sol /home/chongjiu/concorde_uncomplete_graph/x5/seg/mat/random156.tsp
Host: ubuntu  Current process id: 3470448
Using random seed 1735573894
Problem Name: random156
Problem Type: TSP
Number of Nodes: 156
Explicit Lengths (CC_MATRIXNORM)
Set initial upperbound to 963 (from tour)
  LP Value  1: 941.000000  (0.01 seconds)
  LP Value  2: 957.250000  (0.02 seconds)
  LP Value  3: 961.250000  (0.05 seconds)
  LP Value  4: 962.333333  (0.08 seconds)
  LP Value  5: 962.666667  (0.09 seconds)
  LP Value  6: 963.000000  (0.11 seconds)
  LP Value  7: 963.000000  (0.13 seconds)
New lower bound: 963.000000
Final lower bound 963.000000, upper bound 963.000000
Exact lower bound: 963.000000
DIFF: 0.000000
Final LP has 242 rows, 388 columns, 2122 nonzeros
Optimal Solution: 963.00
Number of bbnodes: 1
Total Running Time: 0.22 (seconds)

Standard Error:
