Standard Output:
./concorde -o /home/chongjiu/concorde_uncomplete_graph/x5/seg/solution/random67.sol /home/chongjiu/concorde_uncomplete_graph/x5/seg/mat/random67.tsp
Host: ubuntu  Current process id: 3470067
Using random seed 1735573868
Problem Name: random67
Problem Type: TSP
Number of Nodes: 67
Explicit Lengths (CC_MATRIXNORM)
Set initial upperbound to 663 (from tour)
  LP Value  1: 642.000000  (0.00 seconds)
  LP Value  2: 655.250000  (0.01 seconds)
  LP Value  3: 663.000000  (0.02 seconds)
New lower bound: 663.000000
Final lower bound 663.000000, upper bound 663.000000
Exact lower bound: 663.000000
DIFF: 0.000000
Final LP has 103 rows, 203 columns, 1189 nonzeros
Optimal Solution: 663.00
Number of bbnodes: 1
Total Running Time: 0.05 (seconds)

Standard Error:
