Standard Output:
./concorde -o /home/chongjiu/concorde_uncomplete_graph/x5/seg/solution/random125.sol /home/chongjiu/concorde_uncomplete_graph/x5/seg/mat/random125.tsp
Host: ubuntu  Current process id: 3470269
Using random seed 1735573879
Problem Name: random125
Problem Type: TSP
Number of Nodes: 125
Explicit Lengths (CC_MATRIXNORM)
Set initial upperbound to 891 (from tour)
  LP Value  1: 861.750000  (0.00 seconds)
  LP Value  2: 886.000000  (0.01 seconds)
  LP Value  3: 889.428571  (0.03 seconds)
  LP Value  4: 889.923077  (0.04 seconds)
  LP Value  5: 890.092949  (0.05 seconds)
  LP Value  6: 890.583333  (0.07 seconds)
  LP Value  7: 890.833333  (0.08 seconds)
  LP Value  8: 891.000000  (0.09 seconds)
New lower bound: 891.000000
Final lower bound 891.000000, upper bound 891.000000
Exact lower bound: 891.000000
DIFF: 0.000000
Final LP has 185 rows, 328 columns, 1653 nonzeros
Optimal Solution: 891.00
Number of bbnodes: 1
Total Running Time: 0.17 (seconds)

Standard Error:
