Standard Output:
./concorde -o /home/chongjiu/concorde_uncomplete_graph/x5/seg/solution/random179.sol /home/chongjiu/concorde_uncomplete_graph/x5/seg/mat/random179.tsp
Host: ubuntu  Current process id: 3470597
Using random seed 1735573906
Problem Name: random179
Problem Type: TSP
Number of Nodes: 179
Explicit Lengths (CC_MATRIXNORM)
Set initial upperbound to 1063 (from tour)
  LP Value  1: 1021.500000  (0.01 seconds)
  LP Value  2: 1057.500000  (0.03 seconds)
  LP Value  3: 1062.000000  (0.05 seconds)
  LP Value  4: 1063.000000  (0.07 seconds)
New lower bound: 1063.000000
Final lower bound 1063.000000, upper bound 1063.000000
Exact lower bound: 1063.000000
DIFF: 0.000000
Final LP has 262 rows, 396 columns, 2708 nonzeros
Optimal Solution: 1063.00
Number of bbnodes: 1
Total Running Time: 0.17 (seconds)

Standard Error:
