Standard Output:
./concorde -o /home/chongjiu/concorde_uncomplete_graph/x5/seg/solution/random148.sol /home/chongjiu/concorde_uncomplete_graph/x5/seg/mat/random148.tsp
Host: ubuntu  Current process id: 3470400
Using random seed 1735573890
Problem Name: random148
Problem Type: TSP
Number of Nodes: 148
Explicit Lengths (CC_MATRIXNORM)
Set initial upperbound to 957 (from tour)
  LP Value  1: 919.600000  (0.01 seconds)
  LP Value  2: 946.891667  (0.03 seconds)
  LP Value  3: 955.750000  (0.06 seconds)
  LP Value  4: 957.000000  (0.07 seconds)
New lower bound: 957.000000
Final lower bound 957.000000, upper bound 957.000000
Exact lower bound: 957.000000
DIFF: 0.000000
Final LP has 243 rows, 352 columns, 2648 nonzeros
Optimal Solution: 957.00
Number of bbnodes: 1
Total Running Time: 0.15 (seconds)

Standard Error:
