Standard Output:
./concorde -o /home/chongjiu/concorde_test/solution/random98.sol /home/chongjiu/concorde_test/mat/random98.tsp
Host: ubuntu  Current process id: 1988000
Using random seed 1733472855
Problem Name: random98
Problem Type: TSP
Number of Nodes: 98
Explicit Lengths (CC_MATRIXNORM)
Set initial upperbound to 764 (from tour)
  LP Value  1: 734.000000  (0.01 seconds)
  LP Value  2: 755.750000  (0.03 seconds)
  LP Value  3: 760.640000  (0.04 seconds)
  LP Value  4: 762.285714  (0.05 seconds)
  LP Value  5: 762.722222  (0.06 seconds)
  LP Value  6: 763.066667  (0.08 seconds)
  LP Value  7: 763.571429  (0.09 seconds)
  LP Value  8: 763.942755  (0.21 seconds)
  LP Value  9: 764.000000  (0.21 seconds)
New lower bound: 764.000000
Final lower bound 764.000000, upper bound 764.000000
Exact lower bound: 764.000000
DIFF: 0.000000
Final LP has 159 rows, 262 columns, 2247 nonzeros
Optimal Solution: 764.00
Number of bbnodes: 1
Total Running Time: 0.26 (seconds)

Standard Error:
