Standard Output:
./concorde -o /home/chongjiu/concorde_uncomplete_graph/x5/seg/solution/random89.sol /home/chongjiu/concorde_uncomplete_graph/x5/seg/mat/random89.tsp
Host: ubuntu  Current process id: 3470130
Using random seed 1735573870
Problem Name: random89
Problem Type: TSP
Number of Nodes: 89
Explicit Lengths (CC_MATRIXNORM)
Set initial upperbound to 762 (from tour)
  LP Value  1: 743.500000  (0.01 seconds)
  LP Value  2: 760.500000  (0.03 seconds)
  LP Value  3: 761.815000  (0.05 seconds)
  LP Value  4: 762.000000  (0.05 seconds)
New lower bound: 762.000000
Final lower bound 762.000000, upper bound 762.000000
Exact lower bound: 762.000000
DIFF: 0.000000
Final LP has 156 rows, 217 columns, 1665 nonzeros
Optimal Solution: 762.00
Number of bbnodes: 1
Total Running Time: 0.10 (seconds)

Standard Error:
