Standard Output:
./concorde -o /home/chongjiu/concorde_uncomplete_graph/x5/seg/solution/random177.sol /home/chongjiu/concorde_uncomplete_graph/x5/seg/mat/random177.tsp
Host: ubuntu  Current process id: 3470589
Using random seed 1735573906
Problem Name: random177
Problem Type: TSP
Number of Nodes: 177
Explicit Lengths (CC_MATRIXNORM)
Set initial upperbound to 1036 (from tour)
  LP Value  1: 1018.000000  (0.01 seconds)
  LP Value  2: 1034.500000  (0.04 seconds)
  LP Value  3: 1035.181818  (0.06 seconds)
  LP Value  4: 1035.500000  (0.07 seconds)
  LP Value  5: 1036.000000  (0.10 seconds)
New lower bound: 1036.000000
Final lower bound 1036.000000, upper bound 1036.000000
Exact lower bound: 1036.000000
DIFF: 0.000000
Final LP has 263 rows, 420 columns, 2520 nonzeros
Optimal Solution: 1036.00
Number of bbnodes: 1
Total Running Time: 0.22 (seconds)

Standard Error:
