Standard Output:
./concorde -o /home/chongjiu/concorde_test/solution/random115.sol /home/chongjiu/concorde_test/mat/random115.tsp
Host: ubuntu  Current process id: 1988185
Using random seed 1733472859
Problem Name: random115
Problem Type: TSP
Number of Nodes: 115
Explicit Lengths (CC_MATRIXNORM)
Set initial upperbound to 806 (from tour)
  LP Value  1: 732.500000  (0.01 seconds)
  LP Value  2: 787.500000  (0.03 seconds)
  LP Value  3: 797.000000  (0.04 seconds)
  LP Value  4: 798.968750  (0.07 seconds)
  LP Value  5: 801.083333  (0.11 seconds)
  LP Value  6: 802.500000  (0.16 seconds)
  LP Value  7: 803.000000  (0.18 seconds)
  LP Value  8: 804.000000  (0.19 seconds)
recomputing rownorms ...
  LP Value  9: 804.000000  (0.20 seconds)
New lower bound: 804.000000
New upperbound from x-heuristic: 804.00
Final lower bound 804.000000, upper bound 804.000000
Exact lower bound: 804.000000
DIFF: 0.000000
Final LP has 200 rows, 318 columns, 2177 nonzeros
Optimal Solution: 804.00
Number of bbnodes: 1
Total Running Time: 0.29 (seconds)

Standard Error:
