Standard Output:
./concorde -o /home/chongjiu/concorde_uncomplete_graph/x5/seg/solution/random199.sol /home/chongjiu/concorde_uncomplete_graph/x5/seg/mat/random199.tsp
Host: ubuntu  Current process id: 3470729
Using random seed 1735573917
Problem Name: random199
Problem Type: TSP
Number of Nodes: 199
Explicit Lengths (CC_MATRIXNORM)
Set initial upperbound to 1082 (from tour)
  LP Value  1: 1029.500000  (0.01 seconds)
  LP Value  2: 1071.178571  (0.04 seconds)
  LP Value  3: 1076.000000  (0.08 seconds)
  LP Value  4: 1077.000000  (0.14 seconds)
  LP Value  5: 1077.579755  (0.18 seconds)
  LP Value  6: 1077.879552  (0.28 seconds)
  LP Value  7: 1078.189109  (0.34 seconds)
  LP Value  8: 1078.490196  (0.38 seconds)
  LP Value  9: 1078.938202  (0.43 seconds)
  LP Value 10: 1079.397727  (0.49 seconds)
  LP Value 11: 1079.508547  (0.55 seconds)
  LP Value 12: 1079.827028  (0.64 seconds)
  LP Value 13: 1080.020942  (0.85 seconds)
  LP Value 14: 1080.086667  (1.01 seconds)
  LP Value 15: 1080.141836  (1.18 seconds)
  LP Value 16: 1080.171929  (1.34 seconds)
  LP Value 17: 1080.240289  (1.52 seconds)
  LP Value 18: 1080.315835  (1.66 seconds)
  LP Value 19: 1080.464486  (1.81 seconds)
  LP Value 20: 1080.492390  (2.10 seconds)
  LP Value 21: 1080.570104  (2.25 seconds)
  LP Value 22: 1080.634949  (2.42 seconds)
  LP Value 23: 1080.641562  (2.58 seconds)
New lower bound: 1080.641562
Final lower bound 1080.641562, upper bound 1082.000000
Exact lower bound: 1080.641562
DIFF: 0.000000
Time for Total: 2.61 seconds (2.61 total in 1 calls)
Final LP has 356 rows, 422 columns, 6854 nonzeros
LOWER BOUND: 1080.641562   ACTIVE NODES: 1

Task 0: Branching on node 0
BBnode 0 split into 1 (1081.20X) 2 (1081.00) (0.20 seconds)
Child 0 is pruned
LOWER BOUND: 1081.000000   ACTIVE NODES: 1

Task 1: Cutting on node 2
Writing Pool: 559 cuts
BBnode 2 (now 3) can be pruned: upperbound 1082.00 (0.05 seconds)

Task 2: Exit
Optimal Solution: 1082.00
Number of bbnodes: 3
Total Running Time: 2.97 (seconds)  Branching Time: 0.26 (seconds)

Standard Error:
