Standard Output:
./concorde -o /home/chongjiu/concorde_uncomplete_graph/x5/seg/solution/random140.sol /home/chongjiu/concorde_uncomplete_graph/x5/seg/mat/random140.tsp
Host: ubuntu  Current process id: 3470353
Using random seed 1735573887
Problem Name: random140
Problem Type: TSP
Number of Nodes: 140
Explicit Lengths (CC_MATRIXNORM)
Set initial upperbound to 889 (from tour)
  LP Value  1: 853.166667  (0.01 seconds)
  LP Value  2: 879.304945  (0.03 seconds)
  LP Value  3: 885.694377  (0.06 seconds)
  LP Value  4: 887.232212  (0.09 seconds)
  LP Value  5: 887.839953  (0.13 seconds)
  LP Value  6: 888.000000  (0.15 seconds)
  LP Value  7: 888.500000  (0.17 seconds)
  LP Value  8: 888.548387  (0.23 seconds)
  LP Value  9: 889.000000  (0.24 seconds)
New lower bound: 889.000000
Final lower bound 889.000000, upper bound 889.000000
Exact lower bound: 889.000000
DIFF: 0.000000
Final LP has 232 rows, 403 columns, 4027 nonzeros
Optimal Solution: 889.00
Number of bbnodes: 1
Total Running Time: 0.31 (seconds)

Standard Error:
