Standard Output:
./concorde -o /home/chongjiu/concorde_uncomplete_graph/x5/seg/solution/random94.sol /home/chongjiu/concorde_uncomplete_graph/x5/seg/mat/random94.tsp
Host: ubuntu  Current process id: 3470140
Using random seed 1735573871
Problem Name: random94
Problem Type: TSP
Number of Nodes: 94
Explicit Lengths (CC_MATRIXNORM)
Set initial upperbound to 706 (from tour)
  LP Value  1: 678.000000  (0.00 seconds)
  LP Value  2: 699.240741  (0.02 seconds)
  LP Value  3: 704.628571  (0.03 seconds)
  LP Value  4: 705.600000  (0.04 seconds)
  LP Value  5: 706.000000  (0.05 seconds)
New lower bound: 706.000000
Final lower bound 706.000000, upper bound 706.000000
Exact lower bound: 706.000000
DIFF: 0.000000
Final LP has 152 rows, 282 columns, 2450 nonzeros
Optimal Solution: 706.00
Number of bbnodes: 1
Total Running Time: 0.10 (seconds)

Standard Error:
