Standard Output:
./concorde -o /home/chongjiu/concorde_uncomplete_graph/x5/seg/solution/random161.sol /home/chongjiu/concorde_uncomplete_graph/x5/seg/mat/random161.tsp
Host: ubuntu  Current process id: 3470461
Using random seed 1735573895
Problem Name: random161
Problem Type: TSP
Number of Nodes: 161
Explicit Lengths (CC_MATRIXNORM)
Set initial upperbound to 941 (from tour)
  LP Value  1: 909.000000  (0.02 seconds)
  LP Value  2: 932.781250  (0.04 seconds)
  LP Value  3: 937.300000  (0.06 seconds)
  LP Value  4: 939.028125  (0.09 seconds)
  LP Value  5: 940.200450  (0.12 seconds)
  LP Value  6: 940.686047  (0.14 seconds)
  LP Value  7: 941.000000  (0.17 seconds)
recomputing rownorms ...
  LP Value  8: 941.000000  (0.17 seconds)
New lower bound: 941.000000
Final lower bound 941.000000, upper bound 941.000000
Exact lower bound: 941.000000
DIFF: 0.000000
Final LP has 258 rows, 475 columns, 2969 nonzeros
Optimal Solution: 941.00
Number of bbnodes: 1
Total Running Time: 0.28 (seconds)

Standard Error:
