Standard Output:
./concorde -o /home/chongjiu/concorde_test/solution/random167.sol /home/chongjiu/concorde_test/mat/random167.tsp
Host: ubuntu  Current process id: 1989457
Using random seed 1733472889
Problem Name: random167
Problem Type: TSP
Number of Nodes: 167
Explicit Lengths (CC_MATRIXNORM)
Set initial upperbound to 964 (from tour)
  LP Value  1: 924.000000  (0.01 seconds)
  LP Value  2: 957.791667  (0.02 seconds)
  LP Value  3: 962.500000  (0.05 seconds)
  LP Value  4: 963.000000  (0.06 seconds)
  LP Value  5: 963.000000  (0.09 seconds)
  LP Value  6: 963.250000  (0.10 seconds)
  LP Value  7: 963.500000  (0.12 seconds)
  LP Value  8: 963.514286  (0.19 seconds)
  LP Value  9: 963.916667  (0.22 seconds)
  LP Value 10: 964.000000  (0.22 seconds)
New lower bound: 964.000000
Final lower bound 964.000000, upper bound 964.000000
Exact lower bound: 964.000000
DIFF: 0.000000
Final LP has 248 rows, 420 columns, 2606 nonzeros
Optimal Solution: 964.00
Number of bbnodes: 1
Total Running Time: 0.32 (seconds)

Standard Error:
