Standard Output:
./concorde -o /home/chongjiu/concorde_uncomplete_graph/x5/seg/solution/random20.sol /home/chongjiu/concorde_uncomplete_graph/x5/seg/mat/random20.tsp
Host: ubuntu  Current process id: 3469949
Using random seed 1735573866
Problem Name: random20
Problem Type: TSP
Number of Nodes: 20
Explicit Lengths (CC_MATRIXNORM)
Set initial upperbound to 360 (from tour)
  LP Value  1: 314.500000  (0.00 seconds)
  LP Value  2: 359.000000  (0.00 seconds)
  LP Value  3: 360.000000  (0.00 seconds)
New lower bound: 360.000000
Final lower bound 360.000000, upper bound 360.000000
Exact lower bound: 360.000000
DIFF: 0.000000
Final LP has 27 rows, 61 columns, 157 nonzeros
Optimal Solution: 360.00
Number of bbnodes: 1
Total Running Time: 0.01 (seconds)

Standard Error:
