Standard Output:
./concorde -o /home/chongjiu/concorde_uncomplete_graph/x5/seg/solution/random146.sol /home/chongjiu/concorde_uncomplete_graph/x5/seg/mat/random146.tsp
Host: ubuntu  Current process id: 3470393
Using random seed 1735573889
Problem Name: random146
Problem Type: TSP
Number of Nodes: 146
Explicit Lengths (CC_MATRIXNORM)
Set initial upperbound to 931 (from tour)
  LP Value  1: 912.000000  (0.01 seconds)
  LP Value  2: 922.062500  (0.03 seconds)
  LP Value  3: 925.000000  (0.04 seconds)
  LP Value  4: 925.166667  (0.09 seconds)
  LP Value  5: 925.500000  (0.11 seconds)
  LP Value  6: 925.639821  (0.20 seconds)
  LP Value  7: 925.777778  (0.27 seconds)
  LP Value  8: 925.847538  (0.33 seconds)
  LP Value  9: 925.863636  (0.38 seconds)
New lower bound: 925.863636
New upperbound from x-heuristic: 926.00
Final lower bound 925.863636, upper bound 926.000000
Exact lower bound: 925.863636
DIFF: 0.000000
Final LP has 223 rows, 390 columns, 2939 nonzeros
Optimal Solution: 926.00
Number of bbnodes: 1
Total Running Time: 0.48 (seconds)

Standard Error:
