Standard Output:
./concorde -o /home/chongjiu/concorde_uncomplete_graph/x5/seg/solution/random175.sol /home/chongjiu/concorde_uncomplete_graph/x5/seg/mat/random175.tsp
Host: ubuntu  Current process id: 3470585
Using random seed 1735573905
Problem Name: random175
Problem Type: TSP
Number of Nodes: 175
Explicit Lengths (CC_MATRIXNORM)
Set initial upperbound to 1041 (from tour)
  LP Value  1: 1008.500000  (0.01 seconds)
  LP Value  2: 1031.166667  (0.02 seconds)
  LP Value  3: 1035.648810  (0.04 seconds)
  LP Value  4: 1038.500000  (0.08 seconds)
  LP Value  5: 1039.200000  (0.11 seconds)
  LP Value  6: 1040.000000  (0.14 seconds)
  LP Value  7: 1040.492754  (0.17 seconds)
  LP Value  8: 1041.000000  (0.20 seconds)
New lower bound: 1041.000000
Final lower bound 1041.000000, upper bound 1041.000000
Exact lower bound: 1041.000000
DIFF: 0.000000
Final LP has 283 rows, 508 columns, 5363 nonzeros
Optimal Solution: 1041.00
Number of bbnodes: 1
Total Running Time: 0.29 (seconds)

Standard Error:
