Standard Output:
./concorde -o /home/chongjiu/concorde_uncomplete_graph/x5/seg/solution/random104.sol /home/chongjiu/concorde_uncomplete_graph/x5/seg/mat/random104.tsp
Host: ubuntu  Current process id: 3470176
Using random seed 1735573873
Problem Name: random104
Problem Type: TSP
Number of Nodes: 104
Explicit Lengths (CC_MATRIXNORM)
Set initial upperbound to 745 (from tour)
  LP Value  1: 708.500000  (0.00 seconds)
  LP Value  2: 741.388889  (0.01 seconds)
  LP Value  3: 744.250000  (0.01 seconds)
  LP Value  4: 745.000000  (0.01 seconds)
New lower bound: 745.000000
Final lower bound 745.000000, upper bound 745.000000
Exact lower bound: 745.000000
DIFF: 0.000000
Final LP has 140 rows, 298 columns, 1311 nonzeros
Optimal Solution: 745.00
Number of bbnodes: 1
Total Running Time: 0.06 (seconds)

Standard Error:
