Standard Output:
./concorde -o /home/chongjiu/concorde_uncomplete_graph/x5/seg/solution/random86.sol /home/chongjiu/concorde_uncomplete_graph/x5/seg/mat/random86.tsp
Host: ubuntu  Current process id: 3470124
Using random seed 1735573870
Problem Name: random86
Problem Type: TSP
Number of Nodes: 86
Explicit Lengths (CC_MATRIXNORM)
Set initial upperbound to 727 (from tour)
  LP Value  1: 693.312500  (0.01 seconds)
  LP Value  2: 709.333333  (0.01 seconds)
  LP Value  3: 723.000000  (0.03 seconds)
  LP Value  4: 725.500000  (0.04 seconds)
  LP Value  5: 726.448276  (0.04 seconds)
  LP Value  6: 726.900000  (0.05 seconds)
  LP Value  7: 727.000000  (0.06 seconds)
New lower bound: 727.000000
Final lower bound 727.000000, upper bound 727.000000
Exact lower bound: 727.000000
DIFF: 0.000000
Final LP has 141 rows, 283 columns, 1661 nonzeros
Optimal Solution: 727.00
Number of bbnodes: 1
Total Running Time: 0.13 (seconds)

Standard Error:
