Standard Output:
./concorde -o /home/chongjiu/concorde_uncomplete_graph/x5/seg/solution/random60.sol /home/chongjiu/concorde_uncomplete_graph/x5/seg/mat/random60.tsp
Host: ubuntu  Current process id: 3470050
Using random seed 1735573868
Problem Name: random60
Problem Type: TSP
Number of Nodes: 60
Explicit Lengths (CC_MATRIXNORM)
Set initial upperbound to 620 (from tour)
  LP Value  1: 591.000000  (0.00 seconds)
  LP Value  2: 614.000000  (0.00 seconds)
  LP Value  3: 620.000000  (0.00 seconds)
New lower bound: 620.000000
Final lower bound 620.000000, upper bound 620.000000
Exact lower bound: 620.000000
DIFF: 0.000000
Final LP has 81 rows, 139 columns, 498 nonzeros
Optimal Solution: 620.00
Number of bbnodes: 1
Total Running Time: 0.02 (seconds)

Standard Error:
