Standard Output:
./concorde -o /home/chongjiu/concorde_uncomplete_graph/x5/seg/solution/random85.sol /home/chongjiu/concorde_uncomplete_graph/x5/seg/mat/random85.tsp
Host: ubuntu  Current process id: 3470122
Using random seed 1735573870
Problem Name: random85
Problem Type: TSP
Number of Nodes: 85
Explicit Lengths (CC_MATRIXNORM)
Set initial upperbound to 712 (from tour)
  LP Value  1: 696.500000  (0.00 seconds)
  LP Value  2: 710.583333  (0.01 seconds)
  LP Value  3: 712.000000  (0.01 seconds)
New lower bound: 712.000000
Final lower bound 712.000000, upper bound 712.000000
Exact lower bound: 712.000000
DIFF: 0.000000
Final LP has 120 rows, 247 columns, 1283 nonzeros
Optimal Solution: 712.00
Number of bbnodes: 1
Total Running Time: 0.04 (seconds)

Standard Error:
