Standard Output:
./concorde -o /home/chongjiu/concorde_uncomplete_graph/x5/seg/solution/random137.sol /home/chongjiu/concorde_uncomplete_graph/x5/seg/mat/random137.tsp
Host: ubuntu  Current process id: 3470343
Using random seed 1735573885
Problem Name: random137
Problem Type: TSP
Number of Nodes: 137
Explicit Lengths (CC_MATRIXNORM)
Set initial upperbound to 908 (from tour)
  LP Value  1: 863.000000  (0.00 seconds)
  LP Value  2: 891.250000  (0.01 seconds)
  LP Value  3: 902.375000  (0.04 seconds)
  LP Value  4: 903.794872  (0.06 seconds)
  LP Value  5: 904.000000  (0.08 seconds)
  LP Value  6: 904.840000  (0.10 seconds)
  LP Value  7: 905.000000  (0.12 seconds)
  LP Value  8: 905.133333  (0.14 seconds)
  LP Value  9: 905.322581  (0.17 seconds)
  LP Value 10: 905.347925  (0.23 seconds)
  LP Value 11: 905.485668  (0.29 seconds)
  LP Value 12: 905.508061  (0.37 seconds)
  LP Value 13: 905.538462  (0.45 seconds)
  LP Value 14: 905.556962  (0.51 seconds)
  LP Value 15: 905.557467  (0.58 seconds)
New lower bound: 905.557467
New upperbound from x-heuristic: 907.00
Final lower bound 905.557467, upper bound 907.000000
Exact lower bound: 905.557467
DIFF: 0.000000
Time for Total: 0.59 seconds (0.59 total in 1 calls)
Final LP has 219 rows, 285 columns, 2602 nonzeros
LOWER BOUND: 905.557467   ACTIVE NODES: 1

Task 0: Branching on node 0
BBnode 0 split into 1 (906.00) 2 (906.00) (0.09 seconds)
LOWER BOUND: 906.000000   ACTIVE NODES: 2

Task 1: Cutting on node 1
Writing Pool: 173 cuts
BBnode 1 (now 3) can be pruned: upperbound 907.00 (0.02 seconds)
LOWER BOUND: 906.000000   ACTIVE NODES: 1

Task 2: Cutting on node 2
Writing Pool: 178 cuts
BBnode 2 (now 4) can be pruned: upperbound 907.00 (0.03 seconds)

Task 3: Exit
Optimal Solution: 907.00
Number of bbnodes: 3
Total Running Time: 0.78 (seconds)  Branching Time: 0.14 (seconds)

Standard Error:
