Standard Output:
./concorde -o /home/chongjiu/concorde_uncomplete_graph/x5/seg/solution/random32.sol /home/chongjiu/concorde_uncomplete_graph/x5/seg/mat/random32.tsp
Host: ubuntu  Current process id: 3469973
Using random seed 1735573867
Problem Name: random32
Problem Type: TSP
Number of Nodes: 32
Explicit Lengths (CC_MATRIXNORM)
Set initial upperbound to 506 (from tour)
  LP Value  1: 488.000000  (0.00 seconds)
  LP Value  2: 505.000000  (0.00 seconds)
  LP Value  3: 506.000000  (0.00 seconds)
New lower bound: 506.000000
Final lower bound 506.000000, upper bound 506.000000
Exact lower bound: 506.000000
DIFF: 0.000000
Final LP has 41 rows, 81 columns, 207 nonzeros
Optimal Solution: 506.00
Number of bbnodes: 1
Total Running Time: 0.01 (seconds)

Standard Error:
