Standard Output:
./concorde -o /home/chongjiu/concorde_test/solution/random110.sol /home/chongjiu/concorde_test/mat/random110.tsp
Host: ubuntu  Current process id: 1988145
Using random seed 1733472858
Problem Name: random110
Problem Type: TSP
Number of Nodes: 110
Explicit Lengths (CC_MATRIXNORM)
Set initial upperbound to 797 (from tour)
  LP Value  1: 749.000000  (0.01 seconds)
  LP Value  2: 779.750000  (0.02 seconds)
  LP Value  3: 795.000000  (0.05 seconds)
  LP Value  4: 796.300000  (0.07 seconds)
  LP Value  5: 797.000000  (0.09 seconds)
New lower bound: 797.000000
Final lower bound 797.000000, upper bound 797.000000
Exact lower bound: 797.000000
DIFF: 0.000000
Final LP has 197 rows, 297 columns, 2268 nonzeros
Optimal Solution: 797.00
Number of bbnodes: 1
Total Running Time: 0.17 (seconds)

Standard Error:
