Standard Output:
./concorde -o /home/chongjiu/concorde_uncomplete_graph/x5/seg/solution/random197.sol /home/chongjiu/concorde_uncomplete_graph/x5/seg/mat/random197.tsp
Host: ubuntu  Current process id: 3470725
Using random seed 1735573916
Problem Name: random197
Problem Type: TSP
Number of Nodes: 197
Explicit Lengths (CC_MATRIXNORM)
Set initial upperbound to 1087 (from tour)
  LP Value  1: 1032.500000  (0.02 seconds)
  LP Value  2: 1076.166667  (0.07 seconds)
  LP Value  3: 1084.854277  (0.13 seconds)
  LP Value  4: 1086.000000  (0.19 seconds)
  LP Value  5: 1086.224507  (0.23 seconds)
  LP Value  6: 1086.477273  (0.27 seconds)
  LP Value  7: 1086.783557  (0.36 seconds)
  LP Value  8: 1086.833333  (0.41 seconds)
  LP Value  9: 1087.000000  (0.45 seconds)
  LP Value 10: 1087.000000  (0.45 seconds)
New lower bound: 1087.000000
Final lower bound 1087.000000, upper bound 1087.000000
Exact lower bound: 1087.000000
DIFF: 0.000000
Final LP has 341 rows, 531 columns, 3840 nonzeros
Optimal Solution: 1087.00
Number of bbnodes: 1
Total Running Time: 0.57 (seconds)

Standard Error:
