Standard Output:
./concorde -o /home/chongjiu/concorde_uncomplete_graph/x5/seg/solution/random73.sol /home/chongjiu/concorde_uncomplete_graph/x5/seg/mat/random73.tsp
Host: ubuntu  Current process id: 3470095
Using random seed 1735573868
Problem Name: random73
Problem Type: TSP
Number of Nodes: 73
Explicit Lengths (CC_MATRIXNORM)
Set initial upperbound to 727 (from tour)
  LP Value  1: 706.500000  (0.00 seconds)
  LP Value  2: 723.788889  (0.02 seconds)
  LP Value  3: 724.964539  (0.03 seconds)
  LP Value  4: 725.134454  (0.04 seconds)
  LP Value  5: 726.071429  (0.06 seconds)
  LP Value  6: 726.685412  (0.07 seconds)
  LP Value  7: 727.000000  (0.08 seconds)
recomputing rownorms ...
  LP Value  8: 727.000000  (0.08 seconds)
New lower bound: 727.000000
Final lower bound 727.000000, upper bound 727.000000
Exact lower bound: 727.000000
DIFF: 0.000000
Final LP has 132 rows, 199 columns, 1653 nonzeros
Optimal Solution: 727.00
Number of bbnodes: 1
Total Running Time: 0.10 (seconds)

Standard Error:
