Standard Output:
./concorde -o /home/chongjiu/concorde_uncomplete_graph/x5/seg/solution/random99.sol /home/chongjiu/concorde_uncomplete_graph/x5/seg/mat/random99.tsp
Host: ubuntu  Current process id: 3470154
Using random seed 1735573872
Problem Name: random99
Problem Type: TSP
Number of Nodes: 99
Explicit Lengths (CC_MATRIXNORM)
Set initial upperbound to 763 (from tour)
  LP Value  1: 726.000000  (0.01 seconds)
  LP Value  2: 754.583333  (0.02 seconds)
  LP Value  3: 760.500000  (0.03 seconds)
  LP Value  4: 762.000000  (0.04 seconds)
  LP Value  5: 762.583333  (0.05 seconds)
  LP Value  6: 763.000000  (0.06 seconds)
New lower bound: 763.000000
Final lower bound 763.000000, upper bound 763.000000
Exact lower bound: 763.000000
DIFF: 0.000000
Final LP has 162 rows, 252 columns, 1609 nonzeros
Optimal Solution: 763.00
Number of bbnodes: 1
Total Running Time: 0.10 (seconds)

Standard Error:
