Standard Output:
./concorde -o /home/chongjiu/concorde_uncomplete_graph/x5/seg/solution/random182.sol /home/chongjiu/concorde_uncomplete_graph/x5/seg/mat/random182.tsp
Host: ubuntu  Current process id: 3470603
Using random seed 1735573907
Problem Name: random182
Problem Type: TSP
Number of Nodes: 182
Explicit Lengths (CC_MATRIXNORM)
Set initial upperbound to 1031 (from tour)
  LP Value  1: 986.500000  (0.02 seconds)
  LP Value  2: 1017.171053  (0.04 seconds)
  LP Value  3: 1025.227273  (0.08 seconds)
  LP Value  4: 1030.500000  (0.11 seconds)
  LP Value  5: 1031.000000  (0.11 seconds)
New lower bound: 1031.000000
Final lower bound 1031.000000, upper bound 1031.000000
Exact lower bound: 1031.000000
DIFF: 0.000000
Final LP has 298 rows, 464 columns, 2904 nonzeros
Optimal Solution: 1031.00
Number of bbnodes: 1
Total Running Time: 0.22 (seconds)

Standard Error:
