Standard Output:
./concorde -o /home/chongjiu/concorde_uncomplete_graph/x5/seg/solution/random62.sol /home/chongjiu/concorde_uncomplete_graph/x5/seg/mat/random62.tsp
Host: ubuntu  Current process id: 3470054
Using random seed 1735573868
Problem Name: random62
Problem Type: TSP
Number of Nodes: 62
Explicit Lengths (CC_MATRIXNORM)
Set initial upperbound to 613 (from tour)
  LP Value  1: 578.500000  (0.00 seconds)
  LP Value  2: 602.500000  (0.00 seconds)
  LP Value  3: 612.000000  (0.01 seconds)
  LP Value  4: 613.000000  (0.01 seconds)
New lower bound: 613.000000
Final lower bound 613.000000, upper bound 613.000000
Exact lower bound: 613.000000
DIFF: 0.000000
Final LP has 85 rows, 175 columns, 558 nonzeros
Optimal Solution: 613.00
Number of bbnodes: 1
Total Running Time: 0.03 (seconds)

Standard Error:
