Standard Output:
./concorde -o /home/chongjiu/concorde_uncomplete_graph/x5/seg/solution/random135.sol /home/chongjiu/concorde_uncomplete_graph/x5/seg/mat/random135.tsp
Host: ubuntu  Current process id: 3470336
Using random seed 1735573884
Problem Name: random135
Problem Type: TSP
Number of Nodes: 135
Explicit Lengths (CC_MATRIXNORM)
Set initial upperbound to 880 (from tour)
  LP Value  1: 814.500000  (0.01 seconds)
  LP Value  2: 868.611111  (0.02 seconds)
  LP Value  3: 873.750000  (0.04 seconds)
  LP Value  4: 875.937500  (0.06 seconds)
  LP Value  5: 877.166667  (0.08 seconds)
  LP Value  6: 878.242424  (0.10 seconds)
  LP Value  7: 878.833333  (0.11 seconds)
  LP Value  8: 879.000000  (0.11 seconds)
recomputing rownorms ...
  LP Value  9: 879.000000  (0.11 seconds)
New lower bound: 879.000000
New upperbound from x-heuristic: 879.00
Final lower bound 879.000000, upper bound 879.000000
Exact lower bound: 879.000000
DIFF: 0.000000
Final LP has 217 rows, 396 columns, 2087 nonzeros
Optimal Solution: 879.00
Number of bbnodes: 1
Total Running Time: 0.19 (seconds)

Standard Error:
