Standard Output:
./concorde -o /home/chongjiu/concorde_uncomplete_graph/x5/seg/solution/random96.sol /home/chongjiu/concorde_uncomplete_graph/x5/seg/mat/random96.tsp
Host: ubuntu  Current process id: 3470148
Using random seed 1735573871
Problem Name: random96
Problem Type: TSP
Number of Nodes: 96
Explicit Lengths (CC_MATRIXNORM)
Set initial upperbound to 761 (from tour)
  LP Value  1: 726.500000  (0.00 seconds)
  LP Value  2: 756.363636  (0.01 seconds)
  LP Value  3: 759.000000  (0.02 seconds)
  LP Value  4: 759.500000  (0.03 seconds)
  LP Value  5: 759.772727  (0.04 seconds)
  LP Value  6: 760.000000  (0.05 seconds)
  LP Value  7: 760.000000  (0.06 seconds)
New lower bound: 760.000000
New upperbound from x-heuristic: 760.00
Final lower bound 760.000000, upper bound 760.000000
Exact lower bound: 760.000000
DIFF: 0.000000
Final LP has 176 rows, 247 columns, 1647 nonzeros
Optimal Solution: 760.00
Number of bbnodes: 1
Total Running Time: 0.11 (seconds)

Standard Error:
