Standard Output:
./concorde -o /home/chongjiu/concorde_uncomplete_graph/x5/seg/solution/random130.sol /home/chongjiu/concorde_uncomplete_graph/x5/seg/mat/random130.tsp
Host: ubuntu  Current process id: 3470295
Using random seed 1735573881
Problem Name: random130
Problem Type: TSP
Number of Nodes: 130
Explicit Lengths (CC_MATRIXNORM)
Set initial upperbound to 864 (from tour)
  LP Value  1: 831.700000  (0.02 seconds)
  LP Value  2: 854.833333  (0.04 seconds)
  LP Value  3: 859.291667  (0.07 seconds)
  LP Value  4: 860.272727  (0.09 seconds)
  LP Value  5: 861.000000  (0.13 seconds)
  LP Value  6: 861.601449  (0.20 seconds)
  LP Value  7: 862.000000  (0.22 seconds)
  LP Value  8: 862.073252  (0.32 seconds)
  LP Value  9: 862.323027  (0.42 seconds)
  LP Value 10: 862.500000  (0.54 seconds)
  LP Value 11: 862.833333  (0.61 seconds)
  LP Value 12: 862.975460  (0.68 seconds)
  LP Value 13: 863.134232  (0.76 seconds)
  LP Value 14: 863.279826  (0.86 seconds)
  LP Value 15: 863.333333  (0.93 seconds)
  LP Value 16: 863.337249  (1.01 seconds)
New lower bound: 863.266762
Final lower bound 863.266762, upper bound 864.000000
Exact lower bound: 863.266762
DIFF: 0.000000
Final LP has 227 rows, 354 columns, 3697 nonzeros
Optimal Solution: 864.00
Number of bbnodes: 1
Total Running Time: 1.10 (seconds)

Standard Error:
