Standard Output:
./concorde -o /home/chongjiu/concorde_uncomplete_graph/x5/seg/solution/random170.sol /home/chongjiu/concorde_uncomplete_graph/x5/seg/mat/random170.tsp
Host: ubuntu  Current process id: 3470539
Using random seed 1735573901
Problem Name: random170
Problem Type: TSP
Number of Nodes: 170
Explicit Lengths (CC_MATRIXNORM)
Set initial upperbound to 972 (from tour)
  LP Value  1: 940.500000  (0.01 seconds)
  LP Value  2: 960.416667  (0.02 seconds)
  LP Value  3: 963.009524  (0.05 seconds)
  LP Value  4: 964.750000  (0.08 seconds)
  LP Value  5: 965.845930  (0.12 seconds)
  LP Value  6: 966.066667  (0.18 seconds)
  LP Value  7: 966.328250  (0.20 seconds)
  LP Value  8: 966.500000  (0.22 seconds)
  LP Value  9: 967.000000  (0.24 seconds)
  LP Value 10: 967.000000  (0.28 seconds)
New lower bound: 967.000000
New upperbound from x-heuristic: 968.00
Final lower bound 967.000000, upper bound 968.000000
Exact lower bound: 967.000000
DIFF: 0.000000
Time for Total: 0.30 seconds (0.30 total in 1 calls)
Final LP has 316 rows, 319 columns, 5051 nonzeros
LOWER BOUND: 967.000000   ACTIVE NODES: 1

Task 0: Branching on node 0
BBnode 0 split into 1 (970.00X) 2 (967.00) (0.01 seconds)
Child 0 is pruned
LOWER BOUND: 967.000000   ACTIVE NODES: 1

Task 1: Cutting on node 2
Writing Pool: 180 cuts
BBnode 2 (now 3) can be pruned: upperbound 968.00 (0.03 seconds)

Task 2: Exit
Optimal Solution: 968.00
Number of bbnodes: 3
Total Running Time: 0.42 (seconds)  Branching Time: 0.04 (seconds)

Standard Error:
