Standard Output:
./concorde -o /home/chongjiu/concorde_uncomplete_graph/x5/seg/solution/random166.sol /home/chongjiu/concorde_uncomplete_graph/x5/seg/mat/random166.tsp
Host: ubuntu  Current process id: 3470518
Using random seed 1735573899
Problem Name: random166
Problem Type: TSP
Number of Nodes: 166
Explicit Lengths (CC_MATRIXNORM)
Set initial upperbound to 998 (from tour)
  LP Value  1: 944.666667  (0.01 seconds)
  LP Value  2: 985.500000  (0.02 seconds)
  LP Value  3: 993.000000  (0.04 seconds)
  LP Value  4: 994.500000  (0.07 seconds)
  LP Value  5: 995.458128  (0.10 seconds)
  LP Value  6: 996.000000  (0.13 seconds)
  LP Value  7: 997.040000  (0.17 seconds)
  LP Value  8: 997.338943  (0.22 seconds)
  LP Value  9: 997.673474  (0.27 seconds)
  LP Value 10: 997.916031  (0.36 seconds)
  LP Value 11: 998.000000  (0.37 seconds)
New lower bound: 998.000000
Final lower bound 998.000000, upper bound 998.000000
Exact lower bound: 998.000000
DIFF: 0.000000
Final LP has 314 rows, 451 columns, 5237 nonzeros
Optimal Solution: 998.00
Number of bbnodes: 1
Total Running Time: 0.46 (seconds)

Standard Error:
