Standard Output:
./concorde -o /home/chongjiu/concorde_uncomplete_graph/x5/seg/solution/random34.sol /home/chongjiu/concorde_uncomplete_graph/x5/seg/mat/random34.tsp
Host: ubuntu  Current process id: 3469977
Using random seed 1735573867
Problem Name: random34
Problem Type: TSP
Number of Nodes: 34
Explicit Lengths (CC_MATRIXNORM)
Set initial upperbound to 474 (from tour)
  LP Value  1: 422.000000  (0.00 seconds)
  LP Value  2: 474.000000  (0.00 seconds)
New lower bound: 474.000000
Final lower bound 474.000000, upper bound 474.000000
Exact lower bound: 474.000000
DIFF: 0.000000
Final LP has 42 rows, 92 columns, 247 nonzeros
Optimal Solution: 474.00
Number of bbnodes: 1
Total Running Time: 0.01 (seconds)

Standard Error:
