Standard Output:
./concorde -o /home/chongjiu/concorde_uncomplete_graph/x5/seg/solution/random152.sol /home/chongjiu/concorde_uncomplete_graph/x5/seg/mat/random152.tsp
Host: ubuntu  Current process id: 3470412
Using random seed 1735573892
Problem Name: random152
Problem Type: TSP
Number of Nodes: 152
Explicit Lengths (CC_MATRIXNORM)
Set initial upperbound to 969 (from tour)
  LP Value  1: 938.000000  (0.01 seconds)
  LP Value  2: 952.818182  (0.02 seconds)
  LP Value  3: 962.833333  (0.02 seconds)
  LP Value  4: 964.833333  (0.04 seconds)
  LP Value  5: 966.000000  (0.06 seconds)
  LP Value  6: 966.060606  (0.08 seconds)
  LP Value  7: 966.333333  (0.12 seconds)
  LP Value  8: 966.700000  (0.16 seconds)
  LP Value  9: 967.000000  (0.18 seconds)
  LP Value 10: 967.103448  (0.21 seconds)
  LP Value 11: 967.714286  (0.23 seconds)
  LP Value 12: 967.958333  (0.24 seconds)
  LP Value 13: 968.232558  (0.26 seconds)
  LP Value 14: 968.421053  (0.28 seconds)
  LP Value 15: 968.500000  (0.46 seconds)
  LP Value 16: 968.533333  (0.55 seconds)
  LP Value 17: 968.666667  (0.62 seconds)
recomputing rownorms ...
  LP Value 18: 968.666667  (0.64 seconds)
New lower bound: 968.666667
Final lower bound 968.666667, upper bound 969.000000
Exact lower bound: 968.666667
DIFF: 0.000000
Final LP has 223 rows, 382 columns, 2100 nonzeros
Optimal Solution: 969.00
Number of bbnodes: 1
Total Running Time: 0.72 (seconds)

Standard Error:
