Standard Output:
./concorde -o /home/chongjiu/concorde_test/solution/random121.sol /home/chongjiu/concorde_test/mat/random121.tsp
Host: ubuntu  Current process id: 1988379
Using random seed 1733472864
Problem Name: random121
Problem Type: TSP
Number of Nodes: 121
Explicit Lengths (CC_MATRIXNORM)
Set initial upperbound to 845 (from tour)
  LP Value  1: 815.500000  (0.01 seconds)
  LP Value  2: 844.250000  (0.04 seconds)
  LP Value  3: 845.000000  (0.04 seconds)
New lower bound: 845.000000
Final lower bound 845.000000, upper bound 845.000000
Exact lower bound: 845.000000
DIFF: 0.000000
Final LP has 178 rows, 282 columns, 1891 nonzeros
Optimal Solution: 845.00
Number of bbnodes: 1
Total Running Time: 0.12 (seconds)

Standard Error:
