Standard Output:
./concorde -o /home/chongjiu/concorde_uncomplete_graph/x5/seg/solution/random134.sol /home/chongjiu/concorde_uncomplete_graph/x5/seg/mat/random134.tsp
Host: ubuntu  Current process id: 3470334
Using random seed 1735573884
Problem Name: random134
Problem Type: TSP
Number of Nodes: 134
Explicit Lengths (CC_MATRIXNORM)
Set initial upperbound to 880 (from tour)
  LP Value  1: 856.500000  (0.01 seconds)
  LP Value  2: 870.818182  (0.02 seconds)
  LP Value  3: 877.000000  (0.04 seconds)
  LP Value  4: 879.000000  (0.08 seconds)
  LP Value  5: 879.000000  (0.08 seconds)
New lower bound: 879.000000
New upperbound from x-heuristic: 879.00
Final lower bound 879.000000, upper bound 879.000000
Exact lower bound: 879.000000
DIFF: 0.000000
Final LP has 234 rows, 318 columns, 1998 nonzeros
Optimal Solution: 879.00
Number of bbnodes: 1
Total Running Time: 0.16 (seconds)

Standard Error:
