Standard Output:
./concorde -o /home/chongjiu/concorde_test/solution/random103.sol /home/chongjiu/concorde_test/mat/random103.tsp
Host: ubuntu  Current process id: 1988047
Using random seed 1733472856
Problem Name: random103
Problem Type: TSP
Number of Nodes: 103
Explicit Lengths (CC_MATRIXNORM)
Set initial upperbound to 784 (from tour)
  LP Value  1: 723.500000  (0.01 seconds)
  LP Value  2: 772.382812  (0.02 seconds)
  LP Value  3: 778.900000  (0.04 seconds)
  LP Value  4: 780.821429  (0.07 seconds)
  LP Value  5: 781.150000  (0.08 seconds)
  LP Value  6: 781.710526  (0.10 seconds)
  LP Value  7: 782.000000  (0.11 seconds)
recomputing rownorms ...
  LP Value  8: 782.000000  (0.11 seconds)
New lower bound: 782.000000
New upperbound from x-heuristic: 782.00
Final lower bound 782.000000, upper bound 782.000000
Exact lower bound: 782.000000
DIFF: 0.000000
Final LP has 181 rows, 293 columns, 2056 nonzeros
Optimal Solution: 782.00
Number of bbnodes: 1
Total Running Time: 0.20 (seconds)

Standard Error:
