Standard Output:
./concorde -o /home/chongjiu/concorde_uncomplete_graph/x5/seg/solution/random141.sol /home/chongjiu/concorde_uncomplete_graph/x5/seg/mat/random141.tsp
Host: ubuntu  Current process id: 3470367
Using random seed 1735573887
Problem Name: random141
Problem Type: TSP
Number of Nodes: 141
Explicit Lengths (CC_MATRIXNORM)
Set initial upperbound to 927 (from tour)
  LP Value  1: 898.000000  (0.01 seconds)
  LP Value  2: 923.000000  (0.02 seconds)
  LP Value  3: 925.545455  (0.05 seconds)
  LP Value  4: 927.000000  (0.06 seconds)
New lower bound: 927.000000
Final lower bound 927.000000, upper bound 927.000000
Exact lower bound: 927.000000
DIFF: 0.000000
Final LP has 215 rows, 353 columns, 2765 nonzeros
Optimal Solution: 927.00
Number of bbnodes: 1
Total Running Time: 0.13 (seconds)

Standard Error:
