Standard Output:
./concorde -o /home/chongjiu/concorde_uncomplete_graph/x5/seg/solution/random187.sol /home/chongjiu/concorde_uncomplete_graph/x5/seg/mat/random187.tsp
Host: ubuntu  Current process id: 3470644
Using random seed 1735573910
Problem Name: random187
Problem Type: TSP
Number of Nodes: 187
Explicit Lengths (CC_MATRIXNORM)
Set initial upperbound to 1024 (from tour)
  LP Value  1: 982.500000  (0.01 seconds)
  LP Value  2: 1016.000000  (0.04 seconds)
  LP Value  3: 1021.500000  (0.06 seconds)
  LP Value  4: 1022.000000  (0.11 seconds)
  LP Value  5: 1022.421875  (0.15 seconds)
  LP Value  6: 1022.500000  (0.18 seconds)
  LP Value  7: 1022.852273  (0.21 seconds)
  LP Value  8: 1023.000000  (0.24 seconds)
recomputing rownorms ...
  LP Value  9: 1023.000000  (0.24 seconds)
New lower bound: 1023.000000
New upperbound from x-heuristic: 1023.00
Final lower bound 1023.000000, upper bound 1023.000000
Exact lower bound: 1023.000000
DIFF: 0.000000
Final LP has 267 rows, 536 columns, 2276 nonzeros
Optimal Solution: 1023.00
Number of bbnodes: 1
Total Running Time: 0.36 (seconds)

Standard Error:
