Standard Output:
./concorde -o /home/chongjiu/concorde_uncomplete_graph/x5/seg/solution/random155.sol /home/chongjiu/concorde_uncomplete_graph/x5/seg/mat/random155.tsp
Host: ubuntu  Current process id: 3470446
Using random seed 1735573893
Problem Name: random155
Problem Type: TSP
Number of Nodes: 155
Explicit Lengths (CC_MATRIXNORM)
Set initial upperbound to 968 (from tour)
  LP Value  1: 937.000000  (0.01 seconds)
  LP Value  2: 961.000000  (0.02 seconds)
  LP Value  3: 966.968750  (0.04 seconds)
  LP Value  4: 968.000000  (0.05 seconds)
recomputing rownorms ...
  LP Value  5: 968.000000  (0.05 seconds)
New lower bound: 968.000000
Final lower bound 968.000000, upper bound 968.000000
Exact lower bound: 968.000000
DIFF: 0.000000
Final LP has 227 rows, 381 columns, 1647 nonzeros
Optimal Solution: 968.00
Number of bbnodes: 1
Total Running Time: 0.13 (seconds)

Standard Error:
