Standard Output:
./concorde -o /home/chongjiu/concorde_uncomplete_graph/x5/seg/solution/random37.sol /home/chongjiu/concorde_uncomplete_graph/x5/seg/mat/random37.tsp
Host: ubuntu  Current process id: 3469983
Using random seed 1735573867
Problem Name: random37
Problem Type: TSP
Number of Nodes: 37
Explicit Lengths (CC_MATRIXNORM)
Set initial upperbound to 527 (from tour)
  LP Value  1: 500.000000  (0.00 seconds)
  LP Value  2: 519.500000  (0.00 seconds)
  LP Value  3: 525.500000  (0.01 seconds)
  LP Value  4: 527.000000  (0.01 seconds)
New lower bound: 527.000000
Final lower bound 527.000000, upper bound 527.000000
Exact lower bound: 527.000000
DIFF: 0.000000
Final LP has 65 rows, 110 columns, 734 nonzeros
Optimal Solution: 527.00
Number of bbnodes: 1
Total Running Time: 0.02 (seconds)

Standard Error:
