Standard Output:
./concorde -o /home/chongjiu/concorde_uncomplete_graph/x5/seg/solution/random136.sol /home/chongjiu/concorde_uncomplete_graph/x5/seg/mat/random136.tsp
Host: ubuntu  Current process id: 3470341
Using random seed 1735573884
Problem Name: random136
Problem Type: TSP
Number of Nodes: 136
Explicit Lengths (CC_MATRIXNORM)
Set initial upperbound to 933 (from tour)
  LP Value  1: 912.000000  (0.00 seconds)
  LP Value  2: 926.250000  (0.01 seconds)
  LP Value  3: 929.294872  (0.03 seconds)
  LP Value  4: 930.750000  (0.06 seconds)
  LP Value  5: 932.005369  (0.09 seconds)
  LP Value  6: 933.000000  (0.12 seconds)
recomputing rownorms ...
  LP Value  7: 933.000000  (0.12 seconds)
New lower bound: 933.000000
Final lower bound 933.000000, upper bound 933.000000
Exact lower bound: 933.000000
DIFF: 0.000000
Final LP has 246 rows, 354 columns, 3462 nonzeros
Optimal Solution: 933.00
Number of bbnodes: 1
Total Running Time: 0.18 (seconds)

Standard Error:
