Standard Output:
./concorde -o /home/chongjiu/concorde_uncomplete_graph/x5/seg/solution/random59.sol /home/chongjiu/concorde_uncomplete_graph/x5/seg/mat/random59.tsp
Host: ubuntu  Current process id: 3470048
Using random seed 1735573868
Problem Name: random59
Problem Type: TSP
Number of Nodes: 59
Explicit Lengths (CC_MATRIXNORM)
Set initial upperbound to 601 (from tour)
  LP Value  1: 557.500000  (0.00 seconds)
  LP Value  2: 596.500000  (0.01 seconds)
  LP Value  3: 600.250000  (0.01 seconds)
  LP Value  4: 601.000000  (0.01 seconds)
New lower bound: 601.000000
Final lower bound 601.000000, upper bound 601.000000
Exact lower bound: 601.000000
DIFF: 0.000000
Final LP has 85 rows, 166 columns, 706 nonzeros
Optimal Solution: 601.00
Number of bbnodes: 1
Total Running Time: 0.04 (seconds)

Standard Error:
