Standard Output:
./concorde -o /home/chongjiu/concorde_uncomplete_graph/x5/seg/solution/random194.sol /home/chongjiu/concorde_uncomplete_graph/x5/seg/mat/random194.tsp
Host: ubuntu  Current process id: 3470707
Using random seed 1735573915
Problem Name: random194
Problem Type: TSP
Number of Nodes: 194
Explicit Lengths (CC_MATRIXNORM)
Set initial upperbound to 1050 (from tour)
  LP Value  1: 1016.250000  (0.01 seconds)
  LP Value  2: 1044.062500  (0.03 seconds)
  LP Value  3: 1048.500000  (0.07 seconds)
  LP Value  4: 1049.833333  (0.11 seconds)
  LP Value  5: 1050.000000  (0.13 seconds)
New lower bound: 1050.000000
Final lower bound 1050.000000, upper bound 1050.000000
Exact lower bound: 1050.000000
DIFF: 0.000000
Final LP has 296 rows, 464 columns, 2762 nonzeros
Optimal Solution: 1050.00
Number of bbnodes: 1
Total Running Time: 0.24 (seconds)

Standard Error:
