Standard Output:
./concorde -o /home/chongjiu/concorde_uncomplete_graph/x5/seg/solution/random74.sol /home/chongjiu/concorde_uncomplete_graph/x5/seg/mat/random74.tsp
Host: ubuntu  Current process id: 3470097
Using random seed 1735573869
Problem Name: random74
Problem Type: TSP
Number of Nodes: 74
Explicit Lengths (CC_MATRIXNORM)
Set initial upperbound to 684 (from tour)
  LP Value  1: 663.000000  (0.00 seconds)
  LP Value  2: 683.500000  (0.00 seconds)
  LP Value  3: 684.000000  (0.00 seconds)
New lower bound: 684.000000
Final lower bound 684.000000, upper bound 684.000000
Exact lower bound: 684.000000
DIFF: 0.000000
Final LP has 88 rows, 249 columns, 639 nonzeros
Optimal Solution: 684.00
Number of bbnodes: 1
Total Running Time: 0.03 (seconds)

Standard Error:
