Standard Output:
./concorde -o /home/chongjiu/concorde_uncomplete_graph/x5/seg/solution/random36.sol /home/chongjiu/concorde_uncomplete_graph/x5/seg/mat/random36.tsp
Host: ubuntu  Current process id: 3469981
Using random seed 1735573867
Problem Name: random36
Problem Type: TSP
Number of Nodes: 36
Explicit Lengths (CC_MATRIXNORM)
Set initial upperbound to 495 (from tour)
  LP Value  1: 462.000000  (0.00 seconds)
  LP Value  2: 469.000000  (0.00 seconds)
  LP Value  3: 490.000000  (0.00 seconds)
  LP Value  4: 492.500000  (0.00 seconds)
  LP Value  5: 493.500000  (0.01 seconds)
  LP Value  6: 495.000000  (0.01 seconds)
New lower bound: 495.000000
Final lower bound 495.000000, upper bound 495.000000
Exact lower bound: 495.000000
DIFF: 0.000000
Final LP has 72 rows, 94 columns, 781 nonzeros
Optimal Solution: 495.00
Number of bbnodes: 1
Total Running Time: 0.03 (seconds)

Standard Error:
