Standard Output:
./concorde -o /home/chongjiu/concorde_uncomplete_graph/x5/seg/solution/random118.sol /home/chongjiu/concorde_uncomplete_graph/x5/seg/mat/random118.tsp
Host: ubuntu  Current process id: 3470227
Using random seed 1735573877
Problem Name: random118
Problem Type: TSP
Number of Nodes: 118
Explicit Lengths (CC_MATRIXNORM)
Set initial upperbound to 828 (from tour)
  LP Value  1: 769.750000  (0.01 seconds)
  LP Value  2: 820.125000  (0.02 seconds)
  LP Value  3: 823.000000  (0.06 seconds)
  LP Value  4: 824.000000  (0.08 seconds)
  LP Value  5: 824.512270  (0.11 seconds)
  LP Value  6: 825.000000  (0.13 seconds)
  LP Value  7: 825.447205  (0.16 seconds)
  LP Value  8: 825.871429  (0.18 seconds)
  LP Value  9: 826.000000  (0.21 seconds)
  LP Value 10: 826.000000  (0.22 seconds)
New lower bound: 826.000000
New upperbound from x-heuristic: 826.00
Final lower bound 826.000000, upper bound 826.000000
Exact lower bound: 826.000000
DIFF: 0.000000
Final LP has 284 rows, 369 columns, 6161 nonzeros
Optimal Solution: 826.00
Number of bbnodes: 1
Total Running Time: 0.27 (seconds)

Standard Error:
