Standard Output:
./concorde -o /home/chongjiu/concorde_uncomplete_graph/x5/seg/solution/random154.sol /home/chongjiu/concorde_uncomplete_graph/x5/seg/mat/random154.tsp
Host: ubuntu  Current process id: 3470435
Using random seed 1735573893
Problem Name: random154
Problem Type: TSP
Number of Nodes: 154
Explicit Lengths (CC_MATRIXNORM)
Set initial upperbound to 969 (from tour)
  LP Value  1: 937.500000  (0.01 seconds)
  LP Value  2: 965.500000  (0.02 seconds)
  LP Value  3: 968.933333  (0.03 seconds)
  LP Value  4: 969.000000  (0.04 seconds)
New lower bound: 969.000000
Final lower bound 969.000000, upper bound 969.000000
Exact lower bound: 969.000000
DIFF: 0.000000
Final LP has 209 rows, 407 columns, 1524 nonzeros
Optimal Solution: 969.00
Number of bbnodes: 1
Total Running Time: 0.11 (seconds)

Standard Error:
