Standard Output:
./concorde -o /home/chongjiu/concorde_uncomplete_graph/x5/seg/solution/random183.sol /home/chongjiu/concorde_uncomplete_graph/x5/seg/mat/random183.tsp
Host: ubuntu  Current process id: 3470617
Using random seed 1735573907
Problem Name: random183
Problem Type: TSP
Number of Nodes: 183
Explicit Lengths (CC_MATRIXNORM)
Set initial upperbound to 1019 (from tour)
  LP Value  1: 988.500000  (0.01 seconds)
  LP Value  2: 1004.163095  (0.04 seconds)
  LP Value  3: 1009.266667  (0.08 seconds)
  LP Value  4: 1014.030769  (0.11 seconds)
  LP Value  5: 1014.494048  (0.15 seconds)
  LP Value  6: 1015.000000  (0.18 seconds)
  LP Value  7: 1015.820988  (0.22 seconds)
  LP Value  8: 1016.244508  (0.33 seconds)
  LP Value  9: 1017.000892  (0.38 seconds)
  LP Value 10: 1017.300000  (0.52 seconds)
  LP Value 11: 1017.625000  (0.73 seconds)
  LP Value 12: 1017.697982  (0.87 seconds)
  LP Value 13: 1017.718750  (0.98 seconds)
New lower bound: 1017.718750
Final lower bound 1017.718750, upper bound 1019.000000
Exact lower bound: 1017.718750
DIFF: 0.000000
Time for Total: 1.00 seconds (1.00 total in 1 calls)
Final LP has 307 rows, 382 columns, 5238 nonzeros
LOWER BOUND: 1017.718750   ACTIVE NODES: 1

Task 0: Branching on node 0
BBnode 0 split into 1 (1018.25X) 2 (1018.00) (0.14 seconds)
Child 0 is pruned
LOWER BOUND: 1018.000000   ACTIVE NODES: 1

Task 1: Cutting on node 2
Writing Pool: 296 cuts
BBnode 2 (now 3) can be pruned: upperbound 1019.00 (0.02 seconds)

Task 2: Exit
Optimal Solution: 1019.00
Number of bbnodes: 3
Total Running Time: 1.25 (seconds)  Branching Time: 0.16 (seconds)

Standard Error:
