Standard Output:
./concorde -o /home/chongjiu/concorde_uncomplete_graph/x5/seg/solution/random171.sol /home/chongjiu/concorde_uncomplete_graph/x5/seg/mat/random171.tsp
Host: ubuntu  Current process id: 3470544
Using random seed 1735573902
Problem Name: random171
Problem Type: TSP
Number of Nodes: 171
Explicit Lengths (CC_MATRIXNORM)
Set initial upperbound to 954 (from tour)
  LP Value  1: 918.500000  (0.02 seconds)
  LP Value  2: 952.150000  (0.04 seconds)
  LP Value  3: 953.800000  (0.06 seconds)
  LP Value  4: 954.000000  (0.08 seconds)
  LP Value  5: 954.000000  (0.08 seconds)
New lower bound: 954.000000
Final lower bound 954.000000, upper bound 954.000000
Exact lower bound: 954.000000
DIFF: 0.000000
Final LP has 280 rows, 439 columns, 2554 nonzeros
Optimal Solution: 954.00
Number of bbnodes: 1
Total Running Time: 0.18 (seconds)

Standard Error:
