Standard Output:
./concorde -o /home/chongjiu/concorde_uncomplete_graph/x5/nei/solution/random170.sol /home/chongjiu/concorde_uncomplete_graph/x5/nei/mat/random170.tsp
Host: ubuntu  Current process id: 3471486
Using random seed 1735573965
Problem Name: random170
Problem Type: TSP
Number of Nodes: 170
Explicit Lengths (CC_MATRIXNORM)
Set initial upperbound to 973 (from tour)
  LP Value  1: 946.333333  (0.01 seconds)
  LP Value  2: 959.234848  (0.03 seconds)
  LP Value  3: 964.000000  (0.07 seconds)
  LP Value  4: 965.875000  (0.11 seconds)
  LP Value  5: 966.351015  (0.15 seconds)
  LP Value  6: 966.666667  (0.19 seconds)
  LP Value  7: 967.000000  (0.25 seconds)
  LP Value  8: 967.333333  (0.28 seconds)
  LP Value  9: 967.422222  (0.42 seconds)
  LP Value 10: 967.447619  (0.52 seconds)
New lower bound: 967.447619
New upperbound from x-heuristic: 968.00
Final lower bound 967.447619, upper bound 968.000000
Exact lower bound: 967.447619
DIFF: 0.000000
Final LP has 263 rows, 465 columns, 3724 nonzeros
Optimal Solution: 968.00
Number of bbnodes: 1
Total Running Time: 0.62 (seconds)

Standard Error:
