Standard Output:
./concorde -o /home/chongjiu/concorde_uncomplete_graph/x5/nei/solution/random140.sol /home/chongjiu/concorde_uncomplete_graph/x5/nei/mat/random140.tsp
Host: ubuntu  Current process id: 3471298
Using random seed 1735573952
Problem Name: random140
Problem Type: TSP
Number of Nodes: 140
Explicit Lengths (CC_MATRIXNORM)
Set initial upperbound to 889 (from tour)
  LP Value  1: 851.500000  (0.01 seconds)
  LP Value  2: 882.444444  (0.04 seconds)
  LP Value  3: 886.033333  (0.08 seconds)
  LP Value  4: 887.482732  (0.13 seconds)
  LP Value  5: 887.778351  (0.17 seconds)
  LP Value  6: 888.500000  (0.20 seconds)
  LP Value  7: 888.743636  (0.23 seconds)
  LP Value  8: 889.000000  (0.24 seconds)
New lower bound: 889.000000
Final lower bound 889.000000, upper bound 889.000000
Exact lower bound: 889.000000
DIFF: 0.000000
Final LP has 227 rows, 448 columns, 3758 nonzeros
Optimal Solution: 889.00
Number of bbnodes: 1
Total Running Time: 0.32 (seconds)

Standard Error:
