Standard Output:
./concorde -o /home/chongjiu/concorde_uncomplete_graph/x5/nei/solution/random183.sol /home/chongjiu/concorde_uncomplete_graph/x5/nei/mat/random183.tsp
Host: ubuntu  Current process id: 3471558
Using random seed 1735573971
Problem Name: random183
Problem Type: TSP
Number of Nodes: 183
Explicit Lengths (CC_MATRIXNORM)
Set initial upperbound to 1019 (from tour)
  LP Value  1: 989.000000  (0.01 seconds)
  LP Value  2: 1003.187500  (0.05 seconds)
  LP Value  3: 1009.454545  (0.08 seconds)
  LP Value  4: 1014.089027  (0.14 seconds)
  LP Value  5: 1015.250000  (0.20 seconds)
  LP Value  6: 1016.110592  (0.28 seconds)
  LP Value  7: 1016.600000  (0.32 seconds)
  LP Value  8: 1017.090909  (0.37 seconds)
  LP Value  9: 1017.545455  (0.44 seconds)
  LP Value 10: 1017.619377  (0.57 seconds)
  LP Value 11: 1017.616314  (0.69 seconds)
New lower bound: 1017.616314
Final lower bound 1017.616314, upper bound 1019.000000
Exact lower bound: 1017.616314
DIFF: 0.000000
Time for Total: 0.71 seconds (0.71 total in 1 calls)
Final LP has 287 rows, 385 columns, 4706 nonzeros
LOWER BOUND: 1017.616314   ACTIVE NODES: 1

Task 0: Branching on node 0
BBnode 0 split into 1 (1018.23X) 2 (1018.00) (0.12 seconds)
Child 0 is pruned
LOWER BOUND: 1018.000000   ACTIVE NODES: 1

Task 1: Cutting on node 2
Writing Pool: 230 cuts
BBnode 2 (now 3) can be pruned: upperbound 1019.00 (0.03 seconds)

Task 2: Exit
Optimal Solution: 1019.00
Number of bbnodes: 3
Total Running Time: 0.94 (seconds)  Branching Time: 0.15 (seconds)

Standard Error:
