Standard Output:
./concorde -o /home/chongjiu/concorde_uncomplete_graph/x5/nei/solution/random118.sol /home/chongjiu/concorde_uncomplete_graph/x5/nei/mat/random118.tsp
Host: ubuntu  Current process id: 3471183
Using random seed 1735573940
Problem Name: random118
Problem Type: TSP
Number of Nodes: 118
Explicit Lengths (CC_MATRIXNORM)
Set initial upperbound to 826 (from tour)
  LP Value  1: 772.500000  (0.00 seconds)
  LP Value  2: 812.250000  (0.01 seconds)
  LP Value  3: 818.546875  (0.03 seconds)
  LP Value  4: 822.750000  (0.05 seconds)
  LP Value  5: 824.914286  (0.08 seconds)
  LP Value  6: 825.333333  (0.10 seconds)
  LP Value  7: 825.466667  (0.12 seconds)
  LP Value  8: 826.000000  (0.14 seconds)
New lower bound: 825.924242
Final lower bound 825.924242, upper bound 826.000000
Exact lower bound: 825.924242
DIFF: 0.000000
Final LP has 208 rows, 373 columns, 5807 nonzeros
Optimal Solution: 826.00
Number of bbnodes: 1
Total Running Time: 0.19 (seconds)

Standard Error:
