Standard Output:
./concorde -o /home/chongjiu/concorde_uncomplete_graph/x5/nei/solution/random76.sol /home/chongjiu/concorde_uncomplete_graph/x5/nei/mat/random76.tsp
Host: ubuntu  Current process id: 3471021
Using random seed 1735573931
Problem Name: random76
Problem Type: TSP
Number of Nodes: 76
Explicit Lengths (CC_MATRIXNORM)
Set initial upperbound to 663 (from tour)
  LP Value  1: 602.000000  (0.00 seconds)
  LP Value  2: 645.687500  (0.01 seconds)
  LP Value  3: 659.900000  (0.02 seconds)
  LP Value  4: 660.666667  (0.03 seconds)
  LP Value  5: 661.700000  (0.04 seconds)
  LP Value  6: 663.000000  (0.05 seconds)
New lower bound: 662.909091
Final lower bound 662.909091, upper bound 663.000000
Exact lower bound: 662.909091
DIFF: 0.000000
Final LP has 131 rows, 228 columns, 2912 nonzeros
Optimal Solution: 663.00
Number of bbnodes: 1
Total Running Time: 0.10 (seconds)

Standard Error:
