Standard Output:
./concorde -o /home/chongjiu/concorde_uncomplete_graph/x5/nei/solution/random194.sol /home/chongjiu/concorde_uncomplete_graph/x5/nei/mat/random194.tsp
Host: ubuntu  Current process id: 3471626
Using random seed 1735573977
Problem Name: random194
Problem Type: TSP
Number of Nodes: 194
Explicit Lengths (CC_MATRIXNORM)
Set initial upperbound to 1050 (from tour)
  LP Value  1: 1016.500000  (0.01 seconds)
  LP Value  2: 1046.833333  (0.04 seconds)
  LP Value  3: 1050.000000  (0.08 seconds)
New lower bound: 1050.000000
Final lower bound 1050.000000, upper bound 1050.000000
Exact lower bound: 1050.000000
DIFF: 0.000000
Final LP has 304 rows, 434 columns, 4198 nonzeros
Optimal Solution: 1050.00
Number of bbnodes: 1
Total Running Time: 0.19 (seconds)

Standard Error:
