Standard Output:
./concorde -o /home/chongjiu/concorde_test/solution/random167.sol /home/chongjiu/concorde_test/mat/random167.tsp
Host: ubuntu  Current process id: 1983851
Using random seed 1733472743
Problem Name: random167
Problem Type: TSP
Number of Nodes: 167
Explicit Lengths (CC_MATRIXNORM)
Set initial upperbound to 964 (from tour)
  LP Value  1: 922.500000  (0.01 seconds)
  LP Value  2: 960.416667  (0.03 seconds)
  LP Value  3: 962.500000  (0.04 seconds)
  LP Value  4: 963.166667  (0.05 seconds)
  LP Value  5: 963.333333  (0.08 seconds)
  LP Value  6: 963.555556  (0.10 seconds)
  LP Value  7: 963.619565  (0.19 seconds)
  LP Value  8: 963.917688  (0.25 seconds)
  LP Value  9: 964.000000  (0.27 seconds)
recomputing rownorms ...
  LP Value 10: 964.000000  (0.27 seconds)
New lower bound: 964.000000
Final lower bound 964.000000, upper bound 964.000000
Exact lower bound: 964.000000
DIFF: 0.000000
Final LP has 251 rows, 428 columns, 2636 nonzeros
Optimal Solution: 964.00
Number of bbnodes: 1
Total Running Time: 0.36 (seconds)

Standard Error:
