Standard Output:
./concorde -o /home/chongjiu/concorde_test/solution/random141.sol /home/chongjiu/concorde_test/mat/random141.tsp
Host: ubuntu  Current process id: 1983250
Using random seed 1733472729
Problem Name: random141
Problem Type: TSP
Number of Nodes: 141
Explicit Lengths (CC_MATRIXNORM)
Set initial upperbound to 927 (from tour)
  LP Value  1: 880.000000  (0.01 seconds)
  LP Value  2: 923.300000  (0.05 seconds)
  LP Value  3: 924.750000  (0.08 seconds)
  LP Value  4: 925.853333  (0.11 seconds)
  LP Value  5: 926.625000  (0.14 seconds)
  LP Value  6: 926.960000  (0.17 seconds)
  LP Value  7: 927.000000  (0.17 seconds)
New lower bound: 927.000000
Final lower bound 927.000000, upper bound 927.000000
Exact lower bound: 927.000000
DIFF: 0.000000
Final LP has 217 rows, 358 columns, 2354 nonzeros
Optimal Solution: 927.00
Number of bbnodes: 1
Total Running Time: 0.25 (seconds)

Standard Error:
