Standard Output:
./concorde -o /home/chongjiu/concorde_uncomplete_graph/x5/nei/solution/random176.sol /home/chongjiu/concorde_uncomplete_graph/x5/nei/mat/random176.tsp
Host: ubuntu  Current process id: 3471540
Using random seed 1735573968
Problem Name: random176
Problem Type: TSP
Number of Nodes: 176
Explicit Lengths (CC_MATRIXNORM)
Set initial upperbound to 1029 (from tour)
  LP Value  1: 989.000000  (0.01 seconds)
  LP Value  2: 1019.544118  (0.04 seconds)
  LP Value  3: 1024.375000  (0.08 seconds)
  LP Value  4: 1024.541176  (0.11 seconds)
  LP Value  5: 1025.250000  (0.14 seconds)
  LP Value  6: 1026.000000  (0.17 seconds)
  LP Value  7: 1026.000000  (0.20 seconds)
New lower bound: 1026.000000
New upperbound from x-heuristic: 1026.00
Final lower bound 1026.000000, upper bound 1026.000000
Exact lower bound: 1026.000000
DIFF: 0.000000
Final LP has 269 rows, 474 columns, 2386 nonzeros
Optimal Solution: 1026.00
Number of bbnodes: 1
Total Running Time: 0.31 (seconds)

Standard Error:
