Standard Output:
./concorde -o /home/chongjiu/concorde_uncomplete_graph/x5/nei/solution/random100.sol /home/chongjiu/concorde_uncomplete_graph/x5/nei/mat/random100.tsp
Host: ubuntu  Current process id: 3471101
Using random seed 1735573934
Problem Name: random100
Problem Type: TSP
Number of Nodes: 100
Explicit Lengths (CC_MATRIXNORM)
Set initial upperbound to 760 (from tour)
  LP Value  1: 743.000000  (0.01 seconds)
  LP Value  2: 754.666667  (0.01 seconds)
  LP Value  3: 758.346154  (0.02 seconds)
  LP Value  4: 759.625000  (0.03 seconds)
  LP Value  5: 760.000000  (0.04 seconds)
New lower bound: 760.000000
Final lower bound 760.000000, upper bound 760.000000
Exact lower bound: 760.000000
DIFF: 0.000000
Final LP has 146 rows, 306 columns, 1926 nonzeros
Optimal Solution: 760.00
Number of bbnodes: 1
Total Running Time: 0.10 (seconds)

Standard Error:
