Standard Output:
./concorde -o /home/chongjiu/concorde_uncomplete_graph/x5/nei/solution/random80.sol /home/chongjiu/concorde_uncomplete_graph/x5/nei/mat/random80.tsp
Host: ubuntu  Current process id: 3471029
Using random seed 1735573932
Problem Name: random80
Problem Type: TSP
Number of Nodes: 80
Explicit Lengths (CC_MATRIXNORM)
Set initial upperbound to 661 (from tour)
  LP Value  1: 635.500000  (0.00 seconds)
  LP Value  2: 658.500000  (0.01 seconds)
  LP Value  3: 661.000000  (0.02 seconds)
New lower bound: 661.000000
Final lower bound 661.000000, upper bound 661.000000
Exact lower bound: 661.000000
DIFF: 0.000000
Final LP has 121 rows, 183 columns, 1521 nonzeros
Optimal Solution: 661.00
Number of bbnodes: 1
Total Running Time: 0.04 (seconds)

Standard Error:
