Standard Output:
./concorde -o /home/chongjiu/concorde_uncomplete_graph/x5/nei/solution/random145.sol /home/chongjiu/concorde_uncomplete_graph/x5/nei/mat/random145.tsp
Host: ubuntu  Current process id: 3471346
Using random seed 1735573953
Problem Name: random145
Problem Type: TSP
Number of Nodes: 145
Explicit Lengths (CC_MATRIXNORM)
Set initial upperbound to 899 (from tour)
  LP Value  1: 868.000000  (0.01 seconds)
  LP Value  2: 884.000000  (0.02 seconds)
  LP Value  3: 894.444444  (0.05 seconds)
  LP Value  4: 896.539311  (0.08 seconds)
  LP Value  5: 899.000000  (0.10 seconds)
recomputing rownorms ...
  LP Value  6: 899.000000  (0.10 seconds)
New lower bound: 899.000000
Final lower bound 899.000000, upper bound 899.000000
Exact lower bound: 899.000000
DIFF: 0.000000
Final LP has 229 rows, 409 columns, 2331 nonzeros
Optimal Solution: 899.00
Number of bbnodes: 1
Total Running Time: 0.17 (seconds)

Standard Error:
