Standard Output:
./concorde -o /home/chongjiu/concorde_uncomplete_graph/x5/nei/solution/random106.sol /home/chongjiu/concorde_uncomplete_graph/x5/nei/mat/random106.tsp
Host: ubuntu  Current process id: 3471113
Using random seed 1735573935
Problem Name: random106
Problem Type: TSP
Number of Nodes: 106
Explicit Lengths (CC_MATRIXNORM)
Set initial upperbound to 781 (from tour)
  LP Value  1: 739.500000  (0.01 seconds)
  LP Value  2: 770.500000  (0.03 seconds)
  LP Value  3: 777.775000  (0.04 seconds)
  LP Value  4: 780.642857  (0.06 seconds)
  LP Value  5: 781.000000  (0.06 seconds)
New lower bound: 781.000000
Final lower bound 781.000000, upper bound 781.000000
Exact lower bound: 781.000000
DIFF: 0.000000
Final LP has 180 rows, 305 columns, 2224 nonzeros
Optimal Solution: 781.00
Number of bbnodes: 1
Total Running Time: 0.11 (seconds)

Standard Error:
