Standard Output:
./concorde -o /home/chongjiu/concorde_uncomplete_graph/x5/nei/solution/random89.sol /home/chongjiu/concorde_uncomplete_graph/x5/nei/mat/random89.tsp
Host: ubuntu  Current process id: 3471059
Using random seed 1735573933
Problem Name: random89
Problem Type: TSP
Number of Nodes: 89
Explicit Lengths (CC_MATRIXNORM)
Set initial upperbound to 762 (from tour)
  LP Value  1: 742.500000  (0.01 seconds)
  LP Value  2: 757.941176  (0.02 seconds)
  LP Value  3: 761.555556  (0.05 seconds)
  LP Value  4: 762.000000  (0.05 seconds)
New lower bound: 762.000000
Final lower bound 762.000000, upper bound 762.000000
Exact lower bound: 762.000000
DIFF: 0.000000
Final LP has 166 rows, 245 columns, 1993 nonzeros
Optimal Solution: 762.00
Number of bbnodes: 1
Total Running Time: 0.10 (seconds)

Standard Error:
