Standard Output:
./concorde -o /home/chongjiu/concorde_uncomplete_graph/x5/nei/solution/random185.sol /home/chongjiu/concorde_uncomplete_graph/x5/nei/mat/random185.tsp
Host: ubuntu  Current process id: 3471566
Using random seed 1735573972
Problem Name: random185
Problem Type: TSP
Number of Nodes: 185
Explicit Lengths (CC_MATRIXNORM)
Set initial upperbound to 1006 (from tour)
  LP Value  1: 966.500000  (0.01 seconds)
  LP Value  2: 995.166667  (0.03 seconds)
  LP Value  3: 1003.000000  (0.06 seconds)
  LP Value  4: 1004.750000  (0.09 seconds)
  LP Value  5: 1005.500000  (0.12 seconds)
  LP Value  6: 1006.000000  (0.14 seconds)
recomputing rownorms ...
  LP Value  7: 1006.000000  (0.14 seconds)
New lower bound: 1005.913386
Final lower bound 1005.913386, upper bound 1006.000000
Exact lower bound: 1005.913386
DIFF: 0.000000
Final LP has 288 rows, 473 columns, 2559 nonzeros
Optimal Solution: 1006.00
Number of bbnodes: 1
Total Running Time: 0.23 (seconds)

Standard Error:
