Standard Output:
./concorde -o /home/chongjiu/concorde_uncomplete_graph/x5/nei/solution/random30.sol /home/chongjiu/concorde_uncomplete_graph/x5/nei/mat/random30.tsp
Host: ubuntu  Current process id: 3470905
Using random seed 1735573929
Problem Name: random30
Problem Type: TSP
Number of Nodes: 30
Explicit Lengths (CC_MATRIXNORM)
Set initial upperbound to 470 (from tour)
  LP Value  1: 460.500000  (0.00 seconds)
  LP Value  2: 468.000000  (0.00 seconds)
  LP Value  3: 470.000000  (0.00 seconds)
New lower bound: 470.000000
Final lower bound 470.000000, upper bound 470.000000
Exact lower bound: 470.000000
DIFF: 0.000000
Final LP has 34 rows, 71 columns, 187 nonzeros
Optimal Solution: 470.00
Number of bbnodes: 1
Total Running Time: 0.00 (seconds)

Standard Error:
