Standard Output:
./concorde -o /home/chongjiu/concorde_uncomplete_graph/x5/nei/solution/random191.sol /home/chongjiu/concorde_uncomplete_graph/x5/nei/mat/random191.tsp
Host: ubuntu  Current process id: 3471606
Using random seed 1735573973
Problem Name: random191
Problem Type: TSP
Number of Nodes: 191
Explicit Lengths (CC_MATRIXNORM)
Set initial upperbound to 1050 (from tour)
  LP Value  1: 1017.000000  (0.01 seconds)
  LP Value  2: 1040.000000  (0.04 seconds)
  LP Value  3: 1043.131579  (0.08 seconds)
  LP Value  4: 1046.000000  (0.11 seconds)
  LP Value  5: 1046.857798  (0.16 seconds)
  LP Value  6: 1047.492474  (0.20 seconds)
  LP Value  7: 1048.000000  (0.23 seconds)
  LP Value  8: 1048.424132  (0.26 seconds)
  LP Value  9: 1048.660256  (0.39 seconds)
  LP Value 10: 1048.750000  (0.44 seconds)
recomputing rownorms ...
  LP Value 11: 1048.750000  (0.50 seconds)
New lower bound: 1048.750000
Final lower bound 1048.750000, upper bound 1050.000000
Exact lower bound: 1048.750000
DIFF: 0.000000
Time for Total: 0.52 seconds (0.52 total in 1 calls)
Final LP has 310 rows, 377 columns, 3222 nonzeros
LOWER BOUND: 1048.750000   ACTIVE NODES: 1

Task 0: Branching on node 0
BBnode 0 split into 1 (1048.89) 2 (1049.00) (0.11 seconds)
LOWER BOUND: 1048.886301   ACTIVE NODES: 2

Task 1: Cutting on node 1
Writing Pool: 232 cuts
BBnode 1 (now 3) can be pruned: upperbound 1050.00 (0.04 seconds)
LOWER BOUND: 1049.000000   ACTIVE NODES: 1

Task 2: Cutting on node 2
New upperbound from x-heuristic: 1049.00
TOUR FOUND - upperbound is 1049.00
Writing Pool: 232 cuts
BBnode 2 (now 4) can be pruned: upperbound 1049.00 (0.09 seconds)

Task 3: Exit
Optimal Solution: 1049.00
Number of bbnodes: 3
Total Running Time: 0.86 (seconds)  Branching Time: 0.23 (seconds)

Standard Error:
