Standard Output:
./concorde -o /home/chongjiu/concorde_uncomplete_graph/x5/nei/solution/random71.sol /home/chongjiu/concorde_uncomplete_graph/x5/nei/mat/random71.tsp
Host: ubuntu  Current process id: 3471004
Using random seed 1735573931
Problem Name: random71
Problem Type: TSP
Number of Nodes: 71
Explicit Lengths (CC_MATRIXNORM)
Set initial upperbound to 669 (from tour)
  LP Value  1: 653.000000  (0.00 seconds)
  LP Value  2: 664.000000  (0.01 seconds)
  LP Value  3: 667.484848  (0.02 seconds)
  LP Value  4: 669.000000  (0.02 seconds)
New lower bound: 669.000000
Final lower bound 669.000000, upper bound 669.000000
Exact lower bound: 669.000000
DIFF: 0.000000
Final LP has 110 rows, 206 columns, 1026 nonzeros
Optimal Solution: 669.00
Number of bbnodes: 1
Total Running Time: 0.04 (seconds)

Standard Error:
