Standard Output:
./concorde -o /home/chongjiu/concorde_uncomplete_graph/x5/nei/solution/random186.sol /home/chongjiu/concorde_uncomplete_graph/x5/nei/mat/random186.tsp
Host: ubuntu  Current process id: 3471568
Using random seed 1735573972
Problem Name: random186
Problem Type: TSP
Number of Nodes: 186
Explicit Lengths (CC_MATRIXNORM)
Set initial upperbound to 1044 (from tour)
  LP Value  1: 1022.000000  (0.01 seconds)
  LP Value  2: 1035.000000  (0.03 seconds)
  LP Value  3: 1041.375000  (0.05 seconds)
  LP Value  4: 1041.800000  (0.05 seconds)
  LP Value  5: 1041.800000  (0.06 seconds)
  LP Value  6: 1041.944444  (0.07 seconds)
  LP Value  7: 1042.000000  (0.08 seconds)
recomputing rownorms ...
  LP Value  8: 1042.000000  (0.08 seconds)
New lower bound: 1042.000000
New upperbound from x-heuristic: 1042.00
Final lower bound 1042.000000, upper bound 1042.000000
Exact lower bound: 1042.000000
DIFF: 0.000000
Final LP has 258 rows, 466 columns, 1758 nonzeros
Optimal Solution: 1042.00
Number of bbnodes: 1
Total Running Time: 0.19 (seconds)

Standard Error:
