Standard Output:
./concorde -o /home/chongjiu/concorde_uncomplete_graph/x5/nei/solution/random174.sol /home/chongjiu/concorde_uncomplete_graph/x5/nei/mat/random174.tsp
Host: ubuntu  Current process id: 3471518
Using random seed 1735573968
Problem Name: random174
Problem Type: TSP
Number of Nodes: 174
Explicit Lengths (CC_MATRIXNORM)
Set initial upperbound to 1023 (from tour)
  LP Value  1: 1011.500000  (0.01 seconds)
  LP Value  2: 1021.416667  (0.04 seconds)
  LP Value  3: 1022.750000  (0.06 seconds)
  LP Value  4: 1022.878307  (0.07 seconds)
  LP Value  5: 1023.000000  (0.08 seconds)
recomputing rownorms ...
  LP Value  6: 1023.000000  (0.08 seconds)
New lower bound: 1023.000000
Final lower bound 1023.000000, upper bound 1023.000000
Exact lower bound: 1023.000000
DIFF: 0.000000
Final LP has 242 rows, 407 columns, 1614 nonzeros
Optimal Solution: 1023.00
Number of bbnodes: 1
Total Running Time: 0.16 (seconds)

Standard Error:
