Standard Output:
./concorde -o /home/chongjiu/concorde_uncomplete_graph/x5/nei/solution/random117.sol /home/chongjiu/concorde_uncomplete_graph/x5/nei/mat/random117.tsp
Host: ubuntu  Current process id: 3471181
Using random seed 1735573940
Problem Name: random117
Problem Type: TSP
Number of Nodes: 117
Explicit Lengths (CC_MATRIXNORM)
Set initial upperbound to 859 (from tour)
  LP Value  1: 828.250000  (0.01 seconds)
  LP Value  2: 849.500000  (0.01 seconds)
  LP Value  3: 858.333333  (0.02 seconds)
  LP Value  4: 858.916667  (0.03 seconds)
  LP Value  5: 859.000000  (0.03 seconds)
New lower bound: 859.000000
Final lower bound 859.000000, upper bound 859.000000
Exact lower bound: 859.000000
DIFF: 0.000000
Final LP has 170 rows, 276 columns, 1049 nonzeros
Optimal Solution: 859.00
Number of bbnodes: 1
Total Running Time: 0.09 (seconds)

Standard Error:
