Standard Output:
./concorde -o /home/chongjiu/concorde_uncomplete_graph/x5/nei/solution/random130.sol /home/chongjiu/concorde_uncomplete_graph/x5/nei/mat/random130.tsp
Host: ubuntu  Current process id: 3471238
Using random seed 1735573946
Problem Name: random130
Problem Type: TSP
Number of Nodes: 130
Explicit Lengths (CC_MATRIXNORM)
Set initial upperbound to 864 (from tour)
  LP Value  1: 830.500000  (0.01 seconds)
  LP Value  2: 855.500000  (0.02 seconds)
  LP Value  3: 857.500000  (0.04 seconds)
  LP Value  4: 859.380952  (0.07 seconds)
  LP Value  5: 861.200000  (0.10 seconds)
  LP Value  6: 861.625850  (0.19 seconds)
  LP Value  7: 862.000000  (0.22 seconds)
  LP Value  8: 862.500000  (0.47 seconds)
  LP Value  9: 863.095752  (0.50 seconds)
  LP Value 10: 862.777778  (0.77 seconds)
  LP Value 11: 863.500000  (0.80 seconds)
  LP Value 12: 863.576899  (0.88 seconds)
  LP Value 13: 863.667980  (0.98 seconds)
  LP Value 14: 863.680556  (1.09 seconds)
New lower bound: 863.680556
Final lower bound 863.680556, upper bound 864.000000
Exact lower bound: 863.680556
DIFF: 0.000000
Final LP has 228 rows, 351 columns, 3490 nonzeros
Optimal Solution: 864.00
Number of bbnodes: 1
Total Running Time: 1.16 (seconds)

Standard Error:
