Standard Output:
./concorde -o /home/chongjiu/concorde_uncomplete_graph/x5/nei/solution/random173.sol /home/chongjiu/concorde_uncomplete_graph/x5/nei/mat/random173.tsp
Host: ubuntu  Current process id: 3471516
Using random seed 1735573967
Problem Name: random173
Problem Type: TSP
Number of Nodes: 173
Explicit Lengths (CC_MATRIXNORM)
Set initial upperbound to 987 (from tour)
  LP Value  1: 962.566667  (0.02 seconds)
  LP Value  2: 980.166667  (0.04 seconds)
  LP Value  3: 982.833333  (0.06 seconds)
  LP Value  4: 985.017094  (0.11 seconds)
  LP Value  5: 985.250000  (0.14 seconds)
  LP Value  6: 985.922414  (0.17 seconds)
  LP Value  7: 986.139423  (0.22 seconds)
  LP Value  8: 986.500000  (0.27 seconds)
  LP Value  9: 986.500000  (0.36 seconds)
New lower bound: 986.500000
Final lower bound 986.500000, upper bound 987.000000
Exact lower bound: 986.500000
DIFF: 0.000000
Final LP has 262 rows, 429 columns, 2878 nonzeros
Optimal Solution: 987.00
Number of bbnodes: 1
Total Running Time: 0.45 (seconds)

Standard Error:
