Standard Output:
./concorde -o /home/chongjiu/concorde_uncomplete_graph/x5/nei/solution/random196.sol /home/chongjiu/concorde_uncomplete_graph/x5/nei/mat/random196.tsp
Host: ubuntu  Current process id: 3471630
Using random seed 1735573978
Problem Name: random196
Problem Type: TSP
Number of Nodes: 196
Explicit Lengths (CC_MATRIXNORM)
Set initial upperbound to 1041 (from tour)
  LP Value  1: 1002.500000  (0.02 seconds)
  LP Value  2: 1032.714286  (0.03 seconds)
  LP Value  3: 1036.750000  (0.06 seconds)
  LP Value  4: 1038.000000  (0.08 seconds)
  LP Value  5: 1039.000000  (0.11 seconds)
recomputing rownorms ...
  LP Value  6: 1039.000000  (0.11 seconds)
New lower bound: 1039.000000
New upperbound from x-heuristic: 1039.00
Final lower bound 1039.000000, upper bound 1039.000000
Exact lower bound: 1039.000000
DIFF: 0.000000
Final LP has 295 rows, 494 columns, 2259 nonzeros
Optimal Solution: 1039.00
Number of bbnodes: 1
Total Running Time: 0.22 (seconds)

Standard Error:
