Standard Output:
./concorde -o /home/chongjiu/concorde_uncomplete_graph/x5/nei/solution/random163.sol /home/chongjiu/concorde_uncomplete_graph/x5/nei/mat/random163.tsp
Host: ubuntu  Current process id: 3471439
Using random seed 1735573961
Problem Name: random163
Problem Type: TSP
Number of Nodes: 163
Explicit Lengths (CC_MATRIXNORM)
Set initial upperbound to 988 (from tour)
  LP Value  1: 945.500000  (0.01 seconds)
  LP Value  2: 977.500000  (0.03 seconds)
  LP Value  3: 981.250000  (0.06 seconds)
  LP Value  4: 983.000000  (0.09 seconds)
  LP Value  5: 985.000000  (0.11 seconds)
  LP Value  6: 985.833333  (0.14 seconds)
  LP Value  7: 986.333333  (0.17 seconds)
  LP Value  8: 987.000000  (0.22 seconds)
  LP Value  9: 987.500000  (0.25 seconds)
  LP Value 10: 987.725000  (0.37 seconds)
  LP Value 11: 988.000000  (0.42 seconds)
New lower bound: 988.000000
Final lower bound 988.000000, upper bound 988.000000
Exact lower bound: 988.000000
DIFF: 0.000000
Final LP has 323 rows, 441 columns, 4212 nonzeros
Optimal Solution: 988.00
Number of bbnodes: 1
Total Running Time: 0.51 (seconds)

Standard Error:
