Standard Output:
./concorde -o /home/chongjiu/concorde_uncomplete_graph/x5/nei/solution/random87.sol /home/chongjiu/concorde_uncomplete_graph/x5/nei/mat/random87.tsp
Host: ubuntu  Current process id: 3471055
Using random seed 1735573932
Problem Name: random87
Problem Type: TSP
Number of Nodes: 87
Explicit Lengths (CC_MATRIXNORM)
Set initial upperbound to 736 (from tour)
  LP Value  1: 671.000000  (0.00 seconds)
  LP Value  2: 733.263158  (0.02 seconds)
  LP Value  3: 735.877551  (0.02 seconds)
  LP Value  4: 736.000000  (0.02 seconds)
New lower bound: 736.000000
Final lower bound 736.000000, upper bound 736.000000
Exact lower bound: 736.000000
DIFF: 0.000000
Final LP has 138 rows, 267 columns, 1396 nonzeros
Optimal Solution: 736.00
Number of bbnodes: 1
Total Running Time: 0.06 (seconds)

Standard Error:
