Standard Output:
./concorde -o /home/chongjiu/concorde_uncomplete_graph/x5/nei/solution/random151.sol /home/chongjiu/concorde_uncomplete_graph/x5/nei/mat/random151.tsp
Host: ubuntu  Current process id: 3471368
Using random seed 1735573956
Problem Name: random151
Problem Type: TSP
Number of Nodes: 151
Explicit Lengths (CC_MATRIXNORM)
Set initial upperbound to 942 (from tour)
  LP Value  1: 896.000000  (0.01 seconds)
  LP Value  2: 932.535714  (0.03 seconds)
  LP Value  3: 937.125000  (0.05 seconds)
  LP Value  4: 938.728522  (0.09 seconds)
  LP Value  5: 940.000000  (0.13 seconds)
  LP Value  6: 941.735556  (0.16 seconds)
  LP Value  7: 941.888889  (0.19 seconds)
  LP Value  8: 942.000000  (0.20 seconds)
recomputing rownorms ...
  LP Value  9: 942.000000  (0.21 seconds)
New lower bound: 942.000000
Final lower bound 942.000000, upper bound 942.000000
Exact lower bound: 942.000000
DIFF: 0.000000
Final LP has 267 rows, 389 columns, 2959 nonzeros
Optimal Solution: 942.00
Number of bbnodes: 1
Total Running Time: 0.29 (seconds)

Standard Error:
