Standard Output:
./concorde -o /home/chongjiu/concorde_uncomplete_graph/x5/nei/solution/random200.sol /home/chongjiu/concorde_uncomplete_graph/x5/nei/mat/random200.tsp
Host: ubuntu  Current process id: 3471685
Using random seed 1735573982
Problem Name: random200
Problem Type: TSP
Number of Nodes: 200
Explicit Lengths (CC_MATRIXNORM)
Set initial upperbound to 1054 (from tour)
  LP Value  1: 1009.500000  (0.02 seconds)
  LP Value  2: 1044.500000  (0.04 seconds)
  LP Value  3: 1050.000000  (0.06 seconds)
  LP Value  4: 1050.812500  (0.10 seconds)
  LP Value  5: 1051.764706  (0.13 seconds)
  LP Value  6: 1052.333333  (0.15 seconds)
  LP Value  7: 1052.560000  (0.17 seconds)
  LP Value  8: 1053.000000  (0.21 seconds)
  LP Value  9: 1053.000000  (0.24 seconds)
  LP Value 10: 1053.380952  (0.28 seconds)
  LP Value 11: 1053.375000  (0.40 seconds)
  LP Value 12: 1053.571429  (0.43 seconds)
  LP Value 13: 1053.666667  (0.49 seconds)
  LP Value 14: 1053.851852  (0.56 seconds)
  LP Value 15: 1053.939086  (0.68 seconds)
  LP Value 16: 1054.000000  (0.73 seconds)
recomputing rownorms ...
  LP Value 17: 1054.000000  (0.73 seconds)
New lower bound: 1054.000000
Final lower bound 1054.000000, upper bound 1054.000000
Exact lower bound: 1054.000000
DIFF: 0.000000
Final LP has 322 rows, 519 columns, 3585 nonzeros
Optimal Solution: 1054.00
Number of bbnodes: 1
Total Running Time: 0.84 (seconds)

Standard Error:
