Standard Output:
./concorde -o /home/chongjiu/concorde_uncomplete_graph/x5/nei/solution/random124.sol /home/chongjiu/concorde_uncomplete_graph/x5/nei/mat/random124.tsp
Host: ubuntu  Current process id: 3471209
Using random seed 1735573943
Problem Name: random124
Problem Type: TSP
Number of Nodes: 124
Explicit Lengths (CC_MATRIXNORM)
Set initial upperbound to 851 (from tour)
  LP Value  1: 822.000000  (0.01 seconds)
  LP Value  2: 843.000000  (0.02 seconds)
  LP Value  3: 846.700000  (0.02 seconds)
  LP Value  4: 848.500000  (0.03 seconds)
  LP Value  5: 850.000000  (0.04 seconds)
  LP Value  6: 850.857143  (0.06 seconds)
  LP Value  7: 851.000000  (0.07 seconds)
New lower bound: 851.000000
Final lower bound 851.000000, upper bound 851.000000
Exact lower bound: 851.000000
DIFF: 0.000000
Final LP has 204 rows, 348 columns, 1987 nonzeros
Optimal Solution: 851.00
Number of bbnodes: 1
Total Running Time: 0.15 (seconds)

Standard Error:
