Standard Output:
./concorde -o /home/chongjiu/concorde_uncomplete_graph/x5/nei/solution/random193.sol /home/chongjiu/concorde_uncomplete_graph/x5/nei/mat/random193.tsp
Host: ubuntu  Current process id: 3471613
Using random seed 1735573977
Problem Name: random193
Problem Type: TSP
Number of Nodes: 193
Explicit Lengths (CC_MATRIXNORM)
Set initial upperbound to 1031 (from tour)
  LP Value  1: 996.000000  (0.01 seconds)
  LP Value  2: 1024.861111  (0.03 seconds)
  LP Value  3: 1028.375000  (0.07 seconds)
  LP Value  4: 1030.400000  (0.11 seconds)
  LP Value  5: 1031.000000  (0.13 seconds)
New lower bound: 1031.000000
Final lower bound 1031.000000, upper bound 1031.000000
Exact lower bound: 1031.000000
DIFF: 0.000000
Final LP has 318 rows, 551 columns, 3916 nonzeros
Optimal Solution: 1031.00
Number of bbnodes: 1
Total Running Time: 0.23 (seconds)

Standard Error:
