Standard Output:
./concorde -o /home/chongjiu/concorde_uncomplete_graph/x5/nei/solution/random111.sol /home/chongjiu/concorde_uncomplete_graph/x5/nei/mat/random111.tsp
Host: ubuntu  Current process id: 3471163
Using random seed 1735573939
Problem Name: random111
Problem Type: TSP
Number of Nodes: 111
Explicit Lengths (CC_MATRIXNORM)
Set initial upperbound to 811 (from tour)
  LP Value  1: 782.000000  (0.00 seconds)
  LP Value  2: 801.000000  (0.01 seconds)
  LP Value  3: 809.000000  (0.02 seconds)
  LP Value  4: 809.750000  (0.03 seconds)
  LP Value  5: 811.000000  (0.04 seconds)
New lower bound: 811.000000
Final lower bound 811.000000, upper bound 811.000000
Exact lower bound: 811.000000
DIFF: 0.000000
Final LP has 193 rows, 325 columns, 3108 nonzeros
Optimal Solution: 811.00
Number of bbnodes: 1
Total Running Time: 0.08 (seconds)

Standard Error:
