Standard Output:
./concorde -o /home/chongjiu/concorde_uncomplete_graph/x5/nei/solution/random135.sol /home/chongjiu/concorde_uncomplete_graph/x5/nei/mat/random135.tsp
Host: ubuntu  Current process id: 3471281
Using random seed 1735573948
Problem Name: random135
Problem Type: TSP
Number of Nodes: 135
Explicit Lengths (CC_MATRIXNORM)
Set initial upperbound to 885 (from tour)
  LP Value  1: 817.000000  (0.01 seconds)
  LP Value  2: 857.333333  (0.02 seconds)
  LP Value  3: 873.625000  (0.04 seconds)
  LP Value  4: 877.333333  (0.07 seconds)
  LP Value  5: 877.947917  (0.10 seconds)
  LP Value  6: 878.618473  (0.13 seconds)
  LP Value  7: 879.000000  (0.20 seconds)
recomputing rownorms ...
  LP Value  8: 879.000000  (0.20 seconds)
New lower bound: 879.000000
New upperbound from x-heuristic: 879.00
Final lower bound 879.000000, upper bound 879.000000
Exact lower bound: 879.000000
DIFF: 0.000000
Final LP has 264 rows, 385 columns, 3875 nonzeros
Optimal Solution: 879.00
Number of bbnodes: 1
Total Running Time: 0.26 (seconds)

Standard Error:
