Standard Output:
./concorde -o /home/chongjiu/concorde_test/solution/random142.sol /home/chongjiu/concorde_test/mat/random142.tsp
Host: ubuntu  Current process id: 1983272
Using random seed 1733472729
Problem Name: random142
Problem Type: TSP
Number of Nodes: 142
Explicit Lengths (CC_MATRIXNORM)
Set initial upperbound to 910 (from tour)
  LP Value  1: 865.500000  (0.01 seconds)
  LP Value  2: 900.500000  (0.05 seconds)
  LP Value  3: 906.200000  (0.09 seconds)
  LP Value  4: 908.686047  (0.13 seconds)
  LP Value  5: 909.333333  (0.16 seconds)
  LP Value  6: 909.620000  (0.20 seconds)
  LP Value  7: 909.912281  (0.25 seconds)
  LP Value  8: 910.000000  (0.27 seconds)
New lower bound: 910.000000
Final lower bound 910.000000, upper bound 910.000000
Exact lower bound: 910.000000
DIFF: 0.000000
Final LP has 254 rows, 447 columns, 4422 nonzeros
Optimal Solution: 910.00
Number of bbnodes: 1
Total Running Time: 0.34 (seconds)

Standard Error:
