Standard Output:
./concorde -o /home/chongjiu/concorde_test/solution/random116.sol /home/chongjiu/concorde_test/mat/random116.tsp
Host: ubuntu  Current process id: 1982713
Using random seed 1733472717
Problem Name: random116
Problem Type: TSP
Number of Nodes: 116
Explicit Lengths (CC_MATRIXNORM)
Set initial upperbound to 829 (from tour)
  LP Value  1: 780.000000  (0.00 seconds)
  LP Value  2: 826.250000  (0.01 seconds)
  LP Value  3: 828.250000  (0.01 seconds)
  LP Value  4: 829.000000  (0.02 seconds)
New lower bound: 829.000000
Final lower bound 829.000000, upper bound 829.000000
Exact lower bound: 829.000000
DIFF: 0.000000
Final LP has 151 rows, 362 columns, 1836 nonzeros
Optimal Solution: 829.00
Number of bbnodes: 1
Total Running Time: 0.08 (seconds)

Standard Error:
