Standard Output:
./concorde -o /home/chongjiu/concorde_uncomplete_graph/x5/nei/solution/random21.sol /home/chongjiu/concorde_uncomplete_graph/x5/nei/mat/random21.tsp
Host: ubuntu  Current process id: 3470881
Using random seed 1735573929
Problem Name: random21
Problem Type: TSP
Number of Nodes: 21
Explicit Lengths (CC_MATRIXNORM)
Set initial upperbound to 409 (from tour)
  LP Value  1: 400.500000  (0.00 seconds)
  LP Value  2: 409.000000  (0.00 seconds)
New lower bound: 409.000000
Final lower bound 409.000000, upper bound 409.000000
Exact lower bound: 409.000000
DIFF: 0.000000
Final LP has 23 rows, 65 columns, 141 nonzeros
Optimal Solution: 409.00
Number of bbnodes: 1
Total Running Time: 0.00 (seconds)

Standard Error:
