Standard Output:
./concorde -o /home/chongjiu/concorde_uncomplete_graph/x5/nei/solution/random171.sol /home/chongjiu/concorde_uncomplete_graph/x5/nei/mat/random171.tsp
Host: ubuntu  Current process id: 3471488
Using random seed 1735573965
Problem Name: random171
Problem Type: TSP
Number of Nodes: 171
Explicit Lengths (CC_MATRIXNORM)
Set initial upperbound to 954 (from tour)
  LP Value  1: 905.500000  (0.01 seconds)
  LP Value  2: 942.500000  (0.03 seconds)
  LP Value  3: 949.750000  (0.06 seconds)
  LP Value  4: 953.260417  (0.09 seconds)
  LP Value  5: 953.737666  (0.13 seconds)
  LP Value  6: 954.000000  (0.20 seconds)
New lower bound: 954.000000
Final lower bound 954.000000, upper bound 954.000000
Exact lower bound: 954.000000
DIFF: 0.000000
Final LP has 292 rows, 474 columns, 4231 nonzeros
Optimal Solution: 954.00
Number of bbnodes: 1
Total Running Time: 0.28 (seconds)

Standard Error:
