Standard Output:
./concorde -o /home/chongjiu/concorde_uncomplete_graph/x5/nei/solution/random134.sol /home/chongjiu/concorde_uncomplete_graph/x5/nei/mat/random134.tsp
Host: ubuntu  Current process id: 3471271
Using random seed 1735573948
Problem Name: random134
Problem Type: TSP
Number of Nodes: 134
Explicit Lengths (CC_MATRIXNORM)
Set initial upperbound to 879 (from tour)
  LP Value  1: 856.423077  (0.01 seconds)
  LP Value  2: 870.014151  (0.04 seconds)
  LP Value  3: 877.000000  (0.07 seconds)
  LP Value  4: 879.000000  (0.09 seconds)
New lower bound: 879.000000
Final lower bound 879.000000, upper bound 879.000000
Exact lower bound: 879.000000
DIFF: 0.000000
Final LP has 196 rows, 339 columns, 1940 nonzeros
Optimal Solution: 879.00
Number of bbnodes: 1
Total Running Time: 0.16 (seconds)

Standard Error:
