Standard Output:
./concorde -o /home/chongjiu/concorde_test/solution/random103.sol /home/chongjiu/concorde_test/mat/random103.tsp
Host: ubuntu  Current process id: 1982588
Using random seed 1733472714
Problem Name: random103
Problem Type: TSP
Number of Nodes: 103
Explicit Lengths (CC_MATRIXNORM)
Set initial upperbound to 782 (from tour)
  LP Value  1: 735.750000  (0.00 seconds)
  LP Value  2: 775.482143  (0.02 seconds)
  LP Value  3: 776.333333  (0.03 seconds)
  LP Value  4: 781.050000  (0.05 seconds)
  LP Value  5: 782.000000  (0.08 seconds)
recomputing rownorms ...
  LP Value  6: 782.000000  (0.08 seconds)
New lower bound: 782.000000
Final lower bound 782.000000, upper bound 782.000000
Exact lower bound: 782.000000
DIFF: 0.000000
Final LP has 179 rows, 295 columns, 2047 nonzeros
Optimal Solution: 782.00
Number of bbnodes: 1
Total Running Time: 0.17 (seconds)

Standard Error:
