Standard Output:
./concorde -o /home/chongjiu/concorde_uncomplete_graph/x5/nei/solution/random131.sol /home/chongjiu/concorde_uncomplete_graph/x5/nei/mat/random131.tsp
Host: ubuntu  Current process id: 3471244
Using random seed 1735573947
Problem Name: random131
Problem Type: TSP
Number of Nodes: 131
Explicit Lengths (CC_MATRIXNORM)
Set initial upperbound to 905 (from tour)
  LP Value  1: 887.000000  (0.01 seconds)
  LP Value  2: 896.400000  (0.03 seconds)
  LP Value  3: 902.333333  (0.05 seconds)
  LP Value  4: 903.619048  (0.06 seconds)
  LP Value  5: 903.903885  (0.10 seconds)
  LP Value  6: 904.085714  (0.14 seconds)
  LP Value  7: 904.342105  (0.19 seconds)
  LP Value  8: 904.500000  (0.27 seconds)
  LP Value  9: 904.666667  (0.34 seconds)
  LP Value 10: 904.666667  (0.37 seconds)
New lower bound: 904.666667
Final lower bound 904.666667, upper bound 905.000000
Exact lower bound: 904.666667
DIFF: 0.000000
Final LP has 224 rows, 351 columns, 2991 nonzeros
Optimal Solution: 905.00
Number of bbnodes: 1
Total Running Time: 0.43 (seconds)

Standard Error:
