Standard Output:
./concorde -o /home/chongjiu/concorde_test/solution/random198.sol /home/chongjiu/concorde_test/mat/random198.tsp
Host: ubuntu  Current process id: 1984614
Using random seed 1733472762
Problem Name: random198
Problem Type: TSP
Number of Nodes: 198
Explicit Lengths (CC_MATRIXNORM)
Set initial upperbound to 1070 (from tour)
  LP Value  1: 1050.250000  (0.04 seconds)
  LP Value  2: 1063.160000  (0.08 seconds)
  LP Value  3: 1066.833333  (0.13 seconds)
  LP Value  4: 1067.500000  (0.22 seconds)
  LP Value  5: 1068.000000  (0.25 seconds)
  LP Value  6: 1068.629139  (0.33 seconds)
  LP Value  7: 1068.875000  (0.41 seconds)
  LP Value  8: 1069.000000  (0.44 seconds)
recomputing rownorms ...
  LP Value  9: 1069.000000  (0.44 seconds)
New lower bound: 1069.000000
New upperbound from x-heuristic: 1069.00
Final lower bound 1069.000000, upper bound 1069.000000
Exact lower bound: 1069.000000
DIFF: 0.000000
Final LP has 283 rows, 514 columns, 2115 nonzeros
Optimal Solution: 1069.00
Number of bbnodes: 1
Total Running Time: 0.58 (seconds)

Standard Error:
