Standard Output:
./concorde -o /home/chongjiu/concorde_uncomplete_graph/x5/nei/solution/random195.sol /home/chongjiu/concorde_uncomplete_graph/x5/nei/mat/random195.tsp
Host: ubuntu  Current process id: 3471628
Using random seed 1735573978
Problem Name: random195
Problem Type: TSP
Number of Nodes: 195
Explicit Lengths (CC_MATRIXNORM)
Set initial upperbound to 1069 (from tour)
  LP Value  1: 1038.500000  (0.01 seconds)
  LP Value  2: 1059.611111  (0.03 seconds)
  LP Value  3: 1064.666667  (0.06 seconds)
  LP Value  4: 1066.875000  (0.09 seconds)
  LP Value  5: 1067.214286  (0.12 seconds)
  LP Value  6: 1067.730769  (0.14 seconds)
  LP Value  7: 1068.000000  (0.20 seconds)
  LP Value  8: 1068.702153  (0.23 seconds)
  LP Value  9: 1069.000000  (0.28 seconds)
New lower bound: 1069.000000
Final lower bound 1069.000000, upper bound 1069.000000
Exact lower bound: 1069.000000
DIFF: 0.000000
Final LP has 321 rows, 561 columns, 5042 nonzeros
Optimal Solution: 1069.00
Number of bbnodes: 1
Total Running Time: 0.38 (seconds)

Standard Error:
