Standard Output:
./concorde -o /home/chongjiu/concorde_uncomplete_graph/x5/nei/solution/random127.sol /home/chongjiu/concorde_uncomplete_graph/x5/nei/mat/random127.tsp
Host: ubuntu  Current process id: 3471232
Using random seed 1735573945
Problem Name: random127
Problem Type: TSP
Number of Nodes: 127
Explicit Lengths (CC_MATRIXNORM)
Set initial upperbound to 825 (from tour)
  LP Value  1: 790.500000  (0.01 seconds)
  LP Value  2: 814.250000  (0.03 seconds)
  LP Value  3: 822.125458  (0.04 seconds)
  LP Value  4: 823.384615  (0.07 seconds)
  LP Value  5: 823.750000  (0.09 seconds)
  LP Value  6: 824.000000  (0.12 seconds)
  LP Value  7: 824.400000  (0.14 seconds)
  LP Value  8: 824.729730  (0.17 seconds)
  LP Value  9: 825.000000  (0.22 seconds)
New lower bound: 825.000000
Final lower bound 825.000000, upper bound 825.000000
Exact lower bound: 825.000000
DIFF: 0.000000
Final LP has 212 rows, 332 columns, 4160 nonzeros
Optimal Solution: 825.00
Number of bbnodes: 1
Total Running Time: 0.30 (seconds)

Standard Error:
