Standard Output:
./concorde -o /home/chongjiu/concorde_uncomplete_graph/x5/nei/solution/random199.sol /home/chongjiu/concorde_uncomplete_graph/x5/nei/mat/random199.tsp
Host: ubuntu  Current process id: 3471655
Using random seed 1735573979
Problem Name: random199
Problem Type: TSP
Number of Nodes: 199
Explicit Lengths (CC_MATRIXNORM)
Set initial upperbound to 1082 (from tour)
  LP Value  1: 1030.000000  (0.01 seconds)
  LP Value  2: 1072.000000  (0.02 seconds)
  LP Value  3: 1075.500000  (0.05 seconds)
  LP Value  4: 1076.304348  (0.10 seconds)
  LP Value  5: 1076.750000  (0.15 seconds)
  LP Value  6: 1077.500000  (0.19 seconds)
  LP Value  7: 1077.757576  (0.23 seconds)
  LP Value  8: 1077.951754  (0.27 seconds)
  LP Value  9: 1078.273428  (0.34 seconds)
  LP Value 10: 1078.785714  (0.38 seconds)
  LP Value 11: 1079.000000  (0.46 seconds)
  LP Value 12: 1079.437194  (0.52 seconds)
  LP Value 13: 1079.769231  (0.61 seconds)
  LP Value 14: 1079.959841  (0.88 seconds)
  LP Value 15: 1080.008356  (1.19 seconds)
  LP Value 16: 1080.059989  (1.26 seconds)
  LP Value 17: 1080.093220  (1.43 seconds)
  LP Value 18: 1080.155290  (1.60 seconds)
  LP Value 19: 1080.197183  (1.77 seconds)
  LP Value 20: 1080.272104  (1.94 seconds)
  LP Value 21: 1080.293237  (2.10 seconds)
New lower bound: 1080.244299
Final lower bound 1080.244299, upper bound 1082.000000
Exact lower bound: 1080.244299
DIFF: 0.000000
Time for Total: 2.13 seconds (2.13 total in 1 calls)
Final LP has 358 rows, 450 columns, 7998 nonzeros
LOWER BOUND: 1080.244299   ACTIVE NODES: 1

Task 0: Branching on node 0
BBnode 0 split into 1 (1080.69) 2 (1080.55) (0.24 seconds)
LOWER BOUND: 1080.554054   ACTIVE NODES: 2

Task 1: Cutting on node 2
Writing Pool: 580 cuts
BBnode 2 (now 3) can be pruned: upperbound 1082.00 (0.19 seconds)
LOWER BOUND: 1080.693455   ACTIVE NODES: 1

Task 2: Cutting on node 1
Writing Pool: 612 cuts
BBnode 1 (now 4) can be pruned: upperbound 1082.00 (0.10 seconds)

Task 3: Exit
Optimal Solution: 1082.00
Number of bbnodes: 3
Total Running Time: 2.75 (seconds)  Branching Time: 0.53 (seconds)

Standard Error:
