Standard Output:
./concorde -o /home/chongjiu/concorde_uncomplete_graph/x5/nei/solution/random149.sol /home/chongjiu/concorde_uncomplete_graph/x5/nei/mat/random149.tsp
Host: ubuntu  Current process id: 3471360
Using random seed 1735573955
Problem Name: random149
Problem Type: TSP
Number of Nodes: 149
Explicit Lengths (CC_MATRIXNORM)
Set initial upperbound to 929 (from tour)
  LP Value  1: 896.500000  (0.01 seconds)
  LP Value  2: 922.583333  (0.03 seconds)
  LP Value  3: 928.500000  (0.04 seconds)
  LP Value  4: 929.000000  (0.04 seconds)
New lower bound: 929.000000
Final lower bound 929.000000, upper bound 929.000000
Exact lower bound: 929.000000
DIFF: 0.000000
Final LP has 224 rows, 363 columns, 1881 nonzeros
Optimal Solution: 929.00
Number of bbnodes: 1
Total Running Time: 0.12 (seconds)

Standard Error:
