Standard Output:
./concorde -o /home/chongjiu/concorde_test/solution/random122.sol /home/chongjiu/concorde_test/mat/random122.tsp
Host: ubuntu  Current process id: 1982790
Using random seed 1733472719
Problem Name: random122
Problem Type: TSP
Number of Nodes: 122
Explicit Lengths (CC_MATRIXNORM)
Set initial upperbound to 869 (from tour)
  LP Value  1: 835.666667  (0.01 seconds)
  LP Value  2: 861.250000  (0.04 seconds)
  LP Value  3: 863.416667  (0.06 seconds)
  LP Value  4: 866.500000  (0.09 seconds)
  LP Value  5: 868.500000  (0.12 seconds)
  LP Value  6: 869.000000  (0.16 seconds)
New lower bound: 869.000000
Final lower bound 869.000000, upper bound 869.000000
Exact lower bound: 869.000000
DIFF: 0.000000
Final LP has 202 rows, 325 columns, 2857 nonzeros
Optimal Solution: 869.00
Number of bbnodes: 1
Total Running Time: 0.23 (seconds)

Standard Error:
