Standard Output:
./concorde -o /home/chongjiu/concorde_uncomplete_graph/x5/nei/solution/random150.sol /home/chongjiu/concorde_uncomplete_graph/x5/nei/mat/random150.tsp
Host: ubuntu  Current process id: 3471362
Using random seed 1735573955
Problem Name: random150
Problem Type: TSP
Number of Nodes: 150
Explicit Lengths (CC_MATRIXNORM)
Set initial upperbound to 923 (from tour)
  LP Value  1: 884.500000  (0.00 seconds)
  LP Value  2: 906.852273  (0.01 seconds)
  LP Value  3: 915.000000  (0.04 seconds)
  LP Value  4: 916.750000  (0.06 seconds)
  LP Value  5: 917.437500  (0.10 seconds)
  LP Value  6: 918.178082  (0.14 seconds)
  LP Value  7: 918.866667  (0.18 seconds)
  LP Value  8: 919.262048  (0.21 seconds)
  LP Value  9: 919.470844  (0.26 seconds)
  LP Value 10: 919.884690  (0.30 seconds)
  LP Value 11: 920.372294  (0.34 seconds)
  LP Value 12: 920.867384  (0.38 seconds)
  LP Value 13: 921.000000  (0.42 seconds)
  LP Value 14: 921.000000  (0.46 seconds)
recomputing rownorms ...
  LP Value 15: 921.000000  (0.47 seconds)
New lower bound: 921.000000
New upperbound from x-heuristic: 921.00
Final lower bound 921.000000, upper bound 921.000000
Exact lower bound: 921.000000
DIFF: 0.000000
Final LP has 273 rows, 474 columns, 4517 nonzeros
Optimal Solution: 921.00
Number of bbnodes: 1
Total Running Time: 0.55 (seconds)

Standard Error:
