Standard Output:
./concorde -o /home/chongjiu/concorde_test/solution/random165.sol /home/chongjiu/concorde_test/mat/random165.tsp
Host: ubuntu  Current process id: 1983806
Using random seed 1733472742
Problem Name: random165
Problem Type: TSP
Number of Nodes: 165
Explicit Lengths (CC_MATRIXNORM)
Set initial upperbound to 955 (from tour)
  LP Value  1: 922.000000  (0.01 seconds)
  LP Value  2: 950.312500  (0.03 seconds)
  LP Value  3: 952.250000  (0.05 seconds)
  LP Value  4: 953.625000  (0.09 seconds)
  LP Value  5: 954.000000  (0.12 seconds)
recomputing rownorms ...
  LP Value  6: 954.000000  (0.12 seconds)
New lower bound: 954.000000
New upperbound from x-heuristic: 954.00
Final lower bound 954.000000, upper bound 954.000000
Exact lower bound: 954.000000
DIFF: 0.000000
Final LP has 245 rows, 422 columns, 2027 nonzeros
Optimal Solution: 954.00
Number of bbnodes: 1
Total Running Time: 0.23 (seconds)

Standard Error:
