Standard Output:
./concorde -o /home/chongjiu/concorde_test/solution/random115.sol /home/chongjiu/concorde_test/mat/random115.tsp
Host: ubuntu  Current process id: 1982702
Using random seed 1733472717
Problem Name: random115
Problem Type: TSP
Number of Nodes: 115
Explicit Lengths (CC_MATRIXNORM)
Set initial upperbound to 804 (from tour)
  LP Value  1: 738.000000  (0.01 seconds)
  LP Value  2: 793.750000  (0.03 seconds)
  LP Value  3: 798.750000  (0.06 seconds)
  LP Value  4: 803.059809  (0.09 seconds)
  LP Value  5: 804.000000  (0.11 seconds)
New lower bound: 804.000000
Final lower bound 804.000000, upper bound 804.000000
Exact lower bound: 804.000000
DIFF: 0.000000
Final LP has 215 rows, 361 columns, 5033 nonzeros
Optimal Solution: 804.00
Number of bbnodes: 1
Total Running Time: 0.20 (seconds)

Standard Error:
