Standard Output:
./concorde -o /home/chongjiu/concorde_uncomplete_graph/x5/nei/solution/random154.sol /home/chongjiu/concorde_uncomplete_graph/x5/nei/mat/random154.tsp
Host: ubuntu  Current process id: 3471374
Using random seed 1735573957
Problem Name: random154
Problem Type: TSP
Number of Nodes: 154
Explicit Lengths (CC_MATRIXNORM)
Set initial upperbound to 969 (from tour)
  LP Value  1: 943.683333  (0.01 seconds)
  LP Value  2: 966.916667  (0.02 seconds)
  LP Value  3: 968.500000  (0.04 seconds)
  LP Value  4: 969.000000  (0.05 seconds)
New lower bound: 969.000000
Final lower bound 969.000000, upper bound 969.000000
Exact lower bound: 969.000000
DIFF: 0.000000
Final LP has 220 rows, 358 columns, 1973 nonzeros
Optimal Solution: 969.00
Number of bbnodes: 1
Total Running Time: 0.12 (seconds)

Standard Error:
