Standard Output:
./concorde -o /home/chongjiu/concorde_uncomplete_graph/x5/nei/solution/random162.sol /home/chongjiu/concorde_uncomplete_graph/x5/nei/mat/random162.tsp
Host: ubuntu  Current process id: 3471430
Using random seed 1735573959
Problem Name: random162
Problem Type: TSP
Number of Nodes: 162
Explicit Lengths (CC_MATRIXNORM)
Set initial upperbound to 992 (from tour)
  LP Value  1: 954.750000  (0.01 seconds)
  LP Value  2: 975.333333  (0.03 seconds)
  LP Value  3: 985.011494  (0.06 seconds)
  LP Value  4: 989.000000  (0.09 seconds)
  LP Value  5: 989.333333  (0.11 seconds)
  LP Value  6: 989.666667  (0.14 seconds)
  LP Value  7: 990.000000  (0.25 seconds)
  LP Value  8: 990.403877  (0.27 seconds)
  LP Value  9: 990.666667  (1.50 seconds)
  LP Value 10: 990.875000  (1.64 seconds)
  LP Value 11: 990.878378  (1.82 seconds)
New lower bound: 990.878378
Final lower bound 990.878378, upper bound 992.000000
Exact lower bound: 990.878378
DIFF: 0.000000
Time for Total: 1.84 seconds (1.84 total in 1 calls)
Final LP has 260 rows, 324 columns, 3108 nonzeros
LOWER BOUND: 990.878378   ACTIVE NODES: 1

Task 0: Branching on node 0
BBnode 0 split into 1 (991.09) 2 (991.33X) (0.09 seconds)
Child 1 is pruned
LOWER BOUND: 991.090909   ACTIVE NODES: 1

Task 1: Cutting on node 1
Writing Pool: 191 cuts
BBnode 1 (now 3) can be pruned: upperbound 992.00 (0.03 seconds)

Task 2: Exit
Optimal Solution: 992.00
Number of bbnodes: 3
Total Running Time: 2.03 (seconds)  Branching Time: 0.11 (seconds)

Standard Error:
