Standard Output:
./concorde -o /home/chongjiu/concorde_uncomplete_graph/x5/nei/solution/random53.sol /home/chongjiu/concorde_uncomplete_graph/x5/nei/mat/random53.tsp
Host: ubuntu  Current process id: 3470957
Using random seed 1735573930
Problem Name: random53
Problem Type: TSP
Number of Nodes: 53
Explicit Lengths (CC_MATRIXNORM)
Set initial upperbound to 531 (from tour)
  LP Value  1: 506.000000  (0.00 seconds)
  LP Value  2: 525.833333  (0.00 seconds)
  LP Value  3: 531.000000  (0.01 seconds)
New lower bound: 531.000000
Final lower bound 531.000000, upper bound 531.000000
Exact lower bound: 531.000000
DIFF: 0.000000
Final LP has 82 rows, 167 columns, 1669 nonzeros
Optimal Solution: 531.00
Number of bbnodes: 1
Total Running Time: 0.02 (seconds)

Standard Error:
