Standard Output:
./concorde -o /home/chongjiu/concorde_uncomplete_graph/x5/nei/solution/random73.sol /home/chongjiu/concorde_uncomplete_graph/x5/nei/mat/random73.tsp
Host: ubuntu  Current process id: 3471015
Using random seed 1735573931
Problem Name: random73
Problem Type: TSP
Number of Nodes: 73
Explicit Lengths (CC_MATRIXNORM)
Set initial upperbound to 727 (from tour)
  LP Value  1: 713.500000  (0.00 seconds)
  LP Value  2: 722.300000  (0.01 seconds)
  LP Value  3: 724.100000  (0.02 seconds)
  LP Value  4: 724.476190  (0.03 seconds)
  LP Value  5: 725.000000  (0.04 seconds)
  LP Value  6: 725.294118  (0.05 seconds)
  LP Value  7: 726.187500  (0.06 seconds)
  LP Value  8: 726.428571  (0.07 seconds)
  LP Value  9: 727.000000  (0.08 seconds)
New lower bound: 727.000000
Final lower bound 727.000000, upper bound 727.000000
Exact lower bound: 727.000000
DIFF: 0.000000
Final LP has 136 rows, 190 columns, 2003 nonzeros
Optimal Solution: 727.00
Number of bbnodes: 1
Total Running Time: 0.10 (seconds)

Standard Error:
