Standard Output:
./concorde -o /home/chongjiu/concorde_uncomplete_graph/x5/nei/solution/random125.sol /home/chongjiu/concorde_uncomplete_graph/x5/nei/mat/random125.tsp
Host: ubuntu  Current process id: 3471211
Using random seed 1735573943
Problem Name: random125
Problem Type: TSP
Number of Nodes: 125
Explicit Lengths (CC_MATRIXNORM)
Set initial upperbound to 891 (from tour)
  LP Value  1: 868.500000  (0.01 seconds)
  LP Value  2: 885.500000  (0.02 seconds)
  LP Value  3: 889.766667  (0.03 seconds)
  LP Value  4: 890.000000  (0.04 seconds)
  LP Value  5: 890.166667  (0.06 seconds)
  LP Value  6: 890.333333  (0.07 seconds)
  LP Value  7: 890.666667  (0.09 seconds)
  LP Value  8: 890.892857  (0.10 seconds)
  LP Value  9: 891.000000  (0.10 seconds)
New lower bound: 891.000000
Final lower bound 891.000000, upper bound 891.000000
Exact lower bound: 891.000000
DIFF: 0.000000
Final LP has 182 rows, 321 columns, 1734 nonzeros
Optimal Solution: 891.00
Number of bbnodes: 1
Total Running Time: 0.17 (seconds)

Standard Error:
