Standard Output:
./concorde -o /home/chongjiu/concorde_uncomplete_graph/x5/nei/solution/random48.sol /home/chongjiu/concorde_uncomplete_graph/x5/nei/mat/random48.tsp
Host: ubuntu  Current process id: 3470941
Using random seed 1735573930
Problem Name: random48
Problem Type: TSP
Number of Nodes: 48
Explicit Lengths (CC_MATRIXNORM)
Set initial upperbound to 577 (from tour)
  LP Value  1: 550.000000  (0.00 seconds)
  LP Value  2: 577.000000  (0.00 seconds)
New lower bound: 577.000000
Final lower bound 577.000000, upper bound 577.000000
Exact lower bound: 577.000000
DIFF: 0.000000
Final LP has 55 rows, 127 columns, 364 nonzeros
Optimal Solution: 577.00
Number of bbnodes: 1
Total Running Time: 0.02 (seconds)

Standard Error:
