Standard Output:
./concorde -o /home/chongjiu/concorde_uncomplete_graph/x5/nei/solution/random121.sol /home/chongjiu/concorde_uncomplete_graph/x5/nei/mat/random121.tsp
Host: ubuntu  Current process id: 3471197
Using random seed 1735573942
Problem Name: random121
Problem Type: TSP
Number of Nodes: 121
Explicit Lengths (CC_MATRIXNORM)
Set initial upperbound to 845 (from tour)
  LP Value  1: 810.500000  (0.01 seconds)
  LP Value  2: 843.444444  (0.02 seconds)
  LP Value  3: 845.000000  (0.04 seconds)
New lower bound: 845.000000
Final lower bound 845.000000, upper bound 845.000000
Exact lower bound: 845.000000
DIFF: 0.000000
Final LP has 203 rows, 359 columns, 4506 nonzeros
Optimal Solution: 845.00
Number of bbnodes: 1
Total Running Time: 0.09 (seconds)

Standard Error:
