Standard Output:
./concorde -o /home/chongjiu/concorde_test/solution/random90.sol /home/chongjiu/concorde_test/mat/random90.tsp
Host: ubuntu  Current process id: 1982466
Using random seed 1733472712
Problem Name: random90
Problem Type: TSP
Number of Nodes: 90
Explicit Lengths (CC_MATRIXNORM)
Set initial upperbound to 715 (from tour)
  LP Value  1: 665.000000  (0.01 seconds)
  LP Value  2: 712.166667  (0.03 seconds)
  LP Value  3: 714.006993  (0.05 seconds)
  LP Value  4: 715.000000  (0.06 seconds)
New lower bound: 715.000000
Final lower bound 715.000000, upper bound 715.000000
Exact lower bound: 715.000000
DIFF: 0.000000
Final LP has 157 rows, 289 columns, 2656 nonzeros
Optimal Solution: 715.00
Number of bbnodes: 1
Total Running Time: 0.12 (seconds)

Standard Error:
