Standard Output:
./concorde -o /home/chongjiu/concorde_uncomplete_graph/x5/nei/solution/random147.sol /home/chongjiu/concorde_uncomplete_graph/x5/nei/mat/random147.tsp
Host: ubuntu  Current process id: 3471353
Using random seed 1735573954
Problem Name: random147
Problem Type: TSP
Number of Nodes: 147
Explicit Lengths (CC_MATRIXNORM)
Set initial upperbound to 957 (from tour)
  LP Value  1: 920.500000  (0.01 seconds)
  LP Value  2: 944.000000  (0.02 seconds)
  LP Value  3: 949.375000  (0.04 seconds)
  LP Value  4: 951.656250  (0.08 seconds)
  LP Value  5: 954.380952  (0.13 seconds)
  LP Value  6: 955.571429  (0.17 seconds)
  LP Value  7: 956.125000  (0.19 seconds)
  LP Value  8: 956.416667  (0.30 seconds)
  LP Value  9: 956.505376  (0.40 seconds)
  LP Value 10: 956.583529  (0.52 seconds)
  LP Value 11: 956.857143  (0.55 seconds)
  LP Value 12: 957.000000  (0.56 seconds)
recomputing rownorms ...
  LP Value 13: 957.000000  (0.57 seconds)
New lower bound: 957.000000
Final lower bound 957.000000, upper bound 957.000000
Exact lower bound: 957.000000
DIFF: 0.000000
Final LP has 275 rows, 421 columns, 3668 nonzeros
Optimal Solution: 957.00
Number of bbnodes: 1
Total Running Time: 0.63 (seconds)

Standard Error:
