Standard Output:
./concorde -o /home/chongjiu/concorde_uncomplete_graph/x5/nei/solution/random55.sol /home/chongjiu/concorde_uncomplete_graph/x5/nei/mat/random55.tsp
Host: ubuntu  Current process id: 3470965
Using random seed 1735573930
Problem Name: random55
Problem Type: TSP
Number of Nodes: 55
Explicit Lengths (CC_MATRIXNORM)
Set initial upperbound to 596 (from tour)
  LP Value  1: 565.000000  (0.00 seconds)
  LP Value  2: 592.153846  (0.01 seconds)
  LP Value  3: 595.454545  (0.01 seconds)
  LP Value  4: 596.000000  (0.01 seconds)
New lower bound: 596.000000
Final lower bound 596.000000, upper bound 596.000000
Exact lower bound: 596.000000
DIFF: 0.000000
Final LP has 95 rows, 158 columns, 1165 nonzeros
Optimal Solution: 596.00
Number of bbnodes: 1
Total Running Time: 0.03 (seconds)

Standard Error:
