Standard Output:
./concorde -o /home/chongjiu/concorde_uncomplete_graph/x5/nei/solution/random98.sol /home/chongjiu/concorde_uncomplete_graph/x5/nei/mat/random98.tsp
Host: ubuntu  Current process id: 3471094
Using random seed 1735573934
Problem Name: random98
Problem Type: TSP
Number of Nodes: 98
Explicit Lengths (CC_MATRIXNORM)
Set initial upperbound to 764 (from tour)
  LP Value  1: 733.000000  (0.00 seconds)
  LP Value  2: 756.714286  (0.01 seconds)
  LP Value  3: 760.666667  (0.01 seconds)
  LP Value  4: 761.500000  (0.02 seconds)
  LP Value  5: 762.333333  (0.03 seconds)
  LP Value  6: 762.666667  (0.05 seconds)
  LP Value  7: 762.960784  (0.06 seconds)
  LP Value  8: 763.358696  (0.08 seconds)
  LP Value  9: 763.750000  (0.11 seconds)
  LP Value 10: 763.960000  (0.13 seconds)
  LP Value 11: 764.000000  (0.13 seconds)
recomputing rownorms ...
  LP Value 12: 764.000000  (0.14 seconds)
New lower bound: 763.939394
Final lower bound 763.939394, upper bound 764.000000
Exact lower bound: 763.939394
DIFF: 0.000000
Final LP has 171 rows, 268 columns, 2196 nonzeros
Optimal Solution: 764.00
Number of bbnodes: 1
Total Running Time: 0.17 (seconds)

Standard Error:
