Standard Output:
./concorde -o /home/chongjiu/concorde_uncomplete_graph/x5/nei/solution/random59.sol /home/chongjiu/concorde_uncomplete_graph/x5/nei/mat/random59.tsp
Host: ubuntu  Current process id: 3470976
Using random seed 1735573930
Problem Name: random59
Problem Type: TSP
Number of Nodes: 59
Explicit Lengths (CC_MATRIXNORM)
Set initial upperbound to 602 (from tour)
  LP Value  1: 570.500000  (0.00 seconds)
  LP Value  2: 595.000000  (0.00 seconds)
  LP Value  3: 600.000000  (0.01 seconds)
  LP Value  4: 600.571429  (0.01 seconds)
  LP Value  5: 601.000000  (0.01 seconds)
recomputing rownorms ...
  LP Value  6: 601.000000  (0.01 seconds)
New lower bound: 601.000000
New upperbound from x-heuristic: 601.00
Final lower bound 601.000000, upper bound 601.000000
Exact lower bound: 601.000000
DIFF: 0.000000
Final LP has 79 rows, 153 columns, 521 nonzeros
Optimal Solution: 601.00
Number of bbnodes: 1
Total Running Time: 0.03 (seconds)

Standard Error:
