Standard Output:
./concorde -o /home/chongjiu/concorde_uncomplete_graph/x5/nei/solution/random74.sol /home/chongjiu/concorde_uncomplete_graph/x5/nei/mat/random74.tsp
Host: ubuntu  Current process id: 3471017
Using random seed 1735573931
Problem Name: random74
Problem Type: TSP
Number of Nodes: 74
Explicit Lengths (CC_MATRIXNORM)
Set initial upperbound to 684 (from tour)
  LP Value  1: 673.500000  (0.00 seconds)
  LP Value  2: 683.250000  (0.00 seconds)
  LP Value  3: 684.000000  (0.00 seconds)
New lower bound: 684.000000
Final lower bound 684.000000, upper bound 684.000000
Exact lower bound: 684.000000
DIFF: 0.000000
Final LP has 92 rows, 207 columns, 640 nonzeros
Optimal Solution: 684.00
Number of bbnodes: 1
Total Running Time: 0.03 (seconds)

Standard Error:
