Standard Output:
./concorde -o /home/chongjiu/concorde_uncomplete_graph/x5/nei/solution/random157.sol /home/chongjiu/concorde_uncomplete_graph/x5/nei/mat/random157.tsp
Host: ubuntu  Current process id: 3471392
Using random seed 1735573958
Problem Name: random157
Problem Type: TSP
Number of Nodes: 157
Explicit Lengths (CC_MATRIXNORM)
Set initial upperbound to 965 (from tour)
  LP Value  1: 936.000000  (0.01 seconds)
  LP Value  2: 962.071429  (0.02 seconds)
  LP Value  3: 965.000000  (0.03 seconds)
New lower bound: 965.000000
Final lower bound 965.000000, upper bound 965.000000
Exact lower bound: 965.000000
DIFF: 0.000000
Final LP has 218 rows, 389 columns, 2618 nonzeros
Optimal Solution: 965.00
Number of bbnodes: 1
Total Running Time: 0.11 (seconds)

Standard Error:
