Standard Output:
./concorde -o /home/chongjiu/concorde_test/solution/random84.sol /home/chongjiu/concorde_test/mat/random84.tsp
Host: ubuntu  Current process id: 1982427
Using random seed 1733472711
Problem Name: random84
Problem Type: TSP
Number of Nodes: 84
Explicit Lengths (CC_MATRIXNORM)
Set initial upperbound to 711 (from tour)
  LP Value  1: 670.833333  (0.01 seconds)
  LP Value  2: 700.500000  (0.01 seconds)
  LP Value  3: 710.000000  (0.03 seconds)
  LP Value  4: 711.000000  (0.03 seconds)
New lower bound: 711.000000
Final lower bound 711.000000, upper bound 711.000000
Exact lower bound: 711.000000
DIFF: 0.000000
Final LP has 122 rows, 253 columns, 1937 nonzeros
Optimal Solution: 711.00
Number of bbnodes: 1
Total Running Time: 0.07 (seconds)

Standard Error:
