Standard Output:
./concorde -o /home/chongjiu/concorde_uncomplete_graph/x5/nei/solution/random52.sol /home/chongjiu/concorde_uncomplete_graph/x5/nei/mat/random52.tsp
Host: ubuntu  Current process id: 3470949
Using random seed 1735573930
Problem Name: random52
Problem Type: TSP
Number of Nodes: 52
Explicit Lengths (CC_MATRIXNORM)
Set initial upperbound to 604 (from tour)
  LP Value  1: 566.500000  (0.00 seconds)
  LP Value  2: 590.500000  (0.00 seconds)
  LP Value  3: 600.000000  (0.01 seconds)
  LP Value  4: 603.000000  (0.02 seconds)
  LP Value  5: 603.200000  (0.03 seconds)
  LP Value  6: 603.666667  (0.03 seconds)
  LP Value  7: 603.733333  (0.04 seconds)
  LP Value  8: 603.857143  (0.05 seconds)
  LP Value  9: 603.909091  (0.05 seconds)
  LP Value 10: 604.000000  (0.06 seconds)
recomputing rownorms ...
  LP Value 11: 604.000000  (0.06 seconds)
New lower bound: 604.000000
Final lower bound 604.000000, upper bound 604.000000
Exact lower bound: 604.000000
DIFF: 0.000000
Final LP has 95 rows, 172 columns, 1113 nonzeros
Optimal Solution: 604.00
Number of bbnodes: 1
Total Running Time: 0.08 (seconds)

Standard Error:
