Standard Output:
./concorde -o /home/chongjiu/concorde_uncomplete_graph/x5/nei/solution/random155.sol /home/chongjiu/concorde_uncomplete_graph/x5/nei/mat/random155.tsp
Host: ubuntu  Current process id: 3471388
Using random seed 1735573957
Problem Name: random155
Problem Type: TSP
Number of Nodes: 155
Explicit Lengths (CC_MATRIXNORM)
Set initial upperbound to 968 (from tour)
  LP Value  1: 935.500000  (0.00 seconds)
  LP Value  2: 960.750000  (0.02 seconds)
  LP Value  3: 966.766667  (0.04 seconds)
  LP Value  4: 967.500000  (0.05 seconds)
  LP Value  5: 968.000000  (0.07 seconds)
New lower bound: 968.000000
Final lower bound 968.000000, upper bound 968.000000
Exact lower bound: 968.000000
DIFF: 0.000000
Final LP has 229 rows, 375 columns, 2180 nonzeros
Optimal Solution: 968.00
Number of bbnodes: 1
Total Running Time: 0.14 (seconds)

Standard Error:
