Standard Output:
./concorde -o /home/chongjiu/concorde_uncomplete_graph/x5/nei/solution/random56.sol /home/chongjiu/concorde_uncomplete_graph/x5/nei/mat/random56.tsp
Host: ubuntu  Current process id: 3470967
Using random seed 1735573930
Problem Name: random56
Problem Type: TSP
Number of Nodes: 56
Explicit Lengths (CC_MATRIXNORM)
Set initial upperbound to 614 (from tour)
  LP Value  1: 569.000000  (0.00 seconds)
  LP Value  2: 599.000000  (0.00 seconds)
  LP Value  3: 614.000000  (0.01 seconds)
New lower bound: 614.000000
Final lower bound 614.000000, upper bound 614.000000
Exact lower bound: 614.000000
DIFF: 0.000000
Final LP has 81 rows, 178 columns, 916 nonzeros
Optimal Solution: 614.00
Number of bbnodes: 1
Total Running Time: 0.03 (seconds)

Standard Error:
