Standard Output:
./concorde -o /home/chongjiu/concorde_uncomplete_graph/x5/nei/solution/random120.sol /home/chongjiu/concorde_uncomplete_graph/x5/nei/mat/random120.tsp
Host: ubuntu  Current process id: 3471191
Using random seed 1735573941
Problem Name: random120
Problem Type: TSP
Number of Nodes: 120
Explicit Lengths (CC_MATRIXNORM)
Set initial upperbound to 829 (from tour)
  LP Value  1: 770.000000  (0.01 seconds)
  LP Value  2: 815.500000  (0.02 seconds)
  LP Value  3: 820.500000  (0.04 seconds)
  LP Value  4: 823.104895  (0.08 seconds)
  LP Value  5: 823.458333  (0.09 seconds)
  LP Value  6: 823.939911  (0.11 seconds)
  LP Value  7: 824.267949  (0.14 seconds)
  LP Value  8: 824.654386  (0.16 seconds)
  LP Value  9: 825.000000  (0.18 seconds)
  LP Value 10: 825.000000  (0.20 seconds)
New lower bound: 824.936364
Final lower bound 824.936364, upper bound 829.000000
Exact lower bound: 824.936364
DIFF: 0.000000
Time for Total: 0.22 seconds (0.22 total in 1 calls)
Final LP has 233 rows, 301 columns, 3355 nonzeros
LOWER BOUND: 824.936364   ACTIVE NODES: 1

Task 0: Branching on node 0
BBnode 0 split into 1 (824.94) 2 (827.00) (0.00 seconds)
LOWER BOUND: 824.936364   ACTIVE NODES: 2

Task 1: Cutting on node 1
Writing Pool: 206 cuts
BBnode 1 (now 3) done cutting: lowerbound 825.80 (0.55 seconds)
LOWER BOUND: 825.800000   ACTIVE NODES: 2

Task 2: Branching on node 3
BBnode 3 split into 4 (827.32) 5 (827.57) (0.14 seconds)
LOWER BOUND: 827.000000   ACTIVE NODES: 3

Task 3: Cutting on node 2
Writing Pool: 218 cuts
BBnode 2 (now 6) can be pruned: upperbound 829.00 (0.02 seconds)
LOWER BOUND: 827.322352   ACTIVE NODES: 2

Task 4: Cutting on node 4
New upperbound from x-heuristic: 828.00
TOUR FOUND - upperbound is 828.00
Writing Pool: 235 cuts
BBnode 4 (now 7) can be pruned: upperbound 828.00 (0.07 seconds)
LOWER BOUND: 827.567492   ACTIVE NODES: 1

Task 5: Cutting on node 5
Do not cut, the lp is within 1.0 of the upperbound
Writing Pool: 235 cuts
BBnode 5 (now 8) can be pruned: upperbound 828.00 (0.00 seconds)

Task 6: Exit
Optimal Solution: 828.00
Number of bbnodes: 5
Total Running Time: 1.06 (seconds)  Branching Time: 0.78 (seconds)

Standard Error:
