Standard Output:
./concorde -o /home/chongjiu/concorde_uncomplete_graph/x5/nei/solution/random102.sol /home/chongjiu/concorde_uncomplete_graph/x5/nei/mat/random102.tsp
Host: ubuntu  Current process id: 3471105
Using random seed 1735573935
Problem Name: random102
Problem Type: TSP
Number of Nodes: 102
Explicit Lengths (CC_MATRIXNORM)
Set initial upperbound to 797 (from tour)
  LP Value  1: 781.750000  (0.01 seconds)
  LP Value  2: 793.875000  (0.02 seconds)
  LP Value  3: 795.000000  (0.02 seconds)
  LP Value  4: 797.000000  (0.03 seconds)
recomputing rownorms ...
  LP Value  5: 797.000000  (0.03 seconds)
New lower bound: 797.000000
Final lower bound 797.000000, upper bound 797.000000
Exact lower bound: 797.000000
DIFF: 0.000000
Final LP has 157 rows, 253 columns, 1172 nonzeros
Optimal Solution: 797.00
Number of bbnodes: 1
Total Running Time: 0.08 (seconds)

Standard Error:
