Standard Output:
./concorde -o /home/chongjiu/concorde_uncomplete_graph/x5/nei/solution/random54.sol /home/chongjiu/concorde_uncomplete_graph/x5/nei/mat/random54.tsp
Host: ubuntu  Current process id: 3470963
Using random seed 1735573930
Problem Name: random54
Problem Type: TSP
Number of Nodes: 54
Explicit Lengths (CC_MATRIXNORM)
Set initial upperbound to 562 (from tour)
  LP Value  1: 511.500000  (0.00 seconds)
  LP Value  2: 538.500000  (0.01 seconds)
  LP Value  3: 557.000000  (0.01 seconds)
  LP Value  4: 562.000000  (0.02 seconds)
New lower bound: 562.000000
Final lower bound 562.000000, upper bound 562.000000
Exact lower bound: 562.000000
DIFF: 0.000000
Final LP has 91 rows, 197 columns, 1381 nonzeros
Optimal Solution: 562.00
Number of bbnodes: 1
Total Running Time: 0.04 (seconds)

Standard Error:
