Standard Output:
./concorde -o /home/chongjiu/concorde_uncomplete_graph/x5/nei/solution/random160.sol /home/chongjiu/concorde_uncomplete_graph/x5/nei/mat/random160.tsp
Host: ubuntu  Current process id: 3471423
Using random seed 1735573959
Problem Name: random160
Problem Type: TSP
Number of Nodes: 160
Explicit Lengths (CC_MATRIXNORM)
Set initial upperbound to 963 (from tour)
  LP Value  1: 928.500000  (0.01 seconds)
  LP Value  2: 957.500000  (0.03 seconds)
  LP Value  3: 962.150000  (0.04 seconds)
  LP Value  4: 963.000000  (0.06 seconds)
New lower bound: 963.000000
Final lower bound 963.000000, upper bound 963.000000
Exact lower bound: 963.000000
DIFF: 0.000000
Final LP has 252 rows, 408 columns, 2223 nonzeros
Optimal Solution: 963.00
Number of bbnodes: 1
Total Running Time: 0.14 (seconds)

Standard Error:
