Standard Output:
./concorde -o /home/chongjiu/concorde_uncomplete_graph/x5/nei/solution/random189.sol /home/chongjiu/concorde_uncomplete_graph/x5/nei/mat/random189.tsp
Host: ubuntu  Current process id: 3471586
Using random seed 1735573973
Problem Name: random189
Problem Type: TSP
Number of Nodes: 189
Explicit Lengths (CC_MATRIXNORM)
Set initial upperbound to 1049 (from tour)
  LP Value  1: 997.000000  (0.01 seconds)
  LP Value  2: 1045.071429  (0.04 seconds)
  LP Value  3: 1048.425926  (0.08 seconds)
  LP Value  4: 1049.000000  (0.08 seconds)
New lower bound: 1049.000000
Final lower bound 1049.000000, upper bound 1049.000000
Exact lower bound: 1049.000000
DIFF: 0.000000
Final LP has 272 rows, 473 columns, 2098 nonzeros
Optimal Solution: 1049.00
Number of bbnodes: 1
Total Running Time: 0.20 (seconds)

Standard Error:
