Standard Output:
./concorde -o /home/chongjiu/concorde_test/solution/random126.sol /home/chongjiu/concorde_test/mat/random126.tsp
Host: ubuntu  Current process id: 1982838
Using random seed 1733472720
Problem Name: random126
Problem Type: TSP
Number of Nodes: 126
Explicit Lengths (CC_MATRIXNORM)
Set initial upperbound to 863 (from tour)
  LP Value  1: 828.000000  (0.01 seconds)
  LP Value  2: 852.050000  (0.03 seconds)
  LP Value  3: 857.153846  (0.05 seconds)
  LP Value  4: 858.800000  (0.07 seconds)
  LP Value  5: 859.000000  (0.09 seconds)
  LP Value  6: 859.875000  (0.11 seconds)
  LP Value  7: 860.000000  (0.16 seconds)
  LP Value  8: 860.428571  (0.18 seconds)
  LP Value  9: 860.928118  (0.35 seconds)
  LP Value 10: 861.102564  (0.49 seconds)
  LP Value 11: 861.804348  (0.52 seconds)
  LP Value 12: 862.019905  (0.64 seconds)
  LP Value 13: 862.125300  (0.80 seconds)
  LP Value 14: 862.315958  (0.97 seconds)
  LP Value 15: 862.331181  (1.11 seconds)
New lower bound: 862.331181
Final lower bound 862.331181, upper bound 863.000000
Exact lower bound: 862.331180
DIFF: 0.000000
Final LP has 232 rows, 433 columns, 6546 nonzeros
Optimal Solution: 863.00
Number of bbnodes: 1
Total Running Time: 1.20 (seconds)

Standard Error:
