Standard Output:
./concorde -o /home/chongjiu/concorde_uncomplete_graph/x5/nei/solution/random112.sol /home/chongjiu/concorde_uncomplete_graph/x5/nei/mat/random112.tsp
Host: ubuntu  Current process id: 3471165
Using random seed 1735573939
Problem Name: random112
Problem Type: TSP
Number of Nodes: 112
Explicit Lengths (CC_MATRIXNORM)
Set initial upperbound to 837 (from tour)
  LP Value  1: 812.500000  (0.01 seconds)
  LP Value  2: 835.500000  (0.02 seconds)
  LP Value  3: 836.916667  (0.02 seconds)
  LP Value  4: 837.000000  (0.02 seconds)
recomputing rownorms ...
  LP Value  5: 837.000000  (0.02 seconds)
New lower bound: 837.000000
Final lower bound 837.000000, upper bound 837.000000
Exact lower bound: 837.000000
DIFF: 0.000000
Final LP has 161 rows, 288 columns, 1117 nonzeros
Optimal Solution: 837.00
Number of bbnodes: 1
Total Running Time: 0.07 (seconds)

Standard Error:
