Standard Output:
./concorde -o /home/chongjiu/concorde_uncomplete_graph/x5/nei/solution/random83.sol /home/chongjiu/concorde_uncomplete_graph/x5/nei/mat/random83.tsp
Host: ubuntu  Current process id: 3471035
Using random seed 1735573932
Problem Name: random83
Problem Type: TSP
Number of Nodes: 83
Explicit Lengths (CC_MATRIXNORM)
Set initial upperbound to 651 (from tour)
  LP Value  1: 629.000000  (0.00 seconds)
  LP Value  2: 644.333333  (0.01 seconds)
  LP Value  3: 647.400000  (0.01 seconds)
  LP Value  4: 648.000000  (0.01 seconds)
recomputing rownorms ...
  LP Value  5: 648.000000  (0.01 seconds)
New lower bound: 648.000000
New upperbound from x-heuristic: 648.00
Final lower bound 648.000000, upper bound 648.000000
Exact lower bound: 648.000000
DIFF: 0.000000
Final LP has 113 rows, 191 columns, 688 nonzeros
Optimal Solution: 648.00
Number of bbnodes: 1
Total Running Time: 0.04 (seconds)

Standard Error:
