Standard Output:
./concorde -o /home/chongjiu/concorde_uncomplete_graph/x5/nei/solution/random25.sol /home/chongjiu/concorde_uncomplete_graph/x5/nei/mat/random25.tsp
Host: ubuntu  Current process id: 3470892
Using random seed 1735573929
Problem Name: random25
Problem Type: TSP
Number of Nodes: 25
Explicit Lengths (CC_MATRIXNORM)
Set initial upperbound to 361 (from tour)
  LP Value  1: 312.000000  (0.00 seconds)
  LP Value  2: 356.000000  (0.00 seconds)
  LP Value  3: 361.000000  (0.00 seconds)
New lower bound: 361.000000
Final lower bound 361.000000, upper bound 361.000000
Exact lower bound: 361.000000
DIFF: 0.000000
Final LP has 38 rows, 67 columns, 324 nonzeros
Optimal Solution: 361.00
Number of bbnodes: 1
Total Running Time: 0.00 (seconds)

Standard Error:
