Standard Output:
./concorde -o /home/chongjiu/concorde_uncomplete_graph/x5/nei/solution/random45.sol /home/chongjiu/concorde_uncomplete_graph/x5/nei/mat/random45.tsp
Host: ubuntu  Current process id: 3470935
Using random seed 1735573930
Problem Name: random45
Problem Type: TSP
Number of Nodes: 45
Explicit Lengths (CC_MATRIXNORM)
Set initial upperbound to 526 (from tour)
  LP Value  1: 509.000000  (0.00 seconds)
  LP Value  2: 524.000000  (0.01 seconds)
  LP Value  3: 526.000000  (0.01 seconds)
New lower bound: 526.000000
Final lower bound 526.000000, upper bound 526.000000
Exact lower bound: 526.000000
DIFF: 0.000000
Final LP has 72 rows, 118 columns, 693 nonzeros
Optimal Solution: 526.00
Number of bbnodes: 1
Total Running Time: 0.02 (seconds)

Standard Error:
