Standard Output:
./concorde -o /home/chongjiu/concorde_test/solution/random187.sol /home/chongjiu/concorde_test/mat/random187.tsp
Host: ubuntu  Current process id: 1984361
Using random seed 1733472756
Problem Name: random187
Problem Type: TSP
Number of Nodes: 187
Explicit Lengths (CC_MATRIXNORM)
Set initial upperbound to 1024 (from tour)
  LP Value  1: 990.250000  (0.03 seconds)
  LP Value  2: 1018.666667  (0.09 seconds)
  LP Value  3: 1022.000000  (0.18 seconds)
  LP Value  4: 1022.250000  (0.21 seconds)
  LP Value  5: 1022.617722  (0.30 seconds)
  LP Value  6: 1023.000000  (0.33 seconds)
recomputing rownorms ...
  LP Value  7: 1023.000000  (0.34 seconds)
New lower bound: 1023.000000
New upperbound from x-heuristic: 1023.00
Final lower bound 1023.000000, upper bound 1023.000000
Exact lower bound: 1023.000000
DIFF: 0.000000
Final LP has 284 rows, 498 columns, 2466 nonzeros
Optimal Solution: 1023.00
Number of bbnodes: 1
Total Running Time: 0.48 (seconds)

Standard Error:
