Standard Output:
./concorde -o /home/chongjiu/concorde_uncomplete_graph/x5/nei/solution/random172.sol /home/chongjiu/concorde_uncomplete_graph/x5/nei/mat/random172.tsp
Host: ubuntu  Current process id: 3471494
Using random seed 1735573966
Problem Name: random172
Problem Type: TSP
Number of Nodes: 172
Explicit Lengths (CC_MATRIXNORM)
Set initial upperbound to 967 (from tour)
  LP Value  1: 921.500000  (0.01 seconds)
  LP Value  2: 955.750000  (0.03 seconds)
  LP Value  3: 962.000000  (0.06 seconds)
  LP Value  4: 962.750000  (0.08 seconds)
  LP Value  5: 963.333333  (0.11 seconds)
  LP Value  6: 963.500000  (0.14 seconds)
  LP Value  7: 964.000000  (0.16 seconds)
  LP Value  8: 964.375000  (0.20 seconds)
  LP Value  9: 964.583309  (0.32 seconds)
  LP Value 10: 965.099345  (0.38 seconds)
  LP Value 11: 965.515479  (0.53 seconds)
  LP Value 12: 965.593407  (0.63 seconds)
  LP Value 13: 965.640573  (0.78 seconds)
  LP Value 14: 965.769231  (0.84 seconds)
  LP Value 15: 965.794118  (0.97 seconds)
  LP Value 16: 965.894737  (1.06 seconds)
  LP Value 17: 965.903226  (1.15 seconds)
New lower bound: 965.903226
Final lower bound 965.903226, upper bound 967.000000
Exact lower bound: 965.903226
DIFF: 0.000000
Time for Total: 1.17 seconds (1.17 total in 1 calls)
Final LP has 289 rows, 368 columns, 4613 nonzeros
LOWER BOUND: 965.903226   ACTIVE NODES: 1

Task 0: Branching on node 0
BBnode 0 split into 1 (968.60X) 2 (966.49X) (0.14 seconds)
Child 0 is pruned
Child 1 is pruned

Task 1: Exit
Optimal Solution: 967.00
Number of bbnodes: 3
Total Running Time: 1.41 (seconds)  Branching Time: 0.14 (seconds)

Standard Error:
