Standard Output:
./concorde -o /home/chongjiu/concorde_uncomplete_graph/x5/nei/solution/random152.sol /home/chongjiu/concorde_uncomplete_graph/x5/nei/mat/random152.tsp
Host: ubuntu  Current process id: 3471370
Using random seed 1735573956
Problem Name: random152
Problem Type: TSP
Number of Nodes: 152
Explicit Lengths (CC_MATRIXNORM)
Set initial upperbound to 969 (from tour)
  LP Value  1: 943.000000  (0.01 seconds)
  LP Value  2: 962.750000  (0.03 seconds)
  LP Value  3: 965.500000  (0.05 seconds)
  LP Value  4: 966.352548  (0.08 seconds)
  LP Value  5: 966.785714  (0.10 seconds)
  LP Value  6: 966.962963  (0.14 seconds)
  LP Value  7: 967.000000  (0.18 seconds)
  LP Value  8: 967.667800  (0.19 seconds)
  LP Value  9: 968.000000  (0.21 seconds)
  LP Value 10: 968.250000  (0.25 seconds)
  LP Value 11: 968.500000  (0.29 seconds)
  LP Value 12: 968.500000  (0.34 seconds)
  LP Value 13: 968.666667  (0.41 seconds)
recomputing rownorms ...
  LP Value 14: 968.666667  (0.45 seconds)
New lower bound: 968.666667
Final lower bound 968.666667, upper bound 969.000000
Exact lower bound: 968.666667
DIFF: 0.000000
Final LP has 240 rows, 417 columns, 2910 nonzeros
Optimal Solution: 969.00
Number of bbnodes: 1
Total Running Time: 0.52 (seconds)

Standard Error:
