Standard Output:
./concorde -o /home/chongjiu/concorde_uncomplete_graph/x5/nei/solution/random20.sol /home/chongjiu/concorde_uncomplete_graph/x5/nei/mat/random20.tsp
Host: ubuntu  Current process id: 3470873
Using random seed 1735573929
Problem Name: random20
Problem Type: TSP
Number of Nodes: 20
Explicit Lengths (CC_MATRIXNORM)
Set initial upperbound to 360 (from tour)
  LP Value  1: 293.000000  (0.00 seconds)
  LP Value  2: 360.000000  (0.00 seconds)
New lower bound: 360.000000
Final lower bound 360.000000, upper bound 360.000000
Exact lower bound: 360.000000
DIFF: 0.000000
Final LP has 26 rows, 47 columns, 117 nonzeros
Optimal Solution: 360.00
Number of bbnodes: 1
Total Running Time: 0.01 (seconds)

Standard Error:
