Standard Output:
./concorde -o /home/chongjiu/concorde_uncomplete_graph/x5/nei/solution/random175.sol /home/chongjiu/concorde_uncomplete_graph/x5/nei/mat/random175.tsp
Host: ubuntu  Current process id: 3471520
Using random seed 1735573968
Problem Name: random175
Problem Type: TSP
Number of Nodes: 175
Explicit Lengths (CC_MATRIXNORM)
Set initial upperbound to 1041 (from tour)
  LP Value  1: 1013.500000  (0.01 seconds)
  LP Value  2: 1028.250000  (0.04 seconds)
  LP Value  3: 1035.500000  (0.08 seconds)
  LP Value  4: 1038.833333  (0.12 seconds)
  LP Value  5: 1040.400000  (0.16 seconds)
  LP Value  6: 1040.628017  (0.19 seconds)
  LP Value  7: 1041.000000  (0.23 seconds)
New lower bound: 1041.000000
Final lower bound 1041.000000, upper bound 1041.000000
Exact lower bound: 1041.000000
DIFF: 0.000000
Final LP has 269 rows, 446 columns, 4586 nonzeros
Optimal Solution: 1041.00
Number of bbnodes: 1
Total Running Time: 0.31 (seconds)

Standard Error:
