Standard Output:
./concorde -o /home/chongjiu/concorde_uncomplete_graph/x5/nei/solution/random114.sol /home/chongjiu/concorde_uncomplete_graph/x5/nei/mat/random114.tsp
Host: ubuntu  Current process id: 3471172
Using random seed 1735573939
Problem Name: random114
Problem Type: TSP
Number of Nodes: 114
Explicit Lengths (CC_MATRIXNORM)
Set initial upperbound to 805 (from tour)
  LP Value  1: 784.000000  (0.01 seconds)
  LP Value  2: 796.000000  (0.03 seconds)
  LP Value  3: 801.894737  (0.04 seconds)
  LP Value  4: 803.000000  (0.05 seconds)
  LP Value  5: 804.083333  (0.07 seconds)
  LP Value  6: 804.407115  (0.10 seconds)
  LP Value  7: 804.750000  (0.12 seconds)
  LP Value  8: 805.000000  (0.15 seconds)
recomputing rownorms ...
  LP Value  9: 805.000000  (0.15 seconds)
New lower bound: 805.000000
Final lower bound 805.000000, upper bound 805.000000
Exact lower bound: 805.000000
DIFF: 0.000000
Final LP has 197 rows, 310 columns, 2624 nonzeros
Optimal Solution: 805.00
Number of bbnodes: 1
Total Running Time: 0.21 (seconds)

Standard Error:
