Standard Output:
./concorde -o /home/chongjiu/concorde_uncomplete_graph/x5/nei/solution/random158.sol /home/chongjiu/concorde_uncomplete_graph/x5/nei/mat/random158.tsp
Host: ubuntu  Current process id: 3471394
Using random seed 1735573958
Problem Name: random158
Problem Type: TSP
Number of Nodes: 158
Explicit Lengths (CC_MATRIXNORM)
Set initial upperbound to 895 (from tour)
  LP Value  1: 857.000000  (0.01 seconds)
  LP Value  2: 887.100000  (0.05 seconds)
  LP Value  3: 890.920400  (0.10 seconds)
  LP Value  4: 892.822766  (0.14 seconds)
  LP Value  5: 893.375000  (0.17 seconds)
  LP Value  6: 893.583333  (0.19 seconds)
  LP Value  7: 893.846939  (0.23 seconds)
  LP Value  8: 894.000000  (0.27 seconds)
  LP Value  9: 894.233333  (0.30 seconds)
  LP Value 10: 894.333333  (0.34 seconds)
  LP Value 11: 894.333333  (0.38 seconds)
New lower bound: 894.333333
Final lower bound 894.333333, upper bound 895.000000
Exact lower bound: 894.333333
DIFF: 0.000000
Final LP has 281 rows, 561 columns, 6489 nonzeros
Optimal Solution: 895.00
Number of bbnodes: 1
Total Running Time: 0.46 (seconds)

Standard Error:
