Standard Output:
./concorde -o /home/chongjiu/concorde_uncomplete_graph/x5/nei/solution/random192.sol /home/chongjiu/concorde_uncomplete_graph/x5/nei/mat/random192.tsp
Host: ubuntu  Current process id: 3471611
Using random seed 1735573974
Problem Name: random192
Problem Type: TSP
Number of Nodes: 192
Explicit Lengths (CC_MATRIXNORM)
Set initial upperbound to 1062 (from tour)
  LP Value  1: 1024.166667  (0.02 seconds)
  LP Value  2: 1052.100000  (0.05 seconds)
  LP Value  3: 1056.666667  (0.09 seconds)
  LP Value  4: 1057.656250  (0.12 seconds)
  LP Value  5: 1058.333333  (0.16 seconds)
  LP Value  6: 1058.688889  (0.21 seconds)
  LP Value  7: 1058.916667  (0.27 seconds)
  LP Value  8: 1059.225000  (0.35 seconds)
  LP Value  9: 1059.428571  (0.76 seconds)
  LP Value 10: 1059.632867  (1.20 seconds)
  LP Value 11: 1059.721519  (1.44 seconds)
  LP Value 12: 1059.818182  (1.57 seconds)
  LP Value 13: 1059.869769  (1.69 seconds)
  LP Value 14: 1059.892857  (1.84 seconds)
  LP Value 15: 1059.987404  (1.98 seconds)
  LP Value 16: 1059.977580  (2.14 seconds)
New lower bound: 1059.977580
New upperbound from x-heuristic: 1061.00
Final lower bound 1059.977580, upper bound 1061.000000
Exact lower bound: 1059.977580
DIFF: 0.000000
Time for Total: 2.16 seconds (2.16 total in 1 calls)
Final LP has 312 rows, 381 columns, 4513 nonzeros
LOWER BOUND: 1059.977580   ACTIVE NODES: 1

Task 0: Branching on node 0
BBnode 0 split into 1 (1060.00) 2 (1060.72X) (0.14 seconds)
Child 1 is pruned
LOWER BOUND: 1060.000000   ACTIVE NODES: 1

Task 1: Cutting on node 1
Writing Pool: 395 cuts
BBnode 1 (now 3) can be pruned: upperbound 1061.00 (0.03 seconds)

Task 2: Exit
Optimal Solution: 1061.00
Number of bbnodes: 3
Total Running Time: 2.43 (seconds)  Branching Time: 0.18 (seconds)

Standard Error:
