Standard Output:
./concorde -o /home/chongjiu/concorde_uncomplete_graph/x5/nei/solution/random107.sol /home/chongjiu/concorde_uncomplete_graph/x5/nei/mat/random107.tsp
Host: ubuntu  Current process id: 3471115
Using random seed 1735573935
Problem Name: random107
Problem Type: TSP
Number of Nodes: 107
Explicit Lengths (CC_MATRIXNORM)
Set initial upperbound to 805 (from tour)
  LP Value  1: 763.000000  (0.00 seconds)
  LP Value  2: 791.000000  (0.00 seconds)
  LP Value  3: 797.318182  (0.01 seconds)
  LP Value  4: 800.732984  (0.03 seconds)
  LP Value  5: 801.700000  (0.05 seconds)
  LP Value  6: 802.625000  (0.06 seconds)
  LP Value  7: 804.000000  (0.07 seconds)
  LP Value  8: 805.000000  (0.11 seconds)
New lower bound: 805.000000
Final lower bound 805.000000, upper bound 805.000000
Exact lower bound: 805.000000
DIFF: 0.000000
Final LP has 218 rows, 309 columns, 3966 nonzeros
Optimal Solution: 805.00
Number of bbnodes: 1
Total Running Time: 0.16 (seconds)

Standard Error:
