Standard Output:
./concorde -o /home/chongjiu/concorde_test/solution/random99.sol /home/chongjiu/concorde_test/mat/random99.tsp
Host: ubuntu  Current process id: 1982550
Using random seed 1733472714
Problem Name: random99
Problem Type: TSP
Number of Nodes: 99
Explicit Lengths (CC_MATRIXNORM)
Set initial upperbound to 763 (from tour)
  LP Value  1: 736.916667  (0.00 seconds)
  LP Value  2: 757.083333  (0.01 seconds)
  LP Value  3: 760.833333  (0.03 seconds)
  LP Value  4: 762.000000  (0.04 seconds)
  LP Value  5: 762.500000  (0.05 seconds)
  LP Value  6: 763.000000  (0.07 seconds)
New lower bound: 763.000000
Final lower bound 763.000000, upper bound 763.000000
Exact lower bound: 763.000000
DIFF: 0.000000
Final LP has 155 rows, 237 columns, 1826 nonzeros
Optimal Solution: 763.00
Number of bbnodes: 1
Total Running Time: 0.12 (seconds)

Standard Error:
