Standard Output:
./concorde -o /home/chongjiu/concorde_uncomplete_graph/x5/nei/solution/random91.sol /home/chongjiu/concorde_uncomplete_graph/x5/nei/mat/random91.tsp
Host: ubuntu  Current process id: 3471063
Using random seed 1735573933
Problem Name: random91
Problem Type: TSP
Number of Nodes: 91
Explicit Lengths (CC_MATRIXNORM)
Set initial upperbound to 724 (from tour)
  LP Value  1: 680.000000  (0.01 seconds)
  LP Value  2: 718.000000  (0.01 seconds)
  LP Value  3: 723.000000  (0.02 seconds)
  LP Value  4: 723.666667  (0.03 seconds)
  LP Value  5: 724.000000  (0.04 seconds)
recomputing rownorms ...
  LP Value  6: 724.000000  (0.04 seconds)
New lower bound: 724.000000
Final lower bound 724.000000, upper bound 724.000000
Exact lower bound: 724.000000
DIFF: 0.000000
Final LP has 145 rows, 280 columns, 1470 nonzeros
Optimal Solution: 724.00
Number of bbnodes: 1
Total Running Time: 0.08 (seconds)

Standard Error:
