Standard Output:
./concorde -o /home/chongjiu/concorde_uncomplete_graph/x5/nei/solution/random86.sol /home/chongjiu/concorde_uncomplete_graph/x5/nei/mat/random86.tsp
Host: ubuntu  Current process id: 3471041
Using random seed 1735573932
Problem Name: random86
Problem Type: TSP
Number of Nodes: 86
Explicit Lengths (CC_MATRIXNORM)
Set initial upperbound to 729 (from tour)
  LP Value  1: 687.500000  (0.00 seconds)
  LP Value  2: 722.333333  (0.01 seconds)
  LP Value  3: 725.500000  (0.02 seconds)
  LP Value  4: 726.000000  (0.03 seconds)
  LP Value  5: 726.666667  (0.04 seconds)
  LP Value  6: 727.000000  (0.06 seconds)
  LP Value  7: 727.000000  (0.06 seconds)
New lower bound: 727.000000
New upperbound from x-heuristic: 727.00
Final lower bound 727.000000, upper bound 727.000000
Exact lower bound: 727.000000
DIFF: 0.000000
Final LP has 148 rows, 265 columns, 1535 nonzeros
Optimal Solution: 727.00
Number of bbnodes: 1
Total Running Time: 0.12 (seconds)

Standard Error:
