Standard Output:
./concorde -o /home/chongjiu/concorde_uncomplete_graph/x5/nei/solution/random137.sol /home/chongjiu/concorde_uncomplete_graph/x5/nei/mat/random137.tsp
Host: ubuntu  Current process id: 3471285
Using random seed 1735573949
Problem Name: random137
Problem Type: TSP
Number of Nodes: 137
Explicit Lengths (CC_MATRIXNORM)
Set initial upperbound to 908 (from tour)
  LP Value  1: 875.500000  (0.02 seconds)
  LP Value  2: 899.375000  (0.03 seconds)
  LP Value  3: 903.000000  (0.06 seconds)
  LP Value  4: 904.287234  (0.08 seconds)
  LP Value  5: 904.842105  (0.11 seconds)
  LP Value  6: 905.000000  (0.13 seconds)
  LP Value  7: 905.232991  (0.14 seconds)
  LP Value  8: 905.333333  (0.20 seconds)
  LP Value  9: 905.557692  (0.26 seconds)
  LP Value 10: 905.693992  (0.34 seconds)
  LP Value 11: 905.694915  (0.42 seconds)
  LP Value 12: 905.733112  (0.48 seconds)
  LP Value 13: 905.937500  (0.59 seconds)
  LP Value 14: 905.982783  (0.73 seconds)
  LP Value 15: 906.000000  (0.82 seconds)
New lower bound: 906.000000
New upperbound from x-heuristic: 907.00
Final lower bound 906.000000, upper bound 907.000000
Exact lower bound: 906.000000
DIFF: 0.000000
Time for Total: 0.83 seconds (0.83 total in 1 calls)
Final LP has 284 rows, 272 columns, 5890 nonzeros
LOWER BOUND: 906.000000   ACTIVE NODES: 1

Task 0: Branching on node 0
BBnode 0 split into 1 (906.33X) 2 (906.67X) (0.10 seconds)
Child 0 is pruned
Child 1 is pruned

Task 1: Exit
Optimal Solution: 907.00
Number of bbnodes: 3
Total Running Time: 0.98 (seconds)  Branching Time: 0.10 (seconds)

Standard Error:
