Standard Output:
./concorde -o /home/chongjiu/concorde_test/solution/random181.sol /home/chongjiu/concorde_test/mat/random181.tsp
Host: ubuntu  Current process id: 1984249
Using random seed 1733472753
Problem Name: random181
Problem Type: TSP
Number of Nodes: 181
Explicit Lengths (CC_MATRIXNORM)
Set initial upperbound to 1001 (from tour)
  LP Value  1: 970.500000  (0.01 seconds)
  LP Value  2: 995.500000  (0.02 seconds)
  LP Value  3: 999.912500  (0.07 seconds)
  LP Value  4: 1000.920000  (0.13 seconds)
  LP Value  5: 1001.000000  (0.16 seconds)
New lower bound: 1000.985294
Final lower bound 1000.985294, upper bound 1001.000000
Exact lower bound: 1000.985294
DIFF: 0.000000
Final LP has 276 rows, 504 columns, 3603 nonzeros
Optimal Solution: 1001.00
Number of bbnodes: 1
Total Running Time: 0.28 (seconds)

Standard Error:
