Standard Output:
./concorde -o /home/chongjiu/concorde_uncomplete_graph/x5/nei/solution/random123.sol /home/chongjiu/concorde_uncomplete_graph/x5/nei/mat/random123.tsp
Host: ubuntu  Current process id: 3471207
Using random seed 1735573942
Problem Name: random123
Problem Type: TSP
Number of Nodes: 123
Explicit Lengths (CC_MATRIXNORM)
Set initial upperbound to 876 (from tour)
  LP Value  1: 845.000000  (0.01 seconds)
  LP Value  2: 872.750000  (0.01 seconds)
  LP Value  3: 874.466667  (0.04 seconds)
  LP Value  4: 875.352601  (0.06 seconds)
  LP Value  5: 875.503030  (0.07 seconds)
  LP Value  6: 875.944672  (0.10 seconds)
  LP Value  7: 876.000000  (0.10 seconds)
recomputing rownorms ...
  LP Value  8: 876.000000  (0.10 seconds)
New lower bound: 876.000000
Final lower bound 876.000000, upper bound 876.000000
Exact lower bound: 876.000000
DIFF: 0.000000
Final LP has 199 rows, 307 columns, 1747 nonzeros
Optimal Solution: 876.00
Number of bbnodes: 1
Total Running Time: 0.15 (seconds)

Standard Error:
