Standard Output:
./concorde -o /home/chongjiu/concorde_test/solution/random129.sol /home/chongjiu/concorde_test/mat/random129.tsp
Host: ubuntu  Current process id: 1982947
Using random seed 1733472722
Problem Name: random129
Problem Type: TSP
Number of Nodes: 129
Explicit Lengths (CC_MATRIXNORM)
Set initial upperbound to 900 (from tour)
  LP Value  1: 884.500000  (0.01 seconds)
  LP Value  2: 897.835526  (0.03 seconds)
  LP Value  3: 899.607143  (0.06 seconds)
  LP Value  4: 899.825000  (0.16 seconds)
  LP Value  5: 900.000000  (0.16 seconds)
recomputing rownorms ...
  LP Value  6: 900.000000  (0.17 seconds)
New lower bound: 900.000000
Final lower bound 900.000000, upper bound 900.000000
Exact lower bound: 900.000000
DIFF: 0.000000
Final LP has 219 rows, 326 columns, 2270 nonzeros
Optimal Solution: 900.00
Number of bbnodes: 1
Total Running Time: 0.24 (seconds)

Standard Error:
