Standard Output:
./concorde -o /home/chongjiu/concorde_uncomplete_graph/x5/nei/solution/random57.sol /home/chongjiu/concorde_uncomplete_graph/x5/nei/mat/random57.tsp
Host: ubuntu  Current process id: 3470969
Using random seed 1735573930
Problem Name: random57
Problem Type: TSP
Number of Nodes: 57
Explicit Lengths (CC_MATRIXNORM)
Set initial upperbound to 648 (from tour)
  LP Value  1: 606.000000  (0.00 seconds)
  LP Value  2: 648.000000  (0.00 seconds)
New lower bound: 648.000000
Final lower bound 648.000000, upper bound 648.000000
Exact lower bound: 648.000000
DIFF: 0.000000
Final LP has 70 rows, 142 columns, 470 nonzeros
Optimal Solution: 648.00
Number of bbnodes: 1
Total Running Time: 0.02 (seconds)

Standard Error:
