Standard Output:
./concorde -o /home/chongjiu/concorde_test/solution/random97.sol /home/chongjiu/concorde_test/mat/random97.tsp
Host: ubuntu  Current process id: 1982512
Using random seed 1733472713
Problem Name: random97
Problem Type: TSP
Number of Nodes: 97
Explicit Lengths (CC_MATRIXNORM)
Set initial upperbound to 768 (from tour)
  LP Value  1: 745.000000  (0.01 seconds)
  LP Value  2: 754.000000  (0.02 seconds)
  LP Value  3: 758.852941  (0.04 seconds)
  LP Value  4: 762.630120  (0.06 seconds)
  LP Value  5: 763.750000  (0.08 seconds)
  LP Value  6: 764.034483  (0.10 seconds)
  LP Value  7: 764.300000  (0.12 seconds)
  LP Value  8: 764.818182  (0.14 seconds)
  LP Value  9: 766.125000  (0.17 seconds)
  LP Value 10: 766.408513  (0.20 seconds)
  LP Value 11: 766.666667  (0.25 seconds)
  LP Value 12: 766.837153  (0.36 seconds)
  LP Value 13: 766.957289  (0.47 seconds)
  LP Value 14: 766.970588  (0.54 seconds)
New lower bound: 766.970588
New upperbound from x-heuristic: 767.00
Final lower bound 766.970588, upper bound 767.000000
Exact lower bound: 766.970588
DIFF: 0.000000
Final LP has 170 rows, 282 columns, 3749 nonzeros
Optimal Solution: 767.00
Number of bbnodes: 1
Total Running Time: 0.59 (seconds)

Standard Error:
