Standard Output:
./concorde -o /home/chongjiu/concorde_uncomplete_graph/x5/nei/solution/random184.sol /home/chongjiu/concorde_uncomplete_graph/x5/nei/mat/random184.tsp
Host: ubuntu  Current process id: 3471564
Using random seed 1735573972
Problem Name: random184
Problem Type: TSP
Number of Nodes: 184
Explicit Lengths (CC_MATRIXNORM)
Set initial upperbound to 1023 (from tour)
  LP Value  1: 986.750000  (0.01 seconds)
  LP Value  2: 1019.541667  (0.03 seconds)
  LP Value  3: 1022.833333  (0.04 seconds)
  LP Value  4: 1023.000000  (0.05 seconds)
New lower bound: 1023.000000
Final lower bound 1023.000000, upper bound 1023.000000
Exact lower bound: 1023.000000
DIFF: 0.000000
Final LP has 283 rows, 468 columns, 2456 nonzeros
Optimal Solution: 1023.00
Number of bbnodes: 1
Total Running Time: 0.14 (seconds)

Standard Error:
