Standard Output:
./concorde -o /home/chongjiu/concorde_uncomplete_graph/x5/nei/solution/random190.sol /home/chongjiu/concorde_uncomplete_graph/x5/nei/mat/random190.tsp
Host: ubuntu  Current process id: 3471597
Using random seed 1735573973
Problem Name: random190
Problem Type: TSP
Number of Nodes: 190
Explicit Lengths (CC_MATRIXNORM)
Set initial upperbound to 1036 (from tour)
  LP Value  1: 989.500000  (0.01 seconds)
  LP Value  2: 1028.602941  (0.04 seconds)
  LP Value  3: 1033.833333  (0.09 seconds)
  LP Value  4: 1034.000000  (0.10 seconds)
recomputing rownorms ...
  LP Value  5: 1034.000000  (0.11 seconds)
New lower bound: 1034.000000
New upperbound from x-heuristic: 1034.00
Final lower bound 1034.000000, upper bound 1034.000000
Exact lower bound: 1034.000000
DIFF: 0.000000
Final LP has 266 rows, 488 columns, 2068 nonzeros
Optimal Solution: 1034.00
Number of bbnodes: 1
Total Running Time: 0.21 (seconds)

Standard Error:
