Standard Output:
./concorde -o /home/chongjiu/concorde_uncomplete_graph/x5/nei/solution/random101.sol /home/chongjiu/concorde_uncomplete_graph/x5/nei/mat/random101.tsp
Host: ubuntu  Current process id: 3471103
Using random seed 1735573935
Problem Name: random101
Problem Type: TSP
Number of Nodes: 101
Explicit Lengths (CC_MATRIXNORM)
Set initial upperbound to 734 (from tour)
  LP Value  1: 699.000000  (0.00 seconds)
  LP Value  2: 730.444444  (0.02 seconds)
  LP Value  3: 732.929204  (0.04 seconds)
  LP Value  4: 733.600000  (0.05 seconds)
  LP Value  5: 734.000000  (0.05 seconds)
New lower bound: 734.000000
Final lower bound 734.000000, upper bound 734.000000
Exact lower bound: 734.000000
DIFF: 0.000000
Final LP has 174 rows, 277 columns, 2231 nonzeros
Optimal Solution: 734.00
Number of bbnodes: 1
Total Running Time: 0.10 (seconds)

Standard Error:
