Standard Output:
./concorde -o /home/chongjiu/concorde_uncomplete_graph/x5/nei/solution/random143.sol /home/chongjiu/concorde_uncomplete_graph/x5/nei/mat/random143.tsp
Host: ubuntu  Current process id: 3471326
Using random seed 1735573953
Problem Name: random143
Problem Type: TSP
Number of Nodes: 143
Explicit Lengths (CC_MATRIXNORM)
Set initial upperbound to 907 (from tour)
  LP Value  1: 873.000000  (0.01 seconds)
  LP Value  2: 901.750000  (0.03 seconds)
  LP Value  3: 904.600000  (0.05 seconds)
  LP Value  4: 905.517857  (0.09 seconds)
  LP Value  5: 906.666667  (0.11 seconds)
  LP Value  6: 907.000000  (0.14 seconds)
recomputing rownorms ...
  LP Value  7: 907.000000  (0.14 seconds)
New lower bound: 907.000000
Final lower bound 907.000000, upper bound 907.000000
Exact lower bound: 907.000000
DIFF: 0.000000
Final LP has 229 rows, 427 columns, 2871 nonzeros
Optimal Solution: 907.00
Number of bbnodes: 1
Total Running Time: 0.23 (seconds)

Standard Error:
