Standard Output:
./concorde -o /home/chongjiu/concorde_uncomplete_graph/x5/nei/solution/random144.sol /home/chongjiu/concorde_uncomplete_graph/x5/nei/mat/random144.tsp
Host: ubuntu  Current process id: 3471344
Using random seed 1735573953
Problem Name: random144
Problem Type: TSP
Number of Nodes: 144
Explicit Lengths (CC_MATRIXNORM)
Set initial upperbound to 914 (from tour)
  LP Value  1: 878.500000  (0.01 seconds)
  LP Value  2: 910.000000  (0.03 seconds)
  LP Value  3: 913.785714  (0.07 seconds)
  LP Value  4: 914.000000  (0.07 seconds)
New lower bound: 914.000000
Final lower bound 914.000000, upper bound 914.000000
Exact lower bound: 914.000000
DIFF: 0.000000
Final LP has 227 rows, 477 columns, 2887 nonzeros
Optimal Solution: 914.00
Number of bbnodes: 1
Total Running Time: 0.14 (seconds)

Standard Error:
