Standard Output:
./concorde -o /home/chongjiu/concorde_uncomplete_graph/x5/nei/solution/random92.sol /home/chongjiu/concorde_uncomplete_graph/x5/nei/mat/random92.tsp
Host: ubuntu  Current process id: 3471074
Using random seed 1735573933
Problem Name: random92
Problem Type: TSP
Number of Nodes: 92
Explicit Lengths (CC_MATRIXNORM)
Set initial upperbound to 740 (from tour)
  LP Value  1: 713.000000  (0.00 seconds)
  LP Value  2: 732.500000  (0.00 seconds)
  LP Value  3: 738.666667  (0.00 seconds)
  LP Value  4: 740.000000  (0.01 seconds)
New lower bound: 740.000000
Final lower bound 740.000000, upper bound 740.000000
Exact lower bound: 740.000000
DIFF: 0.000000
Final LP has 135 rows, 288 columns, 1410 nonzeros
Optimal Solution: 740.00
Number of bbnodes: 1
Total Running Time: 0.04 (seconds)

Standard Error:
