Standard Output:
./concorde -o /home/chongjiu/concorde_uncomplete_graph/x5/nei/solution/random169.sol /home/chongjiu/concorde_uncomplete_graph/x5/nei/mat/random169.tsp
Host: ubuntu  Current process id: 3471484
Using random seed 1735573965
Problem Name: random169
Problem Type: TSP
Number of Nodes: 169
Explicit Lengths (CC_MATRIXNORM)
Set initial upperbound to 965 (from tour)
  LP Value  1: 915.000000  (0.01 seconds)
  LP Value  2: 950.000000  (0.02 seconds)
  LP Value  3: 956.000000  (0.04 seconds)
  LP Value  4: 958.500000  (0.08 seconds)
  LP Value  5: 960.000000  (0.10 seconds)
  LP Value  6: 960.735550  (0.13 seconds)
  LP Value  7: 961.000000  (0.14 seconds)
recomputing rownorms ...
  LP Value  8: 961.000000  (0.15 seconds)
New lower bound: 961.000000
New upperbound from x-heuristic: 961.00
Final lower bound 961.000000, upper bound 961.000000
Exact lower bound: 961.000000
DIFF: 0.000000
Final LP has 256 rows, 585 columns, 3338 nonzeros
Optimal Solution: 961.00
Number of bbnodes: 1
Total Running Time: 0.25 (seconds)

Standard Error:
