Standard Output:
./concorde -o /home/chongjiu/concorde_uncomplete_graph/x5/nei/solution/random136.sol /home/chongjiu/concorde_uncomplete_graph/x5/nei/mat/random136.tsp
Host: ubuntu  Current process id: 3471283
Using random seed 1735573949
Problem Name: random136
Problem Type: TSP
Number of Nodes: 136
Explicit Lengths (CC_MATRIXNORM)
Set initial upperbound to 933 (from tour)
  LP Value  1: 907.500000  (0.01 seconds)
  LP Value  2: 926.250000  (0.02 seconds)
  LP Value  3: 928.000000  (0.03 seconds)
  LP Value  4: 931.187500  (0.06 seconds)
  LP Value  5: 932.558633  (0.09 seconds)
  LP Value  6: 933.000000  (0.12 seconds)
New lower bound: 933.000000
Final lower bound 933.000000, upper bound 933.000000
Exact lower bound: 933.000000
DIFF: 0.000000
Final LP has 231 rows, 371 columns, 5787 nonzeros
Optimal Solution: 933.00
Number of bbnodes: 1
Total Running Time: 0.18 (seconds)

Standard Error:
