Standard Output:
./concorde -o /home/chongjiu/concorde_uncomplete_graph/x5/nei/solution/random128.sol /home/chongjiu/concorde_uncomplete_graph/x5/nei/mat/random128.tsp
Host: ubuntu  Current process id: 3471234
Using random seed 1735573945
Problem Name: random128
Problem Type: TSP
Number of Nodes: 128
Explicit Lengths (CC_MATRIXNORM)
Set initial upperbound to 850 (from tour)
  LP Value  1: 802.500000  (0.00 seconds)
  LP Value  2: 831.000000  (0.02 seconds)
  LP Value  3: 839.500000  (0.04 seconds)
  LP Value  4: 846.925000  (0.07 seconds)
  LP Value  5: 849.000000  (0.10 seconds)
  LP Value  6: 849.000000  (0.20 seconds)
  LP Value  7: 849.500000  (0.23 seconds)
  LP Value  8: 849.724490  (0.32 seconds)
  LP Value  9: 849.875000  (0.44 seconds)
  LP Value 10: 849.883200  (0.54 seconds)
New lower bound: 849.883200
Final lower bound 849.883200, upper bound 850.000000
Exact lower bound: 849.883200
DIFF: 0.000000
Final LP has 224 rows, 398 columns, 4135 nonzeros
Optimal Solution: 850.00
Number of bbnodes: 1
Total Running Time: 0.61 (seconds)

Standard Error:
