Standard Output:
./concorde -o /home/chongjiu/concorde_uncomplete_graph/x5/nei/solution/random133.sol /home/chongjiu/concorde_uncomplete_graph/x5/nei/mat/random133.tsp
Host: ubuntu  Current process id: 3471261
Using random seed 1735573948
Problem Name: random133
Problem Type: TSP
Number of Nodes: 133
Explicit Lengths (CC_MATRIXNORM)
Set initial upperbound to 871 (from tour)
  LP Value  1: 816.000000  (0.01 seconds)
  LP Value  2: 860.049020  (0.04 seconds)
  LP Value  3: 863.500000  (0.10 seconds)
  LP Value  4: 865.528571  (0.14 seconds)
  LP Value  5: 866.534564  (0.19 seconds)
  LP Value  6: 868.114130  (0.24 seconds)
  LP Value  7: 868.531414  (0.28 seconds)
  LP Value  8: 868.731481  (0.36 seconds)
  LP Value  9: 868.791667  (0.41 seconds)
  LP Value 10: 869.000000  (0.43 seconds)
recomputing rownorms ...
  LP Value 11: 869.000000  (0.43 seconds)
New lower bound: 869.000000
New upperbound from x-heuristic: 869.00
Final lower bound 869.000000, upper bound 869.000000
Exact lower bound: 869.000000
DIFF: 0.000000
Final LP has 241 rows, 389 columns, 3456 nonzeros
Optimal Solution: 869.00
Number of bbnodes: 1
Total Running Time: 0.53 (seconds)

Standard Error:
