Standard Output:
./concorde -o /home/chongjiu/concorde_uncomplete_graph/x5/nei/solution/random180.sol /home/chongjiu/concorde_uncomplete_graph/x5/nei/mat/random180.tsp
Host: ubuntu  Current process id: 3471552
Using random seed 1735573970
Problem Name: random180
Problem Type: TSP
Number of Nodes: 180
Explicit Lengths (CC_MATRIXNORM)
Set initial upperbound to 1070 (from tour)
  LP Value  1: 1014.500000  (0.01 seconds)
  LP Value  2: 1062.250000  (0.04 seconds)
  LP Value  3: 1066.333333  (0.07 seconds)
  LP Value  4: 1066.500000  (0.09 seconds)
  LP Value  5: 1067.000000  (0.12 seconds)
  LP Value  6: 1067.000000  (0.15 seconds)
New lower bound: 1067.000000
New upperbound from x-heuristic: 1067.00
Final lower bound 1067.000000, upper bound 1067.000000
Exact lower bound: 1067.000000
DIFF: 0.000000
Final LP has 317 rows, 438 columns, 3293 nonzeros
Optimal Solution: 1067.00
Number of bbnodes: 1
Total Running Time: 0.24 (seconds)

Standard Error:
