Standard Output:
./concorde -o /home/chongjiu/concorde_uncomplete_graph/x5/nei/solution/random70.sol /home/chongjiu/concorde_uncomplete_graph/x5/nei/mat/random70.tsp
Host: ubuntu  Current process id: 3471000
Using random seed 1735573931
Problem Name: random70
Problem Type: TSP
Number of Nodes: 70
Explicit Lengths (CC_MATRIXNORM)
Set initial upperbound to 673 (from tour)
  LP Value  1: 619.000000  (0.00 seconds)
  LP Value  2: 666.555556  (0.01 seconds)
  LP Value  3: 672.453861  (0.03 seconds)
  LP Value  4: 673.000000  (0.03 seconds)
New lower bound: 673.000000
Final lower bound 673.000000, upper bound 673.000000
Exact lower bound: 673.000000
DIFF: 0.000000
Final LP has 142 rows, 236 columns, 2705 nonzeros
Optimal Solution: 673.00
Number of bbnodes: 1
Total Running Time: 0.07 (seconds)

Standard Error:
