Standard Output:
./concorde -o /home/chongjiu/concorde_test/solution/random156.sol /home/chongjiu/concorde_test/mat/random156.tsp
Host: ubuntu  Current process id: 1908730
Using random seed 1733470505
Problem Name: random156
Problem Type: TSP
Number of Nodes: 156
Explicit Lengths (CC_MATRIXNORM)
Set initial upperbound to 963 (from tour)
  LP Value  1: 942.000000  (0.01 seconds)
  LP Value  2: 959.458333  (0.03 seconds)
  LP Value  3: 963.000000  (0.04 seconds)
New lower bound: 963.000000
Final lower bound 963.000000, upper bound 963.000000
Exact lower bound: 963.000000
DIFF: 0.000000
Final LP has 228 rows, 395 columns, 2990 nonzeros
Optimal Solution: 963.00
Number of bbnodes: 1
Total Running Time: 0.12 (seconds)

Standard Error:
