Standard Output:
./concorde -o /home/chongjiu/concorde_test/solution/random131.sol /home/chongjiu/concorde_test/mat/random131.tsp
Host: ubuntu  Current process id: 1908344
Using random seed 1733470496
Problem Name: random131
Problem Type: TSP
Number of Nodes: 131
Explicit Lengths (CC_MATRIXNORM)
Set initial upperbound to 905 (from tour)
  LP Value  1: 883.500000  (0.01 seconds)
  LP Value  2: 902.000000  (0.02 seconds)
  LP Value  3: 903.035714  (0.05 seconds)
  LP Value  4: 903.318182  (0.06 seconds)
  LP Value  5: 903.555131  (0.11 seconds)
  LP Value  6: 903.916667  (0.19 seconds)
  LP Value  7: 904.059028  (0.27 seconds)
  LP Value  8: 904.333333  (0.30 seconds)
  LP Value  9: 904.666667  (0.33 seconds)
  LP Value 10: 904.666667  (0.45 seconds)
New lower bound: 904.666667
Final lower bound 904.666667, upper bound 905.000000
Exact lower bound: 904.666667
DIFF: 0.000000
Final LP has 211 rows, 327 columns, 2095 nonzeros
Optimal Solution: 905.00
Number of bbnodes: 1
Total Running Time: 0.50 (seconds)

Standard Error:
