Standard Output:
./concorde -o /home/chongjiu/concorde_test/solution/random70.sol /home/chongjiu/concorde_test/mat/random70.tsp
Host: ubuntu  Current process id: 1907626
Using random seed 1733470480
Problem Name: random70
Problem Type: TSP
Number of Nodes: 70
Explicit Lengths (CC_MATRIXNORM)
Set initial upperbound to 673 (from tour)
  LP Value  1: 608.500000  (0.01 seconds)
  LP Value  2: 663.000000  (0.02 seconds)
  LP Value  3: 670.250000  (0.03 seconds)
  LP Value  4: 672.083333  (0.04 seconds)
  LP Value  5: 672.500000  (0.05 seconds)
  LP Value  6: 673.000000  (0.05 seconds)
recomputing rownorms ...
  LP Value  7: 673.000000  (0.06 seconds)
New lower bound: 673.000000
Final lower bound 673.000000, upper bound 673.000000
Exact lower bound: 673.000000
DIFF: 0.000000
Final LP has 125 rows, 222 columns, 1458 nonzeros
Optimal Solution: 673.00
Number of bbnodes: 1
Total Running Time: 0.10 (seconds)

Standard Error:
