Standard Output:
./concorde -o /home/chongjiu/concorde_test/solution/random49.sol /home/chongjiu/concorde_test/mat/random49.tsp
Host: ubuntu  Current process id: 1907544
Using random seed 1733470479
Problem Name: random49
Problem Type: TSP
Number of Nodes: 49
Explicit Lengths (CC_MATRIXNORM)
Set initial upperbound to 584 (from tour)
  LP Value  1: 562.500000  (0.00 seconds)
  LP Value  2: 582.000000  (0.01 seconds)
  LP Value  3: 583.000000  (0.01 seconds)
  LP Value  4: 584.000000  (0.01 seconds)
New lower bound: 584.000000
Final lower bound 584.000000, upper bound 584.000000
Exact lower bound: 584.000000
DIFF: 0.000000
Final LP has 78 rows, 135 columns, 748 nonzeros
Optimal Solution: 584.00
Number of bbnodes: 1
Total Running Time: 0.04 (seconds)

Standard Error:
