Standard Output:
./concorde -o /home/chongjiu/concorde_test/solution/random179.sol /home/chongjiu/concorde_test/mat/random179.tsp
Host: ubuntu  Current process id: 1909314
Using random seed 1733470519
Problem Name: random179
Problem Type: TSP
Number of Nodes: 179
Explicit Lengths (CC_MATRIXNORM)
Set initial upperbound to 1063 (from tour)
  LP Value  1: 1031.000000  (0.02 seconds)
  LP Value  2: 1059.500000  (0.04 seconds)
  LP Value  3: 1060.666667  (0.08 seconds)
  LP Value  4: 1062.000000  (0.12 seconds)
  LP Value  5: 1063.000000  (0.13 seconds)
New lower bound: 1063.000000
Final lower bound 1063.000000, upper bound 1063.000000
Exact lower bound: 1063.000000
DIFF: 0.000000
Final LP has 260 rows, 423 columns, 2846 nonzeros
Optimal Solution: 1063.00
Number of bbnodes: 1
Total Running Time: 0.21 (seconds)

Standard Error:
