Standard Output:
./concorde -o /home/chongjiu/concorde_test/solution/random183.sol /home/chongjiu/concorde_test/mat/random183.tsp
Host: ubuntu  Current process id: 1909367
Using random seed 1733470520
Problem Name: random183
Problem Type: TSP
Number of Nodes: 183
Explicit Lengths (CC_MATRIXNORM)
Set initial upperbound to 1019 (from tour)
  LP Value  1: 986.166667  (0.02 seconds)
  LP Value  2: 1008.250000  (0.04 seconds)
  LP Value  3: 1011.606061  (0.08 seconds)
  LP Value  4: 1013.214286  (0.12 seconds)
  LP Value  5: 1014.509291  (0.15 seconds)
  LP Value  6: 1015.007752  (0.20 seconds)
  LP Value  7: 1015.800000  (0.25 seconds)
  LP Value  8: 1016.240799  (0.32 seconds)
  LP Value  9: 1016.560494  (0.44 seconds)
  LP Value 10: 1017.142377  (0.52 seconds)
  LP Value 11: 1017.483792  (0.59 seconds)
  LP Value 12: 1017.799235  (0.71 seconds)
  LP Value 13: 1018.000000  (0.97 seconds)
  LP Value 14: 1018.148180  (1.56 seconds)
  LP Value 15: 1018.168025  (1.73 seconds)
New lower bound: 1018.157239
Final lower bound 1018.157239, upper bound 1019.000000
Exact lower bound: 1018.157239
DIFF: 0.000000
Final LP has 312 rows, 508 columns, 6494 nonzeros
Optimal Solution: 1019.00
Number of bbnodes: 1
Total Running Time: 1.83 (seconds)

Standard Error:
