Standard Output:
./concorde -o /home/chongjiu/concorde_test/solution/random44.sol /home/chongjiu/concorde_test/mat/random44.tsp
Host: ubuntu  Current process id: 1907532
Using random seed 1733470479
Problem Name: random44
Problem Type: TSP
Number of Nodes: 44
Explicit Lengths (CC_MATRIXNORM)
Set initial upperbound to 519 (from tour)
  LP Value  1: 499.000000  (0.00 seconds)
  LP Value  2: 515.500000  (0.00 seconds)
  LP Value  3: 518.250000  (0.01 seconds)
  LP Value  4: 518.833333  (0.01 seconds)
  LP Value  5: 519.000000  (0.01 seconds)
New lower bound: 519.000000
Final lower bound 519.000000, upper bound 519.000000
Exact lower bound: 519.000000
DIFF: 0.000000
Final LP has 60 rows, 138 columns, 917 nonzeros
Optimal Solution: 519.00
Number of bbnodes: 1
Total Running Time: 0.02 (seconds)

Standard Error:
