Standard Output:
./concorde -o /home/chongjiu/concorde_test/solution/random110.sol /home/chongjiu/concorde_test/mat/random110.tsp
Host: ubuntu  Current process id: 1907944
Using random seed 1733470486
Problem Name: random110
Problem Type: TSP
Number of Nodes: 110
Explicit Lengths (CC_MATRIXNORM)
Set initial upperbound to 799 (from tour)
  LP Value  1: 747.500000  (0.01 seconds)
  LP Value  2: 781.583333  (0.02 seconds)
  LP Value  3: 790.983333  (0.05 seconds)
  LP Value  4: 796.389937  (0.08 seconds)
  LP Value  5: 797.000000  (0.11 seconds)
recomputing rownorms ...
  LP Value  6: 797.000000  (0.11 seconds)
New lower bound: 797.000000
New upperbound from x-heuristic: 797.00
Final lower bound 797.000000, upper bound 797.000000
Exact lower bound: 797.000000
DIFF: 0.000000
Final LP has 188 rows, 296 columns, 1992 nonzeros
Optimal Solution: 797.00
Number of bbnodes: 1
Total Running Time: 0.18 (seconds)

Standard Error:
