Standard Output:
./concorde -o /home/chongjiu/concorde_test/solution/random158.sol /home/chongjiu/concorde_test/mat/random158.tsp
Host: ubuntu  Current process id: 1908749
Using random seed 1733470505
Problem Name: random158
Problem Type: TSP
Number of Nodes: 158
Explicit Lengths (CC_MATRIXNORM)
Set initial upperbound to 895 (from tour)
  LP Value  1: 856.000000  (0.01 seconds)
  LP Value  2: 883.425000  (0.03 seconds)
  LP Value  3: 890.385065  (0.08 seconds)
  LP Value  4: 892.500000  (0.13 seconds)
  LP Value  5: 892.826248  (0.17 seconds)
  LP Value  6: 893.000000  (0.21 seconds)
  LP Value  7: 893.333333  (0.24 seconds)
  LP Value  8: 893.562963  (0.28 seconds)
  LP Value  9: 893.866667  (0.32 seconds)
  LP Value 10: 894.000000  (0.42 seconds)
  LP Value 11: 894.333333  (0.48 seconds)
  LP Value 12: 894.333333  (0.63 seconds)
New lower bound: 894.333333
Final lower bound 894.333333, upper bound 895.000000
Exact lower bound: 894.333333
DIFF: 0.000000
Final LP has 300 rows, 444 columns, 4427 nonzeros
Optimal Solution: 895.00
Number of bbnodes: 1
Total Running Time: 0.72 (seconds)

Standard Error:
