Standard Output:
./concorde -o /home/chongjiu/concorde_test/solution/random43.sol /home/chongjiu/concorde_test/mat/random43.tsp
Host: ubuntu  Current process id: 1907528
Using random seed 1733470479
Problem Name: random43
Problem Type: TSP
Number of Nodes: 43
Explicit Lengths (CC_MATRIXNORM)
Set initial upperbound to 555 (from tour)
  LP Value  1: 520.500000  (0.00 seconds)
  LP Value  2: 554.333333  (0.01 seconds)
  LP Value  3: 554.571429  (0.01 seconds)
  LP Value  4: 555.000000  (0.01 seconds)
New lower bound: 555.000000
Final lower bound 555.000000, upper bound 555.000000
Exact lower bound: 555.000000
DIFF: 0.000000
Final LP has 68 rows, 176 columns, 913 nonzeros
Optimal Solution: 555.00
Number of bbnodes: 1
Total Running Time: 0.02 (seconds)

Standard Error:
