Standard Output:
./concorde -o /home/chongjiu/concorde_test/solution/random53.sol /home/chongjiu/concorde_test/mat/random53.tsp
Host: ubuntu  Current process id: 1907560
Using random seed 1733470479
Problem Name: random53
Problem Type: TSP
Number of Nodes: 53
Explicit Lengths (CC_MATRIXNORM)
Set initial upperbound to 531 (from tour)
  LP Value  1: 518.000000  (0.00 seconds)
  LP Value  2: 527.500000  (0.01 seconds)
  LP Value  3: 531.000000  (0.01 seconds)
New lower bound: 531.000000
Final lower bound 531.000000, upper bound 531.000000
Exact lower bound: 531.000000
DIFF: 0.000000
Final LP has 74 rows, 131 columns, 584 nonzeros
Optimal Solution: 531.00
Number of bbnodes: 1
Total Running Time: 0.03 (seconds)

Standard Error:
