Standard Output:
./concorde -o /home/chongjiu/concorde_test/solution/random116.sol /home/chongjiu/concorde_test/mat/random116.tsp
Host: ubuntu  Current process id: 1907994
Using random seed 1733470487
Problem Name: random116
Problem Type: TSP
Number of Nodes: 116
Explicit Lengths (CC_MATRIXNORM)
Set initial upperbound to 829 (from tour)
  LP Value  1: 793.500000  (0.01 seconds)
  LP Value  2: 825.875000  (0.02 seconds)
  LP Value  3: 829.000000  (0.03 seconds)
New lower bound: 829.000000
Final lower bound 829.000000, upper bound 829.000000
Exact lower bound: 829.000000
DIFF: 0.000000
Final LP has 164 rows, 299 columns, 1309 nonzeros
Optimal Solution: 829.00
Number of bbnodes: 1
Total Running Time: 0.08 (seconds)

Standard Error:
