Standard Output:
./concorde -o /home/chongjiu/concorde_test/solution/random125.sol /home/chongjiu/concorde_test/mat/random125.tsp
Host: ubuntu  Current process id: 1908089
Using random seed 1733470489
Problem Name: random125
Problem Type: TSP
Number of Nodes: 125
Explicit Lengths (CC_MATRIXNORM)
Set initial upperbound to 891 (from tour)
  LP Value  1: 863.250000  (0.01 seconds)
  LP Value  2: 883.000000  (0.02 seconds)
  LP Value  3: 890.000000  (0.05 seconds)
  LP Value  4: 890.666667  (0.08 seconds)
  LP Value  5: 890.948718  (0.08 seconds)
  LP Value  6: 891.000000  (0.08 seconds)
New lower bound: 891.000000
Final lower bound 891.000000, upper bound 891.000000
Exact lower bound: 891.000000
DIFF: 0.000000
Final LP has 180 rows, 331 columns, 1635 nonzeros
Optimal Solution: 891.00
Number of bbnodes: 1
Total Running Time: 0.16 (seconds)

Standard Error:
