Standard Output:
./concorde -o /home/chongjiu/concorde_test/solution/random68.sol /home/chongjiu/concorde_test/mat/random68.tsp
Host: ubuntu  Current process id: 1907618
Using random seed 1733470480
Problem Name: random68
Problem Type: TSP
Number of Nodes: 68
Explicit Lengths (CC_MATRIXNORM)
Set initial upperbound to 655 (from tour)
  LP Value  1: 611.500000  (0.00 seconds)
  LP Value  2: 645.500000  (0.00 seconds)
  LP Value  3: 650.666667  (0.01 seconds)
  LP Value  4: 654.812412  (0.03 seconds)
  LP Value  5: 655.000000  (0.03 seconds)
New lower bound: 655.000000
Final lower bound 655.000000, upper bound 655.000000
Exact lower bound: 655.000000
DIFF: 0.000000
Final LP has 128 rows, 235 columns, 1922 nonzeros
Optimal Solution: 655.00
Number of bbnodes: 1
Total Running Time: 0.07 (seconds)

Standard Error:
