Standard Output:
./concorde -o /home/chongjiu/concorde_test/solution/random123.sol /home/chongjiu/concorde_test/mat/random123.tsp
Host: ubuntu  Current process id: 1908065
Using random seed 1733470489
Problem Name: random123
Problem Type: TSP
Number of Nodes: 123
Explicit Lengths (CC_MATRIXNORM)
Set initial upperbound to 876 (from tour)
  LP Value  1: 848.500000  (0.01 seconds)
  LP Value  2: 873.000000  (0.03 seconds)
  LP Value  3: 874.500000  (0.04 seconds)
  LP Value  4: 874.900000  (0.06 seconds)
  LP Value  5: 875.125000  (0.08 seconds)
  LP Value  6: 875.250000  (0.11 seconds)
  LP Value  7: 876.000000  (0.14 seconds)
recomputing rownorms ...
  LP Value  8: 876.000000  (0.14 seconds)
New lower bound: 876.000000
Final lower bound 876.000000, upper bound 876.000000
Exact lower bound: 876.000000
DIFF: 0.000000
Final LP has 199 rows, 312 columns, 1962 nonzeros
Optimal Solution: 876.00
Number of bbnodes: 1
Total Running Time: 0.19 (seconds)

Standard Error:
