Standard Output:
./concorde -o /home/chongjiu/concorde_test/solution/random106.sol /home/chongjiu/concorde_test/mat/random106.tsp
Host: ubuntu  Current process id: 1907859
Using random seed 1733470484
Problem Name: random106
Problem Type: TSP
Number of Nodes: 106
Explicit Lengths (CC_MATRIXNORM)
Set initial upperbound to 781 (from tour)
  LP Value  1: 745.125000  (0.01 seconds)
  LP Value  2: 774.500000  (0.03 seconds)
  LP Value  3: 779.500000  (0.05 seconds)
  LP Value  4: 781.000000  (0.07 seconds)
  LP Value  5: 781.000000  (0.07 seconds)
New lower bound: 781.000000
Final lower bound 781.000000, upper bound 781.000000
Exact lower bound: 781.000000
DIFF: 0.000000
Final LP has 185 rows, 335 columns, 2085 nonzeros
Optimal Solution: 781.00
Number of bbnodes: 1
Total Running Time: 0.12 (seconds)

Standard Error:
