Standard Output:
./concorde -o /home/chongjiu/concorde_test/solution/random198.sol /home/chongjiu/concorde_test/mat/random198.tsp
Host: ubuntu  Current process id: 1909834
Using random seed 1733470532
Problem Name: random198
Problem Type: TSP
Number of Nodes: 198
Explicit Lengths (CC_MATRIXNORM)
Set initial upperbound to 1069 (from tour)
  LP Value  1: 1046.500000  (0.02 seconds)
  LP Value  2: 1063.633333  (0.05 seconds)
  LP Value  3: 1067.444444  (0.10 seconds)
  LP Value  4: 1067.750000  (0.14 seconds)
  LP Value  5: 1068.277778  (0.18 seconds)
  LP Value  6: 1069.000000  (0.22 seconds)
New lower bound: 1069.000000
Final lower bound 1069.000000, upper bound 1069.000000
Exact lower bound: 1069.000000
DIFF: 0.000000
Final LP has 289 rows, 475 columns, 2482 nonzeros
Optimal Solution: 1069.00
Number of bbnodes: 1
Total Running Time: 0.32 (seconds)

Standard Error:
