Standard Output:
./concorde -o /home/chongjiu/concorde_test/solution/random99.sol /home/chongjiu/concorde_test/mat/random99.tsp
Host: ubuntu  Current process id: 1907807
Using random seed 1733470483
Problem Name: random99
Problem Type: TSP
Number of Nodes: 99
Explicit Lengths (CC_MATRIXNORM)
Set initial upperbound to 763 (from tour)
  LP Value  1: 736.000000  (0.01 seconds)
  LP Value  2: 756.500000  (0.03 seconds)
  LP Value  3: 762.437500  (0.06 seconds)
  LP Value  4: 762.500000  (0.07 seconds)
  LP Value  5: 763.000000  (0.09 seconds)
New lower bound: 763.000000
Final lower bound 763.000000, upper bound 763.000000
Exact lower bound: 763.000000
DIFF: 0.000000
Final LP has 173 rows, 227 columns, 1424 nonzeros
Optimal Solution: 763.00
Number of bbnodes: 1
Total Running Time: 0.13 (seconds)

Standard Error:
