Standard Output:
./concorde -o /home/chongjiu/concorde_test/solution/random161.sol /home/chongjiu/concorde_test/mat/random161.tsp
Host: ubuntu  Current process id: 1908804
Using random seed 1733470506
Problem Name: random161
Problem Type: TSP
Number of Nodes: 161
Explicit Lengths (CC_MATRIXNORM)
Set initial upperbound to 947 (from tour)
  LP Value  1: 902.000000  (0.02 seconds)
  LP Value  2: 933.931818  (0.05 seconds)
  LP Value  3: 939.000000  (0.11 seconds)
  LP Value  4: 939.884615  (0.15 seconds)
  LP Value  5: 940.491071  (0.20 seconds)
  LP Value  6: 941.000000  (0.25 seconds)
recomputing rownorms ...
  LP Value  7: 941.000000  (0.25 seconds)
New lower bound: 941.000000
New upperbound from x-heuristic: 941.00
Final lower bound 941.000000, upper bound 941.000000
Exact lower bound: 941.000000
DIFF: 0.000000
Final LP has 272 rows, 423 columns, 2765 nonzeros
Optimal Solution: 941.00
Number of bbnodes: 1
Total Running Time: 0.36 (seconds)

Standard Error:
