Standard Output:
./concorde -o /home/chongjiu/concorde_test/solution/random177.sol /home/chongjiu/concorde_test/mat/random177.tsp
Host: ubuntu  Current process id: 1909276
Using random seed 1733470518
Problem Name: random177
Problem Type: TSP
Number of Nodes: 177
Explicit Lengths (CC_MATRIXNORM)
Set initial upperbound to 1038 (from tour)
  LP Value  1: 1022.500000  (0.01 seconds)
  LP Value  2: 1033.083333  (0.05 seconds)
  LP Value  3: 1034.437500  (0.07 seconds)
  LP Value  4: 1035.333333  (0.09 seconds)
  LP Value  5: 1035.727273  (0.14 seconds)
  LP Value  6: 1035.965517  (0.17 seconds)
  LP Value  7: 1036.000000  (0.17 seconds)
New lower bound: 1035.933333
New upperbound from x-heuristic: 1036.00
Final lower bound 1035.933333, upper bound 1036.000000
Exact lower bound: 1035.933333
DIFF: 0.000000
Final LP has 251 rows, 398 columns, 2534 nonzeros
Optimal Solution: 1036.00
Number of bbnodes: 1
Total Running Time: 0.27 (seconds)

Standard Error:
