Standard Output:
./concorde -o /home/chongjiu/concorde_test/solution/random180.sol /home/chongjiu/concorde_test/mat/random180.tsp
Host: ubuntu  Current process id: 1909324
Using random seed 1733470519
Problem Name: random180
Problem Type: TSP
Number of Nodes: 180
Explicit Lengths (CC_MATRIXNORM)
Set initial upperbound to 1069 (from tour)
  LP Value  1: 1022.500000  (0.02 seconds)
  LP Value  2: 1064.400000  (0.07 seconds)
  LP Value  3: 1066.300000  (0.13 seconds)
  LP Value  4: 1066.800000  (0.17 seconds)
  LP Value  5: 1067.000000  (0.20 seconds)
recomputing rownorms ...
  LP Value  6: 1067.000000  (0.20 seconds)
New lower bound: 1067.000000
New upperbound from x-heuristic: 1067.00
Final lower bound 1067.000000, upper bound 1067.000000
Exact lower bound: 1067.000000
DIFF: 0.000000
Final LP has 262 rows, 435 columns, 2103 nonzeros
Optimal Solution: 1067.00
Number of bbnodes: 1
Total Running Time: 0.29 (seconds)

Standard Error:
