Standard Output:
./concorde -o /home/chongjiu/concorde_test/solution/random186.sol /home/chongjiu/concorde_test/mat/random186.tsp
Host: ubuntu  Current process id: 1909475
Using random seed 1733470523
Problem Name: random186
Problem Type: TSP
Number of Nodes: 186
Explicit Lengths (CC_MATRIXNORM)
Set initial upperbound to 1042 (from tour)
  LP Value  1: 1023.000000  (0.01 seconds)
  LP Value  2: 1041.466667  (0.06 seconds)
  LP Value  3: 1041.833333  (0.06 seconds)
  LP Value  4: 1042.000000  (0.06 seconds)
New lower bound: 1042.000000
Final lower bound 1042.000000, upper bound 1042.000000
Exact lower bound: 1042.000000
DIFF: 0.000000
Final LP has 254 rows, 420 columns, 1652 nonzeros
Optimal Solution: 1042.00
Number of bbnodes: 1
Total Running Time: 0.17 (seconds)

Standard Error:
