Standard Output:
./concorde -o /home/chongjiu/concorde_test/solution/random160.sol /home/chongjiu/concorde_test/mat/random160.tsp
Host: ubuntu  Current process id: 1908796
Using random seed 1733470506
Problem Name: random160
Problem Type: TSP
Number of Nodes: 160
Explicit Lengths (CC_MATRIXNORM)
Set initial upperbound to 963 (from tour)
  LP Value  1: 929.000000  (0.01 seconds)
  LP Value  2: 959.333333  (0.06 seconds)
  LP Value  3: 962.500000  (0.08 seconds)
  LP Value  4: 963.000000  (0.09 seconds)
New lower bound: 963.000000
Final lower bound 963.000000, upper bound 963.000000
Exact lower bound: 963.000000
DIFF: 0.000000
Final LP has 226 rows, 398 columns, 2522 nonzeros
Optimal Solution: 963.00
Number of bbnodes: 1
Total Running Time: 0.17 (seconds)

Standard Error:
