Standard Output:
./concorde -o /home/chongjiu/concorde_test/solution/random66.sol /home/chongjiu/concorde_test/mat/random66.tsp
Host: ubuntu  Current process id: 1907610
Using random seed 1733470480
Problem Name: random66
Problem Type: TSP
Number of Nodes: 66
Explicit Lengths (CC_MATRIXNORM)
Set initial upperbound to 607 (from tour)
  LP Value  1: 566.166667  (0.00 seconds)
  LP Value  2: 602.750000  (0.01 seconds)
  LP Value  3: 603.000000  (0.01 seconds)
recomputing rownorms ...
  LP Value  4: 603.000000  (0.01 seconds)
New lower bound: 603.000000
New upperbound from x-heuristic: 603.00
Final lower bound 603.000000, upper bound 603.000000
Exact lower bound: 603.000000
DIFF: 0.000000
Final LP has 96 rows, 173 columns, 657 nonzeros
Optimal Solution: 603.00
Number of bbnodes: 1
Total Running Time: 0.03 (seconds)

Standard Error:
