Standard Output:
./concorde -o /home/chongjiu/concorde_test/solution/random114.sol /home/chongjiu/concorde_test/mat/random114.tsp
Host: ubuntu  Current process id: 1907974
Using random seed 1733470487
Problem Name: random114
Problem Type: TSP
Number of Nodes: 114
Explicit Lengths (CC_MATRIXNORM)
Set initial upperbound to 805 (from tour)
  LP Value  1: 782.500000  (0.01 seconds)
  LP Value  2: 799.250000  (0.03 seconds)
  LP Value  3: 802.461538  (0.05 seconds)
  LP Value  4: 803.972973  (0.06 seconds)
  LP Value  5: 804.500000  (0.08 seconds)
  LP Value  6: 804.750000  (0.11 seconds)
  LP Value  7: 805.000000  (0.15 seconds)
New lower bound: 805.000000
Final lower bound 805.000000, upper bound 805.000000
Exact lower bound: 805.000000
DIFF: 0.000000
Final LP has 207 rows, 324 columns, 4039 nonzeros
Optimal Solution: 805.00
Number of bbnodes: 1
Total Running Time: 0.22 (seconds)

Standard Error:
