Standard Output:
./concorde -o /home/chongjiu/concorde_test/solution/random167.sol /home/chongjiu/concorde_test/mat/random167.tsp
Host: ubuntu  Current process id: 1909020
Using random seed 1733470512
Problem Name: random167
Problem Type: TSP
Number of Nodes: 167
Explicit Lengths (CC_MATRIXNORM)
Set initial upperbound to 964 (from tour)
  LP Value  1: 921.500000  (0.01 seconds)
  LP Value  2: 957.000000  (0.03 seconds)
  LP Value  3: 962.510417  (0.05 seconds)
  LP Value  4: 963.250000  (0.07 seconds)
  LP Value  5: 963.500000  (0.09 seconds)
  LP Value  6: 963.583333  (0.15 seconds)
  LP Value  7: 964.000000  (0.18 seconds)
New lower bound: 964.000000
Final lower bound 964.000000, upper bound 964.000000
Exact lower bound: 964.000000
DIFF: 0.000000
Final LP has 246 rows, 409 columns, 2414 nonzeros
Optimal Solution: 964.00
Number of bbnodes: 1
Total Running Time: 0.23 (seconds)

Standard Error:
