Standard Output:
./concorde -o /home/chongjiu/concorde_test/solution/random48.sol /home/chongjiu/concorde_test/mat/random48.tsp
Host: ubuntu  Current process id: 1907542
Using random seed 1733470479
Problem Name: random48
Problem Type: TSP
Number of Nodes: 48
Explicit Lengths (CC_MATRIXNORM)
Set initial upperbound to 577 (from tour)
  LP Value  1: 549.000000  (0.00 seconds)
  LP Value  2: 577.000000  (0.00 seconds)
New lower bound: 577.000000
Final lower bound 577.000000, upper bound 577.000000
Exact lower bound: 577.000000
DIFF: 0.000000
Final LP has 53 rows, 207 columns, 506 nonzeros
Optimal Solution: 577.00
Number of bbnodes: 1
Total Running Time: 0.02 (seconds)

Standard Error:
