Standard Output:
./concorde -o /home/chongjiu/concorde_test/solution/random51.sol /home/chongjiu/concorde_test/mat/random51.tsp
Host: ubuntu  Current process id: 1907550
Using random seed 1733470479
Problem Name: random51
Problem Type: TSP
Number of Nodes: 51
Explicit Lengths (CC_MATRIXNORM)
Set initial upperbound to 542 (from tour)
  LP Value  1: 511.500000  (0.00 seconds)
  LP Value  2: 531.750000  (0.00 seconds)
  LP Value  3: 542.000000  (0.01 seconds)
recomputing rownorms ...
  LP Value  4: 542.000000  (0.01 seconds)
New lower bound: 542.000000
Final lower bound 542.000000, upper bound 542.000000
Exact lower bound: 542.000000
DIFF: 0.000000
Final LP has 72 rows, 185 columns, 566 nonzeros
Optimal Solution: 542.00
Number of bbnodes: 1
Total Running Time: 0.02 (seconds)

Standard Error:
