Standard Output:
./concorde -o /home/chongjiu/concorde_test/solution/random94.sol /home/chongjiu/concorde_test/mat/random94.tsp
Host: ubuntu  Current process id: 1907769
Using random seed 1733470482
Problem Name: random94
Problem Type: TSP
Number of Nodes: 94
Explicit Lengths (CC_MATRIXNORM)
Set initial upperbound to 706 (from tour)
  LP Value  1: 686.000000  (0.01 seconds)
  LP Value  2: 699.750000  (0.01 seconds)
  LP Value  3: 703.500000  (0.03 seconds)
  LP Value  4: 706.000000  (0.03 seconds)
New lower bound: 706.000000
Final lower bound 706.000000, upper bound 706.000000
Exact lower bound: 706.000000
DIFF: 0.000000
Final LP has 143 rows, 268 columns, 1832 nonzeros
Optimal Solution: 706.00
Number of bbnodes: 1
Total Running Time: 0.08 (seconds)

Standard Error:
