Standard Output:
./concorde -o /home/chongjiu/concorde_test/solution/random56.sol /home/chongjiu/concorde_test/mat/random56.tsp
Host: ubuntu  Current process id: 1907580
Using random seed 1733470479
Problem Name: random56
Problem Type: TSP
Number of Nodes: 56
Explicit Lengths (CC_MATRIXNORM)
Set initial upperbound to 614 (from tour)
  LP Value  1: 556.500000  (0.00 seconds)
  LP Value  2: 598.000000  (0.00 seconds)
  LP Value  3: 614.000000  (0.00 seconds)
New lower bound: 614.000000
Final lower bound 614.000000, upper bound 614.000000
Exact lower bound: 614.000000
DIFF: 0.000000
Final LP has 75 rows, 190 columns, 1139 nonzeros
Optimal Solution: 614.00
Number of bbnodes: 1
Total Running Time: 0.02 (seconds)

Standard Error:
