Standard Output:
./concorde -o /home/chongjiu/concorde_test/solution/random117.sol /home/chongjiu/concorde_test/mat/random117.tsp
Host: ubuntu  Current process id: 1908002
Using random seed 1733470487
Problem Name: random117
Problem Type: TSP
Number of Nodes: 117
Explicit Lengths (CC_MATRIXNORM)
Set initial upperbound to 862 (from tour)
  LP Value  1: 837.750000  (0.01 seconds)
  LP Value  2: 857.500000  (0.03 seconds)
  LP Value  3: 858.500000  (0.04 seconds)
  LP Value  4: 859.000000  (0.06 seconds)
  LP Value  5: 859.000000  (0.07 seconds)
New lower bound: 859.000000
New upperbound from x-heuristic: 859.00
Final lower bound 859.000000, upper bound 859.000000
Exact lower bound: 859.000000
DIFF: 0.000000
Final LP has 174 rows, 268 columns, 1108 nonzeros
Optimal Solution: 859.00
Number of bbnodes: 1
Total Running Time: 0.13 (seconds)

Standard Error:
