Standard Output:
./concorde -o /home/chongjiu/concorde_test/solution/random32.sol /home/chongjiu/concorde_test/mat/random32.tsp
Host: ubuntu  Current process id: 1907496
Using random seed 1733470478
Problem Name: random32
Problem Type: TSP
Number of Nodes: 32
Explicit Lengths (CC_MATRIXNORM)
Set initial upperbound to 506 (from tour)
  LP Value  1: 478.000000  (0.00 seconds)
  LP Value  2: 503.500000  (0.00 seconds)
  LP Value  3: 506.000000  (0.00 seconds)
New lower bound: 506.000000
Final lower bound 506.000000, upper bound 506.000000
Exact lower bound: 506.000000
DIFF: 0.000000
Final LP has 39 rows, 96 columns, 223 nonzeros
Optimal Solution: 506.00
Number of bbnodes: 1
Total Running Time: 0.01 (seconds)

Standard Error:
