Standard Output:
./concorde -o /home/chongjiu/concorde_test/solution/random72.sol /home/chongjiu/concorde_test/mat/random72.tsp
Host: ubuntu  Current process id: 1907634
Using random seed 1733470480
Problem Name: random72
Problem Type: TSP
Number of Nodes: 72
Explicit Lengths (CC_MATRIXNORM)
Set initial upperbound to 665 (from tour)
  LP Value  1: 631.500000  (0.01 seconds)
  LP Value  2: 663.750000  (0.01 seconds)
  LP Value  3: 665.000000  (0.01 seconds)
New lower bound: 665.000000
Final lower bound 665.000000, upper bound 665.000000
Exact lower bound: 665.000000
DIFF: 0.000000
Final LP has 106 rows, 159 columns, 684 nonzeros
Optimal Solution: 665.00
Number of bbnodes: 1
Total Running Time: 0.06 (seconds)

Standard Error:
