Standard Output:
./concorde -o /home/chongjiu/concorde_test/solution/random17.sol /home/chongjiu/concorde_test/mat/random17.tsp
Host: ubuntu  Current process id: 1907462
Using random seed 1733470478
Problem Name: random17
Problem Type: TSP
Number of Nodes: 17
Explicit Lengths (CC_MATRIXNORM)
Set initial upperbound to 399 (from tour)
  LP Value  1: 392.000000  (0.00 seconds)
  LP Value  2: 399.000000  (0.00 seconds)
New lower bound: 399.000000
Final lower bound 399.000000, upper bound 399.000000
Exact lower bound: 399.000000
DIFF: 0.000000
Final LP has 19 rows, 29 columns, 65 nonzeros
Optimal Solution: 399.00
Number of bbnodes: 1
Total Running Time: 0.01 (seconds)

Standard Error:
