Standard Output:
./concorde -o /home/chongjiu/concorde_test/solution/random74.sol /home/chongjiu/concorde_test/mat/random74.tsp
Host: ubuntu  Current process id: 1907642
Using random seed 1733470480
Problem Name: random74
Problem Type: TSP
Number of Nodes: 74
Explicit Lengths (CC_MATRIXNORM)
Set initial upperbound to 684 (from tour)
  LP Value  1: 675.500000  (0.00 seconds)
  LP Value  2: 681.750000  (0.01 seconds)
  LP Value  3: 683.750000  (0.01 seconds)
  LP Value  4: 684.000000  (0.01 seconds)
New lower bound: 684.000000
Final lower bound 684.000000, upper bound 684.000000
Exact lower bound: 684.000000
DIFF: 0.000000
Final LP has 87 rows, 247 columns, 658 nonzeros
Optimal Solution: 684.00
Number of bbnodes: 1
Total Running Time: 0.04 (seconds)

Standard Error:
