Standard Output:
./concorde -o /home/chongjiu/concorde_test/solution/random152.sol /home/chongjiu/concorde_test/mat/random152.tsp
Host: ubuntu  Current process id: 1908682
Using random seed 1733470504
Problem Name: random152
Problem Type: TSP
Number of Nodes: 152
Explicit Lengths (CC_MATRIXNORM)
Set initial upperbound to 969 (from tour)
  LP Value  1: 941.000000  (0.02 seconds)
  LP Value  2: 962.000000  (0.04 seconds)
  LP Value  3: 965.000000  (0.07 seconds)
  LP Value  4: 965.666667  (0.09 seconds)
  LP Value  5: 965.870968  (0.11 seconds)
  LP Value  6: 966.166667  (0.13 seconds)
  LP Value  7: 966.500000  (0.15 seconds)
  LP Value  8: 966.937500  (0.17 seconds)
  LP Value  9: 967.125000  (0.20 seconds)
  LP Value 10: 967.825000  (0.22 seconds)
  LP Value 11: 968.000000  (0.26 seconds)
  LP Value 12: 968.333333  (0.28 seconds)
  LP Value 13: 968.500000  (0.34 seconds)
  LP Value 14: 968.666667  (0.38 seconds)
recomputing rownorms ...
  LP Value 15: 968.666667  (0.41 seconds)
New lower bound: 968.666667
Final lower bound 968.666667, upper bound 969.000000
Exact lower bound: 968.666667
DIFF: 0.000000
Final LP has 231 rows, 397 columns, 2269 nonzeros
Optimal Solution: 969.00
Number of bbnodes: 1
Total Running Time: 0.49 (seconds)

Standard Error:
