Standard Output:
./concorde -o /home/chongjiu/concorde_test/solution/random130.sol /home/chongjiu/concorde_test/mat/random130.tsp
Host: ubuntu  Current process id: 1908287
Using random seed 1733470494
Problem Name: random130
Problem Type: TSP
Number of Nodes: 130
Explicit Lengths (CC_MATRIXNORM)
Set initial upperbound to 864 (from tour)
  LP Value  1: 801.500000  (0.01 seconds)
  LP Value  2: 847.416667  (0.02 seconds)
  LP Value  3: 853.833333  (0.05 seconds)
  LP Value  4: 857.850000  (0.07 seconds)
  LP Value  5: 859.000000  (0.09 seconds)
  LP Value  6: 859.516892  (0.12 seconds)
  LP Value  7: 860.250000  (0.15 seconds)
  LP Value  8: 860.500000  (0.18 seconds)
  LP Value  9: 861.250000  (0.21 seconds)
  LP Value 10: 861.500000  (0.24 seconds)
  LP Value 11: 862.000000  (0.30 seconds)
  LP Value 12: 862.064339  (0.36 seconds)
  LP Value 13: 862.123279  (0.43 seconds)
  LP Value 14: 862.397850  (0.46 seconds)
  LP Value 15: 862.551506  (0.60 seconds)
  LP Value 16: 862.650242  (0.68 seconds)
  LP Value 17: 862.684406  (0.84 seconds)
  LP Value 18: 862.767751  (1.00 seconds)
  LP Value 19: 862.829930  (1.10 seconds)
  LP Value 20: 862.845536  (1.21 seconds)
New lower bound: 862.845536
Final lower bound 862.845536, upper bound 864.000000
Exact lower bound: 862.845536
DIFF: 0.000000
Time for Total: 1.22 seconds (1.22 total in 1 calls)
Final LP has 241 rows, 267 columns, 4478 nonzeros
LOWER BOUND: 862.845536   ACTIVE NODES: 1

Task 0: Branching on node 0
BBnode 0 split into 1 (863.51X) 2 (863.40X) (0.10 seconds)
Child 0 is pruned
Child 1 is pruned

Task 1: Exit
Optimal Solution: 864.00
Number of bbnodes: 3
Total Running Time: 1.37 (seconds)  Branching Time: 0.10 (seconds)

Standard Error:
