Standard Output:
./concorde -o /home/chongjiu/concorde_test/solution/random135.sol /home/chongjiu/concorde_test/mat/random135.tsp
Host: ubuntu  Current process id: 1908409
Using random seed 1733470497
Problem Name: random135
Problem Type: TSP
Number of Nodes: 135
Explicit Lengths (CC_MATRIXNORM)
Set initial upperbound to 879 (from tour)
  LP Value  1: 818.500000  (0.02 seconds)
  LP Value  2: 866.437500  (0.05 seconds)
  LP Value  3: 875.875000  (0.09 seconds)
  LP Value  4: 877.125000  (0.12 seconds)
  LP Value  5: 877.714286  (0.16 seconds)
  LP Value  6: 878.723540  (0.20 seconds)
  LP Value  7: 879.000000  (0.22 seconds)
recomputing rownorms ...
  LP Value  8: 879.000000  (0.22 seconds)
New lower bound: 879.000000
Final lower bound 879.000000, upper bound 879.000000
Exact lower bound: 879.000000
DIFF: 0.000000
Final LP has 233 rows, 454 columns, 3795 nonzeros
Optimal Solution: 879.00
Number of bbnodes: 1
Total Running Time: 0.30 (seconds)

Standard Error:
