Standard Output:
./concorde -o /home/chongjiu/concorde_test/solution/random78.sol /home/chongjiu/concorde_test/mat/random78.tsp
Host: ubuntu  Current process id: 1907665
Using random seed 1733470480
Problem Name: random78
Problem Type: TSP
Number of Nodes: 78
Explicit Lengths (CC_MATRIXNORM)
Set initial upperbound to 708 (from tour)
  LP Value  1: 642.500000  (0.00 seconds)
  LP Value  2: 701.500000  (0.01 seconds)
  LP Value  3: 707.416667  (0.02 seconds)
  LP Value  4: 708.000000  (0.02 seconds)
New lower bound: 708.000000
Final lower bound 708.000000, upper bound 708.000000
Exact lower bound: 708.000000
DIFF: 0.000000
Final LP has 121 rows, 226 columns, 1512 nonzeros
Optimal Solution: 708.00
Number of bbnodes: 1
Total Running Time: 0.07 (seconds)

Standard Error:
