Standard Output:
./concorde -o /home/chongjiu/concorde_test/solution/random153.sol /home/chongjiu/concorde_test/mat/random153.tsp
Host: ubuntu  Current process id: 1908708
Using random seed 1733470505
Problem Name: random153
Problem Type: TSP
Number of Nodes: 153
Explicit Lengths (CC_MATRIXNORM)
Set initial upperbound to 949 (from tour)
  LP Value  1: 917.000000  (0.01 seconds)
  LP Value  2: 938.000000  (0.02 seconds)
  LP Value  3: 942.000000  (0.04 seconds)
  LP Value  4: 945.083333  (0.05 seconds)
  LP Value  5: 947.198113  (0.08 seconds)
  LP Value  6: 947.750000  (0.10 seconds)
  LP Value  7: 948.250000  (0.13 seconds)
  LP Value  8: 948.750000  (0.15 seconds)
  LP Value  9: 949.000000  (0.16 seconds)
New lower bound: 948.923077
Final lower bound 948.923077, upper bound 949.000000
Exact lower bound: 948.923077
DIFF: 0.000000
Final LP has 242 rows, 406 columns, 3026 nonzeros
Optimal Solution: 949.00
Number of bbnodes: 1
Total Running Time: 0.25 (seconds)

Standard Error:
