Standard Output:
./concorde -o /home/chongjiu/concorde_test/solution/random111.sol /home/chongjiu/concorde_test/mat/random111.tsp
Host: ubuntu  Current process id: 1907950
Using random seed 1733470486
Problem Name: random111
Problem Type: TSP
Number of Nodes: 111
Explicit Lengths (CC_MATRIXNORM)
Set initial upperbound to 811 (from tour)
  LP Value  1: 765.500000  (0.01 seconds)
  LP Value  2: 801.111111  (0.02 seconds)
  LP Value  3: 807.833333  (0.04 seconds)
  LP Value  4: 810.523810  (0.05 seconds)
  LP Value  5: 811.000000  (0.06 seconds)
New lower bound: 811.000000
Final lower bound 811.000000, upper bound 811.000000
Exact lower bound: 811.000000
DIFF: 0.000000
Final LP has 177 rows, 345 columns, 2129 nonzeros
Optimal Solution: 811.00
Number of bbnodes: 1
Total Running Time: 0.10 (seconds)

Standard Error:
