Standard Output:
./concorde -o /home/chongjiu/concorde_test/solution/random188.sol /home/chongjiu/concorde_test/mat/random188.tsp
Host: ubuntu  Current process id: 1909501
Using random seed 1733470524
Problem Name: random188
Problem Type: TSP
Number of Nodes: 188
Explicit Lengths (CC_MATRIXNORM)
Set initial upperbound to 1046 (from tour)
  LP Value  1: 1016.833333  (0.02 seconds)
  LP Value  2: 1040.625000  (0.03 seconds)
  LP Value  3: 1045.750000  (0.04 seconds)
  LP Value  4: 1046.000000  (0.04 seconds)
New lower bound: 1046.000000
Final lower bound 1046.000000, upper bound 1046.000000
Exact lower bound: 1046.000000
DIFF: 0.000000
Final LP has 246 rows, 503 columns, 1713 nonzeros
Optimal Solution: 1046.00
Number of bbnodes: 1
Total Running Time: 0.14 (seconds)

Standard Error:
