Standard Output:
./concorde -o /home/chongjiu/concorde_test/solution/random181.sol /home/chongjiu/concorde_test/mat/random181.tsp
Host: ubuntu  Current process id: 1909336
Using random seed 1733470520
Problem Name: random181
Problem Type: TSP
Number of Nodes: 181
Explicit Lengths (CC_MATRIXNORM)
Set initial upperbound to 1001 (from tour)
  LP Value  1: 960.000000  (0.02 seconds)
  LP Value  2: 994.250000  (0.03 seconds)
  LP Value  3: 997.583333  (0.07 seconds)
  LP Value  4: 1000.250000  (0.11 seconds)
  LP Value  5: 1000.500000  (0.13 seconds)
  LP Value  6: 1001.000000  (0.18 seconds)
New lower bound: 1001.000000
Final lower bound 1001.000000, upper bound 1001.000000
Exact lower bound: 1001.000000
DIFF: 0.000000
Final LP has 297 rows, 514 columns, 4617 nonzeros
Optimal Solution: 1001.00
Number of bbnodes: 1
Total Running Time: 0.26 (seconds)

Standard Error:
