Standard Output:
./concorde -o /home/chongjiu/concorde_test/solution/random196.sol /home/chongjiu/concorde_test/mat/random196.tsp
Host: ubuntu  Current process id: 1909775
Using random seed 1733470531
Problem Name: random196
Problem Type: TSP
Number of Nodes: 196
Explicit Lengths (CC_MATRIXNORM)
Set initial upperbound to 1039 (from tour)
  LP Value  1: 996.000000  (0.01 seconds)
  LP Value  2: 1030.666667  (0.04 seconds)
  LP Value  3: 1034.500000  (0.07 seconds)
  LP Value  4: 1037.646552  (0.12 seconds)
  LP Value  5: 1038.500000  (0.19 seconds)
  LP Value  6: 1039.000000  (0.23 seconds)
recomputing rownorms ...
  LP Value  7: 1039.000000  (0.23 seconds)
New lower bound: 1039.000000
Final lower bound 1039.000000, upper bound 1039.000000
Exact lower bound: 1039.000000
DIFF: 0.000000
Final LP has 302 rows, 530 columns, 2387 nonzeros
Optimal Solution: 1039.00
Number of bbnodes: 1
Total Running Time: 0.34 (seconds)

Standard Error:
