Standard Output:
./concorde -o /home/chongjiu/concorde_test/solution/random88.sol /home/chongjiu/concorde_test/mat/random88.tsp
Host: ubuntu  Current process id: 1907714
Using random seed 1733470481
Problem Name: random88
Problem Type: TSP
Number of Nodes: 88
Explicit Lengths (CC_MATRIXNORM)
Set initial upperbound to 734 (from tour)
  LP Value  1: 696.666667  (0.00 seconds)
  LP Value  2: 723.437500  (0.01 seconds)
  LP Value  3: 725.750000  (0.02 seconds)
  LP Value  4: 728.618182  (0.04 seconds)
  LP Value  5: 731.000000  (0.06 seconds)
  LP Value  6: 731.500000  (0.08 seconds)
  LP Value  7: 732.000000  (0.10 seconds)
  LP Value  8: 732.681818  (0.12 seconds)
  LP Value  9: 733.500000  (0.15 seconds)
  LP Value 10: 733.957494  (0.63 seconds)
  LP Value 11: 734.000000  (0.64 seconds)
New lower bound: 734.000000
Final lower bound 734.000000, upper bound 734.000000
Exact lower bound: 734.000000
DIFF: 0.000000
Final LP has 149 rows, 238 columns, 1720 nonzeros
Optimal Solution: 734.00
Number of bbnodes: 1
Total Running Time: 0.67 (seconds)

Standard Error:
