Standard Output:
./concorde -o /home/chongjiu/concorde_test/solution/random93.sol /home/chongjiu/concorde_test/mat/random93.tsp
Host: ubuntu  Current process id: 1907765
Using random seed 1733470482
Problem Name: random93
Problem Type: TSP
Number of Nodes: 93
Explicit Lengths (CC_MATRIXNORM)
Set initial upperbound to 757 (from tour)
  LP Value  1: 719.500000  (0.01 seconds)
  LP Value  2: 750.250000  (0.02 seconds)
  LP Value  3: 753.500000  (0.03 seconds)
  LP Value  4: 755.774590  (0.04 seconds)
  LP Value  5: 756.243590  (0.06 seconds)
  LP Value  6: 756.648649  (0.09 seconds)
  LP Value  7: 757.000000  (0.10 seconds)
New lower bound: 757.000000
Final lower bound 757.000000, upper bound 757.000000
Exact lower bound: 757.000000
DIFF: 0.000000
Final LP has 166 rows, 275 columns, 2185 nonzeros
Optimal Solution: 757.00
Number of bbnodes: 1
Total Running Time: 0.14 (seconds)

Standard Error:
