Standard Output:
./concorde -o /home/chongjiu/concorde_test/solution/random39.sol /home/chongjiu/concorde_test/mat/random39.tsp
Host: ubuntu  Current process id: 1907516
Using random seed 1733470479
Problem Name: random39
Problem Type: TSP
Number of Nodes: 39
Explicit Lengths (CC_MATRIXNORM)
Set initial upperbound to 510 (from tour)
  LP Value  1: 464.000000  (0.00 seconds)
  LP Value  2: 509.333333  (0.00 seconds)
  LP Value  3: 510.000000  (0.00 seconds)
New lower bound: 510.000000
Final lower bound 510.000000, upper bound 510.000000
Exact lower bound: 510.000000
DIFF: 0.000000
Final LP has 53 rows, 95 columns, 264 nonzeros
Optimal Solution: 510.00
Number of bbnodes: 1
Total Running Time: 0.02 (seconds)

Standard Error:
