Standard Output:
./concorde -o /home/chongjiu/concorde_test/solution/random119.sol /home/chongjiu/concorde_test/mat/random119.tsp
Host: ubuntu  Current process id: 1908016
Using random seed 1733470488
Problem Name: random119
Problem Type: TSP
Number of Nodes: 119
Explicit Lengths (CC_MATRIXNORM)
Set initial upperbound to 803 (from tour)
  LP Value  1: 764.300000  (0.01 seconds)
  LP Value  2: 798.547619  (0.03 seconds)
  LP Value  3: 803.000000  (0.04 seconds)
New lower bound: 803.000000
Final lower bound 803.000000, upper bound 803.000000
Exact lower bound: 803.000000
DIFF: 0.000000
Final LP has 192 rows, 307 columns, 2967 nonzeros
Optimal Solution: 803.00
Number of bbnodes: 1
Total Running Time: 0.10 (seconds)

Standard Error:
