Standard Output:
./concorde -o /home/chongjiu/concorde_test/solution/random133.sol /home/chongjiu/concorde_test/mat/random133.tsp
Host: ubuntu  Current process id: 1908379
Using random seed 1733470496
Problem Name: random133
Problem Type: TSP
Number of Nodes: 133
Explicit Lengths (CC_MATRIXNORM)
Set initial upperbound to 871 (from tour)
  LP Value  1: 822.500000  (0.01 seconds)
  LP Value  2: 856.555556  (0.03 seconds)
  LP Value  3: 863.272727  (0.07 seconds)
  LP Value  4: 865.713412  (0.12 seconds)
  LP Value  5: 866.363636  (0.15 seconds)
  LP Value  6: 867.433122  (0.19 seconds)
  LP Value  7: 867.630631  (0.33 seconds)
  LP Value  8: 868.039735  (0.38 seconds)
  LP Value  9: 868.952055  (0.42 seconds)
  LP Value 10: 869.000000  (0.43 seconds)
recomputing rownorms ...
  LP Value 11: 869.000000  (0.43 seconds)
New lower bound: 869.000000
New upperbound from x-heuristic: 869.00
Final lower bound 869.000000, upper bound 869.000000
Exact lower bound: 869.000000
DIFF: 0.000000
Final LP has 238 rows, 403 columns, 3604 nonzeros
Optimal Solution: 869.00
Number of bbnodes: 1
Total Running Time: 0.53 (seconds)

Standard Error:
