Standard Output:
./concorde -o /home/chongjiu/concorde_test/solution/random41.sol /home/chongjiu/concorde_test/mat/random41.tsp
Host: ubuntu  Current process id: 1907522
Using random seed 1733470479
Problem Name: random41
Problem Type: TSP
Number of Nodes: 41
Explicit Lengths (CC_MATRIXNORM)
Set initial upperbound to 496 (from tour)
  LP Value  1: 458.000000  (0.00 seconds)
  LP Value  2: 493.000000  (0.01 seconds)
  LP Value  3: 496.000000  (0.01 seconds)
New lower bound: 496.000000
Final lower bound 496.000000, upper bound 496.000000
Exact lower bound: 496.000000
DIFF: 0.000000
Final LP has 54 rows, 148 columns, 665 nonzeros
Optimal Solution: 496.00
Number of bbnodes: 1
Total Running Time: 0.03 (seconds)

Standard Error:
