Standard Output:
./concorde -o /home/chongjiu/concorde_test/solution/random105.sol /home/chongjiu/concorde_test/mat/random105.tsp
Host: ubuntu  Current process id: 1907850
Using random seed 1733470484
Problem Name: random105
Problem Type: TSP
Number of Nodes: 105
Explicit Lengths (CC_MATRIXNORM)
Set initial upperbound to 791 (from tour)
  LP Value  1: 774.500000  (0.00 seconds)
  LP Value  2: 788.000000  (0.01 seconds)
  LP Value  3: 791.000000  (0.02 seconds)
recomputing rownorms ...
  LP Value  4: 791.000000  (0.02 seconds)
New lower bound: 791.000000
Final lower bound 791.000000, upper bound 791.000000
Exact lower bound: 791.000000
DIFF: 0.000000
Final LP has 142 rows, 282 columns, 1191 nonzeros
Optimal Solution: 791.00
Number of bbnodes: 1
Total Running Time: 0.06 (seconds)

Standard Error:
