Standard Output:
./concorde -o /home/chongjiu/concorde_test/solution/random118.sol /home/chongjiu/concorde_test/mat/random118.tsp
Host: ubuntu  Current process id: 1908006
Using random seed 1733470487
Problem Name: random118
Problem Type: TSP
Number of Nodes: 118
Explicit Lengths (CC_MATRIXNORM)
Set initial upperbound to 826 (from tour)
  LP Value  1: 777.500000  (0.01 seconds)
  LP Value  2: 818.950000  (0.02 seconds)
  LP Value  3: 822.607143  (0.05 seconds)
  LP Value  4: 824.150000  (0.09 seconds)
  LP Value  5: 825.000000  (0.11 seconds)
  LP Value  6: 825.297297  (0.14 seconds)
  LP Value  7: 825.700000  (0.17 seconds)
  LP Value  8: 825.902778  (0.19 seconds)
  LP Value  9: 826.000000  (0.22 seconds)
New lower bound: 826.000000
Final lower bound 826.000000, upper bound 826.000000
Exact lower bound: 826.000000
DIFF: 0.000000
Final LP has 211 rows, 407 columns, 4602 nonzeros
Optimal Solution: 826.00
Number of bbnodes: 1
Total Running Time: 0.27 (seconds)

Standard Error:
