Standard Output:
./concorde -o /home/chongjiu/concorde_test/solution/random37.sol /home/chongjiu/concorde_test/mat/random37.tsp
Host: ubuntu  Current process id: 1907512
Using random seed 1733470478
Problem Name: random37
Problem Type: TSP
Number of Nodes: 37
Explicit Lengths (CC_MATRIXNORM)
Set initial upperbound to 527 (from tour)
  LP Value  1: 500.000000  (0.00 seconds)
  LP Value  2: 525.500000  (0.01 seconds)
  LP Value  3: 527.000000  (0.01 seconds)
New lower bound: 527.000000
Final lower bound 527.000000, upper bound 527.000000
Exact lower bound: 527.000000
DIFF: 0.000000
Final LP has 63 rows, 199 columns, 2009 nonzeros
Optimal Solution: 527.00
Number of bbnodes: 1
Total Running Time: 0.03 (seconds)

Standard Error:
