Standard Output:
./concorde -o /home/chongjiu/concorde_test/solution/random100.sol /home/chongjiu/concorde_test/mat/random100.tsp
Host: ubuntu  Current process id: 1907811
Using random seed 1733470483
Problem Name: random100
Problem Type: TSP
Number of Nodes: 100
Explicit Lengths (CC_MATRIXNORM)
Set initial upperbound to 760 (from tour)
  LP Value  1: 717.000000  (0.01 seconds)
  LP Value  2: 749.333333  (0.01 seconds)
  LP Value  3: 756.185185  (0.04 seconds)
  LP Value  4: 759.743590  (0.06 seconds)
  LP Value  5: 760.000000  (0.07 seconds)
New lower bound: 760.000000
Final lower bound 760.000000, upper bound 760.000000
Exact lower bound: 760.000000
DIFF: 0.000000
Final LP has 173 rows, 308 columns, 2973 nonzeros
Optimal Solution: 760.00
Number of bbnodes: 1
Total Running Time: 0.14 (seconds)

Standard Error:
