Standard Output:
./concorde -o /home/chongjiu/concorde_test/solution/random38.sol /home/chongjiu/concorde_test/mat/random38.tsp
Host: ubuntu  Current process id: 1907514
Using random seed 1733470479
Problem Name: random38
Problem Type: TSP
Number of Nodes: 38
Explicit Lengths (CC_MATRIXNORM)
Set initial upperbound to 483 (from tour)
  LP Value  1: 464.000000  (0.00 seconds)
  LP Value  2: 477.000000  (0.00 seconds)
  LP Value  3: 483.000000  (0.00 seconds)
New lower bound: 483.000000
Final lower bound 483.000000, upper bound 483.000000
Exact lower bound: 483.000000
DIFF: 0.000000
Final LP has 50 rows, 140 columns, 365 nonzeros
Optimal Solution: 483.00
Number of bbnodes: 1
Total Running Time: 0.02 (seconds)

Standard Error:
