Standard Output:
./concorde -o /home/chongjiu/concorde_test/solution/random144.sol /home/chongjiu/concorde_test/mat/random144.tsp
Host: ubuntu  Current process id: 1908544
Using random seed 1733470501
Problem Name: random144
Problem Type: TSP
Number of Nodes: 144
Explicit Lengths (CC_MATRIXNORM)
Set initial upperbound to 914 (from tour)
  LP Value  1: 869.718750  (0.01 seconds)
  LP Value  2: 906.325064  (0.06 seconds)
  LP Value  3: 914.000000  (0.08 seconds)
New lower bound: 914.000000
Final lower bound 914.000000, upper bound 914.000000
Exact lower bound: 914.000000
DIFF: 0.000000
Final LP has 239 rows, 516 columns, 5043 nonzeros
Optimal Solution: 914.00
Number of bbnodes: 1
Total Running Time: 0.15 (seconds)

Standard Error:
