Standard Output:
./concorde -o /home/chongjiu/concorde_test/solution/random122.sol /home/chongjiu/concorde_test/mat/random122.tsp
Host: ubuntu  Current process id: 1908055
Using random seed 1733470489
Problem Name: random122
Problem Type: TSP
Number of Nodes: 122
Explicit Lengths (CC_MATRIXNORM)
Set initial upperbound to 871 (from tour)
  LP Value  1: 830.000000  (0.01 seconds)
  LP Value  2: 857.000000  (0.04 seconds)
  LP Value  3: 866.250000  (0.08 seconds)
  LP Value  4: 867.833333  (0.10 seconds)
  LP Value  5: 868.896825  (0.12 seconds)
  LP Value  6: 869.000000  (0.13 seconds)
recomputing rownorms ...
  LP Value  7: 869.000000  (0.13 seconds)
New lower bound: 869.000000
New upperbound from x-heuristic: 869.00
Final lower bound 869.000000, upper bound 869.000000
Exact lower bound: 869.000000
DIFF: 0.000000
Final LP has 206 rows, 390 columns, 2457 nonzeros
Optimal Solution: 869.00
Number of bbnodes: 1
Total Running Time: 0.19 (seconds)

Standard Error:
