Standard Output:
./concorde -o /home/chongjiu/concorde_test/solution/random166.sol /home/chongjiu/concorde_test/mat/random166.tsp
Host: ubuntu  Current process id: 1908993
Using random seed 1733470511
Problem Name: random166
Problem Type: TSP
Number of Nodes: 166
Explicit Lengths (CC_MATRIXNORM)
Set initial upperbound to 998 (from tour)
  LP Value  1: 955.500000  (0.01 seconds)
  LP Value  2: 990.500000  (0.04 seconds)
  LP Value  3: 992.500000  (0.06 seconds)
  LP Value  4: 994.571429  (0.10 seconds)
  LP Value  5: 995.458333  (0.14 seconds)
  LP Value  6: 995.941176  (0.19 seconds)
  LP Value  7: 996.321429  (0.30 seconds)
  LP Value  8: 996.909091  (0.38 seconds)
  LP Value  9: 997.250000  (0.46 seconds)
  LP Value 10: 997.985229  (0.54 seconds)
  LP Value 11: 998.000000  (0.56 seconds)
New lower bound: 998.000000
Final lower bound 998.000000, upper bound 998.000000
Exact lower bound: 998.000000
DIFF: 0.000000
Final LP has 292 rows, 449 columns, 4092 nonzeros
Optimal Solution: 998.00
Number of bbnodes: 1
Total Running Time: 0.65 (seconds)

Standard Error:
