Standard Output:
./concorde -o /home/chongjiu/concorde_test/solution/random101.sol /home/chongjiu/concorde_test/mat/random101.tsp
Host: ubuntu  Current process id: 1907819
Using random seed 1733470484
Problem Name: random101
Problem Type: TSP
Number of Nodes: 101
Explicit Lengths (CC_MATRIXNORM)
Set initial upperbound to 734 (from tour)
  LP Value  1: 698.100000  (0.01 seconds)
  LP Value  2: 726.633333  (0.03 seconds)
  LP Value  3: 733.083333  (0.05 seconds)
  LP Value  4: 734.000000  (0.07 seconds)
New lower bound: 734.000000
Final lower bound 734.000000, upper bound 734.000000
Exact lower bound: 734.000000
DIFF: 0.000000
Final LP has 177 rows, 347 columns, 3749 nonzeros
Optimal Solution: 734.00
Number of bbnodes: 1
Total Running Time: 0.12 (seconds)

Standard Error:
