Standard Output:
./concorde -o /home/chongjiu/concorde_test/solution/random75.sol /home/chongjiu/concorde_test/mat/random75.tsp
Host: ubuntu  Current process id: 1907646
Using random seed 1733470480
Problem Name: random75
Problem Type: TSP
Number of Nodes: 75
Explicit Lengths (CC_MATRIXNORM)
Set initial upperbound to 685 (from tour)
  LP Value  1: 642.000000  (0.00 seconds)
  LP Value  2: 682.000000  (0.01 seconds)
  LP Value  3: 684.500000  (0.01 seconds)
  LP Value  4: 684.833333  (0.01 seconds)
  LP Value  5: 685.000000  (0.01 seconds)
New lower bound: 685.000000
Final lower bound 685.000000, upper bound 685.000000
Exact lower bound: 685.000000
DIFF: 0.000000
Final LP has 100 rows, 180 columns, 602 nonzeros
Optimal Solution: 685.00
Number of bbnodes: 1
Total Running Time: 0.05 (seconds)

Standard Error:
