Standard Output:
./concorde -o /home/chongjiu/concorde_test/solution/random50.sol /home/chongjiu/concorde_test/mat/random50.tsp
Host: ubuntu  Current process id: 1907548
Using random seed 1733470479
Problem Name: random50
Problem Type: TSP
Number of Nodes: 50
Explicit Lengths (CC_MATRIXNORM)
Set initial upperbound to 578 (from tour)
  LP Value  1: 555.500000  (0.00 seconds)
  LP Value  2: 572.500000  (0.01 seconds)
  LP Value  3: 577.156463  (0.01 seconds)
  LP Value  4: 577.666667  (0.01 seconds)
  LP Value  5: 578.000000  (0.01 seconds)
New lower bound: 578.000000
Final lower bound 578.000000, upper bound 578.000000
Exact lower bound: 578.000000
DIFF: 0.000000
Final LP has 82 rows, 140 columns, 900 nonzeros
Optimal Solution: 578.00
Number of bbnodes: 1
Total Running Time: 0.03 (seconds)

Standard Error:
