Standard Output:
./concorde -o /home/chongjiu/concorde_test/solution/random172.sol /home/chongjiu/concorde_test/mat/random172.tsp
Host: ubuntu  Current process id: 1909122
Using random seed 1733470514
Problem Name: random172
Problem Type: TSP
Number of Nodes: 172
Explicit Lengths (CC_MATRIXNORM)
Set initial upperbound to 969 (from tour)
  LP Value  1: 922.333333  (0.02 seconds)
  LP Value  2: 955.583333  (0.05 seconds)
  LP Value  3: 959.000000  (0.08 seconds)
  LP Value  4: 961.750000  (0.12 seconds)
  LP Value  5: 962.375000  (0.17 seconds)
  LP Value  6: 962.777778  (0.21 seconds)
  LP Value  7: 963.166667  (0.25 seconds)
  LP Value  8: 963.685790  (0.28 seconds)
  LP Value  9: 963.950000  (0.45 seconds)
  LP Value 10: 964.401099  (0.53 seconds)
  LP Value 11: 964.937500  (0.60 seconds)
  LP Value 12: 965.199634  (0.80 seconds)
  LP Value 13: 965.460703  (0.99 seconds)
  LP Value 14: 965.500000  (1.07 seconds)
New lower bound: 965.500000
Final lower bound 965.500000, upper bound 969.000000
Exact lower bound: 965.500000
DIFF: 0.000000
Time for Total: 1.09 seconds (1.09 total in 1 calls)
Final LP has 301 rows, 476 columns, 4643 nonzeros
LOWER BOUND: 965.500000   ACTIVE NODES: 1

Task 0: Branching on node 0
BBnode 0 split into 1 (966.00) 2 (965.94) (0.17 seconds)
LOWER BOUND: 965.937500   ACTIVE NODES: 2

Task 1: Cutting on node 2
Writing Pool: 283 cuts
BBnode 2 (now 3) done cutting: lowerbound 967.00 (0.28 seconds)
LOWER BOUND: 966.000000   ACTIVE NODES: 2

Task 2: Cutting on node 1
New upperbound from x-heuristic: 967.00
TOUR FOUND - upperbound is 967.00
Writing Pool: 283 cuts
BBnode 1 (now 4) can be pruned: upperbound 967.00 (0.03 seconds)
LOWER BOUND: 967.000000   ACTIVE NODES: 1

Task 3: Branching on node 3
Do not branch, the lp is within 1.0 of the upperbound
BBnode 3 is pruned - no branching (0.00 seconds)

Task 4: Exit
Optimal Solution: 967.00
Number of bbnodes: 3
Total Running Time: 1.67 (seconds)  Branching Time: 0.48 (seconds)

Standard Error:
