Standard Output:
./concorde -o /home/chongjiu/concorde_test/solution/random162.sol /home/chongjiu/concorde_test/mat/random162.tsp
Host: ubuntu  Current process id: 1983650
Using random seed 1733472738
Problem Name: random162
Problem Type: TSP
Number of Nodes: 162
Explicit Lengths (CC_MATRIXNORM)
Set initial upperbound to 992 (from tour)
  LP Value  1: 959.500000  (0.01 seconds)
  LP Value  2: 979.600000  (0.04 seconds)
  LP Value  3: 987.611111  (0.07 seconds)
  LP Value  4: 989.027778  (0.11 seconds)
  LP Value  5: 989.659091  (0.16 seconds)
  LP Value  6: 990.000000  (0.20 seconds)
  LP Value  7: 990.333333  (0.26 seconds)
  LP Value  8: 990.542857  (0.41 seconds)
  LP Value  9: 990.833333  (0.72 seconds)
  LP Value 10: 990.942308  (0.82 seconds)
  LP Value 11: 991.000000  (0.85 seconds)
  LP Value 12: 991.146226  (0.93 seconds)
  LP Value 13: 991.172414  (1.01 seconds)
New lower bound: 991.172414
Final lower bound 991.172414, upper bound 992.000000
Exact lower bound: 991.172414
DIFF: 0.000000
Final LP has 255 rows, 453 columns, 4129 nonzeros
Optimal Solution: 992.00
Number of bbnodes: 1
Total Running Time: 1.12 (seconds)

Standard Error:
