Standard Output:
./concorde -o /home/chongjiu/concorde_test/solution/random51.sol /home/chongjiu/concorde_test/mat/random51.tsp
Host: ubuntu  Current process id: 1982271
Using random seed 1733472709
Problem Name: random51
Problem Type: TSP
Number of Nodes: 51
Explicit Lengths (CC_MATRIXNORM)
Set initial upperbound to 542 (from tour)
  LP Value  1: 500.500000  (0.00 seconds)
  LP Value  2: 529.500000  (0.01 seconds)
  LP Value  3: 542.000000  (0.01 seconds)
New lower bound: 542.000000
Final lower bound 542.000000, upper bound 542.000000
Exact lower bound: 542.000000
DIFF: 0.000000
Final LP has 70 rows, 183 columns, 754 nonzeros
Optimal Solution: 542.00
Number of bbnodes: 1
Total Running Time: 0.03 (seconds)

Standard Error:
