Standard Output:
./concorde -o /home/chongjiu/concorde_test/solution/random185.sol /home/chongjiu/concorde_test/mat/random185.tsp
Host: ubuntu  Current process id: 1984333
Using random seed 1733472755
Problem Name: random185
Problem Type: TSP
Number of Nodes: 185
Explicit Lengths (CC_MATRIXNORM)
Set initial upperbound to 1006 (from tour)
  LP Value  1: 970.500000  (0.02 seconds)
  LP Value  2: 1003.000000  (0.08 seconds)
  LP Value  3: 1004.833333  (0.12 seconds)
  LP Value  4: 1005.333333  (0.17 seconds)
  LP Value  5: 1005.727273  (0.24 seconds)
  LP Value  6: 1006.000000  (0.27 seconds)
New lower bound: 1006.000000
Final lower bound 1006.000000, upper bound 1006.000000
Exact lower bound: 1006.000000
DIFF: 0.000000
Final LP has 290 rows, 474 columns, 3249 nonzeros
Optimal Solution: 1006.00
Number of bbnodes: 1
Total Running Time: 0.38 (seconds)

Standard Error:
