Standard Output:
./concorde -o /home/chongjiu/concorde_test/solution/random152.sol /home/chongjiu/concorde_test/mat/random152.tsp
Host: ubuntu  Current process id: 1983466
Using random seed 1733472734
Problem Name: random152
Problem Type: TSP
Number of Nodes: 152
Explicit Lengths (CC_MATRIXNORM)
Set initial upperbound to 969 (from tour)
  LP Value  1: 944.500000  (0.01 seconds)
  LP Value  2: 962.000000  (0.03 seconds)
  LP Value  3: 965.083333  (0.04 seconds)
  LP Value  4: 965.833333  (0.07 seconds)
  LP Value  5: 966.000000  (0.10 seconds)
  LP Value  6: 966.444444  (0.13 seconds)
  LP Value  7: 966.750000  (0.16 seconds)
  LP Value  8: 967.000000  (0.20 seconds)
  LP Value  9: 967.818182  (0.23 seconds)
  LP Value 10: 968.125000  (0.27 seconds)
  LP Value 11: 968.500000  (0.30 seconds)
  LP Value 12: 968.500000  (0.35 seconds)
  LP Value 13: 968.666667  (0.42 seconds)
recomputing rownorms ...
  LP Value 14: 968.666667  (0.47 seconds)
New lower bound: 968.666667
Final lower bound 968.666667, upper bound 969.000000
Exact lower bound: 968.666667
DIFF: 0.000000
Final LP has 224 rows, 409 columns, 2277 nonzeros
Optimal Solution: 969.00
Number of bbnodes: 1
Total Running Time: 0.57 (seconds)

Standard Error:
