Standard Output:
./concorde -o /home/chongjiu/concorde_test/solution/random106.sol /home/chongjiu/concorde_test/mat/random106.tsp
Host: ubuntu  Current process id: 1982606
Using random seed 1733472715
Problem Name: random106
Problem Type: TSP
Number of Nodes: 106
Explicit Lengths (CC_MATRIXNORM)
Set initial upperbound to 783 (from tour)
  LP Value  1: 752.300000  (0.01 seconds)
  LP Value  2: 772.783333  (0.03 seconds)
  LP Value  3: 778.287037  (0.05 seconds)
  LP Value  4: 779.500000  (0.06 seconds)
  LP Value  5: 780.750000  (0.07 seconds)
  LP Value  6: 781.000000  (0.09 seconds)
recomputing rownorms ...
  LP Value  7: 781.000000  (0.09 seconds)
New lower bound: 781.000000
New upperbound from x-heuristic: 781.00
Final lower bound 781.000000, upper bound 781.000000
Exact lower bound: 781.000000
DIFF: 0.000000
Final LP has 173 rows, 282 columns, 1355 nonzeros
Optimal Solution: 781.00
Number of bbnodes: 1
Total Running Time: 0.16 (seconds)

Standard Error:
