Standard Output:
./concorde -o /home/chongjiu/concorde_test/solution/random180.sol /home/chongjiu/concorde_test/mat/random180.tsp
Host: ubuntu  Current process id: 1984235
Using random seed 1733472752
Problem Name: random180
Problem Type: TSP
Number of Nodes: 180
Explicit Lengths (CC_MATRIXNORM)
Set initial upperbound to 1069 (from tour)
  LP Value  1: 1031.500000  (0.03 seconds)
  LP Value  2: 1062.500000  (0.05 seconds)
  LP Value  3: 1064.541667  (0.09 seconds)
  LP Value  4: 1065.182796  (0.13 seconds)
  LP Value  5: 1066.800000  (0.18 seconds)
  LP Value  6: 1067.000000  (0.23 seconds)
recomputing rownorms ...
  LP Value  7: 1067.000000  (0.23 seconds)
New lower bound: 1067.000000
New upperbound from x-heuristic: 1067.00
Final lower bound 1067.000000, upper bound 1067.000000
Exact lower bound: 1067.000000
DIFF: 0.000000
Final LP has 282 rows, 433 columns, 2703 nonzeros
Optimal Solution: 1067.00
Number of bbnodes: 1
Total Running Time: 0.35 (seconds)

Standard Error:
