Standard Output:
./concorde -o /home/chongjiu/concorde_test/solution/random163.sol /home/chongjiu/concorde_test/mat/random163.tsp
Host: ubuntu  Current process id: 1983690
Using random seed 1733472739
Problem Name: random163
Problem Type: TSP
Number of Nodes: 163
Explicit Lengths (CC_MATRIXNORM)
Set initial upperbound to 988 (from tour)
  LP Value  1: 945.000000  (0.02 seconds)
  LP Value  2: 970.500000  (0.04 seconds)
  LP Value  3: 980.462963  (0.08 seconds)
  LP Value  4: 984.000000  (0.13 seconds)
  LP Value  5: 986.395833  (0.18 seconds)
  LP Value  6: 986.770270  (0.21 seconds)
  LP Value  7: 986.933663  (0.28 seconds)
  LP Value  8: 987.386998  (0.32 seconds)
  LP Value  9: 987.670330  (0.57 seconds)
  LP Value 10: 987.719483  (0.78 seconds)
  LP Value 11: 987.795125  (0.95 seconds)
  LP Value 12: 987.891892  (1.09 seconds)
  LP Value 13: 987.945602  (1.25 seconds)
  LP Value 14: 987.965066  (1.40 seconds)
New lower bound: 987.965066
Final lower bound 987.965066, upper bound 988.000000
Exact lower bound: 987.965065
DIFF: 0.000000
Final LP has 283 rows, 461 columns, 3965 nonzeros
Optimal Solution: 988.00
Number of bbnodes: 1
Total Running Time: 1.53 (seconds)

Standard Error:
