Standard Output:
./concorde -o /home/chongjiu/concorde_test/solution/random52.sol /home/chongjiu/concorde_test/mat/random52.tsp
Host: ubuntu  Current process id: 1982275
Using random seed 1733472709
Problem Name: random52
Problem Type: TSP
Number of Nodes: 52
Explicit Lengths (CC_MATRIXNORM)
Set initial upperbound to 604 (from tour)
  LP Value  1: 567.000000  (0.00 seconds)
  LP Value  2: 594.266667  (0.01 seconds)
  LP Value  3: 600.845109  (0.02 seconds)
  LP Value  4: 603.000000  (0.04 seconds)
  LP Value  5: 603.818182  (0.05 seconds)
  LP Value  6: 604.000000  (0.06 seconds)
New lower bound: 604.000000
Final lower bound 604.000000, upper bound 604.000000
Exact lower bound: 604.000000
DIFF: 0.000000
Final LP has 100 rows, 167 columns, 1210 nonzeros
Optimal Solution: 604.00
Number of bbnodes: 1
Total Running Time: 0.09 (seconds)

Standard Error:
