Standard Output:
./concorde -o /home/chongjiu/concorde_test/solution/random119.sol /home/chongjiu/concorde_test/mat/random119.tsp
Host: ubuntu  Current process id: 1982733
Using random seed 1733472717
Problem Name: random119
Problem Type: TSP
Number of Nodes: 119
Explicit Lengths (CC_MATRIXNORM)
Set initial upperbound to 803 (from tour)
  LP Value  1: 765.500000  (0.01 seconds)
  LP Value  2: 792.750000  (0.03 seconds)
  LP Value  3: 802.500000  (0.05 seconds)
  LP Value  4: 803.000000  (0.05 seconds)
recomputing rownorms ...
  LP Value  5: 803.000000  (0.06 seconds)
New lower bound: 803.000000
Final lower bound 803.000000, upper bound 803.000000
Exact lower bound: 803.000000
DIFF: 0.000000
Final LP has 170 rows, 291 columns, 1261 nonzeros
Optimal Solution: 803.00
Number of bbnodes: 1
Total Running Time: 0.12 (seconds)

Standard Error:
