Standard Output:
./concorde -o /home/chongjiu/concorde_test/solution/random92.sol /home/chongjiu/concorde_test/mat/random92.tsp
Host: ubuntu  Current process id: 1982478
Using random seed 1733472712
Problem Name: random92
Problem Type: TSP
Number of Nodes: 92
Explicit Lengths (CC_MATRIXNORM)
Set initial upperbound to 740 (from tour)
  LP Value  1: 713.000000  (0.00 seconds)
  LP Value  2: 732.800000  (0.01 seconds)
  LP Value  3: 739.250000  (0.02 seconds)
  LP Value  4: 740.000000  (0.04 seconds)
New lower bound: 740.000000
Final lower bound 740.000000, upper bound 740.000000
Exact lower bound: 740.000000
DIFF: 0.000000
Final LP has 147 rows, 269 columns, 1645 nonzeros
Optimal Solution: 740.00
Number of bbnodes: 1
Total Running Time: 0.08 (seconds)

Standard Error:
