Standard Output:
./concorde -o /home/chongjiu/concorde_test/solution/random36.sol /home/chongjiu/concorde_test/mat/random36.tsp
Host: ubuntu  Current process id: 1982227
Using random seed 1733472709
Problem Name: random36
Problem Type: TSP
Number of Nodes: 36
Explicit Lengths (CC_MATRIXNORM)
Set initial upperbound to 495 (from tour)
  LP Value  1: 462.000000  (0.00 seconds)
  LP Value  2: 469.000000  (0.00 seconds)
  LP Value  3: 492.000000  (0.00 seconds)
  LP Value  4: 494.000000  (0.01 seconds)
  LP Value  5: 495.000000  (0.02 seconds)
New lower bound: 495.000000
Final lower bound 495.000000, upper bound 495.000000
Exact lower bound: 495.000000
DIFF: 0.000000
Final LP has 81 rows, 102 columns, 1784 nonzeros
Optimal Solution: 495.00
Number of bbnodes: 1
Total Running Time: 0.04 (seconds)

Standard Error:
