Standard Output:
./concorde -o /home/chongjiu/concorde_test/solution/random173.sol /home/chongjiu/concorde_test/mat/random173.tsp
Host: ubuntu  Current process id: 1984060
Using random seed 1733472748
Problem Name: random173
Problem Type: TSP
Number of Nodes: 173
Explicit Lengths (CC_MATRIXNORM)
Set initial upperbound to 988 (from tour)
  LP Value  1: 955.500000  (0.02 seconds)
  LP Value  2: 981.826087  (0.06 seconds)
  LP Value  3: 984.215873  (0.11 seconds)
  LP Value  4: 984.600000  (0.14 seconds)
  LP Value  5: 985.312500  (0.18 seconds)
  LP Value  6: 985.566176  (0.24 seconds)
  LP Value  7: 986.000000  (0.27 seconds)
  LP Value  8: 986.142857  (0.38 seconds)
  LP Value  9: 986.492864  (0.41 seconds)
  LP Value 10: 986.523504  (0.47 seconds)
  LP Value 11: 986.603261  (1.25 seconds)
  LP Value 12: 986.669190  (1.54 seconds)
  LP Value 13: 986.833201  (1.66 seconds)
  LP Value 14: 986.833333  (1.68 seconds)
  LP Value 15: 986.850000  (1.74 seconds)
New lower bound: 986.850000
New upperbound from x-heuristic: 987.00
Final lower bound 986.850000, upper bound 987.000000
Exact lower bound: 986.850000
DIFF: 0.000000
Final LP has 275 rows, 459 columns, 3015 nonzeros
Optimal Solution: 987.00
Number of bbnodes: 1
Total Running Time: 1.86 (seconds)

Standard Error:
