Standard Output:
./concorde -o /home/chongjiu/concorde_test/solution/random168.sol /home/chongjiu/concorde_test/mat/random168.tsp
Host: ubuntu  Current process id: 1983865
Using random seed 1733472744
Problem Name: random168
Problem Type: TSP
Number of Nodes: 168
Explicit Lengths (CC_MATRIXNORM)
Set initial upperbound to 994 (from tour)
  LP Value  1: 959.000000  (0.01 seconds)
  LP Value  2: 987.000000  (0.02 seconds)
  LP Value  3: 992.000000  (0.05 seconds)
  LP Value  4: 993.361111  (0.08 seconds)
  LP Value  5: 993.804878  (0.12 seconds)
  LP Value  6: 994.000000  (0.15 seconds)
recomputing rownorms ...
  LP Value  7: 994.000000  (0.15 seconds)
New lower bound: 994.000000
Final lower bound 994.000000, upper bound 994.000000
Exact lower bound: 994.000000
DIFF: 0.000000
Final LP has 264 rows, 431 columns, 2764 nonzeros
Optimal Solution: 994.00
Number of bbnodes: 1
Total Running Time: 0.25 (seconds)

Standard Error:
