Standard Output:
./concorde -o /home/chongjiu/concorde_test/solution/random50.sol /home/chongjiu/concorde_test/mat/random50.tsp
Host: ubuntu  Current process id: 1982265
Using random seed 1733472709
Problem Name: random50
Problem Type: TSP
Number of Nodes: 50
Explicit Lengths (CC_MATRIXNORM)
Set initial upperbound to 578 (from tour)
  LP Value  1: 558.500000  (0.00 seconds)
  LP Value  2: 573.750000  (0.01 seconds)
  LP Value  3: 577.705882  (0.02 seconds)
  LP Value  4: 578.000000  (0.02 seconds)
New lower bound: 578.000000
Final lower bound 578.000000, upper bound 578.000000
Exact lower bound: 578.000000
DIFF: 0.000000
Final LP has 83 rows, 124 columns, 819 nonzeros
Optimal Solution: 578.00
Number of bbnodes: 1
Total Running Time: 0.04 (seconds)

Standard Error:
