Standard Output:
./concorde -o /home/chongjiu/concorde_test/solution/random113.sol /home/chongjiu/concorde_test/mat/random113.tsp
Host: ubuntu  Current process id: 1982682
Using random seed 1733472716
Problem Name: random113
Problem Type: TSP
Number of Nodes: 113
Explicit Lengths (CC_MATRIXNORM)
Set initial upperbound to 837 (from tour)
  LP Value  1: 801.500000  (0.01 seconds)
  LP Value  2: 831.500000  (0.02 seconds)
  LP Value  3: 833.000000  (0.03 seconds)
  LP Value  4: 834.777778  (0.04 seconds)
  LP Value  5: 835.166667  (0.05 seconds)
  LP Value  6: 836.206186  (0.07 seconds)
  LP Value  7: 836.500000  (0.08 seconds)
  LP Value  8: 837.000000  (0.09 seconds)
New lower bound: 837.000000
Final lower bound 837.000000, upper bound 837.000000
Exact lower bound: 837.000000
DIFF: 0.000000
Final LP has 171 rows, 299 columns, 1634 nonzeros
Optimal Solution: 837.00
Number of bbnodes: 1
Total Running Time: 0.16 (seconds)

Standard Error:
