Standard Output:
./concorde -o /home/chongjiu/concorde_test/solution/random135.sol /home/chongjiu/concorde_test/mat/random135.tsp
Host: ubuntu  Current process id: 1983091
Using random seed 1733472725
Problem Name: random135
Problem Type: TSP
Number of Nodes: 135
Explicit Lengths (CC_MATRIXNORM)
Set initial upperbound to 879 (from tour)
  LP Value  1: 819.000000  (0.01 seconds)
  LP Value  2: 859.600000  (0.03 seconds)
  LP Value  3: 874.333333  (0.05 seconds)
  LP Value  4: 877.665698  (0.08 seconds)
  LP Value  5: 878.500000  (0.10 seconds)
  LP Value  6: 878.875000  (0.15 seconds)
  LP Value  7: 879.000000  (0.16 seconds)
New lower bound: 879.000000
Final lower bound 879.000000, upper bound 879.000000
Exact lower bound: 879.000000
DIFF: 0.000000
Final LP has 226 rows, 396 columns, 2782 nonzeros
Optimal Solution: 879.00
Number of bbnodes: 1
Total Running Time: 0.24 (seconds)

Standard Error:
