Standard Output:
./concorde -o /home/chongjiu/concorde_test/solution/random194.sol /home/chongjiu/concorde_test/mat/random194.tsp
Host: ubuntu  Current process id: 1984518
Using random seed 1733472760
Problem Name: random194
Problem Type: TSP
Number of Nodes: 194
Explicit Lengths (CC_MATRIXNORM)
Set initial upperbound to 1050 (from tour)
  LP Value  1: 1010.250000  (0.02 seconds)
  LP Value  2: 1048.000000  (0.05 seconds)
  LP Value  3: 1049.500000  (0.07 seconds)
  LP Value  4: 1049.500000  (0.09 seconds)
  LP Value  5: 1050.000000  (0.10 seconds)
New lower bound: 1050.000000
Final lower bound 1050.000000, upper bound 1050.000000
Exact lower bound: 1050.000000
DIFF: 0.000000
Final LP has 256 rows, 462 columns, 1685 nonzeros
Optimal Solution: 1050.00
Number of bbnodes: 1
Total Running Time: 0.23 (seconds)

Standard Error:
