Standard Output:
./concorde -o /home/chongjiu/concorde_test/solution/random82.sol /home/chongjiu/concorde_test/mat/random82.tsp
Host: ubuntu  Current process id: 1982417
Using random seed 1733472711
Problem Name: random82
Problem Type: TSP
Number of Nodes: 82
Explicit Lengths (CC_MATRIXNORM)
Set initial upperbound to 727 (from tour)
  LP Value  1: 689.000000  (0.00 seconds)
  LP Value  2: 724.500000  (0.01 seconds)
  LP Value  3: 726.384615  (0.02 seconds)
  LP Value  4: 727.000000  (0.02 seconds)
New lower bound: 727.000000
Final lower bound 727.000000, upper bound 727.000000
Exact lower bound: 727.000000
DIFF: 0.000000
Final LP has 122 rows, 204 columns, 2000 nonzeros
Optimal Solution: 727.00
Number of bbnodes: 1
Total Running Time: 0.07 (seconds)

Standard Error:
