Standard Output:
./concorde -o /home/chongjiu/concorde_test/solution/random154.sol /home/chongjiu/concorde_test/mat/random154.tsp
Host: ubuntu  Current process id: 1983512
Using random seed 1733472735
Problem Name: random154
Problem Type: TSP
Number of Nodes: 154
Explicit Lengths (CC_MATRIXNORM)
Set initial upperbound to 969 (from tour)
  LP Value  1: 944.000000  (0.01 seconds)
  LP Value  2: 966.000000  (0.03 seconds)
  LP Value  3: 968.500000  (0.06 seconds)
  LP Value  4: 968.500000  (0.08 seconds)
  LP Value  5: 968.833333  (0.10 seconds)
  LP Value  6: 968.833333  (0.11 seconds)
  LP Value  7: 969.000000  (0.11 seconds)
New lower bound: 969.000000
Final lower bound 969.000000, upper bound 969.000000
Exact lower bound: 969.000000
DIFF: 0.000000
Final LP has 217 rows, 376 columns, 1761 nonzeros
Optimal Solution: 969.00
Number of bbnodes: 1
Total Running Time: 0.20 (seconds)

Standard Error:
