Standard Output:
./concorde -o /home/chongjiu/concorde_test/solution/random172.sol /home/chongjiu/concorde_test/mat/random172.tsp
Host: ubuntu  Current process id: 1983963
Using random seed 1733472746
Problem Name: random172
Problem Type: TSP
Number of Nodes: 172
Explicit Lengths (CC_MATRIXNORM)
Set initial upperbound to 967 (from tour)
  LP Value  1: 926.750000  (0.02 seconds)
  LP Value  2: 958.666667  (0.05 seconds)
  LP Value  3: 961.666667  (0.06 seconds)
  LP Value  4: 961.666667  (0.08 seconds)
  LP Value  5: 962.333333  (0.12 seconds)
  LP Value  6: 962.500000  (0.16 seconds)
  LP Value  7: 962.750000  (0.25 seconds)
  LP Value  8: 963.146806  (0.34 seconds)
  LP Value  9: 963.620283  (0.47 seconds)
  LP Value 10: 964.326112  (0.54 seconds)
  LP Value 11: 964.827068  (0.59 seconds)
  LP Value 12: 964.981103  (0.74 seconds)
  LP Value 13: 965.362544  (0.93 seconds)
  LP Value 14: 965.511111  (1.11 seconds)
  LP Value 15: 965.615385  (1.27 seconds)
  LP Value 16: 965.686935  (1.66 seconds)
  LP Value 17: 965.770968  (1.80 seconds)
  LP Value 18: 965.871795  (1.90 seconds)
  LP Value 19: 965.875000  (2.04 seconds)
New lower bound: 965.875000
Final lower bound 965.875000, upper bound 967.000000
Exact lower bound: 965.875000
DIFF: 0.000000
Time for Total: 2.07 seconds (2.07 total in 1 calls)
Final LP has 319 rows, 380 columns, 5315 nonzeros
LOWER BOUND: 965.875000   ACTIVE NODES: 1

Task 0: Branching on node 0
BBnode 0 split into 1 (967.00X) 2 (967.67X) (0.23 seconds)
Child 0 is pruned
Child 1 is pruned

Task 1: Exit
Optimal Solution: 967.00
Number of bbnodes: 3
Total Running Time: 2.43 (seconds)  Branching Time: 0.23 (seconds)

Standard Error:
