Standard Output:
./concorde -o /home/chongjiu/concorde_test/solution/random26.sol /home/chongjiu/concorde_test/mat/random26.tsp
Host: ubuntu  Current process id: 1982199
Using random seed 1733472709
Problem Name: random26
Problem Type: TSP
Number of Nodes: 26
Explicit Lengths (CC_MATRIXNORM)
Set initial upperbound to 415 (from tour)
  LP Value  1: 380.000000  (0.00 seconds)
  LP Value  2: 411.000000  (0.00 seconds)
  LP Value  3: 415.000000  (0.00 seconds)
New lower bound: 415.000000
Final lower bound 415.000000, upper bound 415.000000
Exact lower bound: 415.000000
DIFF: 0.000000
Final LP has 39 rows, 85 columns, 253 nonzeros
Optimal Solution: 415.00
Number of bbnodes: 1
Total Running Time: 0.01 (seconds)

Standard Error:
