Standard Output:
./concorde -o /home/chongjiu/concorde_test/solution/random59.sol /home/chongjiu/concorde_test/mat/random59.tsp
Host: ubuntu  Current process id: 1982309
Using random seed 1733472710
Problem Name: random59
Problem Type: TSP
Number of Nodes: 59
Explicit Lengths (CC_MATRIXNORM)
Set initial upperbound to 602 (from tour)
  LP Value  1: 565.000000  (0.00 seconds)
  LP Value  2: 599.000000  (0.01 seconds)
  LP Value  3: 601.000000  (0.01 seconds)
recomputing rownorms ...
  LP Value  4: 601.000000  (0.01 seconds)
New lower bound: 601.000000
New upperbound from x-heuristic: 601.00
Final lower bound 601.000000, upper bound 601.000000
Exact lower bound: 601.000000
DIFF: 0.000000
Final LP has 79 rows, 158 columns, 537 nonzeros
Optimal Solution: 601.00
Number of bbnodes: 1
Total Running Time: 0.04 (seconds)

Standard Error:
