Standard Output:
./concorde -o /home/chongjiu/concorde_test/solution/random186.sol /home/chongjiu/concorde_test/mat/random186.tsp
Host: ubuntu  Current process id: 1984356
Using random seed 1733472755
Problem Name: random186
Problem Type: TSP
Number of Nodes: 186
Explicit Lengths (CC_MATRIXNORM)
Set initial upperbound to 1042 (from tour)
  LP Value  1: 1020.000000  (0.01 seconds)
  LP Value  2: 1039.500000  (0.04 seconds)
  LP Value  3: 1041.000000  (0.06 seconds)
  LP Value  4: 1041.714286  (0.09 seconds)
  LP Value  5: 1042.000000  (0.10 seconds)
New lower bound: 1042.000000
Final lower bound 1042.000000, upper bound 1042.000000
Exact lower bound: 1042.000000
DIFF: 0.000000
Final LP has 256 rows, 455 columns, 2496 nonzeros
Optimal Solution: 1042.00
Number of bbnodes: 1
Total Running Time: 0.24 (seconds)

Standard Error:
