Standard Output:
./concorde -o /home/chongjiu/concorde_test/solution/random101.sol /home/chongjiu/concorde_test/mat/random101.tsp
Host: ubuntu  Current process id: 1982562
Using random seed 1733472714
Problem Name: random101
Problem Type: TSP
Number of Nodes: 101
Explicit Lengths (CC_MATRIXNORM)
Set initial upperbound to 734 (from tour)
  LP Value  1: 700.250000  (0.01 seconds)
  LP Value  2: 723.655556  (0.03 seconds)
  LP Value  3: 732.000000  (0.06 seconds)
  LP Value  4: 732.686275  (0.08 seconds)
  LP Value  5: 733.000000  (0.10 seconds)
  LP Value  6: 734.000000  (0.13 seconds)
  LP Value  7: 734.000000  (0.14 seconds)
New lower bound: 734.000000
Final lower bound 734.000000, upper bound 734.000000
Exact lower bound: 734.000000
DIFF: 0.000000
Final LP has 194 rows, 338 columns, 3289 nonzeros
Optimal Solution: 734.00
Number of bbnodes: 1
Total Running Time: 0.19 (seconds)

Standard Error:
