Standard Output:
./concorde -o /home/chongjiu/concorde_test/solution/random149.sol /home/chongjiu/concorde_test/mat/random149.tsp
Host: ubuntu  Current process id: 1983396
Using random seed 1733472732
Problem Name: random149
Problem Type: TSP
Number of Nodes: 149
Explicit Lengths (CC_MATRIXNORM)
Set initial upperbound to 929 (from tour)
  LP Value  1: 896.500000  (0.01 seconds)
  LP Value  2: 922.625000  (0.03 seconds)
  LP Value  3: 927.481818  (0.05 seconds)
  LP Value  4: 928.750000  (0.06 seconds)
  LP Value  5: 929.000000  (0.07 seconds)
New lower bound: 928.991803
Final lower bound 928.991803, upper bound 929.000000
Exact lower bound: 928.991803
DIFF: 0.000000
Final LP has 204 rows, 397 columns, 1707 nonzeros
Optimal Solution: 929.00
Number of bbnodes: 1
Total Running Time: 0.16 (seconds)

Standard Error:
