Standard Output:
./concorde -o /home/chongjiu/concorde_test/solution/random177.sol /home/chongjiu/concorde_test/mat/random177.tsp
Host: ubuntu  Current process id: 1984196
Using random seed 1733472751
Problem Name: random177
Problem Type: TSP
Number of Nodes: 177
Explicit Lengths (CC_MATRIXNORM)
Set initial upperbound to 1038 (from tour)
  LP Value  1: 1009.500000  (0.01 seconds)
  LP Value  2: 1030.984375  (0.07 seconds)
  LP Value  3: 1034.883333  (0.13 seconds)
  LP Value  4: 1035.142857  (0.17 seconds)
  LP Value  5: 1035.444444  (0.21 seconds)
  LP Value  6: 1036.000000  (0.23 seconds)
recomputing rownorms ...
  LP Value  7: 1036.000000  (0.24 seconds)
New lower bound: 1036.000000
New upperbound from x-heuristic: 1036.00
Final lower bound 1036.000000, upper bound 1036.000000
Exact lower bound: 1036.000000
DIFF: 0.000000
Final LP has 258 rows, 494 columns, 2128 nonzeros
Optimal Solution: 1036.00
Number of bbnodes: 1
Total Running Time: 0.36 (seconds)

Standard Error:
