Standard Output:
./concorde -o /home/chongjiu/concorde_test/solution/random56.sol /home/chongjiu/concorde_test/mat/random56.tsp
Host: ubuntu  Current process id: 1982297
Using random seed 1733472709
Problem Name: random56
Problem Type: TSP
Number of Nodes: 56
Explicit Lengths (CC_MATRIXNORM)
Set initial upperbound to 614 (from tour)
  LP Value  1: 586.000000  (0.00 seconds)
  LP Value  2: 612.500000  (0.01 seconds)
  LP Value  3: 614.000000  (0.01 seconds)
New lower bound: 614.000000
Final lower bound 614.000000, upper bound 614.000000
Exact lower bound: 614.000000
DIFF: 0.000000
Final LP has 78 rows, 156 columns, 575 nonzeros
Optimal Solution: 614.00
Number of bbnodes: 1
Total Running Time: 0.03 (seconds)

Standard Error:
