Standard Output:
./concorde -o /home/chongjiu/concorde_test/solution/random80.sol /home/chongjiu/concorde_test/mat/random80.tsp
Host: ubuntu  Current process id: 1982409
Using random seed 1733472711
Problem Name: random80
Problem Type: TSP
Number of Nodes: 80
Explicit Lengths (CC_MATRIXNORM)
Set initial upperbound to 661 (from tour)
  LP Value  1: 642.750000  (0.01 seconds)
  LP Value  2: 657.583333  (0.01 seconds)
  LP Value  3: 661.000000  (0.02 seconds)
New lower bound: 661.000000
Final lower bound 661.000000, upper bound 661.000000
Exact lower bound: 661.000000
DIFF: 0.000000
Final LP has 127 rows, 234 columns, 1813 nonzeros
Optimal Solution: 661.00
Number of bbnodes: 1
Total Running Time: 0.05 (seconds)

Standard Error:
