Standard Output:
./concorde -o /home/chongjiu/concorde_test/solution/random75.sol /home/chongjiu/concorde_test/mat/random75.tsp
Host: ubuntu  Current process id: 1982372
Using random seed 1733472710
Problem Name: random75
Problem Type: TSP
Number of Nodes: 75
Explicit Lengths (CC_MATRIXNORM)
Set initial upperbound to 685 (from tour)
  LP Value  1: 663.500000  (0.00 seconds)
  LP Value  2: 684.464286  (0.01 seconds)
  LP Value  3: 685.000000  (0.01 seconds)
New lower bound: 685.000000
Final lower bound 685.000000, upper bound 685.000000
Exact lower bound: 685.000000
DIFF: 0.000000
Final LP has 103 rows, 183 columns, 1000 nonzeros
Optimal Solution: 685.00
Number of bbnodes: 1
Total Running Time: 0.04 (seconds)

Standard Error:
