Standard Output:
./concorde -o /home/chongjiu/concorde_test/solution/random182.sol /home/chongjiu/concorde_test/mat/random182.tsp
Host: ubuntu  Current process id: 1984261
Using random seed 1733472753
Problem Name: random182
Problem Type: TSP
Number of Nodes: 182
Explicit Lengths (CC_MATRIXNORM)
Set initial upperbound to 1031 (from tour)
  LP Value  1: 988.500000  (0.02 seconds)
  LP Value  2: 1018.000000  (0.06 seconds)
  LP Value  3: 1026.496835  (0.09 seconds)
  LP Value  4: 1028.200000  (0.13 seconds)
  LP Value  5: 1028.700000  (0.18 seconds)
  LP Value  6: 1031.000000  (0.24 seconds)
New lower bound: 1031.000000
Final lower bound 1031.000000, upper bound 1031.000000
Exact lower bound: 1031.000000
DIFF: 0.000000
Final LP has 296 rows, 496 columns, 6527 nonzeros
Optimal Solution: 1031.00
Number of bbnodes: 1
Total Running Time: 0.36 (seconds)

Standard Error:
