Standard Output:
./concorde -o /home/chongjiu/concorde_test/solution/random114.sol /home/chongjiu/concorde_test/mat/random114.tsp
Host: ubuntu  Current process id: 1982692
Using random seed 1733472717
Problem Name: random114
Problem Type: TSP
Number of Nodes: 114
Explicit Lengths (CC_MATRIXNORM)
Set initial upperbound to 805 (from tour)
  LP Value  1: 783.500000  (0.01 seconds)
  LP Value  2: 795.000000  (0.02 seconds)
  LP Value  3: 801.350000  (0.04 seconds)
  LP Value  4: 803.285714  (0.06 seconds)
  LP Value  5: 803.666667  (0.09 seconds)
  LP Value  6: 804.000000  (0.11 seconds)
  LP Value  7: 804.500000  (0.14 seconds)
  LP Value  8: 804.864198  (0.18 seconds)
  LP Value  9: 805.000000  (0.22 seconds)
New lower bound: 805.000000
Final lower bound 805.000000, upper bound 805.000000
Exact lower bound: 805.000000
DIFF: 0.000000
Final LP has 207 rows, 393 columns, 4095 nonzeros
Optimal Solution: 805.00
Number of bbnodes: 1
Total Running Time: 0.29 (seconds)

Standard Error:
