Standard Output:
./concorde -o /home/chongjiu/concorde_test/solution/random110.sol /home/chongjiu/concorde_test/mat/random110.tsp
Host: ubuntu  Current process id: 1982663
Using random seed 1733472716
Problem Name: random110
Problem Type: TSP
Number of Nodes: 110
Explicit Lengths (CC_MATRIXNORM)
Set initial upperbound to 797 (from tour)
  LP Value  1: 756.500000  (0.00 seconds)
  LP Value  2: 786.500000  (0.02 seconds)
  LP Value  3: 794.818182  (0.04 seconds)
  LP Value  4: 796.200000  (0.06 seconds)
  LP Value  5: 797.000000  (0.07 seconds)
New lower bound: 797.000000
Final lower bound 797.000000, upper bound 797.000000
Exact lower bound: 797.000000
DIFF: 0.000000
Final LP has 177 rows, 269 columns, 1697 nonzeros
Optimal Solution: 797.00
Number of bbnodes: 1
Total Running Time: 0.15 (seconds)

Standard Error:
