Standard Output:
./concorde -o /home/chongjiu/concorde_uncomplete_graph/x5/de/solution/random14.sol /home/chongjiu/concorde_uncomplete_graph/x5/de/mat/random14.tsp
Host: ubuntu  Current process id: 3466579
Using random seed 1735573750
Problem Name: random14
Problem Type: TSP
Number of Nodes: 14
Explicit Lengths (CC_MATRIXNORM)
Set initial upperbound to 306 (from tour)
Basic dual change required, but no candidate edges
  LP Value  1: 301.500000  (0.00 seconds)
  LP Value  2: 306.000000  (0.00 seconds)
New lower bound: 306.000000
Final lower bound 306.000000, upper bound 306.000000
Exact lower bound: 306.000000
DIFF: 0.000000
Final LP has 17 rows, 29 columns, 84 nonzeros
Optimal Solution: 306.00
Number of bbnodes: 1
Total Running Time: 0.00 (seconds)

Standard Error:
ERROR: No dual change in basis finding code
Did not find a basic optimal solution
Fractional matching routine failed
Warning: restarting running timer Miscellaneous
No warmstart, stumbling on anyway
