Standard Output:
./concorde -o /home/chongjiu/concorde_uncomplete_graph/x5/de/solution/random126.sol /home/chongjiu/concorde_uncomplete_graph/x5/de/mat/random126.tsp
Host: ubuntu  Current process id: 3468872
Using random seed 1735573764
Problem Name: random126
Problem Type: TSP
Number of Nodes: 126
Explicit Lengths (CC_MATRIXNORM)
Set initial upperbound to 863 (from tour)
  LP Value  1: 821.000000  (0.00 seconds)
  LP Value  2: 853.555556  (0.02 seconds)
  LP Value  3: 857.955543  (0.04 seconds)
  LP Value  4: 858.732143  (0.06 seconds)
  LP Value  5: 859.666667  (0.07 seconds)
  LP Value  6: 860.000000  (0.09 seconds)
  LP Value  7: 860.288136  (0.11 seconds)
  LP Value  8: 860.500000  (0.24 seconds)
  LP Value  9: 860.833333  (0.26 seconds)
  LP Value 10: 861.281415  (0.40 seconds)
  LP Value 11: 861.694624  (0.42 seconds)
  LP Value 12: 861.965779  (0.56 seconds)
  LP Value 13: 862.100695  (0.67 seconds)
  LP Value 14: 862.175847  (0.76 seconds)
  LP Value 15: 862.180432  (0.89 seconds)
New lower bound: 862.146064
Final lower bound 862.146064, upper bound 863.000000
Exact lower bound: 862.146064
DIFF: 0.000000
Final LP has 219 rows, 304 columns, 3134 nonzeros
Optimal Solution: 863.00
Number of bbnodes: 1
Total Running Time: 0.97 (seconds)

Standard Error:
