Standard Output:
./concorde -o /home/chongjiu/concorde_uncomplete_graph/x5/de/solution/random89.sol /home/chongjiu/concorde_uncomplete_graph/x5/de/mat/random89.tsp
Host: ubuntu  Current process id: 3467545
Using random seed 1735573755
Problem Name: random89
Problem Type: TSP
Number of Nodes: 89
Explicit Lengths (CC_MATRIXNORM)
Set initial upperbound to 765 (from tour)
  LP Value  1: 740.500000  (0.00 seconds)
  LP Value  2: 755.750000  (0.01 seconds)
  LP Value  3: 758.625000  (0.02 seconds)
  LP Value  4: 761.900000  (0.03 seconds)
  LP Value  5: 763.000000  (0.04 seconds)
  LP Value  6: 763.000000  (0.05 seconds)
New lower bound: 763.000000
New upperbound from x-heuristic: 763.00
Final lower bound 763.000000, upper bound 763.000000
Exact lower bound: 763.000000
DIFF: 0.000000
Final LP has 147 rows, 218 columns, 1246 nonzeros
Optimal Solution: 763.00
Number of bbnodes: 1
Total Running Time: 0.09 (seconds)

Standard Error:
