Standard Output:
./concorde -o /home/chongjiu/concorde_uncomplete_graph/x5/de/solution/random34.sol /home/chongjiu/concorde_uncomplete_graph/x5/de/mat/random34.tsp
Host: ubuntu  Current process id: 3466619
Using random seed 1735573751
Problem Name: random34
Problem Type: TSP
Number of Nodes: 34
Explicit Lengths (CC_MATRIXNORM)
Set initial upperbound to 477 (from tour)
  LP Value  1: 420.000000  (0.00 seconds)
  LP Value  2: 474.000000  (0.00 seconds)
  LP Value  3: 477.000000  (0.00 seconds)
New lower bound: 477.000000
Final lower bound 477.000000, upper bound 477.000000
Exact lower bound: 477.000000
DIFF: 0.000000
Final LP has 62 rows, 78 columns, 506 nonzeros
Optimal Solution: 477.00
Number of bbnodes: 1
Total Running Time: 0.01 (seconds)

Standard Error:
