Standard Output:
./concorde -o /home/chongjiu/concorde_uncomplete_graph/x5/de/solution/random139.sol /home/chongjiu/concorde_uncomplete_graph/x5/de/mat/random139.tsp
Host: ubuntu  Current process id: 3468972
Using random seed 1735573772
Problem Name: random139
Problem Type: TSP
Number of Nodes: 139
Explicit Lengths (CC_MATRIXNORM)
Set initial upperbound to 894 (from tour)
  LP Value  1: 853.750000  (0.00 seconds)
  LP Value  2: 882.500000  (0.01 seconds)
  LP Value  3: 887.555556  (0.01 seconds)
  LP Value  4: 890.219444  (0.03 seconds)
  LP Value  5: 891.645000  (0.05 seconds)
  LP Value  6: 892.000000  (0.06 seconds)
  LP Value  7: 893.000000  (0.09 seconds)
  LP Value  8: 893.333333  (0.11 seconds)
  LP Value  9: 893.692308  (0.15 seconds)
  LP Value 10: 894.000000  (0.17 seconds)
recomputing rownorms ...
  LP Value 11: 894.000000  (0.17 seconds)
New lower bound: 894.000000
Final lower bound 894.000000, upper bound 894.000000
Exact lower bound: 894.000000
DIFF: 0.000000
Final LP has 289 rows, 317 columns, 4430 nonzeros
Optimal Solution: 894.00
Number of bbnodes: 1
Total Running Time: 0.26 (seconds)

Standard Error:
