Standard Output:
./concorde -o /home/chongjiu/concorde_uncomplete_graph/x5/de/solution/random45.sol /home/chongjiu/concorde_uncomplete_graph/x5/de/mat/random45.tsp
Host: ubuntu  Current process id: 3466647
Using random seed 1735573751
Problem Name: random45
Problem Type: TSP
Number of Nodes: 45
Explicit Lengths (CC_MATRIXNORM)
Set initial upperbound to 527 (from tour)
  LP Value  1: 513.500000  (0.00 seconds)
  LP Value  2: 523.000000  (0.00 seconds)
  LP Value  3: 527.000000  (0.01 seconds)
New lower bound: 527.000000
Final lower bound 527.000000, upper bound 527.000000
Exact lower bound: 527.000000
DIFF: 0.000000
Final LP has 65 rows, 93 columns, 472 nonzeros
Optimal Solution: 527.00
Number of bbnodes: 1
Total Running Time: 0.02 (seconds)

Standard Error:
