Standard Output:
./concorde -o /home/chongjiu/concorde_uncomplete_graph/x5/de/solution/random50.sol /home/chongjiu/concorde_uncomplete_graph/x5/de/mat/random50.tsp
Host: ubuntu  Current process id: 3466657
Using random seed 1735573751
Problem Name: random50
Problem Type: TSP
Number of Nodes: 50
Explicit Lengths (CC_MATRIXNORM)
Set initial upperbound to 578 (from tour)
  LP Value  1: 570.500000  (0.00 seconds)
  LP Value  2: 571.500000  (0.00 seconds)
  LP Value  3: 574.500000  (0.00 seconds)
  LP Value  4: 576.000000  (0.00 seconds)
  LP Value  5: 576.333333  (0.01 seconds)
  LP Value  6: 578.000000  (0.01 seconds)
New lower bound: 578.000000
Final lower bound 578.000000, upper bound 578.000000
Exact lower bound: 578.000000
DIFF: 0.000000
Final LP has 85 rows, 103 columns, 561 nonzeros
Optimal Solution: 578.00
Number of bbnodes: 1
Total Running Time: 0.02 (seconds)

Standard Error:
