Standard Output:
./concorde -o /home/chongjiu/concorde_uncomplete_graph/x5/de/solution/random141.sol /home/chongjiu/concorde_uncomplete_graph/x5/de/mat/random141.tsp
Host: ubuntu  Current process id: 3468977
Using random seed 1735573773
Problem Name: random141
Problem Type: TSP
Number of Nodes: 141
Explicit Lengths (CC_MATRIXNORM)
Set initial upperbound to 927 (from tour)
  LP Value  1: 892.500000  (0.00 seconds)
  LP Value  2: 925.000000  (0.02 seconds)
  LP Value  3: 926.500000  (0.04 seconds)
  LP Value  4: 927.000000  (0.06 seconds)
New lower bound: 926.935484
Final lower bound 926.935484, upper bound 927.000000
Exact lower bound: 926.935484
DIFF: 0.000000
Final LP has 204 rows, 289 columns, 1835 nonzeros
Optimal Solution: 927.00
Number of bbnodes: 1
Total Running Time: 0.13 (seconds)

Standard Error:
