Standard Output:
./concorde -o /home/chongjiu/concorde_uncomplete_graph/x5/de/solution/random120.sol /home/chongjiu/concorde_uncomplete_graph/x5/de/mat/random120.tsp
Host: ubuntu  Current process id: 3468844
Using random seed 1735573761
Problem Name: random120
Problem Type: TSP
Number of Nodes: 120
Explicit Lengths (CC_MATRIXNORM)
Set initial upperbound to 828 (from tour)
  LP Value  1: 792.000000  (0.01 seconds)
  LP Value  2: 814.469373  (0.03 seconds)
  LP Value  3: 821.289774  (0.05 seconds)
  LP Value  4: 823.574667  (0.08 seconds)
  LP Value  5: 824.051282  (0.09 seconds)
  LP Value  6: 824.506909  (0.14 seconds)
  LP Value  7: 825.000000  (0.15 seconds)
  LP Value  8: 825.193548  (0.26 seconds)
  LP Value  9: 825.541667  (0.34 seconds)
  LP Value 10: 825.790476  (0.60 seconds)
  LP Value 11: 826.250000  (0.62 seconds)
  LP Value 12: 826.260811  (0.66 seconds)
New lower bound: 826.260811
Final lower bound 826.260811, upper bound 828.000000
Exact lower bound: 826.260810
DIFF: 0.000000
Time for Total: 0.67 seconds (0.67 total in 1 calls)
Final LP has 206 rows, 246 columns, 2222 nonzeros
LOWER BOUND: 826.260811   ACTIVE NODES: 1

Task 0: Branching on node 0
BBnode 0 split into 1 (826.75) 2 (826.77) (0.08 seconds)
LOWER BOUND: 826.750000   ACTIVE NODES: 2

Task 1: Cutting on node 1
Writing Pool: 211 cuts
BBnode 1 (now 3) can be pruned: upperbound 828.00 (0.02 seconds)
LOWER BOUND: 826.773626   ACTIVE NODES: 1

Task 2: Cutting on node 2
Writing Pool: 219 cuts
BBnode 2 (now 4) can be pruned: upperbound 828.00 (0.02 seconds)

Task 3: Exit
Optimal Solution: 828.00
Number of bbnodes: 3
Total Running Time: 0.87 (seconds)  Branching Time: 0.12 (seconds)

Standard Error:
