Standard Output:
./concorde -o /home/chongjiu/concorde_uncomplete_graph/x5/de/solution/random171.sol /home/chongjiu/concorde_uncomplete_graph/x5/de/mat/random171.tsp
Host: ubuntu  Current process id: 3469190
Using random seed 1735573792
Problem Name: random171
Problem Type: TSP
Number of Nodes: 171
Explicit Lengths (CC_MATRIXNORM)
Set initial upperbound to 956 (from tour)
  LP Value  1: 926.500000  (0.01 seconds)
  LP Value  2: 948.750000  (0.02 seconds)
  LP Value  3: 954.500000  (0.05 seconds)
  LP Value  4: 955.250000  (0.07 seconds)
  LP Value  5: 955.956522  (0.09 seconds)
  LP Value  6: 956.000000  (0.10 seconds)
New lower bound: 956.000000
Final lower bound 956.000000, upper bound 956.000000
Exact lower bound: 956.000000
DIFF: 0.000000
Final LP has 241 rows, 362 columns, 1730 nonzeros
Optimal Solution: 956.00
Number of bbnodes: 1
Total Running Time: 0.20 (seconds)

Standard Error:
