Standard Output:
./concorde -o /home/chongjiu/concorde_test/solution/random74.sol /home/chongjiu/concorde_test/mat/random74.tsp
Host: ubuntu  Current process id: 1969561
Using random seed 1733472348
Problem Name: random74
Problem Type: TSP
Number of Nodes: 74
Explicit Lengths (CC_MATRIXNORM)
Set initial upperbound to 688 (from tour)
  LP Value  1: 679.000000  (0.00 seconds)
  LP Value  2: 686.400000  (0.00 seconds)
  LP Value  3: 688.000000  (0.01 seconds)
New lower bound: 688.000000
Final lower bound 688.000000, upper bound 688.000000
Exact lower bound: 688.000000
DIFF: 0.000000
Final LP has 101 rows, 143 columns, 650 nonzeros
Optimal Solution: 688.00
Number of bbnodes: 1
Total Running Time: 0.04 (seconds)

Standard Error:
