Standard Output:
./concorde -o /home/chongjiu/concorde_uncomplete_graph/x5/de/solution/random28.sol /home/chongjiu/concorde_uncomplete_graph/x5/de/mat/random28.tsp
Host: ubuntu  Current process id: 3466607
Using random seed 1735573750
Problem Name: random28
Problem Type: TSP
Number of Nodes: 28
Explicit Lengths (CC_MATRIXNORM)
Set initial upperbound to 436 (from tour)
  LP Value  1: 399.500000  (0.00 seconds)
  LP Value  2: 436.000000  (0.00 seconds)
New lower bound: 436.000000
Final lower bound 436.000000, upper bound 436.000000
Exact lower bound: 436.000000
DIFF: 0.000000
Final LP has 39 rows, 60 columns, 235 nonzeros
Optimal Solution: 436.00
Number of bbnodes: 1
Total Running Time: 0.00 (seconds)

Standard Error:
