Standard Output:
./concorde -o /home/chongjiu/concorde_uncomplete_graph/x5/de/solution/random166.sol /home/chongjiu/concorde_uncomplete_graph/x5/de/mat/random166.tsp
Host: ubuntu  Current process id: 3469157
Using random seed 1735573789
Problem Name: random166
Problem Type: TSP
Number of Nodes: 166
Explicit Lengths (CC_MATRIXNORM)
Set initial upperbound to 998 (from tour)
  LP Value  1: 954.000000  (0.01 seconds)
  LP Value  2: 991.400000  (0.03 seconds)
  LP Value  3: 994.500000  (0.04 seconds)
  LP Value  4: 995.325000  (0.06 seconds)
  LP Value  5: 996.218750  (0.09 seconds)
  LP Value  6: 997.000000  (0.12 seconds)
  LP Value  7: 997.923077  (0.16 seconds)
  LP Value  8: 998.000000  (0.17 seconds)
recomputing rownorms ...
  LP Value  9: 998.000000  (0.17 seconds)
New lower bound: 998.000000
Final lower bound 998.000000, upper bound 998.000000
Exact lower bound: 998.000000
DIFF: 0.000000
Final LP has 273 rows, 390 columns, 2366 nonzeros
Optimal Solution: 998.00
Number of bbnodes: 1
Total Running Time: 0.27 (seconds)

Standard Error:
