Standard Output:
./concorde -o /home/chongjiu/concorde_uncomplete_graph/x5/de/solution/random187.sol /home/chongjiu/concorde_uncomplete_graph/x5/de/mat/random187.tsp
Host: ubuntu  Current process id: 3469321
Using random seed 1735573805
Problem Name: random187
Problem Type: TSP
Number of Nodes: 187
Explicit Lengths (CC_MATRIXNORM)
Set initial upperbound to 1028 (from tour)
  LP Value  1: 983.500000  (0.02 seconds)
  LP Value  2: 1015.050000  (0.05 seconds)
  LP Value  3: 1024.166667  (0.09 seconds)
  LP Value  4: 1025.250000  (0.15 seconds)
  LP Value  5: 1026.062500  (0.18 seconds)
  LP Value  6: 1026.555556  (0.21 seconds)
  LP Value  7: 1026.861207  (0.26 seconds)
  LP Value  8: 1026.916667  (0.29 seconds)
  LP Value  9: 1027.000000  (0.33 seconds)
  LP Value 10: 1027.000000  (0.34 seconds)
New lower bound: 1027.000000
New upperbound from x-heuristic: 1027.00
Final lower bound 1027.000000, upper bound 1027.000000
Exact lower bound: 1027.000000
DIFF: 0.000000
Final LP has 330 rows, 445 columns, 4218 nonzeros
Optimal Solution: 1027.00
Number of bbnodes: 1
Total Running Time: 0.47 (seconds)

Standard Error:
