Standard Output:
./concorde -o /home/chongjiu/concorde_uncomplete_graph/x5/de/solution/random80.sol /home/chongjiu/concorde_uncomplete_graph/x5/de/mat/random80.tsp
Host: ubuntu  Current process id: 3467004
Using random seed 1735573753
Problem Name: random80
Problem Type: TSP
Number of Nodes: 80
Explicit Lengths (CC_MATRIXNORM)
Set initial upperbound to 661 (from tour)
  LP Value  1: 647.000000  (0.00 seconds)
  LP Value  2: 660.250000  (0.01 seconds)
  LP Value  3: 661.000000  (0.01 seconds)
New lower bound: 661.000000
Final lower bound 661.000000, upper bound 661.000000
Exact lower bound: 661.000000
DIFF: 0.000000
Final LP has 112 rows, 170 columns, 628 nonzeros
Optimal Solution: 661.00
Number of bbnodes: 1
Total Running Time: 0.04 (seconds)

Standard Error:
