Standard Output:
./concorde -o /home/chongjiu/concorde_uncomplete_graph/x5/de/solution/random16.sol /home/chongjiu/concorde_uncomplete_graph/x5/de/mat/random16.tsp
Host: ubuntu  Current process id: 3466583
Using random seed 1735573750
Problem Name: random16
Problem Type: TSP
Number of Nodes: 16
Explicit Lengths (CC_MATRIXNORM)
Set initial upperbound to 305 (from tour)
Basic dual change required, but no candidate edges
  LP Value  1: 282.500000  (0.00 seconds)
  LP Value  2: 305.000000  (0.00 seconds)
New lower bound: 305.000000
Final lower bound 305.000000, upper bound 305.000000
Exact lower bound: 305.000000
DIFF: 0.000000
Final LP has 18 rows, 30 columns, 70 nonzeros
Optimal Solution: 305.00
Number of bbnodes: 1
Total Running Time: 0.00 (seconds)

Standard Error:
ERROR: No dual change in basis finding code
Did not find a basic optimal solution
Fractional matching routine failed
Warning: restarting running timer Miscellaneous
No warmstart, stumbling on anyway
