Standard Output:
./concorde -o /home/chongjiu/concorde_test/solution/random66.sol /home/chongjiu/concorde_test/mat/random66.tsp
Host: ubuntu  Current process id: 1969529
Using random seed 1733472348
Problem Name: random66
Problem Type: TSP
Number of Nodes: 66
Explicit Lengths (CC_MATRIXNORM)
Set initial upperbound to 603 (from tour)
  LP Value  1: 567.750000  (0.00 seconds)
  LP Value  2: 595.000000  (0.01 seconds)
  LP Value  3: 603.000000  (0.01 seconds)
New lower bound: 603.000000
Final lower bound 603.000000, upper bound 603.000000
Exact lower bound: 603.000000
DIFF: 0.000000
Final LP has 99 rows, 134 columns, 667 nonzeros
Optimal Solution: 603.00
Number of bbnodes: 1
Total Running Time: 0.04 (seconds)

Standard Error:
