Standard Output:
./concorde -o /home/chongjiu/concorde_uncomplete_graph/x5/de/solution/random99.sol /home/chongjiu/concorde_uncomplete_graph/x5/de/mat/random99.tsp
Host: ubuntu  Current process id: 3467827
Using random seed 1735573756
Problem Name: random99
Problem Type: TSP
Number of Nodes: 99
Explicit Lengths (CC_MATRIXNORM)
Set initial upperbound to 763 (from tour)
  LP Value  1: 738.500000  (0.01 seconds)
  LP Value  2: 758.500000  (0.01 seconds)
  LP Value  3: 762.000000  (0.02 seconds)
  LP Value  4: 762.500000  (0.03 seconds)
  LP Value  5: 762.500000  (0.04 seconds)
  LP Value  6: 763.000000  (0.04 seconds)
New lower bound: 763.000000
Final lower bound 763.000000, upper bound 763.000000
Exact lower bound: 763.000000
DIFF: 0.000000
Final LP has 154 rows, 195 columns, 1058 nonzeros
Optimal Solution: 763.00
Number of bbnodes: 1
Total Running Time: 0.08 (seconds)

Standard Error:
