Standard Output:
./concorde -o /home/chongjiu/concorde_uncomplete_graph/x5/de/solution/random160.sol /home/chongjiu/concorde_uncomplete_graph/x5/de/mat/random160.tsp
Host: ubuntu  Current process id: 3469110
Using random seed 1735573785
Problem Name: random160
Problem Type: TSP
Number of Nodes: 160
Explicit Lengths (CC_MATRIXNORM)
Set initial upperbound to 965 (from tour)
  LP Value  1: 936.333333  (0.01 seconds)
  LP Value  2: 961.944444  (0.03 seconds)
  LP Value  3: 964.970060  (0.05 seconds)
  LP Value  4: 965.000000  (0.05 seconds)
recomputing rownorms ...
  LP Value  5: 965.000000  (0.05 seconds)
New lower bound: 964.904762
Final lower bound 964.904762, upper bound 965.000000
Exact lower bound: 964.904762
DIFF: 0.000000
Final LP has 219 rows, 326 columns, 1261 nonzeros
Optimal Solution: 965.00
Number of bbnodes: 1
Total Running Time: 0.14 (seconds)

Standard Error:
