Standard Output:
./concorde -o /home/chongjiu/concorde_uncomplete_graph/x5/de/solution/random42.sol /home/chongjiu/concorde_uncomplete_graph/x5/de/mat/random42.tsp
Host: ubuntu  Current process id: 3466641
Using random seed 1735573751
Problem Name: random42
Problem Type: TSP
Number of Nodes: 42
Explicit Lengths (CC_MATRIXNORM)
Set initial upperbound to 498 (from tour)
  LP Value  1: 464.000000  (0.00 seconds)
  LP Value  2: 494.000000  (0.00 seconds)
  LP Value  3: 496.500000  (0.00 seconds)
  LP Value  4: 498.000000  (0.00 seconds)
New lower bound: 498.000000
Final lower bound 498.000000, upper bound 498.000000
Exact lower bound: 498.000000
DIFF: 0.000000
Final LP has 54 rows, 82 columns, 231 nonzeros
Optimal Solution: 498.00
Number of bbnodes: 1
Total Running Time: 0.01 (seconds)

Standard Error:
