Standard Output:
./concorde -o /home/chongjiu/concorde_test/solution/random41.sol /home/chongjiu/concorde_test/mat/random41.tsp
Host: ubuntu  Current process id: 1969441
Using random seed 1733472347
Problem Name: random41
Problem Type: TSP
Number of Nodes: 41
Explicit Lengths (CC_MATRIXNORM)
Set initial upperbound to 499 (from tour)
  LP Value  1: 467.500000  (0.00 seconds)
  LP Value  2: 499.000000  (0.00 seconds)
New lower bound: 499.000000
Final lower bound 499.000000, upper bound 499.000000
Exact lower bound: 499.000000
DIFF: 0.000000
Final LP has 54 rows, 80 columns, 505 nonzeros
Optimal Solution: 499.00
Number of bbnodes: 1
Total Running Time: 0.02 (seconds)

Standard Error:
