Standard Output:
./concorde -o /home/chongjiu/concorde_uncomplete_graph/x5/de/solution/random88.sol /home/chongjiu/concorde_uncomplete_graph/x5/de/mat/random88.tsp
Host: ubuntu  Current process id: 3467543
Using random seed 1735573755
Problem Name: random88
Problem Type: TSP
Number of Nodes: 88
Explicit Lengths (CC_MATRIXNORM)
Set initial upperbound to 735 (from tour)
  LP Value  1: 712.166667  (0.01 seconds)
  LP Value  2: 729.787234  (0.02 seconds)
  LP Value  3: 733.500000  (0.04 seconds)
  LP Value  4: 734.500000  (0.05 seconds)
  LP Value  5: 735.000000  (0.06 seconds)
recomputing rownorms ...
  LP Value  6: 735.000000  (0.06 seconds)
New lower bound: 735.000000
Final lower bound 735.000000, upper bound 735.000000
Exact lower bound: 735.000000
DIFF: 0.000000
Final LP has 153 rows, 186 columns, 1406 nonzeros
Optimal Solution: 735.00
Number of bbnodes: 1
Total Running Time: 0.09 (seconds)

Standard Error:
