Standard Output:
./concorde -o /home/chongjiu/concorde_uncomplete_graph/x5/de/solution/random65.sol /home/chongjiu/concorde_uncomplete_graph/x5/de/mat/random65.tsp
Host: ubuntu  Current process id: 3466836
Using random seed 1735573752
Problem Name: random65
Problem Type: TSP
Number of Nodes: 65
Explicit Lengths (CC_MATRIXNORM)
Set initial upperbound to 624 (from tour)
  LP Value  1: 605.500000  (0.00 seconds)
  LP Value  2: 616.500000  (0.00 seconds)
  LP Value  3: 624.000000  (0.00 seconds)
New lower bound: 624.000000
Final lower bound 624.000000, upper bound 624.000000
Exact lower bound: 624.000000
DIFF: 0.000000
Final LP has 79 rows, 133 columns, 378 nonzeros
Optimal Solution: 624.00
Number of bbnodes: 1
Total Running Time: 0.02 (seconds)

Standard Error:
