Standard Output:
./concorde -o /home/chongjiu/concorde_uncomplete_graph/x5/de/solution/random125.sol /home/chongjiu/concorde_uncomplete_graph/x5/de/mat/random125.tsp
Host: ubuntu  Current process id: 3468870
Using random seed 1735573763
Problem Name: random125
Problem Type: TSP
Number of Nodes: 125
Explicit Lengths (CC_MATRIXNORM)
Set initial upperbound to 895 (from tour)
  LP Value  1: 876.500000  (0.01 seconds)
  LP Value  2: 887.500000  (0.02 seconds)
  LP Value  3: 893.244898  (0.04 seconds)
  LP Value  4: 893.566667  (0.05 seconds)
  LP Value  5: 893.841270  (0.06 seconds)
  LP Value  6: 894.235772  (0.08 seconds)
  LP Value  7: 894.500000  (0.10 seconds)
  LP Value  8: 894.894737  (0.11 seconds)
  LP Value  9: 895.000000  (0.12 seconds)
New lower bound: 895.000000
Final lower bound 895.000000, upper bound 895.000000
Exact lower bound: 895.000000
DIFF: 0.000000
Final LP has 203 rows, 267 columns, 1933 nonzeros
Optimal Solution: 895.00
Number of bbnodes: 1
Total Running Time: 0.20 (seconds)

Standard Error:
