Standard Output:
./concorde -o /home/chongjiu/concorde_uncomplete_graph/x5/de/solution/random135.sol /home/chongjiu/concorde_uncomplete_graph/x5/de/mat/random135.tsp
Host: ubuntu  Current process id: 3468943
Using random seed 1735573770
Problem Name: random135
Problem Type: TSP
Number of Nodes: 135
Explicit Lengths (CC_MATRIXNORM)
Set initial upperbound to 880 (from tour)
  LP Value  1: 822.750000  (0.01 seconds)
  LP Value  2: 865.100000  (0.02 seconds)
  LP Value  3: 874.000000  (0.03 seconds)
  LP Value  4: 876.600000  (0.05 seconds)
  LP Value  5: 879.000000  (0.07 seconds)
  LP Value  6: 879.443467  (0.10 seconds)
  LP Value  7: 879.916667  (0.12 seconds)
  LP Value  8: 880.000000  (0.15 seconds)
New lower bound: 880.000000
Final lower bound 880.000000, upper bound 880.000000
Exact lower bound: 880.000000
DIFF: 0.000000
Final LP has 221 rows, 291 columns, 2571 nonzeros
Optimal Solution: 880.00
Number of bbnodes: 1
Total Running Time: 0.22 (seconds)

Standard Error:
