Standard Output:
./concorde -o /home/chongjiu/concorde_test/solution/random26.sol /home/chongjiu/concorde_test/mat/random26.tsp
Host: ubuntu  Current process id: 1969398
Using random seed 1733472347
Problem Name: random26
Problem Type: TSP
Number of Nodes: 26
Explicit Lengths (CC_MATRIXNORM)
Set initial upperbound to 416 (from tour)
Basic dual change required, but no candidate edges
  LP Value  1: 364.000000  (0.00 seconds)
  LP Value  2: 402.000000  (0.00 seconds)
  LP Value  3: 410.000000  (0.00 seconds)
  LP Value  4: 416.000000  (0.00 seconds)
New lower bound: 416.000000
Final lower bound 416.000000, upper bound 416.000000
Exact lower bound: 416.000000
DIFF: 0.000000
Final LP has 39 rows, 60 columns, 229 nonzeros
Optimal Solution: 416.00
Number of bbnodes: 1
Total Running Time: 0.01 (seconds)

Standard Error:
ERROR: No dual change in basis finding code
Did not find a basic optimal solution
Fractional matching routine failed
Warning: restarting running timer Miscellaneous
No warmstart, stumbling on anyway
