Standard Output:
./concorde -o /home/chongjiu/concorde_uncomplete_graph/x5/de/solution/random86.sol /home/chongjiu/concorde_uncomplete_graph/x5/de/mat/random86.tsp
Host: ubuntu  Current process id: 3467144
Using random seed 1735573753
Problem Name: random86
Problem Type: TSP
Number of Nodes: 86
Explicit Lengths (CC_MATRIXNORM)
Set initial upperbound to 729 (from tour)
  LP Value  1: 691.750000  (0.00 seconds)
  LP Value  2: 724.900000  (0.02 seconds)
  LP Value  3: 727.000000  (0.02 seconds)
  LP Value  4: 727.324324  (0.05 seconds)
  LP Value  5: 727.806593  (0.09 seconds)
  LP Value  6: 728.060359  (0.15 seconds)
  LP Value  7: 728.245283  (0.22 seconds)
  LP Value  8: 728.503597  (1.28 seconds)
  LP Value  9: 728.574074  (1.34 seconds)
  LP Value 10: 728.632258  (1.42 seconds)
  LP Value 11: 728.634146  (1.48 seconds)
New lower bound: 728.634146
Final lower bound 728.634146, upper bound 729.000000
Exact lower bound: 728.634146
DIFF: 0.000000
Final LP has 146 rows, 193 columns, 1555 nonzeros
Optimal Solution: 729.00
Number of bbnodes: 1
Total Running Time: 1.54 (seconds)

Standard Error:
