Standard Output:
./concorde -o /home/chongjiu/concorde_uncomplete_graph/x5/de/solution/random192.sol /home/chongjiu/concorde_uncomplete_graph/x5/de/mat/random192.tsp
Host: ubuntu  Current process id: 3469355
Using random seed 1735573807
Problem Name: random192
Problem Type: TSP
Number of Nodes: 192
Explicit Lengths (CC_MATRIXNORM)
Set initial upperbound to 1062 (from tour)
  LP Value  1: 1033.500000  (0.01 seconds)
  LP Value  2: 1048.750000  (0.03 seconds)
  LP Value  3: 1054.406818  (0.06 seconds)
  LP Value  4: 1057.008571  (0.10 seconds)
  LP Value  5: 1057.744318  (0.12 seconds)
  LP Value  6: 1058.492308  (0.15 seconds)
  LP Value  7: 1058.873016  (0.17 seconds)
  LP Value  8: 1059.204301  (0.21 seconds)
  LP Value  9: 1059.583333  (0.26 seconds)
  LP Value 10: 1060.000000  (0.29 seconds)
  LP Value 11: 1060.448980  (0.39 seconds)
  LP Value 12: 1060.428571  (0.58 seconds)
  LP Value 13: 1060.666667  (0.70 seconds)
  LP Value 14: 1060.687500  (0.81 seconds)
New lower bound: 1060.687500
Final lower bound 1060.687500, upper bound 1062.000000
Exact lower bound: 1060.687500
DIFF: 0.000000
Time for Total: 0.82 seconds (0.82 total in 1 calls)
Final LP has 319 rows, 370 columns, 3726 nonzeros
LOWER BOUND: 1060.687500   ACTIVE NODES: 1

Task 0: Branching on node 0
BBnode 0 split into 1 (1061.09) 2 (1061.12X) (0.12 seconds)
Child 1 is pruned
LOWER BOUND: 1061.090909   ACTIVE NODES: 1

Task 1: Cutting on node 1
Writing Pool: 275 cuts
BBnode 1 (now 3) can be pruned: upperbound 1062.00 (0.03 seconds)

Task 2: Exit
Optimal Solution: 1062.00
Number of bbnodes: 3
Total Running Time: 1.08 (seconds)  Branching Time: 0.15 (seconds)

Standard Error:
