Standard Output:
./concorde -o /home/chongjiu/concorde_uncomplete_graph/x5/de/solution/random69.sol /home/chongjiu/concorde_uncomplete_graph/x5/de/mat/random69.tsp
Host: ubuntu  Current process id: 3466846
Using random seed 1735573752
Problem Name: random69
Problem Type: TSP
Number of Nodes: 69
Explicit Lengths (CC_MATRIXNORM)
Set initial upperbound to 613 (from tour)
  LP Value  1: 598.000000  (0.00 seconds)
  LP Value  2: 613.000000  (0.00 seconds)
New lower bound: 613.000000
Final lower bound 613.000000, upper bound 613.000000
Exact lower bound: 613.000000
DIFF: 0.000000
Final LP has 78 rows, 126 columns, 352 nonzeros
Optimal Solution: 613.00
Number of bbnodes: 1
Total Running Time: 0.03 (seconds)

Standard Error:
