Standard Output:
./concorde -o /home/chongjiu/concorde_uncomplete_graph/x5/de/solution/random117.sol /home/chongjiu/concorde_uncomplete_graph/x5/de/mat/random117.tsp
Host: ubuntu  Current process id: 3468826
Using random seed 1735573761
Problem Name: random117
Problem Type: TSP
Number of Nodes: 117
Explicit Lengths (CC_MATRIXNORM)
Set initial upperbound to 862 (from tour)
  LP Value  1: 827.500000  (0.00 seconds)
  LP Value  2: 850.375000  (0.02 seconds)
  LP Value  3: 859.000000  (0.03 seconds)
  LP Value  4: 859.000000  (0.04 seconds)
New lower bound: 859.000000
New upperbound from x-heuristic: 859.00
Final lower bound 859.000000, upper bound 859.000000
Exact lower bound: 859.000000
DIFF: 0.000000
Final LP has 186 rows, 241 columns, 1273 nonzeros
Optimal Solution: 859.00
Number of bbnodes: 1
Total Running Time: 0.11 (seconds)

Standard Error:
