Standard Output:
./concorde -o /home/chongjiu/concorde_uncomplete_graph/x5/de/solution/random131.sol /home/chongjiu/concorde_uncomplete_graph/x5/de/mat/random131.tsp
Host: ubuntu  Current process id: 3468932
Using random seed 1735573768
Problem Name: random131
Problem Type: TSP
Number of Nodes: 131
Explicit Lengths (CC_MATRIXNORM)
Set initial upperbound to 905 (from tour)
  LP Value  1: 890.500000  (0.01 seconds)
  LP Value  2: 898.000000  (0.03 seconds)
  LP Value  3: 904.000000  (0.05 seconds)
  LP Value  4: 904.312500  (0.06 seconds)
  LP Value  5: 904.666667  (0.08 seconds)
  LP Value  6: 904.752381  (0.15 seconds)
  LP Value  7: 904.911765  (0.19 seconds)
  LP Value  8: 905.000000  (0.20 seconds)
New lower bound: 905.000000
Final lower bound 905.000000, upper bound 905.000000
Exact lower bound: 905.000000
DIFF: 0.000000
Final LP has 198 rows, 272 columns, 2366 nonzeros
Optimal Solution: 905.00
Number of bbnodes: 1
Total Running Time: 0.26 (seconds)

Standard Error:
