Standard Output:
./concorde -o /home/chongjiu/concorde_uncomplete_graph/x5/de/solution/random158.sol /home/chongjiu/concorde_uncomplete_graph/x5/de/mat/random158.tsp
Host: ubuntu  Current process id: 3469106
Using random seed 1735573784
Problem Name: random158
Problem Type: TSP
Number of Nodes: 158
Explicit Lengths (CC_MATRIXNORM)
Set initial upperbound to 897 (from tour)
  LP Value  1: 870.500000  (0.01 seconds)
  LP Value  2: 890.291667  (0.03 seconds)
  LP Value  3: 894.087037  (0.07 seconds)
  LP Value  4: 896.842105  (0.09 seconds)
  LP Value  5: 897.000000  (0.10 seconds)
New lower bound: 897.000000
Final lower bound 897.000000, upper bound 897.000000
Exact lower bound: 897.000000
DIFF: 0.000000
Final LP has 279 rows, 357 columns, 3408 nonzeros
Optimal Solution: 897.00
Number of bbnodes: 1
Total Running Time: 0.20 (seconds)

Standard Error:
