Standard Output:
./concorde -o /home/chongjiu/concorde_uncomplete_graph/x5/de/solution/random70.sol /home/chongjiu/concorde_uncomplete_graph/x5/de/mat/random70.tsp
Host: ubuntu  Current process id: 3466848
Using random seed 1735573752
Problem Name: random70
Problem Type: TSP
Number of Nodes: 70
Explicit Lengths (CC_MATRIXNORM)
Set initial upperbound to 673 (from tour)
  LP Value  1: 611.500000  (0.00 seconds)
  LP Value  2: 658.000000  (0.01 seconds)
  LP Value  3: 671.000000  (0.02 seconds)
  LP Value  4: 672.000000  (0.03 seconds)
  LP Value  5: 672.833333  (0.03 seconds)
  LP Value  6: 673.000000  (0.04 seconds)
New lower bound: 673.000000
Final lower bound 673.000000, upper bound 673.000000
Exact lower bound: 673.000000
DIFF: 0.000000
Final LP has 133 rows, 156 columns, 1216 nonzeros
Optimal Solution: 673.00
Number of bbnodes: 1
Total Running Time: 0.08 (seconds)

Standard Error:
