Standard Output:
./concorde -o /home/chongjiu/concorde_test/solution/random107.sol /home/chongjiu/concorde_test/mat/random107.tsp
Host: ubuntu  Current process id: 1969782
Using random seed 1733472353
Problem Name: random107
Problem Type: TSP
Number of Nodes: 107
Explicit Lengths (CC_MATRIXNORM)
Set initial upperbound to 808 (from tour)
  LP Value  1: 787.000000  (0.00 seconds)
  LP Value  2: 795.214286  (0.02 seconds)
  LP Value  3: 802.600000  (0.04 seconds)
  LP Value  4: 803.000000  (0.06 seconds)
  LP Value  5: 804.500000  (0.08 seconds)
  LP Value  6: 804.750000  (0.10 seconds)
  LP Value  7: 805.388889  (0.12 seconds)
  LP Value  8: 806.000000  (0.14 seconds)
  LP Value  9: 806.333333  (0.16 seconds)
  LP Value 10: 807.000000  (0.19 seconds)
  LP Value 11: 807.000000  (0.19 seconds)
New lower bound: 807.000000
New upperbound from x-heuristic: 807.00
Final lower bound 807.000000, upper bound 807.000000
Exact lower bound: 807.000000
DIFF: 0.000000
Final LP has 178 rows, 232 columns, 1431 nonzeros
Optimal Solution: 807.00
Number of bbnodes: 1
Total Running Time: 0.26 (seconds)

Standard Error:
