Standard Output:
./concorde -o /home/chongjiu/concorde_uncomplete_graph/x5/de/solution/random123.sol /home/chongjiu/concorde_uncomplete_graph/x5/de/mat/random123.tsp
Host: ubuntu  Current process id: 3468857
Using random seed 1735573763
Problem Name: random123
Problem Type: TSP
Number of Nodes: 123
Explicit Lengths (CC_MATRIXNORM)
Set initial upperbound to 877 (from tour)
  LP Value  1: 859.666667  (0.01 seconds)
  LP Value  2: 874.937500  (0.02 seconds)
  LP Value  3: 875.250000  (0.02 seconds)
  LP Value  4: 875.500000  (0.04 seconds)
  LP Value  5: 876.035714  (0.05 seconds)
  LP Value  6: 876.406250  (0.06 seconds)
  LP Value  7: 877.000000  (0.08 seconds)
New lower bound: 877.000000
Final lower bound 877.000000, upper bound 877.000000
Exact lower bound: 877.000000
DIFF: 0.000000
Final LP has 186 rows, 253 columns, 1491 nonzeros
Optimal Solution: 877.00
Number of bbnodes: 1
Total Running Time: 0.15 (seconds)

Standard Error:
