Standard Output:
./concorde -o /home/chongjiu/concorde_uncomplete_graph/x5/de/solution/random115.sol /home/chongjiu/concorde_uncomplete_graph/x5/de/mat/random115.tsp
Host: ubuntu  Current process id: 3468818
Using random seed 1735573760
Problem Name: random115
Problem Type: TSP
Number of Nodes: 115
Explicit Lengths (CC_MATRIXNORM)
Set initial upperbound to 810 (from tour)
  LP Value  1: 760.500000  (0.01 seconds)
  LP Value  2: 793.625000  (0.02 seconds)
  LP Value  3: 803.250000  (0.04 seconds)
  LP Value  4: 805.985507  (0.06 seconds)
  LP Value  5: 808.045578  (0.09 seconds)
  LP Value  6: 809.465517  (0.11 seconds)
  LP Value  7: 810.000000  (0.12 seconds)
New lower bound: 810.000000
Final lower bound 810.000000, upper bound 810.000000
Exact lower bound: 810.000000
DIFF: 0.000000
Final LP has 202 rows, 251 columns, 2181 nonzeros
Optimal Solution: 810.00
Number of bbnodes: 1
Total Running Time: 0.20 (seconds)

Standard Error:
