Standard Output:
./concorde -o /home/chongjiu/concorde_uncomplete_graph/x5/de/solution/random191.sol /home/chongjiu/concorde_uncomplete_graph/x5/de/mat/random191.tsp
Host: ubuntu  Current process id: 3469346
Using random seed 1735573806
Problem Name: random191
Problem Type: TSP
Number of Nodes: 191
Explicit Lengths (CC_MATRIXNORM)
Set initial upperbound to 1052 (from tour)
  LP Value  1: 1025.000000  (0.01 seconds)
  LP Value  2: 1038.529630  (0.04 seconds)
  LP Value  3: 1046.464286  (0.07 seconds)
  LP Value  4: 1047.000000  (0.14 seconds)
  LP Value  5: 1047.675676  (0.16 seconds)
  LP Value  6: 1048.000000  (0.18 seconds)
  LP Value  7: 1048.653333  (0.21 seconds)
  LP Value  8: 1048.972133  (0.39 seconds)
  LP Value  9: 1049.146667  (0.72 seconds)
  LP Value 10: 1049.285714  (0.82 seconds)
recomputing rownorms ...
  LP Value 11: 1049.285714  (0.92 seconds)
New lower bound: 1049.285714
New upperbound from x-heuristic: 1050.00
Final lower bound 1049.285714, upper bound 1050.000000
Exact lower bound: 1049.285714
DIFF: 0.000000
Final LP has 289 rows, 409 columns, 2334 nonzeros
Optimal Solution: 1050.00
Number of bbnodes: 1
Total Running Time: 1.06 (seconds)

Standard Error:
