Standard Output:
./concorde -o /home/chongjiu/concorde_uncomplete_graph/x5/de/solution/random62.sol /home/chongjiu/concorde_uncomplete_graph/x5/de/mat/random62.tsp
Host: ubuntu  Current process id: 3466704
Using random seed 1735573752
Problem Name: random62
Problem Type: TSP
Number of Nodes: 62
Explicit Lengths (CC_MATRIXNORM)
Set initial upperbound to 619 (from tour)
  LP Value  1: 593.000000  (0.00 seconds)
  LP Value  2: 613.266667  (0.00 seconds)
  LP Value  3: 618.000000  (0.01 seconds)
  LP Value  4: 618.500000  (0.01 seconds)
  LP Value  5: 619.000000  (0.01 seconds)
New lower bound: 619.000000
Final lower bound 619.000000, upper bound 619.000000
Exact lower bound: 619.000000
DIFF: 0.000000
Final LP has 92 rows, 127 columns, 893 nonzeros
Optimal Solution: 619.00
Number of bbnodes: 1
Total Running Time: 0.03 (seconds)

Standard Error:
