Standard Output:
./concorde -o /home/chongjiu/concorde_uncomplete_graph/x5/de/solution/random114.sol /home/chongjiu/concorde_uncomplete_graph/x5/de/mat/random114.tsp
Host: ubuntu  Current process id: 3468816
Using random seed 1735573760
Problem Name: random114
Problem Type: TSP
Number of Nodes: 114
Explicit Lengths (CC_MATRIXNORM)
Set initial upperbound to 806 (from tour)
  LP Value  1: 785.000000  (0.01 seconds)
  LP Value  2: 800.500000  (0.01 seconds)
  LP Value  3: 805.250000  (0.02 seconds)
  LP Value  4: 805.800000  (0.02 seconds)
  LP Value  5: 806.000000  (0.03 seconds)
recomputing rownorms ...
  LP Value  6: 806.000000  (0.03 seconds)
New lower bound: 806.000000
Final lower bound 806.000000, upper bound 806.000000
Exact lower bound: 806.000000
DIFF: 0.000000
Final LP has 155 rows, 251 columns, 912 nonzeros
Optimal Solution: 806.00
Number of bbnodes: 1
Total Running Time: 0.09 (seconds)

Standard Error:
