Standard Output:
./concorde -o /home/chongjiu/concorde_uncomplete_graph/x5/de/solution/random173.sol /home/chongjiu/concorde_uncomplete_graph/x5/de/mat/random173.tsp
Host: ubuntu  Current process id: 3469246
Using random seed 1735573798
Problem Name: random173
Problem Type: TSP
Number of Nodes: 173
Explicit Lengths (CC_MATRIXNORM)
Set initial upperbound to 990 (from tour)
  LP Value  1: 968.000000  (0.01 seconds)
  LP Value  2: 983.750000  (0.03 seconds)
  LP Value  3: 987.602197  (0.09 seconds)
  LP Value  4: 988.083333  (0.13 seconds)
  LP Value  5: 988.399293  (0.16 seconds)
  LP Value  6: 988.718779  (0.19 seconds)
  LP Value  7: 989.000000  (0.22 seconds)
  LP Value  8: 989.373494  (0.25 seconds)
  LP Value  9: 989.652174  (0.32 seconds)
  LP Value 10: 989.767375  (0.58 seconds)
  LP Value 11: 989.869565  (0.73 seconds)
  LP Value 12: 990.000000  (0.75 seconds)
  LP Value 13: 990.000000  (0.77 seconds)
New lower bound: 990.000000
Final lower bound 990.000000, upper bound 990.000000
Exact lower bound: 990.000000
DIFF: 0.000000
Final LP has 292 rows, 384 columns, 2740 nonzeros
Optimal Solution: 990.00
Number of bbnodes: 1
Total Running Time: 0.90 (seconds)

Standard Error:
