Standard Output:
./concorde -o /home/chongjiu/concorde_uncomplete_graph/x5/de/solution/random153.sol /home/chongjiu/concorde_uncomplete_graph/x5/de/mat/random153.tsp
Host: ubuntu  Current process id: 3469084
Using random seed 1735573783
Problem Name: random153
Problem Type: TSP
Number of Nodes: 153
Explicit Lengths (CC_MATRIXNORM)
Set initial upperbound to 951 (from tour)
  LP Value  1: 915.750000  (0.01 seconds)
  LP Value  2: 936.000000  (0.02 seconds)
  LP Value  3: 947.458333  (0.06 seconds)
  LP Value  4: 950.123810  (0.08 seconds)
  LP Value  5: 951.000000  (0.09 seconds)
recomputing rownorms ...
  LP Value  6: 951.000000  (0.09 seconds)
New lower bound: 951.000000
Final lower bound 951.000000, upper bound 951.000000
Exact lower bound: 951.000000
DIFF: 0.000000
Final LP has 248 rows, 343 columns, 1873 nonzeros
Optimal Solution: 951.00
Number of bbnodes: 1
Total Running Time: 0.20 (seconds)

Standard Error:
