Standard Output:
./concorde -o /home/chongjiu/concorde_uncomplete_graph/x5/de/solution/random145.sol /home/chongjiu/concorde_uncomplete_graph/x5/de/mat/random145.tsp
Host: ubuntu  Current process id: 3468994
Using random seed 1735573774
Problem Name: random145
Problem Type: TSP
Number of Nodes: 145
Explicit Lengths (CC_MATRIXNORM)
Set initial upperbound to 902 (from tour)
  LP Value  1: 877.000000  (0.01 seconds)
  LP Value  2: 897.166667  (0.04 seconds)
  LP Value  3: 900.000000  (0.06 seconds)
  LP Value  4: 900.000000  (0.06 seconds)
New lower bound: 900.000000
New upperbound from x-heuristic: 900.00
Final lower bound 900.000000, upper bound 900.000000
Exact lower bound: 900.000000
DIFF: 0.000000
Final LP has 208 rows, 301 columns, 1323 nonzeros
Optimal Solution: 900.00
Number of bbnodes: 1
Total Running Time: 0.14 (seconds)

Standard Error:
