Standard Output:
./concorde -o /home/chongjiu/concorde_uncomplete_graph/x5/de/solution/random155.sol /home/chongjiu/concorde_uncomplete_graph/x5/de/mat/random155.tsp
Host: ubuntu  Current process id: 3469097
Using random seed 1735573783
Problem Name: random155
Problem Type: TSP
Number of Nodes: 155
Explicit Lengths (CC_MATRIXNORM)
Set initial upperbound to 971 (from tour)
  LP Value  1: 950.500000  (0.01 seconds)
  LP Value  2: 967.500000  (0.02 seconds)
  LP Value  3: 969.558824  (0.05 seconds)
  LP Value  4: 970.222222  (0.08 seconds)
  LP Value  5: 970.655172  (0.10 seconds)
  LP Value  6: 970.925000  (0.13 seconds)
  LP Value  7: 971.000000  (0.13 seconds)
New lower bound: 971.000000
Final lower bound 971.000000, upper bound 971.000000
Exact lower bound: 971.000000
DIFF: 0.000000
Final LP has 225 rows, 320 columns, 1771 nonzeros
Optimal Solution: 971.00
Number of bbnodes: 1
Total Running Time: 0.23 (seconds)

Standard Error:
