Standard Output:
./concorde -o /home/chongjiu/concorde_uncomplete_graph/x5/de/solution/random188.sol /home/chongjiu/concorde_uncomplete_graph/x5/de/mat/random188.tsp
Host: ubuntu  Current process id: 3469323
Using random seed 1735573805
Problem Name: random188
Problem Type: TSP
Number of Nodes: 188
Explicit Lengths (CC_MATRIXNORM)
Set initial upperbound to 1050 (from tour)
  LP Value  1: 1011.500000  (0.01 seconds)
  LP Value  2: 1042.000000  (0.02 seconds)
  LP Value  3: 1045.500000  (0.03 seconds)
  LP Value  4: 1046.000000  (0.03 seconds)
recomputing rownorms ...
  LP Value  5: 1046.000000  (0.03 seconds)
New lower bound: 1046.000000
New upperbound from x-heuristic: 1046.00
Final lower bound 1046.000000, upper bound 1046.000000
Exact lower bound: 1046.000000
DIFF: 0.000000
Final LP has 229 rows, 394 columns, 1083 nonzeros
Optimal Solution: 1046.00
Number of bbnodes: 1
Total Running Time: 0.14 (seconds)

Standard Error:
