Standard Output:
./concorde -o /home/chongjiu/concorde_uncomplete_graph/x5/de/solution/random23.sol /home/chongjiu/concorde_uncomplete_graph/x5/de/mat/random23.tsp
Host: ubuntu  Current process id: 3466597
Using random seed 1735573750
Problem Name: random23
Problem Type: TSP
Number of Nodes: 23
Explicit Lengths (CC_MATRIXNORM)
Set initial upperbound to 443 (from tour)
  LP Value  1: 437.000000  (0.00 seconds)
  LP Value  2: 441.000000  (0.00 seconds)
  LP Value  3: 443.000000  (0.00 seconds)
New lower bound: 443.000000
Final lower bound 443.000000, upper bound 443.000000
Exact lower bound: 443.000000
DIFF: 0.000000
Final LP has 31 rows, 43 columns, 158 nonzeros
Optimal Solution: 443.00
Number of bbnodes: 1
Total Running Time: 0.01 (seconds)

Standard Error:
