Standard Output:
./concorde -o /home/chongjiu/concorde_uncomplete_graph/x5/de/solution/random40.sol /home/chongjiu/concorde_uncomplete_graph/x5/de/mat/random40.tsp
Host: ubuntu  Current process id: 3466633
Using random seed 1735573751
Problem Name: random40
Problem Type: TSP
Number of Nodes: 40
Explicit Lengths (CC_MATRIXNORM)
Set initial upperbound to 534 (from tour)
  LP Value  1: 493.500000  (0.00 seconds)
  LP Value  2: 524.400000  (0.00 seconds)
  LP Value  3: 531.500000  (0.00 seconds)
  LP Value  4: 534.000000  (0.01 seconds)
New lower bound: 534.000000
Final lower bound 534.000000, upper bound 534.000000
Exact lower bound: 534.000000
DIFF: 0.000000
Final LP has 68 rows, 88 columns, 1081 nonzeros
Optimal Solution: 534.00
Number of bbnodes: 1
Total Running Time: 0.02 (seconds)

Standard Error:
