Standard Output:
./concorde -o /home/chongjiu/concorde_uncomplete_graph/x5/de/solution/random104.sol /home/chongjiu/concorde_uncomplete_graph/x5/de/mat/random104.tsp
Host: ubuntu  Current process id: 3468044
Using random seed 1735573757
Problem Name: random104
Problem Type: TSP
Number of Nodes: 104
Explicit Lengths (CC_MATRIXNORM)
Set initial upperbound to 745 (from tour)
  LP Value  1: 720.250000  (0.00 seconds)
  LP Value  2: 742.000000  (0.01 seconds)
  LP Value  3: 745.000000  (0.01 seconds)
New lower bound: 745.000000
Final lower bound 745.000000, upper bound 745.000000
Exact lower bound: 745.000000
DIFF: 0.000000
Final LP has 138 rows, 223 columns, 806 nonzeros
Optimal Solution: 745.00
Number of bbnodes: 1
Total Running Time: 0.06 (seconds)

Standard Error:
