Standard Output:
./concorde -o /home/chongjiu/concorde_uncomplete_graph/x5/de/solution/random132.sol /home/chongjiu/concorde_uncomplete_graph/x5/de/mat/random132.tsp
Host: ubuntu  Current process id: 3468934
Using random seed 1735573769
Problem Name: random132
Problem Type: TSP
Number of Nodes: 132
Explicit Lengths (CC_MATRIXNORM)
Set initial upperbound to 876 (from tour)
  LP Value  1: 840.000000  (0.01 seconds)
  LP Value  2: 869.416667  (0.02 seconds)
  LP Value  3: 875.000000  (0.04 seconds)
  LP Value  4: 875.600000  (0.05 seconds)
  LP Value  5: 876.000000  (0.07 seconds)
New lower bound: 876.000000
Final lower bound 876.000000, upper bound 876.000000
Exact lower bound: 876.000000
DIFF: 0.000000
Final LP has 199 rows, 275 columns, 1871 nonzeros
Optimal Solution: 876.00
Number of bbnodes: 1
Total Running Time: 0.15 (seconds)

Standard Error:
