Standard Output:
./concorde -o /home/chongjiu/concorde_test/solution/random148.sol /home/chongjiu/concorde_test/mat/random148.tsp
Host: ubuntu  Current process id: 1970534
Using random seed 1733472371
Problem Name: random148
Problem Type: TSP
Number of Nodes: 148
Explicit Lengths (CC_MATRIXNORM)
Set initial upperbound to 959 (from tour)
  LP Value  1: 927.500000  (0.01 seconds)
  LP Value  2: 952.166667  (0.03 seconds)
  LP Value  3: 958.500000  (0.05 seconds)
  LP Value  4: 959.000000  (0.06 seconds)
New lower bound: 959.000000
Final lower bound 959.000000, upper bound 959.000000
Exact lower bound: 959.000000
DIFF: 0.000000
Final LP has 213 rows, 304 columns, 1744 nonzeros
Optimal Solution: 959.00
Number of bbnodes: 1
Total Running Time: 0.18 (seconds)

Standard Error:
