Standard Output:
./concorde -o /home/chongjiu/concorde_uncomplete_graph/x5/de/solution/random58.sol /home/chongjiu/concorde_uncomplete_graph/x5/de/mat/random58.tsp
Host: ubuntu  Current process id: 3466696
Using random seed 1735573751
Problem Name: random58
Problem Type: TSP
Number of Nodes: 58
Explicit Lengths (CC_MATRIXNORM)
Set initial upperbound to 617 (from tour)
  LP Value  1: 579.000000  (0.00 seconds)
  LP Value  2: 601.500000  (0.00 seconds)
  LP Value  3: 616.000000  (0.00 seconds)
  LP Value  4: 617.000000  (0.00 seconds)
New lower bound: 617.000000
Final lower bound 617.000000, upper bound 617.000000
Exact lower bound: 617.000000
DIFF: 0.000000
Final LP has 79 rows, 118 columns, 361 nonzeros
Optimal Solution: 617.00
Number of bbnodes: 1
Total Running Time: 0.02 (seconds)

Standard Error:
