Standard Output:
./concorde -o /home/chongjiu/concorde_uncomplete_graph/x5/de/solution/random157.sol /home/chongjiu/concorde_uncomplete_graph/x5/de/mat/random157.tsp
Host: ubuntu  Current process id: 3469101
Using random seed 1735573784
Problem Name: random157
Problem Type: TSP
Number of Nodes: 157
Explicit Lengths (CC_MATRIXNORM)
Set initial upperbound to 968 (from tour)
  LP Value  1: 931.500000  (0.00 seconds)
  LP Value  2: 951.500000  (0.01 seconds)
  LP Value  3: 964.833333  (0.02 seconds)
  LP Value  4: 968.000000  (0.03 seconds)
New lower bound: 968.000000
Final lower bound 968.000000, upper bound 968.000000
Exact lower bound: 968.000000
DIFF: 0.000000
Final LP has 216 rows, 312 columns, 1869 nonzeros
Optimal Solution: 968.00
Number of bbnodes: 1
Total Running Time: 0.13 (seconds)

Standard Error:
