Standard Output:
./concorde -o /home/chongjiu/concorde_uncomplete_graph/x5/de/solution/random83.sol /home/chongjiu/concorde_uncomplete_graph/x5/de/mat/random83.tsp
Host: ubuntu  Current process id: 3467010
Using random seed 1735573753
Problem Name: random83
Problem Type: TSP
Number of Nodes: 83
Explicit Lengths (CC_MATRIXNORM)
Set initial upperbound to 651 (from tour)
  LP Value  1: 634.000000  (0.00 seconds)
  LP Value  2: 649.400000  (0.00 seconds)
  LP Value  3: 651.000000  (0.01 seconds)
New lower bound: 651.000000
Final lower bound 651.000000, upper bound 651.000000
Exact lower bound: 651.000000
DIFF: 0.000000
Final LP has 121 rows, 163 columns, 1286 nonzeros
Optimal Solution: 651.00
Number of bbnodes: 1
Total Running Time: 0.03 (seconds)

Standard Error:
