Standard Output:
./concorde -o /home/chongjiu/concorde_uncomplete_graph/x5/de/solution/random67.sol /home/chongjiu/concorde_uncomplete_graph/x5/de/mat/random67.tsp
Host: ubuntu  Current process id: 3466841
Using random seed 1735573752
Problem Name: random67
Problem Type: TSP
Number of Nodes: 67
Explicit Lengths (CC_MATRIXNORM)
Set initial upperbound to 663 (from tour)
  LP Value  1: 643.000000  (0.00 seconds)
  LP Value  2: 654.500000  (0.00 seconds)
  LP Value  3: 662.333333  (0.01 seconds)
  LP Value  4: 663.000000  (0.01 seconds)
New lower bound: 663.000000
Final lower bound 663.000000, upper bound 663.000000
Exact lower bound: 663.000000
DIFF: 0.000000
Final LP has 101 rows, 143 columns, 640 nonzeros
Optimal Solution: 663.00
Number of bbnodes: 1
Total Running Time: 0.04 (seconds)

Standard Error:
