Standard Output:
./concorde -o /home/chongjiu/concorde_uncomplete_graph/x5/de/solution/random154.sol /home/chongjiu/concorde_uncomplete_graph/x5/de/mat/random154.tsp
Host: ubuntu  Current process id: 3469095
Using random seed 1735573783
Problem Name: random154
Problem Type: TSP
Number of Nodes: 154
Explicit Lengths (CC_MATRIXNORM)
Set initial upperbound to 976 (from tour)
  LP Value  1: 949.000000  (0.01 seconds)
  LP Value  2: 973.500000  (0.01 seconds)
  LP Value  3: 975.500000  (0.01 seconds)
  LP Value  4: 976.000000  (0.01 seconds)
New lower bound: 976.000000
Final lower bound 976.000000, upper bound 976.000000
Exact lower bound: 976.000000
DIFF: 0.000000
Final LP has 203 rows, 314 columns, 997 nonzeros
Optimal Solution: 976.00
Number of bbnodes: 1
Total Running Time: 0.09 (seconds)

Standard Error:
