Standard Output:
./concorde -o /home/chongjiu/concorde_uncomplete_graph/x5/de/solution/random133.sol /home/chongjiu/concorde_uncomplete_graph/x5/de/mat/random133.tsp
Host: ubuntu  Current process id: 3468936
Using random seed 1735573769
Problem Name: random133
Problem Type: TSP
Number of Nodes: 133
Explicit Lengths (CC_MATRIXNORM)
Set initial upperbound to 872 (from tour)
  LP Value  1: 823.500000  (0.01 seconds)
  LP Value  2: 856.750000  (0.02 seconds)
  LP Value  3: 861.000000  (0.03 seconds)
  LP Value  4: 863.500000  (0.06 seconds)
  LP Value  5: 864.810484  (0.08 seconds)
  LP Value  6: 865.724041  (0.11 seconds)
  LP Value  7: 866.304440  (0.13 seconds)
  LP Value  8: 866.910569  (0.16 seconds)
  LP Value  9: 867.359589  (0.18 seconds)
  LP Value 10: 868.443182  (0.22 seconds)
  LP Value 11: 868.987939  (0.25 seconds)
  LP Value 12: 869.000000  (0.27 seconds)
New lower bound: 869.000000
New upperbound from x-heuristic: 869.00
Final lower bound 869.000000, upper bound 869.000000
Exact lower bound: 869.000000
DIFF: 0.000000
Final LP has 237 rows, 307 columns, 4335 nonzeros
Optimal Solution: 869.00
Number of bbnodes: 1
Total Running Time: 0.37 (seconds)

Standard Error:
