Standard Output:
./concorde -o /home/chongjiu/concorde_uncomplete_graph/x5/de/solution/random98.sol /home/chongjiu/concorde_uncomplete_graph/x5/de/mat/random98.tsp
Host: ubuntu  Current process id: 3467821
Using random seed 1735573756
Problem Name: random98
Problem Type: TSP
Number of Nodes: 98
Explicit Lengths (CC_MATRIXNORM)
Set initial upperbound to 764 (from tour)
  LP Value  1: 729.000000  (0.01 seconds)
  LP Value  2: 753.500000  (0.02 seconds)
  LP Value  3: 760.200000  (0.02 seconds)
  LP Value  4: 761.666667  (0.03 seconds)
  LP Value  5: 762.666667  (0.03 seconds)
  LP Value  6: 763.000000  (0.04 seconds)
  LP Value  7: 763.076923  (0.06 seconds)
  LP Value  8: 763.625000  (0.07 seconds)
  LP Value  9: 763.800000  (0.08 seconds)
  LP Value 10: 764.000000  (0.09 seconds)
New lower bound: 764.000000
Final lower bound 764.000000, upper bound 764.000000
Exact lower bound: 764.000000
DIFF: 0.000000
Final LP has 153 rows, 212 columns, 1585 nonzeros
Optimal Solution: 764.00
Number of bbnodes: 1
Total Running Time: 0.12 (seconds)

Standard Error:
