Standard Output:
./concorde -o /home/chongjiu/concorde_uncomplete_graph/x5/de/solution/random143.sol /home/chongjiu/concorde_uncomplete_graph/x5/de/mat/random143.tsp
Host: ubuntu  Current process id: 3468990
Using random seed 1735573773
Problem Name: random143
Problem Type: TSP
Number of Nodes: 143
Explicit Lengths (CC_MATRIXNORM)
Set initial upperbound to 907 (from tour)
  LP Value  1: 871.166667  (0.01 seconds)
  LP Value  2: 897.500000  (0.01 seconds)
  LP Value  3: 903.666667  (0.03 seconds)
  LP Value  4: 906.000000  (0.06 seconds)
  LP Value  5: 907.000000  (0.08 seconds)
recomputing rownorms ...
  LP Value  6: 907.000000  (0.08 seconds)
New lower bound: 907.000000
Final lower bound 907.000000, upper bound 907.000000
Exact lower bound: 907.000000
DIFF: 0.000000
Final LP has 206 rows, 302 columns, 1251 nonzeros
Optimal Solution: 907.00
Number of bbnodes: 1
Total Running Time: 0.17 (seconds)

Standard Error:
