Standard Output:
./concorde -o /home/chongjiu/concorde_uncomplete_graph/x5/de/solution/random68.sol /home/chongjiu/concorde_uncomplete_graph/x5/de/mat/random68.tsp
Host: ubuntu  Current process id: 3466844
Using random seed 1735573752
Problem Name: random68
Problem Type: TSP
Number of Nodes: 68
Explicit Lengths (CC_MATRIXNORM)
Set initial upperbound to 655 (from tour)
  LP Value  1: 615.500000  (0.00 seconds)
  LP Value  2: 643.500000  (0.00 seconds)
  LP Value  3: 653.000000  (0.01 seconds)
  LP Value  4: 654.888889  (0.01 seconds)
  LP Value  5: 655.000000  (0.01 seconds)
New lower bound: 655.000000
Final lower bound 655.000000, upper bound 655.000000
Exact lower bound: 655.000000
DIFF: 0.000000
Final LP has 101 rows, 143 columns, 734 nonzeros
Optimal Solution: 655.00
Number of bbnodes: 1
Total Running Time: 0.04 (seconds)

Standard Error:
