Standard Output:
./concorde -o /home/chongjiu/concorde_uncomplete_graph/x5/de/solution/random113.sol /home/chongjiu/concorde_uncomplete_graph/x5/de/mat/random113.tsp
Host: ubuntu  Current process id: 3468806
Using random seed 1735573760
Problem Name: random113
Problem Type: TSP
Number of Nodes: 113
Explicit Lengths (CC_MATRIXNORM)
Set initial upperbound to 842 (from tour)
  LP Value  1: 808.500000  (0.01 seconds)
  LP Value  2: 834.166667  (0.02 seconds)
  LP Value  3: 838.052632  (0.03 seconds)
  LP Value  4: 838.666667  (0.04 seconds)
  LP Value  5: 839.000000  (0.05 seconds)
  LP Value  6: 839.125000  (0.07 seconds)
  LP Value  7: 839.650000  (0.09 seconds)
  LP Value  8: 840.151832  (0.10 seconds)
  LP Value  9: 840.403846  (0.18 seconds)
  LP Value 10: 840.540323  (0.30 seconds)
  LP Value 11: 841.000000  (0.34 seconds)
  LP Value 12: 841.000000  (0.37 seconds)
New lower bound: 841.000000
New upperbound from x-heuristic: 841.00
Final lower bound 841.000000, upper bound 841.000000
Exact lower bound: 841.000000
DIFF: 0.000000
Final LP has 185 rows, 249 columns, 1622 nonzeros
Optimal Solution: 841.00
Number of bbnodes: 1
Total Running Time: 0.43 (seconds)

Standard Error:
