Standard Output:
./concorde -o /home/chongjiu/concorde_uncomplete_graph/x5/de/solution/random38.sol /home/chongjiu/concorde_uncomplete_graph/x5/de/mat/random38.tsp
Host: ubuntu  Current process id: 3466627
Using random seed 1735573751
Problem Name: random38
Problem Type: TSP
Number of Nodes: 38
Explicit Lengths (CC_MATRIXNORM)
Set initial upperbound to 483 (from tour)
  LP Value  1: 469.000000  (0.00 seconds)
  LP Value  2: 483.000000  (0.00 seconds)
New lower bound: 483.000000
Final lower bound 483.000000, upper bound 483.000000
Exact lower bound: 483.000000
DIFF: 0.000000
Final LP has 45 rows, 71 columns, 191 nonzeros
Optimal Solution: 483.00
Number of bbnodes: 1
Total Running Time: 0.01 (seconds)

Standard Error:
