Standard Output:
./concorde -o /home/chongjiu/concorde_uncomplete_graph/x5/de/solution/random144.sol /home/chongjiu/concorde_uncomplete_graph/x5/de/mat/random144.tsp
Host: ubuntu  Current process id: 3468992
Using random seed 1735573773
Problem Name: random144
Problem Type: TSP
Number of Nodes: 144
Explicit Lengths (CC_MATRIXNORM)
Set initial upperbound to 920 (from tour)
  LP Value  1: 885.000000  (0.01 seconds)
  LP Value  2: 916.392857  (0.04 seconds)
  LP Value  3: 917.700000  (0.04 seconds)
  LP Value  4: 918.000000  (0.05 seconds)
recomputing rownorms ...
  LP Value  5: 918.000000  (0.06 seconds)
New lower bound: 918.000000
New upperbound from x-heuristic: 918.00
Final lower bound 918.000000, upper bound 918.000000
Exact lower bound: 918.000000
DIFF: 0.000000
Final LP has 218 rows, 356 columns, 1692 nonzeros
Optimal Solution: 918.00
Number of bbnodes: 1
Total Running Time: 0.13 (seconds)

Standard Error:
