Standard Output:
./concorde -o /home/chongjiu/concorde_test/solution/random137.sol /home/chongjiu/concorde_test/mat/random137.tsp
Host: ubuntu  Current process id: 1970359
Using random seed 1733472367
Problem Name: random137
Problem Type: TSP
Number of Nodes: 137
Explicit Lengths (CC_MATRIXNORM)
Set initial upperbound to 912 (from tour)
  LP Value  1: 885.500000  (0.01 seconds)
  LP Value  2: 894.500000  (0.02 seconds)
  LP Value  3: 907.455128  (0.05 seconds)
  LP Value  4: 908.880000  (0.07 seconds)
  LP Value  5: 909.039062  (0.12 seconds)
  LP Value  6: 909.163793  (0.14 seconds)
  LP Value  7: 909.543694  (0.18 seconds)
  LP Value  8: 909.896907  (0.22 seconds)
  LP Value  9: 910.086957  (0.32 seconds)
  LP Value 10: 910.384615  (0.35 seconds)
  LP Value 11: 910.566241  (0.45 seconds)
  LP Value 12: 910.686170  (0.54 seconds)
  LP Value 13: 910.800000  (0.66 seconds)
  LP Value 14: 910.984615  (0.69 seconds)
  LP Value 15: 911.000000  (0.76 seconds)
New lower bound: 911.000000
Final lower bound 911.000000, upper bound 912.000000
Exact lower bound: 911.000000
DIFF: 0.000000
Time for Total: 0.78 seconds (0.78 total in 1 calls)
Final LP has 242 rows, 262 columns, 2962 nonzeros
LOWER BOUND: 911.000000   ACTIVE NODES: 1

Task 0: Branching on node 0
BBnode 0 split into 1 (911.94X) 2 (911.67X) (0.14 seconds)
Child 0 is pruned
Child 1 is pruned

Task 1: Exit
Optimal Solution: 912.00
Number of bbnodes: 3
Total Running Time: 1.01 (seconds)  Branching Time: 0.14 (seconds)

Standard Error:
