Standard Output:
./concorde -o /home/chongjiu/concorde_test/solution/random142.sol /home/chongjiu/concorde_test/mat/random142.tsp
Host: ubuntu  Current process id: 1970465
Using random seed 1733472370
Problem Name: random142
Problem Type: TSP
Number of Nodes: 142
Explicit Lengths (CC_MATRIXNORM)
Set initial upperbound to 910 (from tour)
  LP Value  1: 886.500000  (0.01 seconds)
  LP Value  2: 902.250000  (0.04 seconds)
  LP Value  3: 908.560000  (0.07 seconds)
  LP Value  4: 909.632469  (0.10 seconds)
  LP Value  5: 910.000000  (0.13 seconds)
New lower bound: 910.000000
Final lower bound 910.000000, upper bound 910.000000
Exact lower bound: 910.000000
DIFF: 0.000000
Final LP has 217 rows, 311 columns, 2543 nonzeros
Optimal Solution: 910.00
Number of bbnodes: 1
Total Running Time: 0.22 (seconds)

Standard Error:
