Standard Output:
./concorde -o /home/chongjiu/concorde_uncomplete_graph/x5/de/solution/random112.sol /home/chongjiu/concorde_uncomplete_graph/x5/de/mat/random112.tsp
Host: ubuntu  Current process id: 3468731
Using random seed 1735573760
Problem Name: random112
Problem Type: TSP
Number of Nodes: 112
Explicit Lengths (CC_MATRIXNORM)
Set initial upperbound to 843 (from tour)
  LP Value  1: 805.750000  (0.01 seconds)
  LP Value  2: 833.333333  (0.01 seconds)
  LP Value  3: 835.500000  (0.03 seconds)
  LP Value  4: 839.735294  (0.04 seconds)
  LP Value  5: 841.693798  (0.06 seconds)
  LP Value  6: 843.000000  (0.09 seconds)
New lower bound: 843.000000
Final lower bound 843.000000, upper bound 843.000000
Exact lower bound: 843.000000
DIFF: 0.000000
Final LP has 223 rows, 244 columns, 3618 nonzeros
Optimal Solution: 843.00
Number of bbnodes: 1
Total Running Time: 0.14 (seconds)

Standard Error:
