Standard Output:
./concorde -o /home/chongjiu/concorde_uncomplete_graph/x5/de/solution/random79.sol /home/chongjiu/concorde_uncomplete_graph/x5/de/mat/random79.tsp
Host: ubuntu  Current process id: 3466941
Using random seed 1735573752
Problem Name: random79
Problem Type: TSP
Number of Nodes: 79
Explicit Lengths (CC_MATRIXNORM)
Set initial upperbound to 730 (from tour)
  LP Value  1: 690.000000  (0.00 seconds)
  LP Value  2: 717.142857  (0.01 seconds)
  LP Value  3: 721.444444  (0.01 seconds)
  LP Value  4: 723.250000  (0.02 seconds)
  LP Value  5: 724.125000  (0.02 seconds)
  LP Value  6: 724.406250  (0.03 seconds)
  LP Value  7: 724.569231  (0.04 seconds)
  LP Value  8: 724.766892  (0.05 seconds)
  LP Value  9: 724.893617  (0.07 seconds)
  LP Value 10: 725.000000  (0.11 seconds)
recomputing rownorms ...
  LP Value 11: 725.000000  (0.11 seconds)
New lower bound: 725.000000
New upperbound from x-heuristic: 725.00
Final lower bound 725.000000, upper bound 725.000000
Exact lower bound: 725.000000
DIFF: 0.000000
Final LP has 163 rows, 173 columns, 1867 nonzeros
Optimal Solution: 725.00
Number of bbnodes: 1
Total Running Time: 0.14 (seconds)

Standard Error:
