Standard Output:
./concorde -o /home/chongjiu/concorde_uncomplete_graph/x5/de/solution/random110.sol /home/chongjiu/concorde_uncomplete_graph/x5/de/mat/random110.tsp
Host: ubuntu  Current process id: 3468727
Using random seed 1735573759
Problem Name: random110
Problem Type: TSP
Number of Nodes: 110
Explicit Lengths (CC_MATRIXNORM)
Set initial upperbound to 798 (from tour)
  LP Value  1: 754.400000  (0.01 seconds)
  LP Value  2: 792.307993  (0.02 seconds)
  LP Value  3: 796.000000  (0.04 seconds)
  LP Value  4: 798.000000  (0.08 seconds)
New lower bound: 798.000000
Final lower bound 798.000000, upper bound 798.000000
Exact lower bound: 798.000000
DIFF: 0.000000
Final LP has 239 rows, 240 columns, 4386 nonzeros
Optimal Solution: 798.00
Number of bbnodes: 1
Total Running Time: 0.15 (seconds)

Standard Error:
