Standard Output:
./concorde -o /home/chongjiu/concorde_test/solution/random150.sol /home/chongjiu/concorde_test/mat/random150.tsp
Host: ubuntu  Current process id: 1970552
Using random seed 1733472372
Problem Name: random150
Problem Type: TSP
Number of Nodes: 150
Explicit Lengths (CC_MATRIXNORM)
Set initial upperbound to 924 (from tour)
  LP Value  1: 904.500000  (0.01 seconds)
  LP Value  2: 910.850000  (0.04 seconds)
  LP Value  3: 913.949367  (0.06 seconds)
  LP Value  4: 918.461538  (0.09 seconds)
  LP Value  5: 919.500000  (0.13 seconds)
  LP Value  6: 920.536585  (0.16 seconds)
  LP Value  7: 920.956068  (0.20 seconds)
  LP Value  8: 921.501792  (0.41 seconds)
  LP Value  9: 921.760784  (0.61 seconds)
  LP Value 10: 921.900000  (0.71 seconds)
  LP Value 11: 921.944444  (0.82 seconds)
  LP Value 12: 921.963909  (0.94 seconds)
New lower bound: 921.914844
New upperbound from x-heuristic: 923.00
Final lower bound 921.914844, upper bound 923.000000
Exact lower bound: 921.914844
DIFF: 0.000000
Time for Total: 0.96 seconds (0.96 total in 1 calls)
Final LP has 250 rows, 286 columns, 3483 nonzeros
LOWER BOUND: 921.914844   ACTIVE NODES: 1

Task 0: Branching on node 0
BBnode 0 split into 1 (923.41X) 2 (922.00) (0.08 seconds)
Child 0 is pruned
LOWER BOUND: 922.000000   ACTIVE NODES: 1

Task 1: Cutting on node 2
New upperbound from x-heuristic: 922.00
TOUR FOUND - upperbound is 922.00
Writing Pool: 257 cuts
BBnode 2 (now 3) can be pruned: upperbound 922.00 (0.02 seconds)

Task 2: Exit
Optimal Solution: 922.00
Number of bbnodes: 3
Total Running Time: 1.18 (seconds)  Branching Time: 0.11 (seconds)

Standard Error:
