Standard Output:
./concorde -o /home/chongjiu/concorde_uncomplete_graph/x5/de/solution/random95.sol /home/chongjiu/concorde_uncomplete_graph/x5/de/mat/random95.tsp
Host: ubuntu  Current process id: 3467685
Using random seed 1735573755
Problem Name: random95
Problem Type: TSP
Number of Nodes: 95
Explicit Lengths (CC_MATRIXNORM)
Set initial upperbound to 781 (from tour)
  LP Value  1: 758.000000  (0.02 seconds)
  LP Value  2: 771.574074  (0.03 seconds)
  LP Value  3: 777.736655  (0.04 seconds)
  LP Value  4: 780.937500  (0.07 seconds)
  LP Value  5: 781.000000  (0.07 seconds)
New lower bound: 781.000000
Final lower bound 781.000000, upper bound 781.000000
Exact lower bound: 781.000000
DIFF: 0.000000
Final LP has 157 rows, 208 columns, 1472 nonzeros
Optimal Solution: 781.00
Number of bbnodes: 1
Total Running Time: 0.12 (seconds)

Standard Error:
