Standard Output:
./concorde -o /home/chongjiu/concorde_uncomplete_graph/x5/de/solution/random78.sol /home/chongjiu/concorde_uncomplete_graph/x5/de/mat/random78.tsp
Host: ubuntu  Current process id: 3466874
Using random seed 1735573752
Problem Name: random78
Problem Type: TSP
Number of Nodes: 78
Explicit Lengths (CC_MATRIXNORM)
Set initial upperbound to 708 (from tour)
  LP Value  1: 658.000000  (0.00 seconds)
  LP Value  2: 704.833333  (0.01 seconds)
  LP Value  3: 708.000000  (0.01 seconds)
New lower bound: 708.000000
Final lower bound 708.000000, upper bound 708.000000
Exact lower bound: 708.000000
DIFF: 0.000000
Final LP has 103 rows, 163 columns, 556 nonzeros
Optimal Solution: 708.00
Number of bbnodes: 1
Total Running Time: 0.04 (seconds)

Standard Error:
