Standard Output:
./concorde -o /home/chongjiu/concorde_uncomplete_graph/x5/de/solution/random108.sol /home/chongjiu/concorde_uncomplete_graph/x5/de/mat/random108.tsp
Host: ubuntu  Current process id: 3468314
Using random seed 1735573758
Problem Name: random108
Problem Type: TSP
Number of Nodes: 108
Explicit Lengths (CC_MATRIXNORM)
Set initial upperbound to 798 (from tour)
  LP Value  1: 768.500000  (0.00 seconds)
  LP Value  2: 791.250000  (0.00 seconds)
  LP Value  3: 796.553333  (0.01 seconds)
  LP Value  4: 796.944444  (0.02 seconds)
  LP Value  5: 798.000000  (0.03 seconds)
New lower bound: 798.000000
Final lower bound 798.000000, upper bound 798.000000
Exact lower bound: 798.000000
DIFF: 0.000000
Final LP has 168 rows, 232 columns, 1969 nonzeros
Optimal Solution: 798.00
Number of bbnodes: 1
Total Running Time: 0.07 (seconds)

Standard Error:
