Standard Output:
./concorde -o /home/chongjiu/concorde_uncomplete_graph/x5/de/solution/random92.sol /home/chongjiu/concorde_uncomplete_graph/x5/de/mat/random92.tsp
Host: ubuntu  Current process id: 3467678
Using random seed 1735573755
Problem Name: random92
Problem Type: TSP
Number of Nodes: 92
Explicit Lengths (CC_MATRIXNORM)
Set initial upperbound to 741 (from tour)
  LP Value  1: 716.500000  (0.00 seconds)
  LP Value  2: 735.395320  (0.01 seconds)
  LP Value  3: 739.625000  (0.01 seconds)
  LP Value  4: 741.000000  (0.02 seconds)
New lower bound: 741.000000
Final lower bound 741.000000, upper bound 741.000000
Exact lower bound: 741.000000
DIFF: 0.000000
Final LP has 138 rows, 210 columns, 1192 nonzeros
Optimal Solution: 741.00
Number of bbnodes: 1
Total Running Time: 0.06 (seconds)

Standard Error:
