Standard Output:
./concorde -o /home/chongjiu/concorde_uncomplete_graph/x5/de/solution/random97.sol /home/chongjiu/concorde_uncomplete_graph/x5/de/mat/random97.tsp
Host: ubuntu  Current process id: 3467756
Using random seed 1735573756
Problem Name: random97
Problem Type: TSP
Number of Nodes: 97
Explicit Lengths (CC_MATRIXNORM)
Set initial upperbound to 772 (from tour)
  LP Value  1: 753.000000  (0.00 seconds)
  LP Value  2: 759.000000  (0.02 seconds)
  LP Value  3: 763.232068  (0.03 seconds)
  LP Value  4: 765.961538  (0.04 seconds)
  LP Value  5: 766.346939  (0.05 seconds)
  LP Value  6: 766.718750  (0.06 seconds)
  LP Value  7: 767.585714  (0.07 seconds)
  LP Value  8: 768.108527  (0.08 seconds)
  LP Value  9: 768.693164  (0.09 seconds)
  LP Value 10: 769.000000  (0.12 seconds)
recomputing rownorms ...
  LP Value 11: 769.000000  (0.12 seconds)
New lower bound: 769.000000
New upperbound from x-heuristic: 769.00
Final lower bound 769.000000, upper bound 769.000000
Exact lower bound: 769.000000
DIFF: 0.000000
Final LP has 162 rows, 219 columns, 1498 nonzeros
Optimal Solution: 769.00
Number of bbnodes: 1
Total Running Time: 0.16 (seconds)

Standard Error:
