Standard Output:
./concorde -o /home/chongjiu/concorde_uncomplete_graph/x5/de/solution/random140.sol /home/chongjiu/concorde_uncomplete_graph/x5/de/mat/random140.tsp
Host: ubuntu  Current process id: 3468974
Using random seed 1735573773
Problem Name: random140
Problem Type: TSP
Number of Nodes: 140
Explicit Lengths (CC_MATRIXNORM)
Set initial upperbound to 890 (from tour)
  LP Value  1: 861.571429  (0.01 seconds)
  LP Value  2: 880.344858  (0.04 seconds)
  LP Value  3: 887.727811  (0.06 seconds)
  LP Value  4: 888.428571  (0.08 seconds)
  LP Value  5: 889.421348  (0.12 seconds)
  LP Value  6: 890.500000  (0.13 seconds)
New lower bound: 890.500000
Final lower bound 890.500000, upper bound 890.000000
Exact lower bound: 889.500000
DIFF: 1.000000
Final LP has 212 rows, 313 columns, 2721 nonzeros
Optimal Solution: 890.00
Number of bbnodes: 1
Total Running Time: 0.22 (seconds)

Standard Error:
