Standard Output:
./concorde -o /home/chongjiu/concorde_uncomplete_graph/x5/de/solution/random60.sol /home/chongjiu/concorde_uncomplete_graph/x5/de/mat/random60.tsp
Host: ubuntu  Current process id: 3466700
Using random seed 1735573751
Problem Name: random60
Problem Type: TSP
Number of Nodes: 60
Explicit Lengths (CC_MATRIXNORM)
Set initial upperbound to 620 (from tour)
  LP Value  1: 598.125000  (0.00 seconds)
  LP Value  2: 615.750000  (0.01 seconds)
  LP Value  3: 618.000000  (0.01 seconds)
  LP Value  4: 620.000000  (0.01 seconds)
recomputing rownorms ...
  LP Value  5: 620.000000  (0.01 seconds)
New lower bound: 620.000000
Final lower bound 620.000000, upper bound 620.000000
Exact lower bound: 620.000000
DIFF: 0.000000
Final LP has 85 rows, 127 columns, 495 nonzeros
Optimal Solution: 620.00
Number of bbnodes: 1
Total Running Time: 0.04 (seconds)

Standard Error:
