Standard Output:
./concorde -o /home/chongjiu/concorde_uncomplete_graph/x5/de/solution/random138.sol /home/chongjiu/concorde_uncomplete_graph/x5/de/mat/random138.tsp
Host: ubuntu  Current process id: 3468964
Using random seed 1735573772
Problem Name: random138
Problem Type: TSP
Number of Nodes: 138
Explicit Lengths (CC_MATRIXNORM)
Set initial upperbound to 865 (from tour)
  LP Value  1: 811.250000  (0.01 seconds)
  LP Value  2: 850.000000  (0.03 seconds)
  LP Value  3: 859.800000  (0.06 seconds)
  LP Value  4: 862.928571  (0.08 seconds)
  LP Value  5: 863.256410  (0.16 seconds)
  LP Value  6: 863.620000  (0.28 seconds)
  LP Value  7: 863.750000  (0.31 seconds)
  LP Value  8: 864.222222  (0.34 seconds)
recomputing rownorms ...
  LP Value  9: 864.000000  (0.37 seconds)
New lower bound: 864.000000
Final lower bound 864.000000, upper bound 865.000000
Exact lower bound: 864.000000
DIFF: 0.000000
Time for Total: 0.38 seconds (0.38 total in 1 calls)
Final LP has 221 rows, 266 columns, 2320 nonzeros
LOWER BOUND: 864.000000   ACTIVE NODES: 1

Task 0: Branching on node 0
BBnode 0 split into 1 (864.00) 2 (865.00X) (0.07 seconds)
Child 1 is pruned
LOWER BOUND: 864.000000   ACTIVE NODES: 1

Task 1: Cutting on node 1
New upperbound from x-heuristic: 864.00
TOUR FOUND - upperbound is 864.00
Writing Pool: 129 cuts
BBnode 1 (now 3) can be pruned: upperbound 864.00 (0.01 seconds)

Task 2: Exit
Optimal Solution: 864.00
Number of bbnodes: 3
Total Running Time: 0.51 (seconds)  Branching Time: 0.08 (seconds)

Standard Error:
