Standard Output:
./concorde -o /home/chongjiu/concorde_uncomplete_graph/x5/de/solution/random101.sol /home/chongjiu/concorde_uncomplete_graph/x5/de/mat/random101.tsp
Host: ubuntu  Current process id: 3467910
Using random seed 1735573756
Problem Name: random101
Problem Type: TSP
Number of Nodes: 101
Explicit Lengths (CC_MATRIXNORM)
Set initial upperbound to 736 (from tour)
  LP Value  1: 711.500000  (0.00 seconds)
  LP Value  2: 728.500000  (0.01 seconds)
  LP Value  3: 733.744186  (0.03 seconds)
  LP Value  4: 735.333333  (0.04 seconds)
  LP Value  5: 735.750000  (0.05 seconds)
  LP Value  6: 736.000000  (0.05 seconds)
New lower bound: 736.000000
Final lower bound 736.000000, upper bound 736.000000
Exact lower bound: 736.000000
DIFF: 0.000000
Final LP has 162 rows, 221 columns, 1448 nonzeros
Optimal Solution: 736.00
Number of bbnodes: 1
Total Running Time: 0.10 (seconds)

Standard Error:
