Standard Output:
./concorde -o /home/chongjiu/concorde_uncomplete_graph/x5/de/solution/random71.sol /home/chongjiu/concorde_uncomplete_graph/x5/de/mat/random71.tsp
Host: ubuntu  Current process id: 3466850
Using random seed 1735573752
Problem Name: random71
Problem Type: TSP
Number of Nodes: 71
Explicit Lengths (CC_MATRIXNORM)
Set initial upperbound to 669 (from tour)
  LP Value  1: 656.500000  (0.00 seconds)
  LP Value  2: 665.500000  (0.00 seconds)
  LP Value  3: 669.000000  (0.01 seconds)
New lower bound: 669.000000
Final lower bound 669.000000, upper bound 669.000000
Exact lower bound: 669.000000
DIFF: 0.000000
Final LP has 108 rows, 139 columns, 1139 nonzeros
Optimal Solution: 669.00
Number of bbnodes: 1
Total Running Time: 0.03 (seconds)

Standard Error:
