Standard Output:
./concorde -o /home/chongjiu/concorde_uncomplete_graph/x5/de/solution/random130.sol /home/chongjiu/concorde_uncomplete_graph/x5/de/mat/random130.tsp
Host: ubuntu  Current process id: 3468883
Using random seed 1735573766
Problem Name: random130
Problem Type: TSP
Number of Nodes: 130
Explicit Lengths (CC_MATRIXNORM)
Set initial upperbound to 868 (from tour)
  LP Value  1: 812.166667  (0.01 seconds)
  LP Value  2: 839.388889  (0.03 seconds)
  LP Value  3: 859.500000  (0.05 seconds)
  LP Value  4: 862.187500  (0.06 seconds)
  LP Value  5: 863.375000  (0.08 seconds)
  LP Value  6: 864.375375  (0.10 seconds)
  LP Value  7: 865.000000  (0.12 seconds)
  LP Value  8: 865.459412  (0.25 seconds)
  LP Value  9: 865.768064  (0.74 seconds)
  LP Value 10: 865.943887  (0.87 seconds)
  LP Value 11: 866.228175  (1.04 seconds)
  LP Value 12: 866.497848  (1.20 seconds)
  LP Value 13: 866.574539  (2.14 seconds)
  LP Value 14: 866.660142  (2.28 seconds)
  LP Value 15: 866.661137  (2.42 seconds)
New lower bound: 866.661137
Final lower bound 866.661137, upper bound 868.000000
Exact lower bound: 866.661137
DIFF: 0.000000
Time for Total: 2.44 seconds (2.44 total in 1 calls)
Final LP has 248 rows, 264 columns, 3116 nonzeros
LOWER BOUND: 866.661137   ACTIVE NODES: 1

Task 0: Branching on node 0
BBnode 0 split into 1 (867.07) 2 (867.27X) (0.10 seconds)
Child 1 is pruned
LOWER BOUND: 867.068311   ACTIVE NODES: 1

Task 1: Cutting on node 1
Writing Pool: 290 cuts
BBnode 1 (now 3) can be pruned: upperbound 868.00 (0.03 seconds)

Task 2: Exit
Optimal Solution: 868.00
Number of bbnodes: 3
Total Running Time: 2.65 (seconds)  Branching Time: 0.13 (seconds)

Standard Error:
