Standard Output:
./concorde -o /home/chongjiu/concorde_uncomplete_graph/x5/de/solution/random129.sol /home/chongjiu/concorde_uncomplete_graph/x5/de/mat/random129.tsp
Host: ubuntu  Current process id: 3468881
Using random seed 1735573765
Problem Name: random129
Problem Type: TSP
Number of Nodes: 129
Explicit Lengths (CC_MATRIXNORM)
Set initial upperbound to 901 (from tour)
  LP Value  1: 876.833333  (0.01 seconds)
  LP Value  2: 899.500000  (0.03 seconds)
  LP Value  3: 900.666667  (0.04 seconds)
  LP Value  4: 901.000000  (0.06 seconds)
recomputing rownorms ...
  LP Value  5: 901.000000  (0.06 seconds)
New lower bound: 901.000000
Final lower bound 901.000000, upper bound 901.000000
Exact lower bound: 901.000000
DIFF: 0.000000
Final LP has 189 rows, 274 columns, 1343 nonzeros
Optimal Solution: 901.00
Number of bbnodes: 1
Total Running Time: 0.14 (seconds)

Standard Error:
