Standard Output:
./concorde -o /home/chongjiu/concorde_uncomplete_graph/x5/de/solution/random167.sol /home/chongjiu/concorde_uncomplete_graph/x5/de/mat/random167.tsp
Host: ubuntu  Current process id: 3469161
Using random seed 1735573790
Problem Name: random167
Problem Type: TSP
Number of Nodes: 167
Explicit Lengths (CC_MATRIXNORM)
Set initial upperbound to 964 (from tour)
  LP Value  1: 941.750000  (0.01 seconds)
  LP Value  2: 962.562500  (0.02 seconds)
  LP Value  3: 963.500000  (0.04 seconds)
  LP Value  4: 963.970588  (0.06 seconds)
  LP Value  5: 964.000000  (0.06 seconds)
New lower bound: 964.000000
Final lower bound 964.000000, upper bound 964.000000
Exact lower bound: 964.000000
DIFF: 0.000000
Final LP has 222 rows, 340 columns, 1666 nonzeros
Optimal Solution: 964.00
Number of bbnodes: 1
Total Running Time: 0.14 (seconds)

Standard Error:
