Standard Output:
./concorde -o /home/chongjiu/concorde_uncomplete_graph/x5/de/solution/random93.sol /home/chongjiu/concorde_uncomplete_graph/x5/de/mat/random93.tsp
Host: ubuntu  Current process id: 3467680
Using random seed 1735573755
Problem Name: random93
Problem Type: TSP
Number of Nodes: 93
Explicit Lengths (CC_MATRIXNORM)
Set initial upperbound to 763 (from tour)
  LP Value  1: 730.000000  (0.00 seconds)
  LP Value  2: 758.548003  (0.01 seconds)
  LP Value  3: 761.892857  (0.02 seconds)
  LP Value  4: 762.653061  (0.03 seconds)
  LP Value  5: 763.000000  (0.03 seconds)
New lower bound: 763.000000
Final lower bound 763.000000, upper bound 763.000000
Exact lower bound: 763.000000
DIFF: 0.000000
Final LP has 157 rows, 203 columns, 1181 nonzeros
Optimal Solution: 763.00
Number of bbnodes: 1
Total Running Time: 0.08 (seconds)

Standard Error:
