Standard Output:
./concorde -o /home/chongjiu/concorde_uncomplete_graph/x5/de/solution/random54.sol /home/chongjiu/concorde_uncomplete_graph/x5/de/mat/random54.tsp
Host: ubuntu  Current process id: 3466688
Using random seed 1735573751
Problem Name: random54
Problem Type: TSP
Number of Nodes: 54
Explicit Lengths (CC_MATRIXNORM)
Set initial upperbound to 568 (from tour)
  LP Value  1: 533.250000  (0.00 seconds)
  LP Value  2: 557.000000  (0.01 seconds)
  LP Value  3: 567.000000  (0.01 seconds)
  LP Value  4: 568.000000  (0.01 seconds)
New lower bound: 568.000000
Final lower bound 568.000000, upper bound 568.000000
Exact lower bound: 568.000000
DIFF: 0.000000
Final LP has 93 rows, 131 columns, 767 nonzeros
Optimal Solution: 568.00
Number of bbnodes: 1
Total Running Time: 0.04 (seconds)

Standard Error:
