Standard Output:
./concorde -o /home/chongjiu/concorde_uncomplete_graph/x5/de/solution/random152.sol /home/chongjiu/concorde_uncomplete_graph/x5/de/mat/random152.tsp
Host: ubuntu  Current process id: 3469082
Using random seed 1735573783
Problem Name: random152
Problem Type: TSP
Number of Nodes: 152
Explicit Lengths (CC_MATRIXNORM)
Set initial upperbound to 973 (from tour)
  LP Value  1: 936.500000  (0.01 seconds)
  LP Value  2: 965.285714  (0.02 seconds)
  LP Value  3: 967.500000  (0.04 seconds)
  LP Value  4: 969.506944  (0.06 seconds)
  LP Value  5: 969.837963  (0.08 seconds)
  LP Value  6: 970.142857  (0.09 seconds)
  LP Value  7: 970.352941  (0.11 seconds)
  LP Value  8: 970.500000  (0.13 seconds)
  LP Value  9: 970.625000  (0.15 seconds)
  LP Value 10: 970.875000  (0.17 seconds)
  LP Value 11: 971.000000  (0.18 seconds)
  LP Value 12: 971.307692  (0.20 seconds)
  LP Value 13: 971.610169  (0.22 seconds)
  LP Value 14: 971.750000  (0.24 seconds)
  LP Value 15: 971.894737  (0.25 seconds)
  LP Value 16: 972.000000  (0.31 seconds)
recomputing rownorms ...
  LP Value 17: 972.000000  (0.31 seconds)
New lower bound: 972.000000
New upperbound from x-heuristic: 972.00
Final lower bound 972.000000, upper bound 972.000000
Exact lower bound: 972.000000
DIFF: 0.000000
Final LP has 236 rows, 323 columns, 1846 nonzeros
Optimal Solution: 972.00
Number of bbnodes: 1
Total Running Time: 0.41 (seconds)

Standard Error:
