Standard Output:
./concorde -o /home/chongjiu/concorde_test/solution/random116.sol /home/chongjiu/concorde_test/mat/random116.tsp
Host: ubuntu  Current process id: 1969918
Using random seed 1733472356
Problem Name: random116
Problem Type: TSP
Number of Nodes: 116
Explicit Lengths (CC_MATRIXNORM)
Set initial upperbound to 830 (from tour)
  LP Value  1: 796.000000  (0.00 seconds)
  LP Value  2: 824.500000  (0.01 seconds)
  LP Value  3: 829.500000  (0.02 seconds)
  LP Value  4: 830.000000  (0.02 seconds)
New lower bound: 830.000000
Final lower bound 830.000000, upper bound 830.000000
Exact lower bound: 830.000000
DIFF: 0.000000
Final LP has 160 rows, 229 columns, 876 nonzeros
Optimal Solution: 830.00
Number of bbnodes: 1
Total Running Time: 0.09 (seconds)

Standard Error:
