Standard Output:
./concorde -o /home/chongjiu/concorde_uncomplete_graph/x5/de/solution/random198.sol /home/chongjiu/concorde_uncomplete_graph/x5/de/mat/random198.tsp
Host: ubuntu  Current process id: 3469425
Using random seed 1735573814
Problem Name: random198
Problem Type: TSP
Number of Nodes: 198
Explicit Lengths (CC_MATRIXNORM)
Set initial upperbound to 1076 (from tour)
  LP Value  1: 1049.500000  (0.03 seconds)
  LP Value  2: 1066.270833  (0.07 seconds)
  LP Value  3: 1072.983333  (0.11 seconds)
  LP Value  4: 1074.000000  (0.16 seconds)
  LP Value  5: 1074.339286  (0.20 seconds)
  LP Value  6: 1074.442308  (0.30 seconds)
  LP Value  7: 1074.640351  (0.33 seconds)
  LP Value  8: 1074.970588  (0.51 seconds)
  LP Value  9: 1075.125000  (0.67 seconds)
  LP Value 10: 1075.391304  (0.78 seconds)
  LP Value 11: 1075.509621  (1.04 seconds)
  LP Value 12: 1075.533055  (1.20 seconds)
New lower bound: 1075.533055
Final lower bound 1075.533055, upper bound 1076.000000
Exact lower bound: 1075.533055
DIFF: 0.000000
Final LP has 326 rows, 432 columns, 4551 nonzeros
Optimal Solution: 1076.00
Number of bbnodes: 1
Total Running Time: 1.34 (seconds)

Standard Error:
