Standard Output:
./concorde -o /home/chongjiu/concorde_uncomplete_graph/x5/de/solution/random121.sol /home/chongjiu/concorde_uncomplete_graph/x5/de/mat/random121.tsp
Host: ubuntu  Current process id: 3468853
Using random seed 1735573762
Problem Name: random121
Problem Type: TSP
Number of Nodes: 121
Explicit Lengths (CC_MATRIXNORM)
Set initial upperbound to 850 (from tour)
  LP Value  1: 827.000000  (0.01 seconds)
  LP Value  2: 846.297959  (0.02 seconds)
  LP Value  3: 848.444444  (0.04 seconds)
  LP Value  4: 849.233333  (0.05 seconds)
  LP Value  5: 849.506494  (0.07 seconds)
  LP Value  6: 849.730956  (0.25 seconds)
  LP Value  7: 849.908382  (0.31 seconds)
  LP Value  8: 849.984880  (0.40 seconds)
  LP Value  9: 850.000000  (0.50 seconds)
New lower bound: 850.000000
Final lower bound 850.000000, upper bound 850.000000
Exact lower bound: 850.000000
DIFF: 0.000000
Final LP has 210 rows, 259 columns, 2337 nonzeros
Optimal Solution: 850.00
Number of bbnodes: 1
Total Running Time: 0.57 (seconds)

Standard Error:
