Standard Output:
./concorde -o /home/chongjiu/concorde_uncomplete_graph/x5/de/solution/random72.sol /home/chongjiu/concorde_uncomplete_graph/x5/de/mat/random72.tsp
Host: ubuntu  Current process id: 3466852
Using random seed 1735573752
Problem Name: random72
Problem Type: TSP
Number of Nodes: 72
Explicit Lengths (CC_MATRIXNORM)
Set initial upperbound to 665 (from tour)
  LP Value  1: 646.500000  (0.00 seconds)
  LP Value  2: 659.000000  (0.01 seconds)
  LP Value  3: 664.857143  (0.01 seconds)
  LP Value  4: 665.000000  (0.01 seconds)
New lower bound: 665.000000
Final lower bound 665.000000, upper bound 665.000000
Exact lower bound: 665.000000
DIFF: 0.000000
Final LP has 101 rows, 146 columns, 565 nonzeros
Optimal Solution: 665.00
Number of bbnodes: 1
Total Running Time: 0.06 (seconds)

Standard Error:
