Standard Output:
./concorde -o /home/chongjiu/concorde_uncomplete_graph/x5/de/solution/random64.sol /home/chongjiu/concorde_uncomplete_graph/x5/de/mat/random64.tsp
Host: ubuntu  Current process id: 3466834
Using random seed 1735573752
Problem Name: random64
Problem Type: TSP
Number of Nodes: 64
Explicit Lengths (CC_MATRIXNORM)
Set initial upperbound to 681 (from tour)
  LP Value  1: 663.750000  (0.00 seconds)
  LP Value  2: 671.916667  (0.00 seconds)
  LP Value  3: 675.500000  (0.01 seconds)
  LP Value  4: 677.250000  (0.01 seconds)
  LP Value  5: 677.932692  (0.02 seconds)
  LP Value  6: 678.500000  (0.03 seconds)
  LP Value  7: 678.500000  (0.04 seconds)
  LP Value  8: 679.833333  (0.04 seconds)
  LP Value  9: 680.666667  (0.05 seconds)
  LP Value 10: 681.000000  (0.06 seconds)
New lower bound: 681.000000
Final lower bound 681.000000, upper bound 681.000000
Exact lower bound: 681.000000
DIFF: 0.000000
Final LP has 112 rows, 141 columns, 1077 nonzeros
Optimal Solution: 681.00
Number of bbnodes: 1
Total Running Time: 0.08 (seconds)

Standard Error:
