Standard Output:
./concorde -o /home/chongjiu/concorde_uncomplete_graph/x5/de/solution/random194.sol /home/chongjiu/concorde_uncomplete_graph/x5/de/mat/random194.tsp
Host: ubuntu  Current process id: 3469380
Using random seed 1735573809
Problem Name: random194
Problem Type: TSP
Number of Nodes: 194
Explicit Lengths (CC_MATRIXNORM)
Set initial upperbound to 1052 (from tour)
  LP Value  1: 1036.000000  (0.01 seconds)
  LP Value  2: 1046.500000  (0.02 seconds)
  LP Value  3: 1049.750000  (0.04 seconds)
  LP Value  4: 1051.750000  (0.05 seconds)
  LP Value  5: 1052.000000  (0.05 seconds)
New lower bound: 1052.000000
Final lower bound 1052.000000, upper bound 1052.000000
Exact lower bound: 1052.000000
DIFF: 0.000000
Final LP has 261 rows, 375 columns, 1315 nonzeros
Optimal Solution: 1052.00
Number of bbnodes: 1
Total Running Time: 0.17 (seconds)

Standard Error:
