Standard Output:
./concorde -o /home/chongjiu/concorde_uncomplete_graph/x5/de/solution/random122.sol /home/chongjiu/concorde_uncomplete_graph/x5/de/mat/random122.tsp
Host: ubuntu  Current process id: 3468855
Using random seed 1735573763
Problem Name: random122
Problem Type: TSP
Number of Nodes: 122
Explicit Lengths (CC_MATRIXNORM)
Set initial upperbound to 869 (from tour)
  LP Value  1: 838.500000  (0.01 seconds)
  LP Value  2: 861.200000  (0.01 seconds)
  LP Value  3: 868.166667  (0.03 seconds)
  LP Value  4: 869.000000  (0.04 seconds)
New lower bound: 869.000000
Final lower bound 869.000000, upper bound 869.000000
Exact lower bound: 869.000000
DIFF: 0.000000
Final LP has 190 rows, 258 columns, 1305 nonzeros
Optimal Solution: 869.00
Number of bbnodes: 1
Total Running Time: 0.10 (seconds)

Standard Error:
