Standard Output:
./concorde -o /home/chongjiu/concorde_test/solution/random59.sol /home/chongjiu/concorde_test/mat/random59.tsp
Host: ubuntu  Current process id: 1969507
Using random seed 1733472348
Problem Name: random59
Problem Type: TSP
Number of Nodes: 59
Explicit Lengths (CC_MATRIXNORM)
Set initial upperbound to 606 (from tour)
  LP Value  1: 586.000000  (0.00 seconds)
  LP Value  2: 606.000000  (0.01 seconds)
New lower bound: 606.000000
Final lower bound 606.000000, upper bound 606.000000
Exact lower bound: 606.000000
DIFF: 0.000000
Final LP has 76 rows, 119 columns, 528 nonzeros
Optimal Solution: 606.00
Number of bbnodes: 1
Total Running Time: 0.04 (seconds)

Standard Error:
