Standard Output:
./concorde -o /home/chongjiu/concorde_uncomplete_graph/x10/seg/solution/random130.sol /home/chongjiu/concorde_uncomplete_graph/x10/seg/mat/random130.tsp
Host: ubuntu  Current process id: 3476214
Using random seed 1735574230
Problem Name: random130
Problem Type: TSP
Number of Nodes: 130
Explicit Lengths (CC_MATRIXNORM)
Set initial upperbound to 864 (from tour)
  LP Value  1: 825.439394  (0.01 seconds)
  LP Value  2: 853.935897  (0.03 seconds)
  LP Value  3: 857.166667  (0.05 seconds)
  LP Value  4: 859.304167  (0.07 seconds)
  LP Value  5: 860.000000  (0.09 seconds)
  LP Value  6: 861.285714  (0.11 seconds)
  LP Value  7: 861.773287  (0.21 seconds)
  LP Value  8: 862.016949  (0.30 seconds)
  LP Value  9: 862.134545  (0.39 seconds)
  LP Value 10: 862.200000  (0.49 seconds)
  LP Value 11: 862.412743  (0.58 seconds)
  LP Value 12: 862.500000  (0.64 seconds)
  LP Value 13: 862.562500  (0.68 seconds)
  LP Value 14: 862.562500  (0.72 seconds)
New lower bound: 862.479167
Final lower bound 862.479167, upper bound 864.000000
Exact lower bound: 862.479167
DIFF: 0.000000
Time for Total: 0.73 seconds (0.73 total in 1 calls)
Final LP has 243 rows, 277 columns, 2691 nonzeros
LOWER BOUND: 862.479167   ACTIVE NODES: 1

Task 0: Branching on node 0
BBnode 0 split into 1 (863.50X) 2 (862.87) (0.09 seconds)
Child 0 is pruned
LOWER BOUND: 862.875000   ACTIVE NODES: 1

Task 1: Cutting on node 2
Writing Pool: 251 cuts
BBnode 2 (now 3) can be pruned: upperbound 864.00 (0.04 seconds)

Task 2: Exit
Optimal Solution: 864.00
Number of bbnodes: 3
Total Running Time: 0.93 (seconds)  Branching Time: 0.13 (seconds)

Standard Error:
