Standard Output:
./concorde -o /home/chongjiu/concorde_uncomplete_graph/x10/seg/solution/random176.sol /home/chongjiu/concorde_uncomplete_graph/x10/seg/mat/random176.tsp
Host: ubuntu  Current process id: 3476496
Using random seed 1735574253
Problem Name: random176
Problem Type: TSP
Number of Nodes: 176
Explicit Lengths (CC_MATRIXNORM)
Set initial upperbound to 1026 (from tour)
  LP Value  1: 995.000000  (0.02 seconds)
  LP Value  2: 1016.700000  (0.04 seconds)
  LP Value  3: 1022.537301  (0.08 seconds)
  LP Value  4: 1024.492424  (0.10 seconds)
  LP Value  5: 1025.208333  (0.14 seconds)
  LP Value  6: 1026.000000  (0.17 seconds)
New lower bound: 1026.000000
Final lower bound 1026.000000, upper bound 1026.000000
Exact lower bound: 1026.000000
DIFF: 0.000000
Final LP has 271 rows, 456 columns, 3640 nonzeros
Optimal Solution: 1026.00
Number of bbnodes: 1
Total Running Time: 0.28 (seconds)

Standard Error:
