Standard Output:
./concorde -o /home/chongjiu/concorde_uncomplete_graph/x10/seg/solution/random117.sol /home/chongjiu/concorde_uncomplete_graph/x10/seg/mat/random117.tsp
Host: ubuntu  Current process id: 3476141
Using random seed 1735574224
Problem Name: random117
Problem Type: TSP
Number of Nodes: 117
Explicit Lengths (CC_MATRIXNORM)
Set initial upperbound to 859 (from tour)
  LP Value  1: 822.500000  (0.01 seconds)
  LP Value  2: 849.750000  (0.02 seconds)
  LP Value  3: 858.500000  (0.04 seconds)
  LP Value  4: 859.000000  (0.05 seconds)
New lower bound: 859.000000
Final lower bound 859.000000, upper bound 859.000000
Exact lower bound: 859.000000
DIFF: 0.000000
Final LP has 181 rows, 296 columns, 1586 nonzeros
Optimal Solution: 859.00
Number of bbnodes: 1
Total Running Time: 0.12 (seconds)

Standard Error:
