Standard Output:
./concorde -o /home/chongjiu/concorde_uncomplete_graph/x10/seg/solution/random26.sol /home/chongjiu/concorde_uncomplete_graph/x10/seg/mat/random26.tsp
Host: ubuntu  Current process id: 3475889
Using random seed 1735574214
Problem Name: random26
Problem Type: TSP
Number of Nodes: 26
Explicit Lengths (CC_MATRIXNORM)
Set initial upperbound to 415 (from tour)
  LP Value  1: 386.000000  (0.00 seconds)
  LP Value  2: 410.500000  (0.00 seconds)
  LP Value  3: 415.000000  (0.00 seconds)
New lower bound: 415.000000
Final lower bound 415.000000, upper bound 415.000000
Exact lower bound: 415.000000
DIFF: 0.000000
Final LP has 36 rows, 76 columns, 211 nonzeros
Optimal Solution: 415.00
Number of bbnodes: 1
Total Running Time: 0.01 (seconds)

Standard Error:
