Standard Output:
./concorde -o /home/chongjiu/concorde_uncomplete_graph/x10/seg/solution/random34.sol /home/chongjiu/concorde_uncomplete_graph/x10/seg/mat/random34.tsp
Host: ubuntu  Current process id: 3475905
Using random seed 1735574215
Problem Name: random34
Problem Type: TSP
Number of Nodes: 34
Explicit Lengths (CC_MATRIXNORM)
Set initial upperbound to 477 (from tour)
  LP Value  1: 416.000000  (0.00 seconds)
  LP Value  2: 474.000000  (0.00 seconds)
recomputing rownorms ...
  LP Value  3: 474.000000  (0.00 seconds)
New lower bound: 474.000000
New upperbound from x-heuristic: 474.00
Final lower bound 474.000000, upper bound 474.000000
Exact lower bound: 474.000000
DIFF: 0.000000
Final LP has 42 rows, 112 columns, 270 nonzeros
Optimal Solution: 474.00
Number of bbnodes: 1
Total Running Time: 0.01 (seconds)

Standard Error:
