Standard Output:
./concorde -o /home/chongjiu/concorde_uncomplete_graph/x10/seg/solution/random100.sol /home/chongjiu/concorde_uncomplete_graph/x10/seg/mat/random100.tsp
Host: ubuntu  Current process id: 3476076
Using random seed 1735574220
Problem Name: random100
Problem Type: TSP
Number of Nodes: 100
Explicit Lengths (CC_MATRIXNORM)
Set initial upperbound to 760 (from tour)
  LP Value  1: 713.000000  (0.01 seconds)
  LP Value  2: 745.500000  (0.02 seconds)
  LP Value  3: 759.000000  (0.03 seconds)
  LP Value  4: 759.750000  (0.05 seconds)
  LP Value  5: 760.000000  (0.06 seconds)
New lower bound: 760.000000
Final lower bound 760.000000, upper bound 760.000000
Exact lower bound: 760.000000
DIFF: 0.000000
Final LP has 164 rows, 383 columns, 2747 nonzeros
Optimal Solution: 760.00
Number of bbnodes: 1
Total Running Time: 0.12 (seconds)

Standard Error:
