Standard Output:
./concorde -o /home/chongjiu/concorde_uncomplete_graph/x10/seg/solution/random116.sol /home/chongjiu/concorde_uncomplete_graph/x10/seg/mat/random116.tsp
Host: ubuntu  Current process id: 3476139
Using random seed 1735574223
Problem Name: random116
Problem Type: TSP
Number of Nodes: 116
Explicit Lengths (CC_MATRIXNORM)
Set initial upperbound to 829 (from tour)
  LP Value  1: 779.000000  (0.00 seconds)
  LP Value  2: 825.500000  (0.01 seconds)
  LP Value  3: 829.000000  (0.02 seconds)
New lower bound: 829.000000
Final lower bound 829.000000, upper bound 829.000000
Exact lower bound: 829.000000
DIFF: 0.000000
Final LP has 170 rows, 296 columns, 1872 nonzeros
Optimal Solution: 829.00
Number of bbnodes: 1
Total Running Time: 0.07 (seconds)

Standard Error:
