Standard Output:
./concorde -o /home/chongjiu/concorde_uncomplete_graph/x10/seg/solution/random163.sol /home/chongjiu/concorde_uncomplete_graph/x10/seg/mat/random163.tsp
Host: ubuntu  Current process id: 3476401
Using random seed 1735574245
Problem Name: random163
Problem Type: TSP
Number of Nodes: 163
Explicit Lengths (CC_MATRIXNORM)
Set initial upperbound to 988 (from tour)
  LP Value  1: 942.000000  (0.01 seconds)
  LP Value  2: 974.531746  (0.04 seconds)
  LP Value  3: 983.833333  (0.07 seconds)
  LP Value  4: 985.605459  (0.11 seconds)
  LP Value  5: 986.441989  (0.14 seconds)
  LP Value  6: 986.750000  (0.17 seconds)
  LP Value  7: 987.010746  (0.22 seconds)
  LP Value  8: 987.571429  (0.25 seconds)
  LP Value  9: 987.734428  (0.37 seconds)
  LP Value 10: 987.802083  (0.48 seconds)
  LP Value 11: 987.875000  (0.54 seconds)
recomputing rownorms ...
  LP Value 12: 987.875000  (0.60 seconds)
New lower bound: 987.875000
Final lower bound 987.875000, upper bound 988.000000
Exact lower bound: 987.875000
DIFF: 0.000000
Final LP has 278 rows, 441 columns, 2991 nonzeros
Optimal Solution: 988.00
Number of bbnodes: 1
Total Running Time: 0.70 (seconds)

Standard Error:
