Standard Output:
./concorde -o /home/chongjiu/concorde_uncomplete_graph/x10/seg/solution/random72.sol /home/chongjiu/concorde_uncomplete_graph/x10/seg/mat/random72.tsp
Host: ubuntu  Current process id: 3475994
Using random seed 1735574216
Problem Name: random72
Problem Type: TSP
Number of Nodes: 72
Explicit Lengths (CC_MATRIXNORM)
Set initial upperbound to 665 (from tour)
  LP Value  1: 643.500000  (0.00 seconds)
  LP Value  2: 664.000000  (0.01 seconds)
  LP Value  3: 665.000000  (0.02 seconds)
New lower bound: 665.000000
Final lower bound 665.000000, upper bound 665.000000
Exact lower bound: 665.000000
DIFF: 0.000000
Final LP has 115 rows, 175 columns, 1105 nonzeros
Optimal Solution: 665.00
Number of bbnodes: 1
Total Running Time: 0.05 (seconds)

Standard Error:
