Standard Output:
./concorde -o /home/chongjiu/concorde_uncomplete_graph/x10/seg/solution/random180.sol /home/chongjiu/concorde_uncomplete_graph/x10/seg/mat/random180.tsp
Host: ubuntu  Current process id: 3476507
Using random seed 1735574254
Problem Name: random180
Problem Type: TSP
Number of Nodes: 180
Explicit Lengths (CC_MATRIXNORM)
Set initial upperbound to 1072 (from tour)
  LP Value  1: 1010.500000  (0.01 seconds)
  LP Value  2: 1062.000000  (0.02 seconds)
  LP Value  3: 1065.500000  (0.04 seconds)
  LP Value  4: 1066.750000  (0.08 seconds)
  LP Value  5: 1067.000000  (0.18 seconds)
recomputing rownorms ...
  LP Value  6: 1067.000000  (0.18 seconds)
New lower bound: 1067.000000
New upperbound from x-heuristic: 1067.00
Final lower bound 1067.000000, upper bound 1067.000000
Exact lower bound: 1067.000000
DIFF: 0.000000
Final LP has 323 rows, 416 columns, 3389 nonzeros
Optimal Solution: 1067.00
Number of bbnodes: 1
Total Running Time: 0.27 (seconds)

Standard Error:
