Standard Output:
./concorde -o /home/chongjiu/concorde_uncomplete_graph/x10/seg/solution/random90.sol /home/chongjiu/concorde_uncomplete_graph/x10/seg/mat/random90.tsp
Host: ubuntu  Current process id: 3476035
Using random seed 1735574218
Problem Name: random90
Problem Type: TSP
Number of Nodes: 90
Explicit Lengths (CC_MATRIXNORM)
Set initial upperbound to 715 (from tour)
  LP Value  1: 663.500000  (0.00 seconds)
  LP Value  2: 711.250000  (0.02 seconds)
  LP Value  3: 713.000000  (0.04 seconds)
  LP Value  4: 714.500000  (0.05 seconds)
  LP Value  5: 714.500000  (0.06 seconds)
  LP Value  6: 715.000000  (0.07 seconds)
New lower bound: 715.000000
Final lower bound 715.000000, upper bound 715.000000
Exact lower bound: 715.000000
DIFF: 0.000000
Final LP has 147 rows, 272 columns, 2088 nonzeros
Optimal Solution: 715.00
Number of bbnodes: 1
Total Running Time: 0.12 (seconds)

Standard Error:
