Standard Output:
./concorde -o /home/chongjiu/concorde_uncomplete_graph/x10/seg/solution/random199.sol /home/chongjiu/concorde_uncomplete_graph/x10/seg/mat/random199.tsp
Host: ubuntu  Current process id: 3476631
Using random seed 1735574265
Problem Name: random199
Problem Type: TSP
Number of Nodes: 199
Explicit Lengths (CC_MATRIXNORM)
Set initial upperbound to 1084 (from tour)
  LP Value  1: 1033.000000  (0.01 seconds)
  LP Value  2: 1073.250000  (0.05 seconds)
  LP Value  3: 1076.000000  (0.09 seconds)
  LP Value  4: 1077.077874  (0.14 seconds)
  LP Value  5: 1078.068182  (0.18 seconds)
  LP Value  6: 1078.382609  (0.26 seconds)
  LP Value  7: 1078.703704  (0.31 seconds)
  LP Value  8: 1079.000000  (0.37 seconds)
  LP Value  9: 1079.420988  (0.44 seconds)
  LP Value 10: 1079.775974  (0.59 seconds)
  LP Value 11: 1080.000000  (0.77 seconds)
  LP Value 12: 1080.000000  (0.84 seconds)
New lower bound: 1080.000000
New upperbound from x-heuristic: 1083.00
Final lower bound 1080.000000, upper bound 1083.000000
Exact lower bound: 1080.000000
DIFF: 0.000000
Time for Total: 0.87 seconds (0.87 total in 1 calls)
Final LP has 417 rows, 478 columns, 6633 nonzeros
LOWER BOUND: 1080.000000   ACTIVE NODES: 1

Task 0: Branching on node 0
BBnode 0 split into 1 (1080.00) 2 (1080.00) (0.07 seconds)
LOWER BOUND: 1080.000000   ACTIVE NODES: 2

Task 1: Cutting on node 2
New upperbound from x-heuristic: 1082.00
TOUR FOUND - upperbound is 1082.00
Writing Pool: 487 cuts
BBnode 2 (now 3) done cutting: lowerbound 1080.93 (1.62 seconds)
LOWER BOUND: 1080.001152   ACTIVE NODES: 2

Task 2: Cutting on node 1
Writing Pool: 516 cuts
BBnode 1 (now 4) done cutting: lowerbound 1080.37 (0.38 seconds)
LOWER BOUND: 1080.370482   ACTIVE NODES: 2

Task 3: Branching on node 4
BBnode 4 split into 5 (1080.80) 6 (1080.99) (0.21 seconds)
LOWER BOUND: 1080.800000   ACTIVE NODES: 3

Task 4: Cutting on node 5
Writing Pool: 579 cuts
BBnode 5 (now 7) done cutting: lowerbound 1081.08 (0.59 seconds)
LOWER BOUND: 1080.931794   ACTIVE NODES: 3

Task 5: Branching on node 3
BBnode 3 split into 8 (1081.37X) 9 (1081.00) (0.14 seconds)
Child 0 is pruned
LOWER BOUND: 1080.987500   ACTIVE NODES: 3

Task 6: Cutting on node 6
Writing Pool: 587 cuts
BBnode 6 (now 10) can be pruned: upperbound 1082.00 (0.04 seconds)
LOWER BOUND: 1081.000000   ACTIVE NODES: 2

Task 7: Cutting on node 9
Writing Pool: 601 cuts
BBnode 9 (now 11) can be pruned: upperbound 1082.00 (0.05 seconds)
LOWER BOUND: 1081.078406   ACTIVE NODES: 1

Task 8: Branching on node 7
BBnode 7 split into 12 (1081.22X) 13 (1081.40X) (0.20 seconds)
Child 0 is pruned
Child 1 is pruned

Task 9: Exit
Optimal Solution: 1082.00
Number of bbnodes: 9
Total Running Time: 4.27 (seconds)  Branching Time: 3.30 (seconds)

Standard Error:
