Standard Output:
./concorde -o /home/chongjiu/concorde_uncomplete_graph/x10/seg/solution/random152.sol /home/chongjiu/concorde_uncomplete_graph/x10/seg/mat/random152.tsp
Host: ubuntu  Current process id: 3476332
Using random seed 1735574241
Problem Name: random152
Problem Type: TSP
Number of Nodes: 152
Explicit Lengths (CC_MATRIXNORM)
Set initial upperbound to 969 (from tour)
  LP Value  1: 947.250000  (0.01 seconds)
  LP Value  2: 963.750000  (0.01 seconds)
  LP Value  3: 965.333333  (0.03 seconds)
  LP Value  4: 965.833333  (0.05 seconds)
  LP Value  5: 966.333333  (0.07 seconds)
  LP Value  6: 966.565217  (0.09 seconds)
  LP Value  7: 967.000000  (0.10 seconds)
  LP Value  8: 967.000000  (0.15 seconds)
New lower bound: 967.000000
Final lower bound 967.000000, upper bound 969.000000
Exact lower bound: 967.000000
DIFF: 0.000000
Time for Total: 0.16 seconds (0.16 total in 1 calls)
Final LP has 239 rows, 319 columns, 2379 nonzeros
LOWER BOUND: 967.000000   ACTIVE NODES: 1

Task 0: Branching on node 0
BBnode 0 split into 1 (967.00) 2 (968.00) (0.00 seconds)
LOWER BOUND: 967.000000   ACTIVE NODES: 2

Task 1: Cutting on node 1
Writing Pool: 92 cuts
BBnode 1 (now 3) can be pruned: upperbound 969.00 (0.08 seconds)
LOWER BOUND: 968.000000   ACTIVE NODES: 1

Task 2: Cutting on node 2
Writing Pool: 106 cuts
BBnode 2 (now 4) can be pruned: upperbound 969.00 (0.03 seconds)

Task 3: Exit
Optimal Solution: 969.00
Number of bbnodes: 3
Total Running Time: 0.35 (seconds)  Branching Time: 0.11 (seconds)

Standard Error:
