Standard Output:
./concorde -o /home/chongjiu/concorde_uncomplete_graph/x10/seg/solution/random112.sol /home/chongjiu/concorde_uncomplete_graph/x10/seg/mat/random112.tsp
Host: ubuntu  Current process id: 3476122
Using random seed 1735574223
Problem Name: random112
Problem Type: TSP
Number of Nodes: 112
Explicit Lengths (CC_MATRIXNORM)
Set initial upperbound to 837 (from tour)
  LP Value  1: 813.833333  (0.01 seconds)
  LP Value  2: 828.666667  (0.03 seconds)
  LP Value  3: 837.000000  (0.04 seconds)
New lower bound: 837.000000
Final lower bound 837.000000, upper bound 837.000000
Exact lower bound: 837.000000
DIFF: 0.000000
Final LP has 161 rows, 344 columns, 3381 nonzeros
Optimal Solution: 837.00
Number of bbnodes: 1
Total Running Time: 0.09 (seconds)

Standard Error:
