Standard Output:
./concorde -o /home/chongjiu/concorde_uncomplete_graph/x10/seg/solution/random66.sol /home/chongjiu/concorde_uncomplete_graph/x10/seg/mat/random66.tsp
Host: ubuntu  Current process id: 3475972
Using random seed 1735574216
Problem Name: random66
Problem Type: TSP
Number of Nodes: 66
Explicit Lengths (CC_MATRIXNORM)
Set initial upperbound to 603 (from tour)
  LP Value  1: 557.500000  (0.00 seconds)
  LP Value  2: 590.500000  (0.01 seconds)
  LP Value  3: 603.000000  (0.01 seconds)
New lower bound: 603.000000
Final lower bound 603.000000, upper bound 603.000000
Exact lower bound: 603.000000
DIFF: 0.000000
Final LP has 90 rows, 181 columns, 600 nonzeros
Optimal Solution: 603.00
Number of bbnodes: 1
Total Running Time: 0.03 (seconds)

Standard Error:
