Standard Output:
./concorde -o /home/chongjiu/concorde_uncomplete_graph/x10/seg/solution/random188.sol /home/chongjiu/concorde_uncomplete_graph/x10/seg/mat/random188.tsp
Host: ubuntu  Current process id: 3476566
Using random seed 1735574258
Problem Name: random188
Problem Type: TSP
Number of Nodes: 188
Explicit Lengths (CC_MATRIXNORM)
Set initial upperbound to 1054 (from tour)
  LP Value  1: 1004.750000  (0.00 seconds)
  LP Value  2: 1040.750000  (0.01 seconds)
  LP Value  3: 1046.000000  (0.01 seconds)
recomputing rownorms ...
  LP Value  4: 1046.000000  (0.01 seconds)
New lower bound: 1046.000000
New upperbound from x-heuristic: 1046.00
Final lower bound 1046.000000, upper bound 1046.000000
Exact lower bound: 1046.000000
DIFF: 0.000000
Final LP has 244 rows, 518 columns, 1655 nonzeros
Optimal Solution: 1046.00
Number of bbnodes: 1
Total Running Time: 0.11 (seconds)

Standard Error:
