Standard Output:
./concorde -o /home/chongjiu/concorde_uncomplete_graph/x10/seg/solution/random65.sol /home/chongjiu/concorde_uncomplete_graph/x10/seg/mat/random65.tsp
Host: ubuntu  Current process id: 3475970
Using random seed 1735574216
Problem Name: random65
Problem Type: TSP
Number of Nodes: 65
Explicit Lengths (CC_MATRIXNORM)
Set initial upperbound to 624 (from tour)
  LP Value  1: 599.500000  (0.00 seconds)
  LP Value  2: 620.000000  (0.01 seconds)
  LP Value  3: 624.000000  (0.01 seconds)
New lower bound: 624.000000
Final lower bound 624.000000, upper bound 624.000000
Exact lower bound: 624.000000
DIFF: 0.000000
Final LP has 86 rows, 152 columns, 466 nonzeros
Optimal Solution: 624.00
Number of bbnodes: 1
Total Running Time: 0.03 (seconds)

Standard Error:
