Standard Output:
./concorde -o /home/chongjiu/concorde_uncomplete_graph/x10/seg/solution/random161.sol /home/chongjiu/concorde_uncomplete_graph/x10/seg/mat/random161.tsp
Host: ubuntu  Current process id: 3476382
Using random seed 1735574244
Problem Name: random161
Problem Type: TSP
Number of Nodes: 161
Explicit Lengths (CC_MATRIXNORM)
Set initial upperbound to 942 (from tour)
  LP Value  1: 900.000000  (0.01 seconds)
  LP Value  2: 932.833333  (0.03 seconds)
  LP Value  3: 935.750000  (0.05 seconds)
  LP Value  4: 939.000000  (0.08 seconds)
  LP Value  5: 939.550000  (0.12 seconds)
  LP Value  6: 940.255952  (0.14 seconds)
  LP Value  7: 940.733333  (0.18 seconds)
  LP Value  8: 941.000000  (0.19 seconds)
recomputing rownorms ...
  LP Value  9: 941.000000  (0.19 seconds)
New lower bound: 941.000000
New upperbound from x-heuristic: 941.00
Final lower bound 941.000000, upper bound 941.000000
Exact lower bound: 941.000000
DIFF: 0.000000
Final LP has 269 rows, 458 columns, 2844 nonzeros
Optimal Solution: 941.00
Number of bbnodes: 1
Total Running Time: 0.30 (seconds)

Standard Error:
