Standard Output:
./concorde -o /home/chongjiu/concorde_uncomplete_graph/x10/seg/solution/random143.sol /home/chongjiu/concorde_uncomplete_graph/x10/seg/mat/random143.tsp
Host: ubuntu  Current process id: 3476294
Using random seed 1735574237
Problem Name: random143
Problem Type: TSP
Number of Nodes: 143
Explicit Lengths (CC_MATRIXNORM)
Set initial upperbound to 912 (from tour)
  LP Value  1: 869.500000  (0.01 seconds)
  LP Value  2: 899.000000  (0.02 seconds)
  LP Value  3: 904.363636  (0.05 seconds)
  LP Value  4: 906.298077  (0.09 seconds)
  LP Value  5: 906.982456  (0.11 seconds)
  LP Value  6: 907.000000  (0.11 seconds)
New lower bound: 907.000000
New upperbound from x-heuristic: 907.00
Final lower bound 907.000000, upper bound 907.000000
Exact lower bound: 907.000000
DIFF: 0.000000
Final LP has 227 rows, 425 columns, 2567 nonzeros
Optimal Solution: 907.00
Number of bbnodes: 1
Total Running Time: 0.20 (seconds)

Standard Error:
