Standard Output:
./concorde -o /home/chongjiu/concorde_uncomplete_graph/x10/seg/solution/random87.sol /home/chongjiu/concorde_uncomplete_graph/x10/seg/mat/random87.tsp
Host: ubuntu  Current process id: 3476029
Using random seed 1735574217
Problem Name: random87
Problem Type: TSP
Number of Nodes: 87
Explicit Lengths (CC_MATRIXNORM)
Set initial upperbound to 736 (from tour)
  LP Value  1: 669.250000  (0.00 seconds)
  LP Value  2: 732.875000  (0.01 seconds)
  LP Value  3: 735.872093  (0.02 seconds)
  LP Value  4: 736.000000  (0.02 seconds)
recomputing rownorms ...
  LP Value  5: 736.000000  (0.02 seconds)
New lower bound: 736.000000
Final lower bound 736.000000, upper bound 736.000000
Exact lower bound: 736.000000
DIFF: 0.000000
Final LP has 128 rows, 243 columns, 1039 nonzeros
Optimal Solution: 736.00
Number of bbnodes: 1
Total Running Time: 0.06 (seconds)

Standard Error:
