Standard Output:
./concorde -o /home/chongjiu/concorde_uncomplete_graph/x10/seg/solution/random158.sol /home/chongjiu/concorde_uncomplete_graph/x10/seg/mat/random158.tsp
Host: ubuntu  Current process id: 3476367
Using random seed 1735574243
Problem Name: random158
Problem Type: TSP
Number of Nodes: 158
Explicit Lengths (CC_MATRIXNORM)
Set initial upperbound to 895 (from tour)
  LP Value  1: 851.500000  (0.01 seconds)
  LP Value  2: 883.583333  (0.03 seconds)
  LP Value  3: 890.809351  (0.07 seconds)
  LP Value  4: 892.500000  (0.10 seconds)
  LP Value  5: 892.750000  (0.12 seconds)
  LP Value  6: 893.000000  (0.14 seconds)
  LP Value  7: 893.607558  (0.17 seconds)
  LP Value  8: 893.807692  (0.20 seconds)
  LP Value  9: 893.937339  (0.22 seconds)
  LP Value 10: 894.000000  (0.25 seconds)
  LP Value 11: 894.000000  (0.41 seconds)
  LP Value 12: 894.333333  (0.43 seconds)
  LP Value 13: 894.500000  (0.49 seconds)
  LP Value 14: 894.500000  (0.54 seconds)
New lower bound: 894.500000
Final lower bound 894.500000, upper bound 895.000000
Exact lower bound: 894.500000
DIFF: 0.000000
Final LP has 271 rows, 458 columns, 3843 nonzeros
Optimal Solution: 895.00
Number of bbnodes: 1
Total Running Time: 0.63 (seconds)

Standard Error:
