Standard Output:
./concorde -o /home/chongjiu/concorde_uncomplete_graph/x10/seg/solution/random191.sol /home/chongjiu/concorde_uncomplete_graph/x10/seg/mat/random191.tsp
Host: ubuntu  Current process id: 3476572
Using random seed 1735574259
Problem Name: random191
Problem Type: TSP
Number of Nodes: 191
Explicit Lengths (CC_MATRIXNORM)
Set initial upperbound to 1051 (from tour)
  LP Value  1: 1017.125000  (0.01 seconds)
  LP Value  2: 1036.593750  (0.06 seconds)
  LP Value  3: 1044.000000  (0.11 seconds)
  LP Value  4: 1044.833333  (0.13 seconds)
  LP Value  5: 1046.441176  (0.16 seconds)
  LP Value  6: 1046.992424  (0.20 seconds)
  LP Value  7: 1047.597222  (0.23 seconds)
  LP Value  8: 1048.012944  (0.28 seconds)
  LP Value  9: 1048.282609  (0.47 seconds)
  LP Value 10: 1048.500701  (0.60 seconds)
  LP Value 11: 1048.528814  (0.70 seconds)
New lower bound: 1048.528814
Final lower bound 1048.528814, upper bound 1051.000000
Exact lower bound: 1048.528814
DIFF: 0.000000
Time for Total: 0.72 seconds (0.72 total in 1 calls)
Final LP has 304 rows, 443 columns, 5223 nonzeros
LOWER BOUND: 1048.528814   ACTIVE NODES: 1

Task 0: Branching on node 0
BBnode 0 split into 1 (1050.49X) 2 (1048.97) (0.13 seconds)
Child 0 is pruned
LOWER BOUND: 1048.973161   ACTIVE NODES: 1

Task 1: Cutting on node 2
New upperbound from x-heuristic: 1049.00
TOUR FOUND - upperbound is 1049.00
Writing Pool: 250 cuts
BBnode 2 (now 3) can be pruned: upperbound 1049.00 (0.08 seconds)

Task 2: Exit
Optimal Solution: 1049.00
Number of bbnodes: 3
Total Running Time: 1.05 (seconds)  Branching Time: 0.21 (seconds)

Standard Error:
