Standard Output:
./concorde -o /home/chongjiu/concorde_uncomplete_graph/x10/seg/solution/random134.sol /home/chongjiu/concorde_uncomplete_graph/x10/seg/mat/random134.tsp
Host: ubuntu  Current process id: 3476241
Using random seed 1735574232
Problem Name: random134
Problem Type: TSP
Number of Nodes: 134
Explicit Lengths (CC_MATRIXNORM)
Set initial upperbound to 882 (from tour)
  LP Value  1: 861.000000  (0.01 seconds)
  LP Value  2: 875.500000  (0.03 seconds)
  LP Value  3: 879.000000  (0.06 seconds)
  LP Value  4: 879.000000  (0.07 seconds)
New lower bound: 879.000000
New upperbound from x-heuristic: 879.00
Final lower bound 879.000000, upper bound 879.000000
Exact lower bound: 879.000000
DIFF: 0.000000
Final LP has 203 rows, 363 columns, 1778 nonzeros
Optimal Solution: 879.00
Number of bbnodes: 1
Total Running Time: 0.15 (seconds)

Standard Error:
