Standard Output:
./concorde -o /home/chongjiu/concorde_uncomplete_graph/x10/seg/solution/random107.sol /home/chongjiu/concorde_uncomplete_graph/x10/seg/mat/random107.tsp
Host: ubuntu  Current process id: 3476107
Using random seed 1735574221
Problem Name: random107
Problem Type: TSP
Number of Nodes: 107
Explicit Lengths (CC_MATRIXNORM)
Set initial upperbound to 805 (from tour)
  LP Value  1: 784.500000  (0.01 seconds)
  LP Value  2: 797.500000  (0.02 seconds)
  LP Value  3: 800.750000  (0.03 seconds)
  LP Value  4: 802.250000  (0.05 seconds)
  LP Value  5: 802.583333  (0.06 seconds)
  LP Value  6: 803.166667  (0.07 seconds)
  LP Value  7: 804.250000  (0.08 seconds)
  LP Value  8: 804.666667  (0.09 seconds)
  LP Value  9: 805.000000  (0.10 seconds)
recomputing rownorms ...
  LP Value 10: 805.000000  (0.10 seconds)
New lower bound: 805.000000
Final lower bound 805.000000, upper bound 805.000000
Exact lower bound: 805.000000
DIFF: 0.000000
Final LP has 181 rows, 281 columns, 1608 nonzeros
Optimal Solution: 805.00
Number of bbnodes: 1
Total Running Time: 0.15 (seconds)

Standard Error:
