Standard Output:
./concorde -o /home/chongjiu/concorde_uncomplete_graph/x10/seg/solution/random135.sol /home/chongjiu/concorde_uncomplete_graph/x10/seg/mat/random135.tsp
Host: ubuntu  Current process id: 3476243
Using random seed 1735574232
Problem Name: random135
Problem Type: TSP
Number of Nodes: 135
Explicit Lengths (CC_MATRIXNORM)
Set initial upperbound to 880 (from tour)
  LP Value  1: 813.000000  (0.01 seconds)
  LP Value  2: 869.000000  (0.03 seconds)
  LP Value  3: 871.500000  (0.04 seconds)
  LP Value  4: 876.833333  (0.06 seconds)
  LP Value  5: 878.000000  (0.09 seconds)
  LP Value  6: 878.186047  (0.13 seconds)
  LP Value  7: 878.661449  (0.17 seconds)
  LP Value  8: 879.000000  (0.58 seconds)
recomputing rownorms ...
  LP Value  9: 879.000000  (0.58 seconds)
New lower bound: 879.000000
New upperbound from x-heuristic: 879.00
Final lower bound 879.000000, upper bound 879.000000
Exact lower bound: 879.000000
DIFF: 0.000000
Final LP has 242 rows, 417 columns, 3885 nonzeros
Optimal Solution: 879.00
Number of bbnodes: 1
Total Running Time: 0.65 (seconds)

Standard Error:
