Standard Output:
./concorde -o /home/chongjiu/concorde_uncomplete_graph/x10/seg/solution/random160.sol /home/chongjiu/concorde_uncomplete_graph/x10/seg/mat/random160.tsp
Host: ubuntu  Current process id: 3476380
Using random seed 1735574243
Problem Name: random160
Problem Type: TSP
Number of Nodes: 160
Explicit Lengths (CC_MATRIXNORM)
Set initial upperbound to 963 (from tour)
  LP Value  1: 938.000000  (0.01 seconds)
  LP Value  2: 961.000000  (0.01 seconds)
  LP Value  3: 962.159420  (0.03 seconds)
  LP Value  4: 962.500000  (0.05 seconds)
  LP Value  5: 963.000000  (0.06 seconds)
New lower bound: 963.000000
Final lower bound 963.000000, upper bound 963.000000
Exact lower bound: 963.000000
DIFF: 0.000000
Final LP has 233 rows, 364 columns, 2329 nonzeros
Optimal Solution: 963.00
Number of bbnodes: 1
Total Running Time: 0.15 (seconds)

Standard Error:
