Standard Output:
./concorde -o /home/chongjiu/concorde_uncomplete_graph/x10/seg/solution/random52.sol /home/chongjiu/concorde_uncomplete_graph/x10/seg/mat/random52.tsp
Host: ubuntu  Current process id: 3475941
Using random seed 1735574215
Problem Name: random52
Problem Type: TSP
Number of Nodes: 52
Explicit Lengths (CC_MATRIXNORM)
Set initial upperbound to 604 (from tour)
  LP Value  1: 571.000000  (0.00 seconds)
  LP Value  2: 589.000000  (0.01 seconds)
  LP Value  3: 600.954545  (0.02 seconds)
  LP Value  4: 602.818182  (0.03 seconds)
  LP Value  5: 603.000000  (0.03 seconds)
recomputing rownorms ...
  LP Value  6: 603.000000  (0.04 seconds)
New lower bound: 603.000000
Final lower bound 603.000000, upper bound 604.000000
Exact lower bound: 603.000000
DIFF: 0.000000
Time for Total: 0.04 seconds (0.04 total in 1 calls)
Final LP has 104 rows, 100 columns, 1261 nonzeros
LOWER BOUND: 603.000000   ACTIVE NODES: 1

Task 0: Branching on node 0
BBnode 0 split into 1 (606.00X) 2 (604.00X) (0.01 seconds)
Child 0 is pruned
Child 1 is pruned

Task 1: Exit
Optimal Solution: 604.00
Number of bbnodes: 3
Total Running Time: 0.08 (seconds)  Branching Time: 0.01 (seconds)

Standard Error:
