Standard Output:
./concorde -o /home/chongjiu/concorde_uncomplete_graph/x10/seg/solution/random144.sol /home/chongjiu/concorde_uncomplete_graph/x10/seg/mat/random144.tsp
Host: ubuntu  Current process id: 3476297
Using random seed 1735574237
Problem Name: random144
Problem Type: TSP
Number of Nodes: 144
Explicit Lengths (CC_MATRIXNORM)
Set initial upperbound to 914 (from tour)
  LP Value  1: 879.000000  (0.01 seconds)
  LP Value  2: 909.625000  (0.02 seconds)
  LP Value  3: 914.000000  (0.04 seconds)
New lower bound: 914.000000
Final lower bound 914.000000, upper bound 914.000000
Exact lower bound: 914.000000
DIFF: 0.000000
Final LP has 213 rows, 418 columns, 2931 nonzeros
Optimal Solution: 914.00
Number of bbnodes: 1
Total Running Time: 0.11 (seconds)

Standard Error:
