Standard Output:
./concorde -o /home/chongjiu/concorde_uncomplete_graph/x10/seg/solution/random142.sol /home/chongjiu/concorde_uncomplete_graph/x10/seg/mat/random142.tsp
Host: ubuntu  Current process id: 3476292
Using random seed 1735574236
Problem Name: random142
Problem Type: TSP
Number of Nodes: 142
Explicit Lengths (CC_MATRIXNORM)
Set initial upperbound to 910 (from tour)
  LP Value  1: 861.500000  (0.01 seconds)
  LP Value  2: 899.000000  (0.03 seconds)
  LP Value  3: 901.662162  (0.04 seconds)
  LP Value  4: 907.090909  (0.07 seconds)
  LP Value  5: 908.795455  (0.10 seconds)
  LP Value  6: 909.384615  (0.12 seconds)
  LP Value  7: 909.687500  (0.16 seconds)
  LP Value  8: 909.888889  (0.19 seconds)
  LP Value  9: 910.000000  (0.23 seconds)
recomputing rownorms ...
  LP Value 10: 910.000000  (0.23 seconds)
New lower bound: 910.000000
Final lower bound 910.000000, upper bound 910.000000
Exact lower bound: 910.000000
DIFF: 0.000000
Final LP has 270 rows, 403 columns, 4101 nonzeros
Optimal Solution: 910.00
Number of bbnodes: 1
Total Running Time: 0.30 (seconds)

Standard Error:
