Standard Output:
./concorde -o /home/chongjiu/concorde_uncomplete_graph/x10/seg/solution/random177.sol /home/chongjiu/concorde_uncomplete_graph/x10/seg/mat/random177.tsp
Host: ubuntu  Current process id: 3476498
Using random seed 1735574254
Problem Name: random177
Problem Type: TSP
Number of Nodes: 177
Explicit Lengths (CC_MATRIXNORM)
Set initial upperbound to 1038 (from tour)
  LP Value  1: 1011.000000  (0.01 seconds)
  LP Value  2: 1032.500000  (0.03 seconds)
  LP Value  3: 1035.000000  (0.06 seconds)
  LP Value  4: 1035.333333  (0.09 seconds)
  LP Value  5: 1035.818182  (0.14 seconds)
  LP Value  6: 1036.000000  (0.16 seconds)
recomputing rownorms ...
  LP Value  7: 1036.000000  (0.16 seconds)
New lower bound: 1036.000000
New upperbound from x-heuristic: 1036.00
Final lower bound 1036.000000, upper bound 1036.000000
Exact lower bound: 1036.000000
DIFF: 0.000000
Final LP has 274 rows, 423 columns, 2146 nonzeros
Optimal Solution: 1036.00
Number of bbnodes: 1
Total Running Time: 0.29 (seconds)

Standard Error:
