Standard Output:
./concorde -o /home/chongjiu/concorde_uncomplete_graph/x10/seg/solution/random193.sol /home/chongjiu/concorde_uncomplete_graph/x10/seg/mat/random193.tsp
Host: ubuntu  Current process id: 3476607
Using random seed 1735574262
Problem Name: random193
Problem Type: TSP
Number of Nodes: 193
Explicit Lengths (CC_MATRIXNORM)
Set initial upperbound to 1037 (from tour)
  LP Value  1: 981.000000  (0.01 seconds)
  LP Value  2: 1017.083333  (0.04 seconds)
  LP Value  3: 1027.940559  (0.08 seconds)
  LP Value  4: 1030.707143  (0.12 seconds)
  LP Value  5: 1031.000000  (0.13 seconds)
recomputing rownorms ...
  LP Value  6: 1031.000000  (0.13 seconds)
New lower bound: 1031.000000
New upperbound from x-heuristic: 1031.00
Final lower bound 1031.000000, upper bound 1031.000000
Exact lower bound: 1031.000000
DIFF: 0.000000
Final LP has 295 rows, 514 columns, 2674 nonzeros
Optimal Solution: 1031.00
Number of bbnodes: 1
Total Running Time: 0.24 (seconds)

Standard Error:
