Standard Output:
./concorde -o /home/chongjiu/concorde_uncomplete_graph/x10/seg/solution/random64.sol /home/chongjiu/concorde_uncomplete_graph/x10/seg/mat/random64.tsp
Host: ubuntu  Current process id: 3475968
Using random seed 1735574216
Problem Name: random64
Problem Type: TSP
Number of Nodes: 64
Explicit Lengths (CC_MATRIXNORM)
Set initial upperbound to 676 (from tour)
  LP Value  1: 661.000000  (0.01 seconds)
  LP Value  2: 675.000000  (0.01 seconds)
  LP Value  3: 676.000000  (0.01 seconds)
New lower bound: 676.000000
Final lower bound 676.000000, upper bound 676.000000
Exact lower bound: 676.000000
DIFF: 0.000000
Final LP has 86 rows, 192 columns, 702 nonzeros
Optimal Solution: 676.00
Number of bbnodes: 1
Total Running Time: 0.04 (seconds)

Standard Error:
