Standard Output:
./concorde -o /home/chongjiu/concorde_uncomplete_graph/x10/seg/solution/random60.sol /home/chongjiu/concorde_uncomplete_graph/x10/seg/mat/random60.tsp
Host: ubuntu  Current process id: 3475960
Using random seed 1735574216
Problem Name: random60
Problem Type: TSP
Number of Nodes: 60
Explicit Lengths (CC_MATRIXNORM)
Set initial upperbound to 620 (from tour)
  LP Value  1: 584.000000  (0.00 seconds)
  LP Value  2: 615.000000  (0.00 seconds)
  LP Value  3: 619.833333  (0.01 seconds)
  LP Value  4: 620.000000  (0.01 seconds)
recomputing rownorms ...
  LP Value  5: 620.000000  (0.01 seconds)
New lower bound: 620.000000
Final lower bound 620.000000, upper bound 620.000000
Exact lower bound: 620.000000
DIFF: 0.000000
Final LP has 86 rows, 202 columns, 930 nonzeros
Optimal Solution: 620.00
Number of bbnodes: 1
Total Running Time: 0.02 (seconds)

Standard Error:
