Standard Output:
./concorde -o /home/chongjiu/concorde_uncomplete_graph/x10/seg/solution/random45.sol /home/chongjiu/concorde_uncomplete_graph/x10/seg/mat/random45.tsp
Host: ubuntu  Current process id: 3475927
Using random seed 1735574215
Problem Name: random45
Problem Type: TSP
Number of Nodes: 45
Explicit Lengths (CC_MATRIXNORM)
Set initial upperbound to 526 (from tour)
  LP Value  1: 512.000000  (0.00 seconds)
  LP Value  2: 526.000000  (0.00 seconds)
New lower bound: 526.000000
Final lower bound 526.000000, upper bound 526.000000
Exact lower bound: 526.000000
DIFF: 0.000000
Final LP has 58 rows, 130 columns, 469 nonzeros
Optimal Solution: 526.00
Number of bbnodes: 1
Total Running Time: 0.02 (seconds)

Standard Error:
