Standard Output:
./concorde -o /home/chongjiu/concorde_uncomplete_graph/x10/seg/solution/random106.sol /home/chongjiu/concorde_uncomplete_graph/x10/seg/mat/random106.tsp
Host: ubuntu  Current process id: 3476099
Using random seed 1735574221
Problem Name: random106
Problem Type: TSP
Number of Nodes: 106
Explicit Lengths (CC_MATRIXNORM)
Set initial upperbound to 781 (from tour)
  LP Value  1: 749.750000  (0.00 seconds)
  LP Value  2: 772.800000  (0.01 seconds)
  LP Value  3: 777.000000  (0.03 seconds)
  LP Value  4: 779.000000  (0.04 seconds)
  LP Value  5: 780.500000  (0.06 seconds)
  LP Value  6: 781.000000  (0.07 seconds)
recomputing rownorms ...
  LP Value  7: 781.000000  (0.07 seconds)
New lower bound: 781.000000
Final lower bound 781.000000, upper bound 781.000000
Exact lower bound: 781.000000
DIFF: 0.000000
Final LP has 173 rows, 309 columns, 1842 nonzeros
Optimal Solution: 781.00
Number of bbnodes: 1
Total Running Time: 0.12 (seconds)

Standard Error:
