Standard Output:
./concorde -o /home/chongjiu/concorde_uncomplete_graph/x10/seg/solution/random40.sol /home/chongjiu/concorde_uncomplete_graph/x10/seg/mat/random40.tsp
Host: ubuntu  Current process id: 3475917
Using random seed 1735574215
Problem Name: random40
Problem Type: TSP
Number of Nodes: 40
Explicit Lengths (CC_MATRIXNORM)
Set initial upperbound to 531 (from tour)
  LP Value  1: 492.500000  (0.00 seconds)
  LP Value  2: 529.000000  (0.00 seconds)
  LP Value  3: 529.500000  (0.00 seconds)
  LP Value  4: 531.000000  (0.01 seconds)
New lower bound: 531.000000
Final lower bound 531.000000, upper bound 531.000000
Exact lower bound: 531.000000
DIFF: 0.000000
Final LP has 54 rows, 109 columns, 370 nonzeros
Optimal Solution: 531.00
Number of bbnodes: 1
Total Running Time: 0.02 (seconds)

Standard Error:
