Standard Output:
./concorde -o /home/chongjiu/concorde_uncomplete_graph/x10/seg/solution/random103.sol /home/chongjiu/concorde_uncomplete_graph/x10/seg/mat/random103.tsp
Host: ubuntu  Current process id: 3476085
Using random seed 1735574221
Problem Name: random103
Problem Type: TSP
Number of Nodes: 103
Explicit Lengths (CC_MATRIXNORM)
Set initial upperbound to 784 (from tour)
  LP Value  1: 740.500000  (0.00 seconds)
  LP Value  2: 768.000000  (0.01 seconds)
  LP Value  3: 774.000000  (0.02 seconds)
  LP Value  4: 777.500000  (0.04 seconds)
  LP Value  5: 778.641509  (0.06 seconds)
  LP Value  6: 780.247368  (0.09 seconds)
  LP Value  7: 780.632075  (0.12 seconds)
  LP Value  8: 781.125000  (0.14 seconds)
  LP Value  9: 781.600000  (0.19 seconds)
  LP Value 10: 782.000000  (0.22 seconds)
  LP Value 11: 782.000000  (0.23 seconds)
New lower bound: 782.000000
New upperbound from x-heuristic: 782.00
Final lower bound 782.000000, upper bound 782.000000
Exact lower bound: 782.000000
DIFF: 0.000000
Final LP has 202 rows, 311 columns, 3097 nonzeros
Optimal Solution: 782.00
Number of bbnodes: 1
Total Running Time: 0.30 (seconds)

Standard Error:
