Standard Output:
./concorde -o /home/chongjiu/concorde_uncomplete_graph/x10/seg/solution/random49.sol /home/chongjiu/concorde_uncomplete_graph/x10/seg/mat/random49.tsp
Host: ubuntu  Current process id: 3475935
Using random seed 1735574215
Problem Name: random49
Problem Type: TSP
Number of Nodes: 49
Explicit Lengths (CC_MATRIXNORM)
Set initial upperbound to 584 (from tour)
  LP Value  1: 567.000000  (0.00 seconds)
  LP Value  2: 579.000000  (0.01 seconds)
  LP Value  3: 584.000000  (0.01 seconds)
New lower bound: 584.000000
Final lower bound 584.000000, upper bound 584.000000
Exact lower bound: 584.000000
DIFF: 0.000000
Final LP has 81 rows, 129 columns, 974 nonzeros
Optimal Solution: 584.00
Number of bbnodes: 1
Total Running Time: 0.03 (seconds)

Standard Error:
