Standard Output:
./concorde -o /home/chongjiu/concorde_uncomplete_graph/x10/seg/solution/random42.sol /home/chongjiu/concorde_uncomplete_graph/x10/seg/mat/random42.tsp
Host: ubuntu  Current process id: 3475921
Using random seed 1735574215
Problem Name: random42
Problem Type: TSP
Number of Nodes: 42
Explicit Lengths (CC_MATRIXNORM)
Set initial upperbound to 498 (from tour)
  LP Value  1: 448.500000  (0.00 seconds)
  LP Value  2: 498.000000  (0.00 seconds)
New lower bound: 498.000000
Final lower bound 498.000000, upper bound 498.000000
Exact lower bound: 498.000000
DIFF: 0.000000
Final LP has 61 rows, 112 columns, 609 nonzeros
Optimal Solution: 498.00
Number of bbnodes: 1
Total Running Time: 0.02 (seconds)

Standard Error:
