Standard Output:
./concorde -o /home/chongjiu/concorde_uncomplete_graph/x10/seg/solution/random91.sol /home/chongjiu/concorde_uncomplete_graph/x10/seg/mat/random91.tsp
Host: ubuntu  Current process id: 3476037
Using random seed 1735574218
Problem Name: random91
Problem Type: TSP
Number of Nodes: 91
Explicit Lengths (CC_MATRIXNORM)
Set initial upperbound to 724 (from tour)
  LP Value  1: 695.000000  (0.00 seconds)
  LP Value  2: 711.583333  (0.01 seconds)
  LP Value  3: 722.500000  (0.02 seconds)
  LP Value  4: 723.000000  (0.03 seconds)
  LP Value  5: 724.000000  (0.03 seconds)
New lower bound: 724.000000
Final lower bound 724.000000, upper bound 724.000000
Exact lower bound: 724.000000
DIFF: 0.000000
Final LP has 137 rows, 230 columns, 1503 nonzeros
Optimal Solution: 724.00
Number of bbnodes: 1
Total Running Time: 0.07 (seconds)

Standard Error:
