Standard Output:
./concorde -o /home/chongjiu/concorde_uncomplete_graph/x10/seg/solution/random192.sol /home/chongjiu/concorde_uncomplete_graph/x10/seg/mat/random192.tsp
Host: ubuntu  Current process id: 3476580
Using random seed 1735574260
Problem Name: random192
Problem Type: TSP
Number of Nodes: 192
Explicit Lengths (CC_MATRIXNORM)
Set initial upperbound to 1061 (from tour)
  LP Value  1: 1023.500000  (0.02 seconds)
  LP Value  2: 1046.500000  (0.04 seconds)
  LP Value  3: 1054.609473  (0.08 seconds)
  LP Value  4: 1056.750000  (0.14 seconds)
  LP Value  5: 1057.370902  (0.18 seconds)
  LP Value  6: 1057.857143  (0.20 seconds)
  LP Value  7: 1058.285714  (0.27 seconds)
  LP Value  8: 1058.571429  (0.32 seconds)
  LP Value  9: 1058.851852  (0.37 seconds)
  LP Value 10: 1059.000000  (0.41 seconds)
  LP Value 11: 1059.421053  (0.43 seconds)
  LP Value 12: 1059.678571  (0.59 seconds)
  LP Value 13: 1059.750000  (0.85 seconds)
  LP Value 14: 1059.818824  (1.09 seconds)
  LP Value 15: 1059.881029  (1.24 seconds)
  LP Value 16: 1059.888889  (1.39 seconds)
New lower bound: 1059.876068
Final lower bound 1059.876068, upper bound 1061.000000
Exact lower bound: 1059.876068
DIFF: 0.000000
Time for Total: 1.41 seconds (1.41 total in 1 calls)
Final LP has 338 rows, 392 columns, 4587 nonzeros
LOWER BOUND: 1059.876068   ACTIVE NODES: 1

Task 0: Branching on node 0
BBnode 0 split into 1 (1060.00) 2 (1061.00X) (0.13 seconds)
Child 1 is pruned
LOWER BOUND: 1060.000000   ACTIVE NODES: 1

Task 1: Cutting on node 1
Writing Pool: 358 cuts
BBnode 1 (now 3) can be pruned: upperbound 1061.00 (0.12 seconds)

Task 2: Exit
Optimal Solution: 1061.00
Number of bbnodes: 3
Total Running Time: 1.77 (seconds)  Branching Time: 0.26 (seconds)

Standard Error:
