Standard Output:
./concorde -o /home/chongjiu/concorde_uncomplete_graph/x10/seg/solution/random69.sol /home/chongjiu/concorde_uncomplete_graph/x10/seg/mat/random69.tsp
Host: ubuntu  Current process id: 3475978
Using random seed 1735574216
Problem Name: random69
Problem Type: TSP
Number of Nodes: 69
Explicit Lengths (CC_MATRIXNORM)
Set initial upperbound to 613 (from tour)
  LP Value  1: 582.500000  (0.00 seconds)
  LP Value  2: 608.807692  (0.01 seconds)
  LP Value  3: 613.000000  (0.01 seconds)
New lower bound: 613.000000
Final lower bound 613.000000, upper bound 613.000000
Exact lower bound: 613.000000
DIFF: 0.000000
Final LP has 93 rows, 201 columns, 1313 nonzeros
Optimal Solution: 613.00
Number of bbnodes: 1
Total Running Time: 0.03 (seconds)

Standard Error:
