Standard Output:
./concorde -o /home/chongjiu/concorde_uncomplete_graph/x10/seg/solution/random159.sol /home/chongjiu/concorde_uncomplete_graph/x10/seg/mat/random159.tsp
Host: ubuntu  Current process id: 3476378
Using random seed 1735574243
Problem Name: random159
Problem Type: TSP
Number of Nodes: 159
Explicit Lengths (CC_MATRIXNORM)
Set initial upperbound to 952 (from tour)
  LP Value  1: 910.500000  (0.01 seconds)
  LP Value  2: 939.500000  (0.04 seconds)
  LP Value  3: 950.650000  (0.07 seconds)
  LP Value  4: 951.705882  (0.09 seconds)
  LP Value  5: 951.867647  (0.10 seconds)
  LP Value  6: 952.000000  (0.11 seconds)
recomputing rownorms ...
  LP Value  7: 952.000000  (0.11 seconds)
New lower bound: 952.000000
Final lower bound 952.000000, upper bound 952.000000
Exact lower bound: 952.000000
DIFF: 0.000000
Final LP has 233 rows, 411 columns, 2058 nonzeros
Optimal Solution: 952.00
Number of bbnodes: 1
Total Running Time: 0.21 (seconds)

Standard Error:
