Standard Output:
./concorde -o /home/chongjiu/concorde_uncomplete_graph/x10/seg/solution/random31.sol /home/chongjiu/concorde_uncomplete_graph/x10/seg/mat/random31.tsp
Host: ubuntu  Current process id: 3475899
Using random seed 1735574214
Problem Name: random31
Problem Type: TSP
Number of Nodes: 31
Explicit Lengths (CC_MATRIXNORM)
Set initial upperbound to 450 (from tour)
  LP Value  1: 403.500000  (0.00 seconds)
  LP Value  2: 450.000000  (0.00 seconds)
New lower bound: 450.000000
Final lower bound 450.000000, upper bound 450.000000
Exact lower bound: 450.000000
DIFF: 0.000000
Final LP has 41 rows, 94 columns, 348 nonzeros
Optimal Solution: 450.00
Number of bbnodes: 1
Total Running Time: 0.01 (seconds)

Standard Error:
