Standard Output:
./concorde -o /home/chongjiu/concorde_uncomplete_graph/x10/seg/solution/random149.sol /home/chongjiu/concorde_uncomplete_graph/x10/seg/mat/random149.tsp
Host: ubuntu  Current process id: 3476323
Using random seed 1735574239
Problem Name: random149
Problem Type: TSP
Number of Nodes: 149
Explicit Lengths (CC_MATRIXNORM)
Set initial upperbound to 929 (from tour)
  LP Value  1: 899.707071  (0.01 seconds)
  LP Value  2: 923.944444  (0.02 seconds)
  LP Value  3: 928.689189  (0.04 seconds)
  LP Value  4: 929.000000  (0.05 seconds)
New lower bound: 929.000000
Final lower bound 929.000000, upper bound 929.000000
Exact lower bound: 929.000000
DIFF: 0.000000
Final LP has 240 rows, 390 columns, 2522 nonzeros
Optimal Solution: 929.00
Number of bbnodes: 1
Total Running Time: 0.13 (seconds)

Standard Error:
