Standard Output:
./concorde -o /home/chongjiu/concorde_uncomplete_graph/x10/seg/solution/random165.sol /home/chongjiu/concorde_uncomplete_graph/x10/seg/mat/random165.tsp
Host: ubuntu  Current process id: 3476430
Using random seed 1735574248
Problem Name: random165
Problem Type: TSP
Number of Nodes: 165
Explicit Lengths (CC_MATRIXNORM)
Set initial upperbound to 954 (from tour)
  LP Value  1: 928.000000  (0.01 seconds)
  LP Value  2: 951.264423  (0.04 seconds)
  LP Value  3: 953.305556  (0.06 seconds)
  LP Value  4: 954.000000  (0.08 seconds)
New lower bound: 954.000000
Final lower bound 954.000000, upper bound 954.000000
Exact lower bound: 954.000000
DIFF: 0.000000
Final LP has 264 rows, 421 columns, 3245 nonzeros
Optimal Solution: 954.00
Number of bbnodes: 1
Total Running Time: 0.18 (seconds)

Standard Error:
