Standard Output:
./concorde -o /home/chongjiu/concorde_uncomplete_graph/x10/seg/solution/random200.sol /home/chongjiu/concorde_uncomplete_graph/x10/seg/mat/random200.tsp
Host: ubuntu  Current process id: 3476667
Using random seed 1735574270
Problem Name: random200
Problem Type: TSP
Number of Nodes: 200
Explicit Lengths (CC_MATRIXNORM)
Set initial upperbound to 1054 (from tour)
  LP Value  1: 1026.500000  (0.00 seconds)
  LP Value  2: 1043.850000  (0.02 seconds)
  LP Value  3: 1050.000000  (0.04 seconds)
  LP Value  4: 1050.000000  (0.06 seconds)
  LP Value  5: 1051.555556  (0.10 seconds)
  LP Value  6: 1052.272727  (0.14 seconds)
  LP Value  7: 1052.865399  (0.18 seconds)
  LP Value  8: 1053.290788  (0.26 seconds)
  LP Value  9: 1053.623531  (0.40 seconds)
  LP Value 10: 1053.747033  (0.57 seconds)
  LP Value 11: 1053.900000  (0.64 seconds)
  LP Value 12: 1054.000000  (0.74 seconds)
New lower bound: 1054.000000
Final lower bound 1054.000000, upper bound 1054.000000
Exact lower bound: 1054.000000
DIFF: 0.000000
Final LP has 351 rows, 555 columns, 5391 nonzeros
Optimal Solution: 1054.00
Number of bbnodes: 1
Total Running Time: 0.86 (seconds)

Standard Error:
