Standard Output:
./concorde -o /home/chongjiu/concorde_uncomplete_graph/x10/seg/solution/random195.sol /home/chongjiu/concorde_uncomplete_graph/x10/seg/mat/random195.tsp
Host: ubuntu  Current process id: 3476611
Using random seed 1735574263
Problem Name: random195
Problem Type: TSP
Number of Nodes: 195
Explicit Lengths (CC_MATRIXNORM)
Set initial upperbound to 1069 (from tour)
  LP Value  1: 1037.250000  (0.01 seconds)
  LP Value  2: 1058.500000  (0.02 seconds)
  LP Value  3: 1065.696970  (0.05 seconds)
  LP Value  4: 1066.880298  (0.09 seconds)
  LP Value  5: 1068.183333  (0.13 seconds)
  LP Value  6: 1068.594000  (0.16 seconds)
  LP Value  7: 1068.927536  (0.21 seconds)
  LP Value  8: 1069.000000  (0.22 seconds)
New lower bound: 1069.000000
Final lower bound 1069.000000, upper bound 1069.000000
Exact lower bound: 1069.000000
DIFF: 0.000000
Final LP has 304 rows, 525 columns, 3427 nonzeros
Optimal Solution: 1069.00
Number of bbnodes: 1
Total Running Time: 0.32 (seconds)

Standard Error:
