Standard Output:
./concorde -o /home/chongjiu/concorde_uncomplete_graph/x10/seg/solution/random94.sol /home/chongjiu/concorde_uncomplete_graph/x10/seg/mat/random94.tsp
Host: ubuntu  Current process id: 3476052
Using random seed 1735574218
Problem Name: random94
Problem Type: TSP
Number of Nodes: 94
Explicit Lengths (CC_MATRIXNORM)
Set initial upperbound to 706 (from tour)
  LP Value  1: 684.000000  (0.01 seconds)
  LP Value  2: 701.625000  (0.01 seconds)
  LP Value  3: 704.000000  (0.02 seconds)
  LP Value  4: 706.000000  (0.03 seconds)
New lower bound: 706.000000
Final lower bound 706.000000, upper bound 706.000000
Exact lower bound: 706.000000
DIFF: 0.000000
Final LP has 144 rows, 257 columns, 1946 nonzeros
Optimal Solution: 706.00
Number of bbnodes: 1
Total Running Time: 0.08 (seconds)

Standard Error:
