Standard Output:
./concorde -o /home/chongjiu/concorde_uncomplete_graph/x10/seg/solution/random168.sol /home/chongjiu/concorde_uncomplete_graph/x10/seg/mat/random168.tsp
Host: ubuntu  Current process id: 3476445
Using random seed 1735574249
Problem Name: random168
Problem Type: TSP
Number of Nodes: 168
Explicit Lengths (CC_MATRIXNORM)
Set initial upperbound to 994 (from tour)
  LP Value  1: 955.000000  (0.01 seconds)
  LP Value  2: 986.500000  (0.02 seconds)
  LP Value  3: 990.400000  (0.04 seconds)
  LP Value  4: 992.439356  (0.07 seconds)
  LP Value  5: 993.842520  (0.10 seconds)
  LP Value  6: 994.000000  (0.10 seconds)
recomputing rownorms ...
  LP Value  7: 994.000000  (0.10 seconds)
New lower bound: 994.000000
Final lower bound 994.000000, upper bound 994.000000
Exact lower bound: 994.000000
DIFF: 0.000000
Final LP has 253 rows, 463 columns, 2314 nonzeros
Optimal Solution: 994.00
Number of bbnodes: 1
Total Running Time: 0.20 (seconds)

Standard Error:
