Standard Output:
./concorde -o /home/chongjiu/concorde_uncomplete_graph/x10/seg/solution/random141.sol /home/chongjiu/concorde_uncomplete_graph/x10/seg/mat/random141.tsp
Host: ubuntu  Current process id: 3476274
Using random seed 1735574236
Problem Name: random141
Problem Type: TSP
Number of Nodes: 141
Explicit Lengths (CC_MATRIXNORM)
Set initial upperbound to 927 (from tour)
  LP Value  1: 882.500000  (0.01 seconds)
  LP Value  2: 922.833333  (0.02 seconds)
  LP Value  3: 925.333333  (0.04 seconds)
  LP Value  4: 926.000000  (0.08 seconds)
  LP Value  5: 927.000000  (0.11 seconds)
  LP Value  6: 927.000000  (0.11 seconds)
New lower bound: 927.000000
Final lower bound 927.000000, upper bound 927.000000
Exact lower bound: 927.000000
DIFF: 0.000000
Final LP has 213 rows, 369 columns, 1682 nonzeros
Optimal Solution: 927.00
Number of bbnodes: 1
Total Running Time: 0.19 (seconds)

Standard Error:
