Standard Output:
./concorde -o /home/chongjiu/concorde_uncomplete_graph/x10/seg/solution/random75.sol /home/chongjiu/concorde_uncomplete_graph/x10/seg/mat/random75.tsp
Host: ubuntu  Current process id: 3476000
Using random seed 1735574216
Problem Name: random75
Problem Type: TSP
Number of Nodes: 75
Explicit Lengths (CC_MATRIXNORM)
Set initial upperbound to 685 (from tour)
  LP Value  1: 650.500000  (0.00 seconds)
  LP Value  2: 679.000000  (0.01 seconds)
  LP Value  3: 685.000000  (0.02 seconds)
New lower bound: 685.000000
Final lower bound 685.000000, upper bound 685.000000
Exact lower bound: 685.000000
DIFF: 0.000000
Final LP has 129 rows, 196 columns, 1970 nonzeros
Optimal Solution: 685.00
Number of bbnodes: 1
Total Running Time: 0.05 (seconds)

Standard Error:
