Standard Output:
./concorde -o /home/chongjiu/concorde_uncomplete_graph/x10/seg/solution/random189.sol /home/chongjiu/concorde_uncomplete_graph/x10/seg/mat/random189.tsp
Host: ubuntu  Current process id: 3476568
Using random seed 1735574259
Problem Name: random189
Problem Type: TSP
Number of Nodes: 189
Explicit Lengths (CC_MATRIXNORM)
Set initial upperbound to 1049 (from tour)
  LP Value  1: 992.000000  (0.02 seconds)
  LP Value  2: 1040.500000  (0.04 seconds)
  LP Value  3: 1046.666667  (0.07 seconds)
  LP Value  4: 1047.500000  (0.09 seconds)
  LP Value  5: 1048.500000  (0.12 seconds)
  LP Value  6: 1049.000000  (0.13 seconds)
New lower bound: 1049.000000
Final lower bound 1049.000000, upper bound 1049.000000
Exact lower bound: 1049.000000
DIFF: 0.000000
Final LP has 276 rows, 505 columns, 2299 nonzeros
Optimal Solution: 1049.00
Number of bbnodes: 1
Total Running Time: 0.28 (seconds)

Standard Error:
