Standard Output:
./concorde -o /home/chongjiu/concorde_uncomplete_graph/x10/seg/solution/random151.sol /home/chongjiu/concorde_uncomplete_graph/x10/seg/mat/random151.tsp
Host: ubuntu  Current process id: 3476330
Using random seed 1735574241
Problem Name: random151
Problem Type: TSP
Number of Nodes: 151
Explicit Lengths (CC_MATRIXNORM)
Set initial upperbound to 942 (from tour)
  LP Value  1: 910.500000  (0.01 seconds)
  LP Value  2: 936.269231  (0.03 seconds)
  LP Value  3: 939.000000  (0.07 seconds)
  LP Value  4: 940.000000  (0.10 seconds)
  LP Value  5: 940.827517  (0.12 seconds)
  LP Value  6: 941.195122  (0.15 seconds)
  LP Value  7: 941.655161  (0.19 seconds)
  LP Value  8: 941.980216  (0.23 seconds)
  LP Value  9: 942.000000  (0.23 seconds)
New lower bound: 942.000000
Final lower bound 942.000000, upper bound 942.000000
Exact lower bound: 942.000000
DIFF: 0.000000
Final LP has 256 rows, 387 columns, 2798 nonzeros
Optimal Solution: 942.00
Number of bbnodes: 1
Total Running Time: 0.33 (seconds)

Standard Error:
