Standard Output:
./concorde -o /home/chongjiu/concorde_uncomplete_graph/x10/seg/solution/random104.sol /home/chongjiu/concorde_uncomplete_graph/x10/seg/mat/random104.tsp
Host: ubuntu  Current process id: 3476087
Using random seed 1735574221
Problem Name: random104
Problem Type: TSP
Number of Nodes: 104
Explicit Lengths (CC_MATRIXNORM)
Set initial upperbound to 747 (from tour)
  LP Value  1: 713.000000  (0.00 seconds)
  LP Value  2: 736.000000  (0.01 seconds)
  LP Value  3: 743.500000  (0.02 seconds)
  LP Value  4: 745.000000  (0.02 seconds)
recomputing rownorms ...
  LP Value  5: 745.000000  (0.03 seconds)
New lower bound: 745.000000
New upperbound from x-heuristic: 745.00
Final lower bound 745.000000, upper bound 745.000000
Exact lower bound: 745.000000
DIFF: 0.000000
Final LP has 154 rows, 281 columns, 1612 nonzeros
Optimal Solution: 745.00
Number of bbnodes: 1
Total Running Time: 0.08 (seconds)

Standard Error:
