Standard Output:
./concorde -o /home/chongjiu/concorde_uncomplete_graph/x10/seg/solution/random187.sol /home/chongjiu/concorde_uncomplete_graph/x10/seg/mat/random187.tsp
Host: ubuntu  Current process id: 3476546
Using random seed 1735574258
Problem Name: random187
Problem Type: TSP
Number of Nodes: 187
Explicit Lengths (CC_MATRIXNORM)
Set initial upperbound to 1023 (from tour)
  LP Value  1: 983.000000  (0.01 seconds)
  LP Value  2: 1015.857143  (0.05 seconds)
  LP Value  3: 1021.583333  (0.08 seconds)
  LP Value  4: 1022.600000  (0.10 seconds)
  LP Value  5: 1023.000000  (0.16 seconds)
  LP Value  6: 1023.000000  (0.23 seconds)
New lower bound: 1023.000000
Final lower bound 1023.000000, upper bound 1023.000000
Exact lower bound: 1023.000000
DIFF: 0.000000
Final LP has 294 rows, 470 columns, 2840 nonzeros
Optimal Solution: 1023.00
Number of bbnodes: 1
Total Running Time: 0.35 (seconds)

Standard Error:
