Standard Output:
./concorde -o /home/chongjiu/concorde_uncomplete_graph/x10/seg/solution/random169.sol /home/chongjiu/concorde_uncomplete_graph/x10/seg/mat/random169.tsp
Host: ubuntu  Current process id: 3476447
Using random seed 1735574249
Problem Name: random169
Problem Type: TSP
Number of Nodes: 169
Explicit Lengths (CC_MATRIXNORM)
Set initial upperbound to 965 (from tour)
  LP Value  1: 910.400000  (0.01 seconds)
  LP Value  2: 951.853448  (0.04 seconds)
  LP Value  3: 959.166667  (0.09 seconds)
  LP Value  4: 960.674471  (0.14 seconds)
  LP Value  5: 961.000000  (0.18 seconds)
recomputing rownorms ...
  LP Value  6: 961.000000  (0.18 seconds)
New lower bound: 960.928571
New upperbound from x-heuristic: 961.00
Final lower bound 960.928571, upper bound 961.000000
Exact lower bound: 960.928571
DIFF: 0.000000
Final LP has 279 rows, 552 columns, 3914 nonzeros
Optimal Solution: 961.00
Number of bbnodes: 1
Total Running Time: 0.30 (seconds)

Standard Error:
