Standard Output:
./concorde -o /home/chongjiu/concorde_uncomplete_graph/x10/seg/solution/random83.sol /home/chongjiu/concorde_uncomplete_graph/x10/seg/mat/random83.tsp
Host: ubuntu  Current process id: 3476016
Using random seed 1735574217
Problem Name: random83
Problem Type: TSP
Number of Nodes: 83
Explicit Lengths (CC_MATRIXNORM)
Set initial upperbound to 648 (from tour)
  LP Value  1: 630.000000  (0.00 seconds)
  LP Value  2: 647.500000  (0.00 seconds)
  LP Value  3: 648.000000  (0.00 seconds)
New lower bound: 648.000000
Final lower bound 648.000000, upper bound 648.000000
Exact lower bound: 648.000000
DIFF: 0.000000
Final LP has 110 rows, 201 columns, 610 nonzeros
Optimal Solution: 648.00
Number of bbnodes: 1
Total Running Time: 0.03 (seconds)

Standard Error:
