Standard Output:
./concorde -o /home/chongjiu/concorde_uncomplete_graph/x10/seg/solution/random132.sol /home/chongjiu/concorde_uncomplete_graph/x10/seg/mat/random132.tsp
Host: ubuntu  Current process id: 3476237
Using random seed 1735574231
Problem Name: random132
Problem Type: TSP
Number of Nodes: 132
Explicit Lengths (CC_MATRIXNORM)
Set initial upperbound to 877 (from tour)
  LP Value  1: 842.857143  (0.02 seconds)
  LP Value  2: 871.166667  (0.03 seconds)
  LP Value  3: 874.000000  (0.05 seconds)
  LP Value  4: 874.533333  (0.07 seconds)
  LP Value  5: 874.888889  (0.09 seconds)
  LP Value  6: 875.000000  (0.10 seconds)
recomputing rownorms ...
  LP Value  7: 875.000000  (0.10 seconds)
New lower bound: 875.000000
New upperbound from x-heuristic: 875.00
Final lower bound 875.000000, upper bound 875.000000
Exact lower bound: 875.000000
DIFF: 0.000000
Final LP has 195 rows, 370 columns, 1616 nonzeros
Optimal Solution: 875.00
Number of bbnodes: 1
Total Running Time: 0.18 (seconds)

Standard Error:
