Standard Output:
./concorde -o /home/chongjiu/concorde_uncomplete_graph/x10/seg/solution/random170.sol /home/chongjiu/concorde_uncomplete_graph/x10/seg/mat/random170.tsp
Host: ubuntu  Current process id: 3476452
Using random seed 1735574249
Problem Name: random170
Problem Type: TSP
Number of Nodes: 170
Explicit Lengths (CC_MATRIXNORM)
Set initial upperbound to 970 (from tour)
  LP Value  1: 941.541667  (0.01 seconds)
  LP Value  2: 960.611111  (0.03 seconds)
  LP Value  3: 964.333333  (0.05 seconds)
  LP Value  4: 965.428571  (0.09 seconds)
  LP Value  5: 966.000000  (0.12 seconds)
  LP Value  6: 966.418367  (0.16 seconds)
  LP Value  7: 966.681633  (0.20 seconds)
  LP Value  8: 966.895197  (0.23 seconds)
  LP Value  9: 966.993873  (0.27 seconds)
  LP Value 10: 967.000000  (0.31 seconds)
New lower bound: 967.000000
New upperbound from x-heuristic: 968.00
Final lower bound 967.000000, upper bound 968.000000
Exact lower bound: 967.000000
DIFF: 0.000000
Time for Total: 0.33 seconds (0.33 total in 1 calls)
Final LP has 282 rows, 319 columns, 3961 nonzeros
LOWER BOUND: 967.000000   ACTIVE NODES: 1

Task 0: Branching on node 0
BBnode 0 split into 1 (967.00) 2 (967.00) (0.00 seconds)
LOWER BOUND: 967.000000   ACTIVE NODES: 2

Task 1: Cutting on node 2
Writing Pool: 213 cuts
BBnode 2 (now 3) can be pruned: upperbound 968.00 (0.17 seconds)
LOWER BOUND: 967.000000   ACTIVE NODES: 1

Task 2: Cutting on node 1
Writing Pool: 220 cuts
BBnode 1 (now 4) can be pruned: upperbound 968.00 (0.04 seconds)

Task 3: Exit
Optimal Solution: 968.00
Number of bbnodes: 3
Total Running Time: 0.63 (seconds)  Branching Time: 0.21 (seconds)

Standard Error:
