Standard Output:
./concorde -o /home/chongjiu/concorde_uncomplete_graph/x10/seg/solution/random139.sol /home/chongjiu/concorde_uncomplete_graph/x10/seg/mat/random139.tsp
Host: ubuntu  Current process id: 3476270
Using random seed 1735574235
Problem Name: random139
Problem Type: TSP
Number of Nodes: 139
Explicit Lengths (CC_MATRIXNORM)
Set initial upperbound to 897 (from tour)
  LP Value  1: 842.000000  (0.01 seconds)
  LP Value  2: 878.500000  (0.02 seconds)
  LP Value  3: 887.000000  (0.05 seconds)
  LP Value  4: 890.750000  (0.07 seconds)
  LP Value  5: 891.125000  (0.09 seconds)
  LP Value  6: 891.500000  (0.11 seconds)
  LP Value  7: 891.847868  (0.13 seconds)
  LP Value  8: 892.276521  (0.16 seconds)
  LP Value  9: 892.640087  (0.22 seconds)
  LP Value 10: 892.877714  (0.34 seconds)
  LP Value 11: 893.000000  (0.35 seconds)
recomputing rownorms ...
  LP Value 12: 893.000000  (0.35 seconds)
New lower bound: 893.000000
New upperbound from x-heuristic: 893.00
Final lower bound 893.000000, upper bound 893.000000
Exact lower bound: 893.000000
DIFF: 0.000000
Final LP has 245 rows, 444 columns, 3404 nonzeros
Optimal Solution: 893.00
Number of bbnodes: 1
Total Running Time: 0.44 (seconds)

Standard Error:
