Standard Output:
./concorde -o /home/chongjiu/concorde_uncomplete_graph/x10/seg/solution/random56.sol /home/chongjiu/concorde_uncomplete_graph/x10/seg/mat/random56.tsp
Host: ubuntu  Current process id: 3475952
Using random seed 1735574215
Problem Name: random56
Problem Type: TSP
Number of Nodes: 56
Explicit Lengths (CC_MATRIXNORM)
Set initial upperbound to 614 (from tour)
  LP Value  1: 559.000000  (0.00 seconds)
  LP Value  2: 611.500000  (0.01 seconds)
  LP Value  3: 613.250000  (0.01 seconds)
  LP Value  4: 614.000000  (0.01 seconds)
New lower bound: 614.000000
Final lower bound 614.000000, upper bound 614.000000
Exact lower bound: 614.000000
DIFF: 0.000000
Final LP has 83 rows, 148 columns, 579 nonzeros
Optimal Solution: 614.00
Number of bbnodes: 1
Total Running Time: 0.03 (seconds)

Standard Error:
