Standard Output:
./concorde -o /home/chongjiu/concorde_uncomplete_graph/x10/seg/solution/random125.sol /home/chongjiu/concorde_uncomplete_graph/x10/seg/mat/random125.tsp
Host: ubuntu  Current process id: 3476176
Using random seed 1735574227
Problem Name: random125
Problem Type: TSP
Number of Nodes: 125
Explicit Lengths (CC_MATRIXNORM)
Set initial upperbound to 891 (from tour)
  LP Value  1: 861.000000  (0.01 seconds)
  LP Value  2: 882.833333  (0.02 seconds)
  LP Value  3: 889.250000  (0.04 seconds)
  LP Value  4: 890.133333  (0.06 seconds)
  LP Value  5: 890.625000  (0.08 seconds)
  LP Value  6: 890.720000  (0.10 seconds)
  LP Value  7: 891.000000  (0.10 seconds)
New lower bound: 891.000000
Final lower bound 891.000000, upper bound 891.000000
Exact lower bound: 891.000000
DIFF: 0.000000
Final LP has 183 rows, 356 columns, 1928 nonzeros
Optimal Solution: 891.00
Number of bbnodes: 1
Total Running Time: 0.19 (seconds)

Standard Error:
