Standard Output:
./concorde -o /home/chongjiu/concorde_uncomplete_graph/x10/seg/solution/random111.sol /home/chongjiu/concorde_uncomplete_graph/x10/seg/mat/random111.tsp
Host: ubuntu  Current process id: 3476120
Using random seed 1735574223
Problem Name: random111
Problem Type: TSP
Number of Nodes: 111
Explicit Lengths (CC_MATRIXNORM)
Set initial upperbound to 811 (from tour)
  LP Value  1: 767.500000  (0.00 seconds)
  LP Value  2: 801.250000  (0.02 seconds)
  LP Value  3: 809.666667  (0.04 seconds)
  LP Value  4: 811.000000  (0.04 seconds)
recomputing rownorms ...
  LP Value  5: 811.000000  (0.05 seconds)
New lower bound: 811.000000
Final lower bound 811.000000, upper bound 811.000000
Exact lower bound: 811.000000
DIFF: 0.000000
Final LP has 174 rows, 381 columns, 1989 nonzeros
Optimal Solution: 811.00
Number of bbnodes: 1
Total Running Time: 0.09 (seconds)

Standard Error:
