Standard Output:
./concorde -o /home/chongjiu/concorde_uncomplete_graph/x10/seg/solution/random35.sol /home/chongjiu/concorde_uncomplete_graph/x10/seg/mat/random35.tsp
Host: ubuntu  Current process id: 3475907
Using random seed 1735574215
Problem Name: random35
Problem Type: TSP
Number of Nodes: 35
Explicit Lengths (CC_MATRIXNORM)
Set initial upperbound to 465 (from tour)
  LP Value  1: 450.500000  (0.00 seconds)
  LP Value  2: 463.500000  (0.00 seconds)
  LP Value  3: 465.000000  (0.00 seconds)
New lower bound: 465.000000
Final lower bound 465.000000, upper bound 465.000000
Exact lower bound: 465.000000
DIFF: 0.000000
Final LP has 45 rows, 77 columns, 239 nonzeros
Optimal Solution: 465.00
Number of bbnodes: 1
Total Running Time: 0.01 (seconds)

Standard Error:
