Standard Output:
./concorde -o /home/chongjiu/concorde_uncomplete_graph/x10/seg/solution/random28.sol /home/chongjiu/concorde_uncomplete_graph/x10/seg/mat/random28.tsp
Host: ubuntu  Current process id: 3475893
Using random seed 1735574214
Problem Name: random28
Problem Type: TSP
Number of Nodes: 28
Explicit Lengths (CC_MATRIXNORM)
Set initial upperbound to 436 (from tour)
  LP Value  1: 378.500000  (0.00 seconds)
  LP Value  2: 431.500000  (0.00 seconds)
  LP Value  3: 436.000000  (0.00 seconds)
New lower bound: 436.000000
Final lower bound 436.000000, upper bound 436.000000
Exact lower bound: 436.000000
DIFF: 0.000000
Final LP has 38 rows, 90 columns, 292 nonzeros
Optimal Solution: 436.00
Number of bbnodes: 1
Total Running Time: 0.01 (seconds)

Standard Error:
