Standard Output:
./concorde -o /home/chongjiu/concorde_uncomplete_graph/x10/seg/solution/random183.sol /home/chongjiu/concorde_uncomplete_graph/x10/seg/mat/random183.tsp
Host: ubuntu  Current process id: 3476513
Using random seed 1735574255
Problem Name: random183
Problem Type: TSP
Number of Nodes: 183
Explicit Lengths (CC_MATRIXNORM)
Set initial upperbound to 1019 (from tour)
  LP Value  1: 980.750000  (0.01 seconds)
  LP Value  2: 1003.652778  (0.04 seconds)
  LP Value  3: 1012.200000  (0.09 seconds)
  LP Value  4: 1015.442857  (0.13 seconds)
  LP Value  5: 1016.404930  (0.17 seconds)
  LP Value  6: 1016.785714  (0.21 seconds)
  LP Value  7: 1017.024691  (0.31 seconds)
  LP Value  8: 1017.343750  (0.34 seconds)
  LP Value  9: 1017.650718  (0.51 seconds)
  LP Value 10: 1017.739130  (0.79 seconds)
  LP Value 11: 1017.949008  (0.92 seconds)
  LP Value 12: 1018.047170  (1.07 seconds)
  LP Value 13: 1018.080000  (1.21 seconds)
recomputing rownorms ...
  LP Value 14: 1018.080000  (1.31 seconds)
New lower bound: 1018.080000
Final lower bound 1018.080000, upper bound 1019.000000
Exact lower bound: 1018.080000
DIFF: 0.000000
Final LP has 301 rows, 548 columns, 3976 nonzeros
Optimal Solution: 1019.00
Number of bbnodes: 1
Total Running Time: 1.41 (seconds)

Standard Error:
