Standard Output:
./concorde -o /home/chongjiu/concorde_uncomplete_graph/x10/seg/solution/random63.sol /home/chongjiu/concorde_uncomplete_graph/x10/seg/mat/random63.tsp
Host: ubuntu  Current process id: 3475966
Using random seed 1735574216
Problem Name: random63
Problem Type: TSP
Number of Nodes: 63
Explicit Lengths (CC_MATRIXNORM)
Set initial upperbound to 652 (from tour)
  LP Value  1: 619.500000  (0.00 seconds)
  LP Value  2: 648.500000  (0.00 seconds)
  LP Value  3: 651.666667  (0.00 seconds)
  LP Value  4: 652.000000  (0.00 seconds)
New lower bound: 652.000000
Final lower bound 652.000000, upper bound 652.000000
Exact lower bound: 652.000000
DIFF: 0.000000
Final LP has 80 rows, 197 columns, 651 nonzeros
Optimal Solution: 652.00
Number of bbnodes: 1
Total Running Time: 0.03 (seconds)

Standard Error:
