Standard Output:
./concorde -o /home/chongjiu/concorde_uncomplete_graph/x10/seg/solution/random167.sol /home/chongjiu/concorde_uncomplete_graph/x10/seg/mat/random167.tsp
Host: ubuntu  Current process id: 3476443
Using random seed 1735574248
Problem Name: random167
Problem Type: TSP
Number of Nodes: 167
Explicit Lengths (CC_MATRIXNORM)
Set initial upperbound to 964 (from tour)
  LP Value  1: 918.000000  (0.01 seconds)
  LP Value  2: 959.500000  (0.02 seconds)
  LP Value  3: 962.333333  (0.04 seconds)
  LP Value  4: 962.625000  (0.05 seconds)
  LP Value  5: 963.000000  (0.06 seconds)
  LP Value  6: 963.000000  (0.13 seconds)
  LP Value  7: 963.375000  (0.15 seconds)
  LP Value  8: 963.500000  (0.18 seconds)
  LP Value  9: 963.743750  (0.25 seconds)
  LP Value 10: 964.000000  (0.26 seconds)
New lower bound: 964.000000
Final lower bound 964.000000, upper bound 964.000000
Exact lower bound: 964.000000
DIFF: 0.000000
Final LP has 239 rows, 464 columns, 3565 nonzeros
Optimal Solution: 964.00
Number of bbnodes: 1
Total Running Time: 0.34 (seconds)

Standard Error:
