Standard Output:
./concorde -o /home/chongjiu/concorde_uncomplete_graph/x10/seg/solution/random101.sol /home/chongjiu/concorde_uncomplete_graph/x10/seg/mat/random101.tsp
Host: ubuntu  Current process id: 3476081
Using random seed 1735574220
Problem Name: random101
Problem Type: TSP
Number of Nodes: 101
Explicit Lengths (CC_MATRIXNORM)
Set initial upperbound to 734 (from tour)
  LP Value  1: 704.000000  (0.01 seconds)
  LP Value  2: 726.666667  (0.02 seconds)
  LP Value  3: 730.000000  (0.04 seconds)
  LP Value  4: 732.643564  (0.06 seconds)
  LP Value  5: 733.784314  (0.08 seconds)
  LP Value  6: 734.000000  (0.09 seconds)
New lower bound: 734.000000
Final lower bound 734.000000, upper bound 734.000000
Exact lower bound: 734.000000
DIFF: 0.000000
Final LP has 183 rows, 267 columns, 2487 nonzeros
Optimal Solution: 734.00
Number of bbnodes: 1
Total Running Time: 0.14 (seconds)

Standard Error:
