Standard Output:
./concorde -o /home/chongjiu/concorde_uncomplete_graph/x10/seg/solution/random124.sol /home/chongjiu/concorde_uncomplete_graph/x10/seg/mat/random124.tsp
Host: ubuntu  Current process id: 3476174
Using random seed 1735574226
Problem Name: random124
Problem Type: TSP
Number of Nodes: 124
Explicit Lengths (CC_MATRIXNORM)
Set initial upperbound to 851 (from tour)
  LP Value  1: 805.500000  (0.00 seconds)
  LP Value  2: 838.300000  (0.02 seconds)
  LP Value  3: 847.500000  (0.04 seconds)
  LP Value  4: 850.615385  (0.06 seconds)
  LP Value  5: 850.750000  (0.06 seconds)
  LP Value  6: 851.000000  (0.06 seconds)
New lower bound: 851.000000
Final lower bound 851.000000, upper bound 851.000000
Exact lower bound: 851.000000
DIFF: 0.000000
Final LP has 199 rows, 358 columns, 1846 nonzeros
Optimal Solution: 851.00
Number of bbnodes: 1
Total Running Time: 0.15 (seconds)

Standard Error:
