Standard Output:
./concorde -o /home/chongjiu/concorde_uncomplete_graph/x10/seg/solution/random182.sol /home/chongjiu/concorde_uncomplete_graph/x10/seg/mat/random182.tsp
Host: ubuntu  Current process id: 3476511
Using random seed 1735574255
Problem Name: random182
Problem Type: TSP
Number of Nodes: 182
Explicit Lengths (CC_MATRIXNORM)
Set initial upperbound to 1031 (from tour)
  LP Value  1: 991.500000  (0.01 seconds)
  LP Value  2: 1017.611111  (0.03 seconds)
  LP Value  3: 1023.951092  (0.07 seconds)
  LP Value  4: 1028.458333  (0.11 seconds)
  LP Value  5: 1030.194820  (0.15 seconds)
  LP Value  6: 1031.000000  (0.19 seconds)
New lower bound: 1031.000000
Final lower bound 1031.000000, upper bound 1031.000000
Exact lower bound: 1031.000000
DIFF: 0.000000
Final LP has 301 rows, 462 columns, 4737 nonzeros
Optimal Solution: 1031.00
Number of bbnodes: 1
Total Running Time: 0.29 (seconds)

Standard Error:
