Standard Output:
./concorde -o /home/chongjiu/concorde_uncomplete_graph/x10/seg/solution/random156.sol /home/chongjiu/concorde_uncomplete_graph/x10/seg/mat/random156.tsp
Host: ubuntu  Current process id: 3476356
Using random seed 1735574242
Problem Name: random156
Problem Type: TSP
Number of Nodes: 156
Explicit Lengths (CC_MATRIXNORM)
Set initial upperbound to 963 (from tour)
  LP Value  1: 932.000000  (0.01 seconds)
  LP Value  2: 957.500000  (0.04 seconds)
  LP Value  3: 960.000000  (0.07 seconds)
  LP Value  4: 962.333333  (0.11 seconds)
  LP Value  5: 963.000000  (0.12 seconds)
recomputing rownorms ...
  LP Value  6: 963.000000  (0.12 seconds)
New lower bound: 963.000000
Final lower bound 963.000000, upper bound 963.000000
Exact lower bound: 963.000000
DIFF: 0.000000
Final LP has 234 rows, 430 columns, 2136 nonzeros
Optimal Solution: 963.00
Number of bbnodes: 1
Total Running Time: 0.20 (seconds)

Standard Error:
