Standard Output:
./concorde -o /home/chongjiu/concorde_uncomplete_graph/x10/seg/solution/random70.sol /home/chongjiu/concorde_uncomplete_graph/x10/seg/mat/random70.tsp
Host: ubuntu  Current process id: 3475980
Using random seed 1735574216
Problem Name: random70
Problem Type: TSP
Number of Nodes: 70
Explicit Lengths (CC_MATRIXNORM)
Set initial upperbound to 673 (from tour)
  LP Value  1: 627.500000  (0.00 seconds)
  LP Value  2: 658.500000  (0.01 seconds)
  LP Value  3: 666.000000  (0.02 seconds)
  LP Value  4: 671.500000  (0.03 seconds)
  LP Value  5: 672.100000  (0.04 seconds)
  LP Value  6: 672.750000  (0.05 seconds)
  LP Value  7: 673.000000  (0.06 seconds)
New lower bound: 673.000000
Final lower bound 673.000000, upper bound 673.000000
Exact lower bound: 673.000000
DIFF: 0.000000
Final LP has 134 rows, 232 columns, 2711 nonzeros
Optimal Solution: 673.00
Number of bbnodes: 1
Total Running Time: 0.10 (seconds)

Standard Error:
