Standard Output:
./concorde -o /home/chongjiu/concorde_uncomplete_graph/x10/seg/solution/random88.sol /home/chongjiu/concorde_uncomplete_graph/x10/seg/mat/random88.tsp
Host: ubuntu  Current process id: 3476031
Using random seed 1735574218
Problem Name: random88
Problem Type: TSP
Number of Nodes: 88
Explicit Lengths (CC_MATRIXNORM)
Set initial upperbound to 734 (from tour)
  LP Value  1: 691.750000  (0.00 seconds)
  LP Value  2: 723.153846  (0.02 seconds)
  LP Value  3: 730.385246  (0.03 seconds)
  LP Value  4: 731.166667  (0.05 seconds)
  LP Value  5: 731.444444  (0.06 seconds)
  LP Value  6: 732.125000  (0.08 seconds)
  LP Value  7: 734.000000  (0.10 seconds)
New lower bound: 734.000000
Final lower bound 734.000000, upper bound 734.000000
Exact lower bound: 734.000000
DIFF: 0.000000
Final LP has 169 rows, 257 columns, 4548 nonzeros
Optimal Solution: 734.00
Number of bbnodes: 1
Total Running Time: 0.14 (seconds)

Standard Error:
