Standard Output:
./concorde -o /home/chongjiu/concorde_uncomplete_graph/x10/seg/solution/random97.sol /home/chongjiu/concorde_uncomplete_graph/x10/seg/mat/random97.tsp
Host: ubuntu  Current process id: 3476058
Using random seed 1735574219
Problem Name: random97
Problem Type: TSP
Number of Nodes: 97
Explicit Lengths (CC_MATRIXNORM)
Set initial upperbound to 768 (from tour)
  LP Value  1: 747.500000  (0.01 seconds)
  LP Value  2: 757.500000  (0.02 seconds)
  LP Value  3: 760.562500  (0.04 seconds)
  LP Value  4: 762.156250  (0.05 seconds)
  LP Value  5: 762.642857  (0.07 seconds)
  LP Value  6: 763.113208  (0.08 seconds)
  LP Value  7: 763.555000  (0.09 seconds)
  LP Value  8: 763.937500  (0.11 seconds)
  LP Value  9: 764.000000  (0.12 seconds)
  LP Value 10: 764.250000  (0.19 seconds)
  LP Value 11: 764.597473  (0.26 seconds)
  LP Value 12: 764.770115  (0.31 seconds)
  LP Value 13: 765.000000  (0.37 seconds)
  LP Value 14: 765.000000  (0.45 seconds)
  LP Value 15: 765.000000  (0.51 seconds)
New lower bound: 765.000000
Final lower bound 765.000000, upper bound 768.000000
Exact lower bound: 765.000000
DIFF: 0.000000
Time for Total: 0.52 seconds (0.52 total in 1 calls)
Final LP has 175 rows, 237 columns, 3684 nonzeros
LOWER BOUND: 765.000000   ACTIVE NODES: 1

Task 0: Branching on node 0
BBnode 0 split into 1 (770.00X) 2 (765.00) (0.08 seconds)
Child 0 is pruned
LOWER BOUND: 765.000000   ACTIVE NODES: 1

Task 1: Cutting on node 2
New upperbound from x-heuristic: 767.00
TOUR FOUND - upperbound is 767.00
Writing Pool: 232 cuts
BBnode 2 (now 3) can be pruned: upperbound 767.00 (0.19 seconds)

Task 2: Exit
Optimal Solution: 767.00
Number of bbnodes: 3
Total Running Time: 0.83 (seconds)  Branching Time: 0.27 (seconds)

Standard Error:
