Standard Output:
./concorde -o /home/chongjiu/concorde_uncomplete_graph/x10/seg/solution/random51.sol /home/chongjiu/concorde_uncomplete_graph/x10/seg/mat/random51.tsp
Host: ubuntu  Current process id: 3475939
Using random seed 1735574215
Problem Name: random51
Problem Type: TSP
Number of Nodes: 51
Explicit Lengths (CC_MATRIXNORM)
Set initial upperbound to 542 (from tour)
  LP Value  1: 510.000000  (0.00 seconds)
  LP Value  2: 528.000000  (0.00 seconds)
  LP Value  3: 542.000000  (0.01 seconds)
New lower bound: 542.000000
Final lower bound 542.000000, upper bound 542.000000
Exact lower bound: 542.000000
DIFF: 0.000000
Final LP has 73 rows, 175 columns, 684 nonzeros
Optimal Solution: 542.00
Number of bbnodes: 1
Total Running Time: 0.02 (seconds)

Standard Error:
