Standard Output:
./concorde -o /home/chongjiu/concorde_uncomplete_graph/x10/seg/solution/random58.sol /home/chongjiu/concorde_uncomplete_graph/x10/seg/mat/random58.tsp
Host: ubuntu  Current process id: 3475956
Using random seed 1735574215
Problem Name: random58
Problem Type: TSP
Number of Nodes: 58
Explicit Lengths (CC_MATRIXNORM)
Set initial upperbound to 617 (from tour)
  LP Value  1: 586.500000  (0.00 seconds)
  LP Value  2: 614.642857  (0.01 seconds)
  LP Value  3: 617.000000  (0.01 seconds)
New lower bound: 617.000000
Final lower bound 617.000000, upper bound 617.000000
Exact lower bound: 617.000000
DIFF: 0.000000
Final LP has 86 rows, 141 columns, 1360 nonzeros
Optimal Solution: 617.00
Number of bbnodes: 1
Total Running Time: 0.03 (seconds)

Standard Error:
