Standard Output:
./concorde -o /home/chongjiu/concorde_uncomplete_graph/x10/seg/solution/random154.sol /home/chongjiu/concorde_uncomplete_graph/x10/seg/mat/random154.tsp
Host: ubuntu  Current process id: 3476352
Using random seed 1735574242
Problem Name: random154
Problem Type: TSP
Number of Nodes: 154
Explicit Lengths (CC_MATRIXNORM)
Set initial upperbound to 969 (from tour)
  LP Value  1: 934.000000  (0.01 seconds)
  LP Value  2: 964.000000  (0.02 seconds)
  LP Value  3: 968.200000  (0.03 seconds)
  LP Value  4: 969.000000  (0.04 seconds)
New lower bound: 969.000000
Final lower bound 969.000000, upper bound 969.000000
Exact lower bound: 969.000000
DIFF: 0.000000
Final LP has 231 rows, 388 columns, 2811 nonzeros
Optimal Solution: 969.00
Number of bbnodes: 1
Total Running Time: 0.12 (seconds)

Standard Error:
