Standard Output:
./concorde -o /home/chongjiu/concorde_uncomplete_graph/x10/seg/solution/random198.sol /home/chongjiu/concorde_uncomplete_graph/x10/seg/mat/random198.tsp
Host: ubuntu  Current process id: 3476629
Using random seed 1735574264
Problem Name: random198
Problem Type: TSP
Number of Nodes: 198
Explicit Lengths (CC_MATRIXNORM)
Set initial upperbound to 1069 (from tour)
  LP Value  1: 1050.000000  (0.02 seconds)
  LP Value  2: 1061.500000  (0.05 seconds)
  LP Value  3: 1064.149306  (0.09 seconds)
  LP Value  4: 1067.969697  (0.13 seconds)
  LP Value  5: 1068.700000  (0.17 seconds)
  LP Value  6: 1068.964912  (0.21 seconds)
  LP Value  7: 1069.000000  (0.24 seconds)
New lower bound: 1069.000000
Final lower bound 1069.000000, upper bound 1069.000000
Exact lower bound: 1069.000000
DIFF: 0.000000
Final LP has 286 rows, 510 columns, 2665 nonzeros
Optimal Solution: 1069.00
Number of bbnodes: 1
Total Running Time: 0.36 (seconds)

Standard Error:
