Standard Output:
./concorde -o /home/chongjiu/concorde_uncomplete_graph/x10/seg/solution/random148.sol /home/chongjiu/concorde_uncomplete_graph/x10/seg/mat/random148.tsp
Host: ubuntu  Current process id: 3476321
Using random seed 1735574239
Problem Name: random148
Problem Type: TSP
Number of Nodes: 148
Explicit Lengths (CC_MATRIXNORM)
Set initial upperbound to 957 (from tour)
  LP Value  1: 918.000000  (0.00 seconds)
  LP Value  2: 952.318182  (0.02 seconds)
  LP Value  3: 957.000000  (0.05 seconds)
New lower bound: 957.000000
Final lower bound 957.000000, upper bound 957.000000
Exact lower bound: 957.000000
DIFF: 0.000000
Final LP has 233 rows, 379 columns, 3276 nonzeros
Optimal Solution: 957.00
Number of bbnodes: 1
Total Running Time: 0.12 (seconds)

Standard Error:
