Standard Output:
./concorde -o /home/chongjiu/concorde_uncomplete_graph/x10/seg/solution/random162.sol /home/chongjiu/concorde_uncomplete_graph/x10/seg/mat/random162.tsp
Host: ubuntu  Current process id: 3476393
Using random seed 1735574244
Problem Name: random162
Problem Type: TSP
Number of Nodes: 162
Explicit Lengths (CC_MATRIXNORM)
Set initial upperbound to 992 (from tour)
  LP Value  1: 949.875000  (0.02 seconds)
  LP Value  2: 983.601351  (0.04 seconds)
  LP Value  3: 987.500000  (0.07 seconds)
  LP Value  4: 988.644068  (0.11 seconds)
  LP Value  5: 988.981481  (0.15 seconds)
  LP Value  6: 989.833333  (0.18 seconds)
  LP Value  7: 990.236111  (0.25 seconds)
  LP Value  8: 990.719883  (0.35 seconds)
  LP Value  9: 990.900000  (0.45 seconds)
  LP Value 10: 991.000000  (0.56 seconds)
  LP Value 11: 991.000000  (0.64 seconds)
New lower bound: 991.000000
Final lower bound 991.000000, upper bound 992.000000
Exact lower bound: 991.000000
DIFF: 0.000000
Time for Total: 0.66 seconds (0.66 total in 1 calls)
Final LP has 310 rows, 324 columns, 5676 nonzeros
LOWER BOUND: 991.000000   ACTIVE NODES: 1

Task 0: Branching on node 0
BBnode 0 split into 1 (992.07X) 2 (991.00) (0.01 seconds)
Child 0 is pruned
LOWER BOUND: 991.000000   ACTIVE NODES: 1

Task 1: Cutting on node 2
Writing Pool: 218 cuts
BBnode 2 (now 3) can be pruned: upperbound 992.00 (0.04 seconds)

Task 2: Exit
Optimal Solution: 992.00
Number of bbnodes: 3
Total Running Time: 0.80 (seconds)  Branching Time: 0.05 (seconds)

Standard Error:
