Standard Output:
./concorde -o /home/chongjiu/concorde_uncomplete_graph/x10/seg/solution/random179.sol /home/chongjiu/concorde_uncomplete_graph/x10/seg/mat/random179.tsp
Host: ubuntu  Current process id: 3476502
Using random seed 1735574254
Problem Name: random179
Problem Type: TSP
Number of Nodes: 179
Explicit Lengths (CC_MATRIXNORM)
Set initial upperbound to 1063 (from tour)
  LP Value  1: 1014.000000  (0.01 seconds)
  LP Value  2: 1060.250000  (0.02 seconds)
  LP Value  3: 1062.500000  (0.05 seconds)
  LP Value  4: 1062.772727  (0.06 seconds)
  LP Value  5: 1063.000000  (0.07 seconds)
recomputing rownorms ...
  LP Value  6: 1063.000000  (0.07 seconds)
New lower bound: 1063.000000
Final lower bound 1063.000000, upper bound 1063.000000
Exact lower bound: 1063.000000
DIFF: 0.000000
Final LP has 249 rows, 380 columns, 1432 nonzeros
Optimal Solution: 1063.00
Number of bbnodes: 1
Total Running Time: 0.16 (seconds)

Standard Error:
