Standard Output:
./concorde -o /home/chongjiu/concorde_uncomplete_graph/x10/seg/solution/random77.sol /home/chongjiu/concorde_uncomplete_graph/x10/seg/mat/random77.tsp
Host: ubuntu  Current process id: 3476004
Using random seed 1735574217
Problem Name: random77
Problem Type: TSP
Number of Nodes: 77
Explicit Lengths (CC_MATRIXNORM)
Set initial upperbound to 679 (from tour)
  LP Value  1: 662.000000  (0.00 seconds)
  LP Value  2: 670.500000  (0.01 seconds)
  LP Value  3: 679.000000  (0.01 seconds)
New lower bound: 679.000000
Final lower bound 679.000000, upper bound 679.000000
Exact lower bound: 679.000000
DIFF: 0.000000
Final LP has 100 rows, 182 columns, 799 nonzeros
Optimal Solution: 679.00
Number of bbnodes: 1
Total Running Time: 0.03 (seconds)

Standard Error:
