Standard Output:
./concorde -o /home/chongjiu/concorde_uncomplete_graph/x10/seg/solution/random184.sol /home/chongjiu/concorde_uncomplete_graph/x10/seg/mat/random184.tsp
Host: ubuntu  Current process id: 3476540
Using random seed 1735574257
Problem Name: random184
Problem Type: TSP
Number of Nodes: 184
Explicit Lengths (CC_MATRIXNORM)
Set initial upperbound to 1023 (from tour)
  LP Value  1: 990.000000  (0.01 seconds)
  LP Value  2: 1019.875000  (0.03 seconds)
  LP Value  3: 1022.000000  (0.05 seconds)
  LP Value  4: 1022.500000  (0.06 seconds)
  LP Value  5: 1023.000000  (0.08 seconds)
recomputing rownorms ...
  LP Value  6: 1023.000000  (0.08 seconds)
New lower bound: 1023.000000
Final lower bound 1023.000000, upper bound 1023.000000
Exact lower bound: 1023.000000
DIFF: 0.000000
Final LP has 262 rows, 463 columns, 1822 nonzeros
Optimal Solution: 1023.00
Number of bbnodes: 1
Total Running Time: 0.17 (seconds)

Standard Error:
