Standard Output:
./concorde -o /home/chongjiu/concorde_uncomplete_graph/x10/seg/solution/random98.sol /home/chongjiu/concorde_uncomplete_graph/x10/seg/mat/random98.tsp
Host: ubuntu  Current process id: 3476072
Using random seed 1735574220
Problem Name: random98
Problem Type: TSP
Number of Nodes: 98
Explicit Lengths (CC_MATRIXNORM)
Set initial upperbound to 764 (from tour)
  LP Value  1: 729.500000  (0.01 seconds)
  LP Value  2: 755.000000  (0.01 seconds)
  LP Value  3: 761.500000  (0.02 seconds)
  LP Value  4: 762.303030  (0.03 seconds)
  LP Value  5: 762.333333  (0.05 seconds)
  LP Value  6: 762.666667  (0.06 seconds)
  LP Value  7: 763.000000  (0.07 seconds)
  LP Value  8: 763.333333  (0.08 seconds)
  LP Value  9: 763.600000  (0.09 seconds)
  LP Value 10: 763.784091  (0.12 seconds)
  LP Value 11: 763.925926  (0.18 seconds)
  LP Value 12: 764.000000  (0.18 seconds)
recomputing rownorms ...
  LP Value 13: 764.000000  (0.18 seconds)
New lower bound: 764.000000
Final lower bound 764.000000, upper bound 764.000000
Exact lower bound: 764.000000
DIFF: 0.000000
Final LP has 157 rows, 239 columns, 1446 nonzeros
Optimal Solution: 764.00
Number of bbnodes: 1
Total Running Time: 0.22 (seconds)

Standard Error:
