Standard Output:
./concorde -o /home/chongjiu/concorde_uncomplete_graph/x10/seg/solution/random178.sol /home/chongjiu/concorde_uncomplete_graph/x10/seg/mat/random178.tsp
Host: ubuntu  Current process id: 3476500
Using random seed 1735574254
Problem Name: random178
Problem Type: TSP
Number of Nodes: 178
Explicit Lengths (CC_MATRIXNORM)
Set initial upperbound to 1021 (from tour)
  LP Value  1: 972.250000  (0.01 seconds)
  LP Value  2: 1012.500000  (0.03 seconds)
  LP Value  3: 1018.250000  (0.05 seconds)
  LP Value  4: 1019.016484  (0.09 seconds)
  LP Value  5: 1019.375000  (0.11 seconds)
  LP Value  6: 1019.976667  (0.12 seconds)
  LP Value  7: 1020.312500  (0.15 seconds)
  LP Value  8: 1020.660131  (0.18 seconds)
  LP Value  9: 1021.000000  (0.19 seconds)
recomputing rownorms ...
  LP Value 10: 1021.000000  (0.19 seconds)
New lower bound: 1021.000000
Final lower bound 1021.000000, upper bound 1021.000000
Exact lower bound: 1021.000000
DIFF: 0.000000
Final LP has 276 rows, 449 columns, 2459 nonzeros
Optimal Solution: 1021.00
Number of bbnodes: 1
Total Running Time: 0.29 (seconds)

Standard Error:
