Standard Output:
./concorde -o /home/chongjiu/concorde_uncomplete_graph/x10/seg/solution/random93.sol /home/chongjiu/concorde_uncomplete_graph/x10/seg/mat/random93.tsp
Host: ubuntu  Current process id: 3476045
Using random seed 1735574218
Problem Name: random93
Problem Type: TSP
Number of Nodes: 93
Explicit Lengths (CC_MATRIXNORM)
Set initial upperbound to 757 (from tour)
  LP Value  1: 719.500000  (0.00 seconds)
  LP Value  2: 751.541667  (0.02 seconds)
  LP Value  3: 756.000000  (0.04 seconds)
  LP Value  4: 756.333333  (0.05 seconds)
  LP Value  5: 756.666667  (0.06 seconds)
  LP Value  6: 757.000000  (0.07 seconds)
recomputing rownorms ...
  LP Value  7: 757.000000  (0.07 seconds)
New lower bound: 757.000000
Final lower bound 757.000000, upper bound 757.000000
Exact lower bound: 757.000000
DIFF: 0.000000
Final LP has 151 rows, 257 columns, 1572 nonzeros
Optimal Solution: 757.00
Number of bbnodes: 1
Total Running Time: 0.10 (seconds)

Standard Error:
