Standard Output:
./concorde -o /home/chongjiu/concorde_uncomplete_graph/x10/seg/solution/random68.sol /home/chongjiu/concorde_uncomplete_graph/x10/seg/mat/random68.tsp
Host: ubuntu  Current process id: 3475976
Using random seed 1735574216
Problem Name: random68
Problem Type: TSP
Number of Nodes: 68
Explicit Lengths (CC_MATRIXNORM)
Set initial upperbound to 655 (from tour)
  LP Value  1: 614.000000  (0.00 seconds)
  LP Value  2: 644.500000  (0.00 seconds)
  LP Value  3: 647.500000  (0.01 seconds)
  LP Value  4: 652.100000  (0.01 seconds)
  LP Value  5: 654.600000  (0.02 seconds)
  LP Value  6: 655.000000  (0.03 seconds)
New lower bound: 655.000000
Final lower bound 655.000000, upper bound 655.000000
Exact lower bound: 655.000000
DIFF: 0.000000
Final LP has 121 rows, 180 columns, 1969 nonzeros
Optimal Solution: 655.00
Number of bbnodes: 1
Total Running Time: 0.06 (seconds)

Standard Error:
