Standard Output:
./concorde -o /home/chongjiu/concorde_uncomplete_graph/x10/seg/solution/random122.sol /home/chongjiu/concorde_uncomplete_graph/x10/seg/mat/random122.tsp
Host: ubuntu  Current process id: 3476154
Using random seed 1735574226
Problem Name: random122
Problem Type: TSP
Number of Nodes: 122
Explicit Lengths (CC_MATRIXNORM)
Set initial upperbound to 871 (from tour)
  LP Value  1: 830.500000  (0.01 seconds)
  LP Value  2: 859.500000  (0.02 seconds)
  LP Value  3: 863.500000  (0.04 seconds)
  LP Value  4: 866.583333  (0.06 seconds)
  LP Value  5: 869.000000  (0.10 seconds)
recomputing rownorms ...
  LP Value  6: 869.000000  (0.10 seconds)
New lower bound: 869.000000
New upperbound from x-heuristic: 869.00
Final lower bound 869.000000, upper bound 869.000000
Exact lower bound: 869.000000
DIFF: 0.000000
Final LP has 233 rows, 339 columns, 2951 nonzeros
Optimal Solution: 869.00
Number of bbnodes: 1
Total Running Time: 0.16 (seconds)

Standard Error:
