Standard Output:
./concorde -o /home/chongjiu/concorde_uncomplete_graph/x10/seg/solution/random137.sol /home/chongjiu/concorde_uncomplete_graph/x10/seg/mat/random137.tsp
Host: ubuntu  Current process id: 3476254
Using random seed 1735574233
Problem Name: random137
Problem Type: TSP
Number of Nodes: 137
Explicit Lengths (CC_MATRIXNORM)
Set initial upperbound to 908 (from tour)
  LP Value  1: 866.500000  (0.01 seconds)
  LP Value  2: 897.333333  (0.02 seconds)
  LP Value  3: 901.666667  (0.04 seconds)
  LP Value  4: 903.200000  (0.06 seconds)
  LP Value  5: 904.413793  (0.09 seconds)
  LP Value  6: 904.909091  (0.12 seconds)
  LP Value  7: 905.091926  (0.14 seconds)
  LP Value  8: 905.304878  (0.28 seconds)
  LP Value  9: 905.430737  (0.40 seconds)
  LP Value 10: 905.494895  (0.67 seconds)
  LP Value 11: 905.744597  (0.70 seconds)
  LP Value 12: 905.750000  (0.74 seconds)
New lower bound: 905.750000
New upperbound from x-heuristic: 907.00
Final lower bound 905.750000, upper bound 907.000000
Exact lower bound: 905.750000
DIFF: 0.000000
Time for Total: 0.75 seconds (0.75 total in 1 calls)
Final LP has 261 rows, 285 columns, 4998 nonzeros
LOWER BOUND: 905.750000   ACTIVE NODES: 1

Task 0: Branching on node 0
BBnode 0 split into 1 (907.00X) 2 (906.00) (0.11 seconds)
Child 0 is pruned
LOWER BOUND: 906.000000   ACTIVE NODES: 1

Task 1: Cutting on node 2
Writing Pool: 242 cuts
BBnode 2 (now 3) can be pruned: upperbound 907.00 (0.04 seconds)

Task 2: Exit
Optimal Solution: 907.00
Number of bbnodes: 3
Total Running Time: 0.95 (seconds)  Branching Time: 0.14 (seconds)

Standard Error:
