
Gurobi 11.0.0 (linux64) logging started Sat Aug 31 01:20:25 2024

Set parameter LogFile to value "gurobi_log/com_penalty/gurobi_log/random11.log"
Gurobi Optimizer version 11.0.0 build v11.0.0rc2 (linux64 - "Ubuntu 22.04.3 LTS")

CPU model: Intel(R) Xeon(R) Platinum 8358 CPU @ 2.60GHz, instruction set [SSE2|AVX|AVX2|AVX512]
Thread count: 64 physical cores, 64 logical processors, using up to 32 threads

Optimize a model with 0 rows, 121 columns and 0 nonzeros
Model fingerprint: 0xdfe6dd87
Model has 2541 quadratic objective terms
Variable types: 0 continuous, 121 integer (121 binary)
Coefficient statistics:
  Matrix range     [0e+00, 0e+00]
  Objective range  [5e+02, 5e+02]
  QObjective range [1e+01, 5e+02]
  Bounds range     [1e+00, 1e+00]
  RHS range        [0e+00, 0e+00]
Found heuristic solution: objective 2574.0000000
Found heuristic solution: objective 720.0000000
Found heuristic solution: objective 512.0000000
Presolve time: 0.02s
Presolved: 0 rows, 121 columns, 0 nonzeros
Presolved model has 2541 quadratic objective terms
Variable types: 0 continuous, 121 integer (121 binary)

Root relaxation: objective -1.672949e+03, 120 iterations, 0.00 seconds (0.00 work units)

    Nodes    |    Current Node    |     Objective Bounds      |     Work
 Expl Unexpl |  Obj  Depth IntInf | Incumbent    BestBd   Gap | It/Node Time

     0     0 -1672.9491    0  119  512.00000 -1672.9491   427%     -    0s
     0     0 -1672.9491    0  119  512.00000 -1672.9491   427%     -    0s
     0     2 -1672.9491    0  119  512.00000 -1672.9491   427%     -    0s
H    1     4                     413.0000000 -1672.9491   505%   0.0    0s
H    4     8                     403.0000000 -1440.2961   457%  14.0    0s
H    6     8                     402.0000000 -1419.5518   453%  13.7    0s
H   18    32                     358.0000000 -1384.7514   487%  12.9    0s
H   20    32                     347.0000000 -1384.7514   499%  12.1    0s
H   83    96                     332.0000000 -1367.3773   512%   8.8    0s
H   89    96                     330.0000000 -1367.3773   514%   8.6    0s
H  103   128                     318.0000000 -1352.9145   525%   7.9    0s

Cutting planes:
  RLT: 133

Explored 5797 nodes (56580 simplex iterations) in 1.08 seconds (1.00 work units)
Thread count was 32 (of 64 available processors)

Solution count 10: 318 330 332 ... 720

Optimal solution found (tolerance 1.00e-04)
Best objective 3.180000000000e+02, best bound 3.180000000000e+02, gap 0.0000%
city broken:0,time broken:0